#
# There is insufficient memory for the Java Runtime Environment to continue.
# Native memory allocation (mmap) failed to map 20971520 bytes for G1 virtual space
# Possible reasons:
#   The system is out of physical RAM or swap space
#   The process is running with CompressedOops enabled, and the Java Heap may be blocking the growth of the native heap
# Possible solutions:
#   Reduce memory load on the system
#   Increase physical memory or swap space
#   Check if swap backing store is full
#   Decrease Java heap size (-Xmx/-Xms)
#   Decrease number of Java threads
#   Decrease Java thread stack sizes (-Xss)
#   Set larger code cache with -XX:ReservedCodeCacheSize=
#   JVM is running with Unscaled Compressed Oops mode in which the Java heap is
#     placed in the first 4GB address space. The Java Heap base address is the
#     maximum limit for the native heap growth. Please use -XX:HeapBaseMinAddress
#     to set the Java Heap base and to place the Java Heap above 4GB virtual address.
# This output file may be truncated or incomplete.
#
#  Out of Memory Error (os_windows.cpp:3541), pid=9972, tid=1700
#
# JRE version: OpenJDK Runtime Environment Temurin-17.0.4.1+1 (17.0.4.1+1) (build 17.0.4.1+1)
# Java VM: OpenJDK 64-Bit Server VM Temurin-17.0.4.1+1 (17.0.4.1+1, mixed mode, sharing, tiered, compressed oops, compressed class ptrs, g1 gc, windows-amd64)
# No core dump will be written. Minidumps are not enabled by default on client versions of Windows
#

---------------  S U M M A R Y ------------

Command Line: -XX:MaxGCPauseMillis=50 -agentlib:jdwp=transport=dt_shmem,address=javadebug -Dfile.encoding=UTF-8 bluej.runtime.ExecServer UTF-8

Host: Intel(R) Core(TM) i5-10500H CPU @ 2.50GHz, 12 cores, 7G,  Windows 11 , 64 bit Build 22621 (10.0.22621.2506)
Time: Mon Dec 11 10:47:24 2023 SE Asia Standard Time elapsed time: 360.131872 seconds (0d 0h 6m 0s)

---------------  T H R E A D  ---------------

Current thread (0x0000014bff9c4950):  VMThread "VM Thread" [stack: 0x0000000b4f800000,0x0000000b4f900000] [id=1700]

Stack: [0x0000000b4f800000,0x0000000b4f900000]
Native frames: (J=compiled Java code, j=interpreted, Vv=VM code, C=native code)
V  [jvm.dll+0x67731a]
V  [jvm.dll+0x832284]
V  [jvm.dll+0x833a2e]
V  [jvm.dll+0x834093]
V  [jvm.dll+0x245775]
V  [jvm.dll+0x674209]
V  [jvm.dll+0x668a92]
V  [jvm.dll+0x30471b]
V  [jvm.dll+0x30bc66]
V  [jvm.dll+0x35ba9e]
V  [jvm.dll+0x35bccf]
V  [jvm.dll+0x2db5b8]
V  [jvm.dll+0x2d986c]
V  [jvm.dll+0x2d8e3c]
V  [jvm.dll+0x31d0c1]
V  [jvm.dll+0x83853b]
V  [jvm.dll+0x839274]
V  [jvm.dll+0x83978c]
V  [jvm.dll+0x839b64]
V  [jvm.dll+0x839c30]
V  [jvm.dll+0x7e240a]
V  [jvm.dll+0x6761a5]
C  [ucrtbase.dll+0x29363]
C  [KERNEL32.DLL+0x1257d]
C  [ntdll.dll+0x5aa58]

VM_Operation (0x0000000b51ffec80): G1TryInitiateConcMark, mode: safepoint, requested by thread 0x0000014b87c537c0


---------------  P R O C E S S  ---------------

Threads class SMR info:
_java_thread_list=0x0000014b88405750, length=26, elements={
0x0000014bff9c0d40, 0x0000014bff9c1bb0, 0x0000014bff9d4700, 0x0000014bff9d75d0,
0x0000014bff9d7f80, 0x0000014bff9d8930, 0x0000014bff9d96c0, 0x0000014bff9e5670,
0x0000014bff9f0c50, 0x0000014b868e7e10, 0x0000014b868f8b50, 0x0000014b868fa050,
0x0000014b868fedf0, 0x0000014b8690cfc0, 0x0000014b86e21a80, 0x0000014b86e29270,
0x0000014b86e54d10, 0x0000014be71a28e0, 0x0000014b87c52e20, 0x0000014b87c53c90,
0x0000014b87c532f0, 0x0000014b87c537c0, 0x0000014b87c502d0, 0x0000014b87c51fb0,
0x0000014b8843d910, 0x0000014b8843dde0
}

Java Threads: ( => current thread )
  0x0000014bff9c0d40 JavaThread "Reference Handler" daemon [_thread_blocked, id=8204, stack(0x0000000b4f900000,0x0000000b4fa00000)]
  0x0000014bff9c1bb0 JavaThread "Finalizer" daemon [_thread_blocked, id=7884, stack(0x0000000b4fa00000,0x0000000b4fb00000)]
  0x0000014bff9d4700 JavaThread "Signal Dispatcher" daemon [_thread_blocked, id=8996, stack(0x0000000b4fb00000,0x0000000b4fc00000)]
  0x0000014bff9d75d0 JavaThread "Attach Listener" daemon [_thread_blocked, id=2432, stack(0x0000000b4fc00000,0x0000000b4fd00000)]
  0x0000014bff9d7f80 JavaThread "Service Thread" daemon [_thread_blocked, id=3240, stack(0x0000000b4fd00000,0x0000000b4fe00000)]
  0x0000014bff9d8930 JavaThread "Monitor Deflation Thread" daemon [_thread_blocked, id=15288, stack(0x0000000b4fe00000,0x0000000b4ff00000)]
  0x0000014bff9d96c0 JavaThread "C2 CompilerThread0" daemon [_thread_blocked, id=7520, stack(0x0000000b4ff00000,0x0000000b50000000)]
  0x0000014bff9e5670 JavaThread "C1 CompilerThread0" daemon [_thread_blocked, id=8716, stack(0x0000000b50000000,0x0000000b50100000)]
  0x0000014bff9f0c50 JavaThread "Sweeper thread" daemon [_thread_blocked, id=10080, stack(0x0000000b50100000,0x0000000b50200000)]
  0x0000014b868e7e10 JavaThread "JDWP Transport Listener: dt_shmem" daemon [_thread_blocked, id=9432, stack(0x0000000b50200000,0x0000000b50300000)]
  0x0000014b868f8b50 JavaThread "JDWP Event Helper Thread" daemon [_thread_blocked, id=5908, stack(0x0000000b50300000,0x0000000b50400000)]
  0x0000014b868fa050 JavaThread "JDWP Command Reader" daemon [_thread_in_native, id=14796, stack(0x0000000b50400000,0x0000000b50500000)]
  0x0000014b868fedf0 JavaThread "Notification Thread" daemon [_thread_blocked, id=1480, stack(0x0000000b50500000,0x0000000b50600000)]
  0x0000014b8690cfc0 JavaThread "Common-Cleaner" daemon [_thread_blocked, id=14148, stack(0x0000000b50700000,0x0000000b50800000)]
  0x0000014b86e21a80 JavaThread "Java2D Disposer" daemon [_thread_blocked, id=2356, stack(0x0000000b50900000,0x0000000b50a00000)]
  0x0000014b86e29270 JavaThread "AWT-Windows" daemon [_thread_in_native, id=196, stack(0x0000000b50b00000,0x0000000b50c00000)]
  0x0000014b86e54d10 JavaThread "BlueJ worker thread" [_thread_blocked, id=12176, stack(0x0000000b50d00000,0x0000000b50e00000)]
  0x0000014be71a28e0 JavaThread "DestroyJavaVM" [_thread_blocked, id=13824, stack(0x0000000b4f200000,0x0000000b4f300000)]
  0x0000014b87c52e20 JavaThread "QuantumRenderer-0" daemon [_thread_blocked, id=5320, stack(0x0000000b51900000,0x0000000b51a00000)]
  0x0000014b87c53c90 JavaThread "InvokeLaterDispatcher" daemon [_thread_blocked, id=10324, stack(0x0000000b51a00000,0x0000000b51b00000)]
  0x0000014b87c532f0 JavaThread "JavaFX Application Thread" [_thread_in_native, id=5440, stack(0x0000000b51b00000,0x0000000b51c00000)]
  0x0000014b87c537c0 JavaThread "VMCommsSimulation" [_thread_blocked, id=10564, stack(0x0000000b51f00000,0x0000000b52000000)]
  0x0000014b87c502d0 JavaThread "Thread-2" daemon [_thread_blocked, id=2892, stack(0x0000000b50c00000,0x0000000b50d00000)]
  0x0000014b87c51fb0 JavaThread "SimulationThread" [_thread_blocked, id=10444, stack(0x0000000b52200000,0x0000000b52300000)]
  0x0000014b8843d910 JavaThread "main" [_thread_blocked, id=6616, stack(0x0000000b50800000,0x0000000b50900000)]
  0x0000014b8843dde0 JavaThread "Java Sound Event Dispatcher" daemon [_thread_blocked, id=2024, stack(0x0000000b50f00000,0x0000000b51000000)]

Other Threads:
=>0x0000014bff9c4950 VMThread "VM Thread" [stack: 0x0000000b4f800000,0x0000000b4f900000] [id=1700]
  0x0000014be7221c50 WatcherThread [stack: 0x0000000b50600000,0x0000000b50700000] [id=14952]
  0x0000014be71fd800 GCTaskThread "GC Thread#0" [stack: 0x0000000b4f300000,0x0000000b4f400000] [id=6440]
  0x0000014b870563c0 GCTaskThread "GC Thread#1" [stack: 0x0000000b50e00000,0x0000000b50f00000] [id=4852]
  0x0000014b8702ea80 GCTaskThread "GC Thread#2" [stack: 0x0000000b51000000,0x0000000b51100000] [id=9380]
  0x0000014b8702ed30 GCTaskThread "GC Thread#3" [stack: 0x0000000b51100000,0x0000000b51200000] [id=11844]
  0x0000014b8702f3f0 GCTaskThread "GC Thread#4" [stack: 0x0000000b51200000,0x0000000b51300000] [id=7004]
  0x0000014b8702fab0 GCTaskThread "GC Thread#5" [stack: 0x0000000b51300000,0x0000000b51400000] [id=15812]
  0x0000014b8702fd60 GCTaskThread "GC Thread#6" [stack: 0x0000000b51400000,0x0000000b51500000] [id=15192]
  0x0000014b87030010 GCTaskThread "GC Thread#7" [stack: 0x0000000b51500000,0x0000000b51600000] [id=4192]
  0x0000014b870306d0 GCTaskThread "GC Thread#8" [stack: 0x0000000b51600000,0x0000000b51700000] [id=8344]
  0x0000014b87030d50 GCTaskThread "GC Thread#9" [stack: 0x0000000b51700000,0x0000000b51800000] [id=1272]
  0x0000014be720e1c0 ConcurrentGCThread "G1 Main Marker" [stack: 0x0000000b4f400000,0x0000000b4f500000] [id=3384]
  0x0000014be720f370 ConcurrentGCThread "G1 Conc#0" [stack: 0x0000000b4f500000,0x0000000b4f600000] [id=13352]
  0x0000014b87f95ae0 ConcurrentGCThread "G1 Conc#1" [stack: 0x0000000b4f100000,0x0000000b4f200000] [id=10452]
  0x0000014b87f95020 ConcurrentGCThread "G1 Conc#2" [stack: 0x0000000b50a00000,0x0000000b50b00000] [id=5432]
  0x0000014be726da70 ConcurrentGCThread "G1 Refine#0" [stack: 0x0000000b4f600000,0x0000000b4f700000] [id=12608]
  0x0000014be726e490 ConcurrentGCThread "G1 Service" [stack: 0x0000000b4f700000,0x0000000b4f800000] [id=4756]

Threads with active compile tasks:

VM state: at safepoint (normal execution)

VM Mutex/Monitor currently owned by a thread:  ([mutex/lock_event])
[0x0000014be719e440] Threads_lock - owner thread: 0x0000014bff9c4950
[0x0000014be719dc60] Heap_lock - owner thread: 0x0000014b87c537c0

Heap address: 0x0000000082c00000, size: 2004 MB, Compressed Oops mode: 32-bit

CDS archive(s) mapped at: [0x0000000800000000-0x0000000800bc0000-0x0000000800bc0000), size 12320768, SharedBaseAddress: 0x0000000800000000, ArchiveRelocationMode: 0.
Compressed class space mapped at: 0x0000000800c00000-0x0000000840c00000, reserved size: 1073741824
Narrow klass base: 0x0000000800000000, Narrow klass shift: 0, Narrow klass range: 0x100000000

GC Precious Log:
 CPUs: 12 total, 12 available
 Memory: 8013M
 Large Page Support: Disabled
 NUMA Support: Disabled
 Compressed Oops: Enabled (32-bit)
 Heap Region Size: 1M
 Heap Min Capacity: 8M
 Heap Initial Capacity: 126M
 Heap Max Capacity: 2004M
 Pre-touch: Disabled
 Parallel Workers: 10
 Concurrent Workers: 3
 Concurrent Refinement Workers: 10
 Periodic GC: Disabled

Heap:
 garbage-first heap   total 153600K, used 34838K [0x0000000082c00000, 0x0000000100000000)
  region size 1024K, 1 young (1024K), 1 survivors (1024K)
 Metaspace       used 12943K, committed 13312K, reserved 1064960K
  class space    used 1174K, committed 1344K, reserved 1048576K

Heap Regions: E=young(eden), S=young(survivor), O=old, HS=humongous(starts), HC=humongous(continues), CS=collection set, F=free, OA=open archive, CA=closed archive, TAMS=top-at-mark-start (previous, next)
|   0|0x0000000082c00000, 0x0000000082d00000, 0x0000000082d00000|100%| O|  |TAMS 0x0000000082d00000, 0x0000000082d00000| Untracked 
|   1|0x0000000082d00000, 0x0000000082dfff50, 0x0000000082e00000| 99%| O|  |TAMS 0x0000000082dfff50, 0x0000000082dfff50| Untracked 
|   2|0x0000000082e00000, 0x0000000082f00000, 0x0000000082f00000|100%| O|  |TAMS 0x0000000082f00000, 0x0000000082f00000| Untracked 
|   3|0x0000000082f00000, 0x0000000082fffff8, 0x0000000083000000| 99%| O|  |TAMS 0x0000000082fffff8, 0x0000000082fffff8| Untracked 
|   4|0x0000000083000000, 0x0000000083100000, 0x0000000083100000|100%| O|  |TAMS 0x0000000083100000, 0x0000000083100000| Untracked 
|   5|0x0000000083100000, 0x000000008317f428, 0x0000000083200000| 49%| O|  |TAMS 0x000000008317f428, 0x000000008317f428| Untracked 
|   6|0x0000000083200000, 0x00000000832749e8, 0x0000000083300000| 45%| O|  |TAMS 0x00000000832749e8, 0x00000000832749e8| Untracked 
|   7|0x0000000083300000, 0x0000000083400000, 0x0000000083400000|100%|HS|  |TAMS 0x0000000083400000, 0x0000000083400000| Complete 
|   8|0x0000000083400000, 0x0000000083500000, 0x0000000083500000|100%|HC|  |TAMS 0x0000000083500000, 0x0000000083500000| Complete 
|   9|0x0000000083500000, 0x0000000083600000, 0x0000000083600000|100%|HC|  |TAMS 0x0000000083600000, 0x0000000083600000| Complete 
|  10|0x0000000083600000, 0x0000000083600000, 0x0000000083700000|  0%| F|  |TAMS 0x0000000083600000, 0x0000000083600000| Untracked 
|  11|0x0000000083700000, 0x0000000083700000, 0x0000000083800000|  0%| F|  |TAMS 0x0000000083700000, 0x0000000083700000| Untracked 
|  12|0x0000000083800000, 0x0000000083800000, 0x0000000083900000|  0%| F|  |TAMS 0x0000000083800000, 0x0000000083800000| Untracked 
|  13|0x0000000083900000, 0x0000000083a00000, 0x0000000083a00000|100%|HS|  |TAMS 0x0000000083a00000, 0x0000000083a00000| Complete 
|  14|0x0000000083a00000, 0x0000000083b00000, 0x0000000083b00000|100%|HC|  |TAMS 0x0000000083b00000, 0x0000000083b00000| Complete 
|  15|0x0000000083b00000, 0x0000000083c00000, 0x0000000083c00000|100%|HC|  |TAMS 0x0000000083c00000, 0x0000000083c00000| Complete 
|  16|0x0000000083c00000, 0x0000000083d00000, 0x0000000083d00000|100%|HS|  |TAMS 0x0000000083d00000, 0x0000000083d00000| Complete 
|  17|0x0000000083d00000, 0x0000000083e00000, 0x0000000083e00000|100%|HC|  |TAMS 0x0000000083e00000, 0x0000000083e00000| Complete 
|  18|0x0000000083e00000, 0x0000000083f00000, 0x0000000083f00000|100%|HC|  |TAMS 0x0000000083f00000, 0x0000000083f00000| Complete 
|  19|0x0000000083f00000, 0x0000000084000000, 0x0000000084000000|100%|HS|  |TAMS 0x0000000084000000, 0x0000000084000000| Complete 
|  20|0x0000000084000000, 0x0000000084100000, 0x0000000084100000|100%|HC|  |TAMS 0x0000000084100000, 0x0000000084100000| Complete 
|  21|0x0000000084100000, 0x0000000084200000, 0x0000000084200000|100%|HC|  |TAMS 0x0000000084200000, 0x0000000084200000| Complete 
|  22|0x0000000084200000, 0x000000008427da00, 0x0000000084300000| 49%| O|  |TAMS 0x000000008427da00, 0x000000008427da00| Untracked 
|  23|0x0000000084300000, 0x0000000084300000, 0x0000000084400000|  0%| F|  |TAMS 0x0000000084300000, 0x0000000084300000| Untracked 
|  24|0x0000000084400000, 0x0000000084400000, 0x0000000084500000|  0%| F|  |TAMS 0x0000000084400000, 0x0000000084400000| Untracked 
|  25|0x0000000084500000, 0x0000000084500000, 0x0000000084600000|  0%| F|  |TAMS 0x0000000084500000, 0x0000000084500000| Untracked 
|  26|0x0000000084600000, 0x0000000084600000, 0x0000000084700000|  0%| F|  |TAMS 0x0000000084600000, 0x0000000084600000| Untracked 
|  27|0x0000000084700000, 0x0000000084700000, 0x0000000084800000|  0%| F|  |TAMS 0x0000000084700000, 0x0000000084700000| Untracked 
|  28|0x0000000084800000, 0x0000000084800000, 0x0000000084900000|  0%| F|  |TAMS 0x0000000084800000, 0x0000000084800000| Untracked 
|  29|0x0000000084900000, 0x0000000084900000, 0x0000000084a00000|  0%| F|  |TAMS 0x0000000084900000, 0x0000000084900000| Untracked 
|  30|0x0000000084a00000, 0x0000000084a00000, 0x0000000084b00000|  0%| F|  |TAMS 0x0000000084a00000, 0x0000000084a00000| Untracked 
|  31|0x0000000084b00000, 0x0000000084b00000, 0x0000000084c00000|  0%| F|  |TAMS 0x0000000084b00000, 0x0000000084b00000| Untracked 
|  32|0x0000000084c00000, 0x0000000084c00000, 0x0000000084d00000|  0%| F|  |TAMS 0x0000000084c00000, 0x0000000084c00000| Untracked 
|  33|0x0000000084d00000, 0x0000000084d00000, 0x0000000084e00000|  0%| F|  |TAMS 0x0000000084d00000, 0x0000000084d00000| Untracked 
|  34|0x0000000084e00000, 0x0000000084e00000, 0x0000000084f00000|  0%| F|  |TAMS 0x0000000084e00000, 0x0000000084e00000| Untracked 
|  35|0x0000000084f00000, 0x0000000084f00000, 0x0000000085000000|  0%| F|  |TAMS 0x0000000084f00000, 0x0000000084f00000| Untracked 
|  36|0x0000000085000000, 0x0000000085000000, 0x0000000085100000|  0%| F|  |TAMS 0x0000000085000000, 0x0000000085000000| Untracked 
|  37|0x0000000085100000, 0x0000000085100000, 0x0000000085200000|  0%| F|  |TAMS 0x0000000085100000, 0x0000000085100000| Untracked 
|  38|0x0000000085200000, 0x0000000085300000, 0x0000000085300000|100%|HS|  |TAMS 0x0000000085300000, 0x0000000085300000| Complete 
|  39|0x0000000085300000, 0x0000000085400000, 0x0000000085400000|100%|HC|  |TAMS 0x0000000085400000, 0x0000000085400000| Complete 
|  40|0x0000000085400000, 0x0000000085500000, 0x0000000085500000|100%|HC|  |TAMS 0x0000000085500000, 0x0000000085500000| Complete 
|  41|0x0000000085500000, 0x0000000085500000, 0x0000000085600000|  0%| F|  |TAMS 0x0000000085500000, 0x0000000085500000| Untracked 
|  42|0x0000000085600000, 0x0000000085600000, 0x0000000085700000|  0%| F|  |TAMS 0x0000000085600000, 0x0000000085600000| Untracked 
|  43|0x0000000085700000, 0x0000000085700000, 0x0000000085800000|  0%| F|  |TAMS 0x0000000085700000, 0x0000000085700000| Untracked 
|  44|0x0000000085800000, 0x0000000085800000, 0x0000000085900000|  0%| F|  |TAMS 0x0000000085800000, 0x0000000085800000| Untracked 
|  45|0x0000000085900000, 0x0000000085900000, 0x0000000085a00000|  0%| F|  |TAMS 0x0000000085900000, 0x0000000085900000| Untracked 
|  46|0x0000000085a00000, 0x0000000085a00000, 0x0000000085b00000|  0%| F|  |TAMS 0x0000000085a00000, 0x0000000085a00000| Untracked 
|  47|0x0000000085b00000, 0x0000000085b00000, 0x0000000085c00000|  0%| F|  |TAMS 0x0000000085b00000, 0x0000000085b00000| Untracked 
|  48|0x0000000085c00000, 0x0000000085c00000, 0x0000000085d00000|  0%| F|  |TAMS 0x0000000085c00000, 0x0000000085c00000| Untracked 
|  49|0x0000000085d00000, 0x0000000085d00000, 0x0000000085e00000|  0%| F|  |TAMS 0x0000000085d00000, 0x0000000085d00000| Untracked 
|  50|0x0000000085e00000, 0x0000000085e1a600, 0x0000000085f00000| 10%| O|  |TAMS 0x0000000085e1a600, 0x0000000085e1a600| Untracked 
|  51|0x0000000085f00000, 0x0000000085f00000, 0x0000000086000000|  0%| F|  |TAMS 0x0000000085f00000, 0x0000000085f00000| Untracked 
|  52|0x0000000086000000, 0x0000000086000000, 0x0000000086100000|  0%| F|  |TAMS 0x0000000086000000, 0x0000000086000000| Untracked 
|  53|0x0000000086100000, 0x0000000086100000, 0x0000000086200000|  0%| F|  |TAMS 0x0000000086100000, 0x0000000086100000| Untracked 
|  54|0x0000000086200000, 0x0000000086200000, 0x0000000086300000|  0%| F|  |TAMS 0x0000000086200000, 0x0000000086200000| Untracked 
|  55|0x0000000086300000, 0x0000000086306a00, 0x0000000086400000|  2%| O|  |TAMS 0x0000000086300000, 0x0000000086306a00| Untracked 
|  56|0x0000000086400000, 0x0000000086500000, 0x0000000086500000|100%| O|  |TAMS 0x0000000086500000, 0x0000000086500000| Untracked 
|  57|0x0000000086500000, 0x0000000086504c00, 0x0000000086600000|  1%| O|  |TAMS 0x0000000086504c00, 0x0000000086504c00| Untracked 
|  58|0x0000000086600000, 0x000000008661cc00, 0x0000000086700000| 11%| O|  |TAMS 0x000000008661cc00, 0x000000008661cc00| Untracked 
|  59|0x0000000086700000, 0x0000000086800000, 0x0000000086800000|100%| O|  |TAMS 0x0000000086800000, 0x0000000086800000| Untracked 
|  60|0x0000000086800000, 0x0000000086900000, 0x0000000086900000|100%|HS|  |TAMS 0x0000000086900000, 0x0000000086900000| Complete 
|  61|0x0000000086900000, 0x0000000086a00000, 0x0000000086a00000|100%|HC|  |TAMS 0x0000000086a00000, 0x0000000086a00000| Complete 
|  62|0x0000000086a00000, 0x0000000086b00000, 0x0000000086b00000|100%|HC|  |TAMS 0x0000000086b00000, 0x0000000086b00000| Complete 
|  63|0x0000000086b00000, 0x0000000086b00000, 0x0000000086c00000|  0%| F|  |TAMS 0x0000000086b00000, 0x0000000086b00000| Untracked 
|  64|0x0000000086c00000, 0x0000000086c00000, 0x0000000086d00000|  0%| F|  |TAMS 0x0000000086c00000, 0x0000000086c00000| Untracked 
|  65|0x0000000086d00000, 0x0000000086d00000, 0x0000000086e00000|  0%| F|  |TAMS 0x0000000086d00000, 0x0000000086d00000| Untracked 
|  66|0x0000000086e00000, 0x0000000086e00000, 0x0000000086f00000|  0%| F|  |TAMS 0x0000000086e00000, 0x0000000086e00000| Untracked 
|  67|0x0000000086f00000, 0x0000000086f00000, 0x0000000087000000|  0%| F|  |TAMS 0x0000000086f00000, 0x0000000086f00000| Untracked 
|  68|0x0000000087000000, 0x0000000087000000, 0x0000000087100000|  0%| F|  |TAMS 0x0000000087000000, 0x0000000087000000| Untracked 
|  69|0x0000000087100000, 0x0000000087100000, 0x0000000087200000|  0%| F|  |TAMS 0x0000000087100000, 0x0000000087100000| Untracked 
|  70|0x0000000087200000, 0x0000000087200000, 0x0000000087300000|  0%| F|  |TAMS 0x0000000087200000, 0x0000000087200000| Untracked 
|  71|0x0000000087300000, 0x0000000087300000, 0x0000000087400000|  0%| F|  |TAMS 0x0000000087300000, 0x0000000087300000| Untracked 
|  72|0x0000000087400000, 0x0000000087400000, 0x0000000087500000|  0%| F|  |TAMS 0x0000000087400000, 0x0000000087400000| Untracked 
|  73|0x0000000087500000, 0x0000000087500000, 0x0000000087600000|  0%| F|  |TAMS 0x0000000087500000, 0x0000000087500000| Untracked 
|  74|0x0000000087600000, 0x0000000087600000, 0x0000000087700000|  0%| F|  |TAMS 0x0000000087600000, 0x0000000087600000| Untracked 
|  75|0x0000000087700000, 0x0000000087700000, 0x0000000087800000|  0%| F|  |TAMS 0x0000000087700000, 0x0000000087700000| Untracked 
|  76|0x0000000087800000, 0x0000000087800000, 0x0000000087900000|  0%| F|  |TAMS 0x0000000087800000, 0x0000000087800000| Untracked 
|  77|0x0000000087900000, 0x0000000087900000, 0x0000000087a00000|  0%| F|  |TAMS 0x0000000087900000, 0x0000000087900000| Untracked 
|  78|0x0000000087a00000, 0x0000000087a62000, 0x0000000087b00000| 38%| O|  |TAMS 0x0000000087a62000, 0x0000000087a62000| Untracked 
|  79|0x0000000087b00000, 0x0000000087b00000, 0x0000000087c00000|  0%| F|  |TAMS 0x0000000087b00000, 0x0000000087b00000| Untracked 
|  80|0x0000000087c00000, 0x0000000087c00000, 0x0000000087d00000|  0%| F|  |TAMS 0x0000000087c00000, 0x0000000087c00000| Untracked 
|  81|0x0000000087d00000, 0x0000000087d00000, 0x0000000087e00000|  0%| F|  |TAMS 0x0000000087d00000, 0x0000000087d00000| Untracked 
|  82|0x0000000087e00000, 0x0000000087e00000, 0x0000000087f00000|  0%| F|  |TAMS 0x0000000087e00000, 0x0000000087e00000| Untracked 
|  83|0x0000000087f00000, 0x0000000087f00000, 0x0000000088000000|  0%| F|  |TAMS 0x0000000087f00000, 0x0000000087f00000| Untracked 
|  84|0x0000000088000000, 0x0000000088000000, 0x0000000088100000|  0%| F|  |TAMS 0x0000000088000000, 0x0000000088000000| Untracked 
|  85|0x0000000088100000, 0x0000000088100000, 0x0000000088200000|  0%| F|  |TAMS 0x0000000088100000, 0x0000000088100000| Untracked 
|  86|0x0000000088200000, 0x0000000088200000, 0x0000000088300000|  0%| F|  |TAMS 0x0000000088200000, 0x0000000088200000| Untracked 
|  87|0x0000000088300000, 0x0000000088300000, 0x0000000088400000|  0%| F|  |TAMS 0x0000000088300000, 0x0000000088300000| Untracked 
|  88|0x0000000088400000, 0x0000000088400000, 0x0000000088500000|  0%| F|  |TAMS 0x0000000088400000, 0x0000000088400000| Untracked 
|  89|0x0000000088500000, 0x0000000088500000, 0x0000000088600000|  0%| F|  |TAMS 0x0000000088500000, 0x0000000088500000| Untracked 
|  90|0x0000000088600000, 0x0000000088600000, 0x0000000088700000|  0%| F|  |TAMS 0x0000000088600000, 0x0000000088600000| Untracked 
|  91|0x0000000088700000, 0x0000000088700000, 0x0000000088800000|  0%| F|  |TAMS 0x0000000088700000, 0x0000000088700000| Untracked 
|  92|0x0000000088800000, 0x0000000088800000, 0x0000000088900000|  0%| F|  |TAMS 0x0000000088800000, 0x0000000088800000| Untracked 
|  93|0x0000000088900000, 0x0000000088900000, 0x0000000088a00000|  0%| F|  |TAMS 0x0000000088900000, 0x0000000088900000| Untracked 
|  94|0x0000000088a00000, 0x0000000088a00000, 0x0000000088b00000|  0%| F|  |TAMS 0x0000000088a00000, 0x0000000088a00000| Untracked 
|  95|0x0000000088b00000, 0x0000000088b00000, 0x0000000088c00000|  0%| F|  |TAMS 0x0000000088b00000, 0x0000000088b00000| Untracked 
|  96|0x0000000088c00000, 0x0000000088c00000, 0x0000000088d00000|  0%| F|  |TAMS 0x0000000088c00000, 0x0000000088c00000| Untracked 
|  97|0x0000000088d00000, 0x0000000088d00000, 0x0000000088e00000|  0%| F|  |TAMS 0x0000000088d00000, 0x0000000088d00000| Untracked 
|  98|0x0000000088e00000, 0x0000000088e00000, 0x0000000088f00000|  0%| F|  |TAMS 0x0000000088e00000, 0x0000000088e00000| Untracked 
|  99|0x0000000088f00000, 0x0000000088f00000, 0x0000000089000000|  0%| F|  |TAMS 0x0000000088f00000, 0x0000000088f00000| Untracked 
| 100|0x0000000089000000, 0x0000000089000000, 0x0000000089100000|  0%| F|  |TAMS 0x0000000089000000, 0x0000000089000000| Untracked 
| 101|0x0000000089100000, 0x0000000089100000, 0x0000000089200000|  0%| F|  |TAMS 0x0000000089100000, 0x0000000089100000| Untracked 
| 102|0x0000000089200000, 0x0000000089200000, 0x0000000089300000|  0%| F|  |TAMS 0x0000000089200000, 0x0000000089200000| Untracked 
| 103|0x0000000089300000, 0x0000000089300000, 0x0000000089400000|  0%| F|  |TAMS 0x0000000089300000, 0x0000000089300000| Untracked 
| 104|0x0000000089400000, 0x0000000089400000, 0x0000000089500000|  0%| F|  |TAMS 0x0000000089400000, 0x0000000089400000| Untracked 
| 105|0x0000000089500000, 0x0000000089500000, 0x0000000089600000|  0%| F|  |TAMS 0x0000000089500000, 0x0000000089500000| Untracked 
| 106|0x0000000089600000, 0x0000000089600000, 0x0000000089700000|  0%| F|  |TAMS 0x0000000089600000, 0x0000000089600000| Untracked 
| 107|0x0000000089700000, 0x0000000089700000, 0x0000000089800000|  0%| F|  |TAMS 0x0000000089700000, 0x0000000089700000| Untracked 
| 108|0x0000000089800000, 0x0000000089800000, 0x0000000089900000|  0%| F|  |TAMS 0x0000000089800000, 0x0000000089800000| Untracked 
| 109|0x0000000089900000, 0x0000000089900000, 0x0000000089a00000|  0%| F|  |TAMS 0x0000000089900000, 0x0000000089900000| Untracked 
| 110|0x0000000089a00000, 0x0000000089a00000, 0x0000000089b00000|  0%| F|  |TAMS 0x0000000089a00000, 0x0000000089a00000| Untracked 
| 111|0x0000000089b00000, 0x0000000089b00000, 0x0000000089c00000|  0%| F|  |TAMS 0x0000000089b00000, 0x0000000089b00000| Untracked 
| 112|0x0000000089c00000, 0x0000000089c00000, 0x0000000089d00000|  0%| F|  |TAMS 0x0000000089c00000, 0x0000000089c00000| Untracked 
| 113|0x0000000089d00000, 0x0000000089d00000, 0x0000000089e00000|  0%| F|  |TAMS 0x0000000089d00000, 0x0000000089d00000| Untracked 
| 114|0x0000000089e00000, 0x0000000089e00000, 0x0000000089f00000|  0%| F|  |TAMS 0x0000000089e00000, 0x0000000089e00000| Untracked 
| 115|0x0000000089f00000, 0x0000000089fd1600, 0x000000008a000000| 81%| O|  |TAMS 0x0000000089fd1600, 0x0000000089fd1600| Untracked 
| 116|0x000000008a000000, 0x000000008a000000, 0x000000008a100000|  0%| F|  |TAMS 0x000000008a000000, 0x000000008a000000| Untracked 
| 117|0x000000008a100000, 0x000000008a200000, 0x000000008a200000|100%|HS|  |TAMS 0x000000008a200000, 0x000000008a200000| Complete 
| 118|0x000000008a200000, 0x000000008a300000, 0x000000008a300000|100%|HC|  |TAMS 0x000000008a300000, 0x000000008a300000| Complete 
| 119|0x000000008a300000, 0x000000008a400000, 0x000000008a400000|100%|HC|  |TAMS 0x000000008a400000, 0x000000008a400000| Complete 
| 120|0x000000008a400000, 0x000000008a400000, 0x000000008a500000|  0%| F|  |TAMS 0x000000008a400000, 0x000000008a400000| Untracked 
| 121|0x000000008a500000, 0x000000008a500000, 0x000000008a600000|  0%| F|  |TAMS 0x000000008a500000, 0x000000008a500000| Untracked 
| 122|0x000000008a600000, 0x000000008a600000, 0x000000008a700000|  0%| F|  |TAMS 0x000000008a600000, 0x000000008a600000| Untracked 
| 123|0x000000008a700000, 0x000000008a700000, 0x000000008a800000|  0%| F|  |TAMS 0x000000008a700000, 0x000000008a700000| Untracked 
| 124|0x000000008a800000, 0x000000008a800000, 0x000000008a900000|  0%| F|  |TAMS 0x000000008a800000, 0x000000008a800000| Untracked 
| 125|0x000000008a900000, 0x000000008a900000, 0x000000008aa00000|  0%| F|  |TAMS 0x000000008a900000, 0x000000008a900000| Untracked 
| 126|0x000000008aa00000, 0x000000008aa00000, 0x000000008ab00000|  0%| F|  |TAMS 0x000000008aa00000, 0x000000008aa00000| Untracked 
| 127|0x000000008ab00000, 0x000000008ab00000, 0x000000008ac00000|  0%| F|  |TAMS 0x000000008ab00000, 0x000000008ab00000| Untracked 
| 128|0x000000008ac00000, 0x000000008ac00000, 0x000000008ad00000|  0%| F|  |TAMS 0x000000008ac00000, 0x000000008ac00000| Untracked 
| 129|0x000000008ad00000, 0x000000008ad00000, 0x000000008ae00000|  0%| F|  |TAMS 0x000000008ad00000, 0x000000008ad00000| Untracked 
| 130|0x000000008ae00000, 0x000000008ae00000, 0x000000008af00000|  0%| F|  |TAMS 0x000000008ae00000, 0x000000008ae00000| Untracked 
| 131|0x000000008af00000, 0x000000008af00000, 0x000000008b000000|  0%| F|  |TAMS 0x000000008af00000, 0x000000008af00000| Untracked 
| 132|0x000000008b000000, 0x000000008b000000, 0x000000008b100000|  0%| F|  |TAMS 0x000000008b000000, 0x000000008b000000| Untracked 
| 133|0x000000008b100000, 0x000000008b100000, 0x000000008b200000|  0%| F|  |TAMS 0x000000008b100000, 0x000000008b100000| Untracked 
| 134|0x000000008b200000, 0x000000008b200000, 0x000000008b300000|  0%| F|  |TAMS 0x000000008b200000, 0x000000008b200000| Untracked 
| 135|0x000000008b300000, 0x000000008b300000, 0x000000008b400000|  0%| F|  |TAMS 0x000000008b300000, 0x000000008b300000| Untracked 
| 136|0x000000008b400000, 0x000000008b400000, 0x000000008b500000|  0%| F|  |TAMS 0x000000008b400000, 0x000000008b400000| Untracked 
| 137|0x000000008b500000, 0x000000008b500000, 0x000000008b600000|  0%| F|  |TAMS 0x000000008b500000, 0x000000008b500000| Untracked 
| 138|0x000000008b600000, 0x000000008b600000, 0x000000008b700000|  0%| F|  |TAMS 0x000000008b600000, 0x000000008b600000| Untracked 
| 139|0x000000008b700000, 0x000000008b700000, 0x000000008b800000|  0%| F|  |TAMS 0x000000008b700000, 0x000000008b700000| Untracked 
| 140|0x000000008b800000, 0x000000008b800000, 0x000000008b900000|  0%| F|  |TAMS 0x000000008b800000, 0x000000008b800000| Untracked 
| 141|0x000000008b900000, 0x000000008b900000, 0x000000008ba00000|  0%| F|  |TAMS 0x000000008b900000, 0x000000008b900000| Untracked 
| 142|0x000000008ba00000, 0x000000008ba00000, 0x000000008bb00000|  0%| F|  |TAMS 0x000000008ba00000, 0x000000008ba00000| Untracked 
| 143|0x000000008bb00000, 0x000000008bb1e3e8, 0x000000008bc00000| 11%| S|CS|TAMS 0x000000008bb00000, 0x000000008bb00000| Complete 
| 144|0x000000008bc00000, 0x000000008bc00000, 0x000000008bd00000|  0%| F|  |TAMS 0x000000008bc00000, 0x000000008bc00000| Untracked 
| 165|0x000000008d100000, 0x000000008d200000, 0x000000008d200000|100%|HS|  |TAMS 0x000000008d200000, 0x000000008d200000| Complete 
| 166|0x000000008d200000, 0x000000008d300000, 0x000000008d300000|100%|HC|  |TAMS 0x000000008d300000, 0x000000008d300000| Complete 
| 167|0x000000008d300000, 0x000000008d400000, 0x000000008d400000|100%|HC|  |TAMS 0x000000008d400000, 0x000000008d400000| Complete 
| 179|0x000000008df00000, 0x000000008df00000, 0x000000008e000000|  0%| F|  |TAMS 0x000000008df00000, 0x000000008df00000| Untracked 
| 665|0x00000000ac500000, 0x00000000ac500000, 0x00000000ac600000|  0%| F|  |TAMS 0x00000000ac500000, 0x00000000ac500000| Untracked 

Card table byte_map: [0x0000014bfe5c0000,0x0000014bfe9b0000] _byte_map_base: 0x0000014bfe1aa000

Marking Bits (Prev, Next): (CMBitMap*) 0x0000014be71fde10, (CMBitMap*) 0x0000014be71fde50
 Prev Bits: [0x0000014b80000000, 0x0000014b81f50000)
 Next Bits: [0x0000014b81f50000, 0x0000014b83ea0000)

Polling page: 0x0000014be5100000

Metaspace:

Usage:
  Non-class:     11.49 MB used.
      Class:      1.15 MB used.
       Both:     12.64 MB used.

Virtual space:
  Non-class space:       16.00 MB reserved,      11.69 MB ( 73%) committed,  2 nodes.
      Class space:        1.00 GB reserved,       1.31 MB ( <1%) committed,  1 nodes.
             Both:        1.02 GB reserved,      13.00 MB (  1%) committed. 

Chunk freelists:
   Non-Class:  4.02 MB
       Class:  2.68 MB
        Both:  6.70 MB

MaxMetaspaceSize: unlimited
CompressedClassSpaceSize: 1.00 GB
Initial GC threshold: 21.00 MB
Current GC threshold: 21.69 MB
CDS: on
MetaspaceReclaimPolicy: balanced
 - commit_granule_bytes: 65536.
 - commit_granule_words: 8192.
 - virtual_space_node_default_size: 1048576.
 - enlarge_chunks_in_place: 1.
 - new_chunks_are_fully_committed: 0.
 - uncommit_free_chunks: 1.
 - use_allocation_guard: 0.
 - handle_deallocations: 1.


Internal statistics:

num_allocs_failed_limit: 0.
num_arena_births: 282.
num_arena_deaths: 96.
num_vsnodes_births: 3.
num_vsnodes_deaths: 0.
num_space_committed: 208.
num_space_uncommitted: 0.
num_chunks_returned_to_freelist: 146.
num_chunks_taken_from_freelist: 587.
num_chunk_merges: 47.
num_chunk_splits: 318.
num_chunks_enlarged: 153.
num_purges: 2.
num_inconsistent_stats: 0.

CodeHeap 'non-profiled nmethods': size=120000Kb used=3727Kb max_used=3727Kb free=116272Kb
 bounds [0x0000014bf6750000, 0x0000014bf6b00000, 0x0000014bfdc80000]
CodeHeap 'profiled nmethods': size=120000Kb used=5073Kb max_used=7145Kb free=114926Kb
 bounds [0x0000014bef220000, 0x0000014bef920000, 0x0000014bf6750000]
CodeHeap 'non-nmethods': size=5760Kb used=1426Kb max_used=1523Kb free=4333Kb
 bounds [0x0000014beec80000, 0x0000014beeef0000, 0x0000014bef220000]
 total_blobs=3658 nmethods=2949 adapters=622
 compilation: enabled
              stopped_count=0, restarted_count=0
 full_count=0

Compilation events (20 events):
Event: 308.262 Thread 0x0000014bff9e5670 3701   !   3       sun.java2d.Disposer::run (53 bytes)
Event: 308.262 Thread 0x0000014bff9e5670 nmethod 3701 0x0000014bef3e1210 code [0x0000014bef3e1420, 0x0000014bef3e1b98]
Event: 308.792 Thread 0x0000014bff9d96c0 3702   !   4       java.lang.ref.Reference::processPendingReferences (118 bytes)
Event: 308.797 Thread 0x0000014bff9d96c0 nmethod 3702 0x0000014bf6833d10 code [0x0000014bf6833f20, 0x0000014bf6834cb0]
Event: 309.491 Thread 0x0000014bff9d96c0 3703       4       greenfoot.gui.input.mouse.MouseEventData::isMouseClickedOn (31 bytes)
Event: 309.492 Thread 0x0000014bff9d96c0 nmethod 3703 0x0000014bf69a4d90 code [0x0000014bf69a4f00, 0x0000014bf69a4f98]
Event: 322.617 Thread 0x0000014bff9e5670 3704   !   3       java.lang.ref.ReferenceQueue::remove (125 bytes)
Event: 322.618 Thread 0x0000014bff9e5670 nmethod 3704 0x0000014bef60c590 code [0x0000014bef60c7c0, 0x0000014bef60d018]
Event: 327.585 Thread 0x0000014bff9d96c0 3705       4       sun.java2d.pipe.DrawImage::copyImage (60 bytes)
Event: 327.649 Thread 0x0000014bff9d96c0 nmethod 3705 0x0000014bf6871390 code [0x0000014bf68716a0, 0x0000014bf68755b0]
Event: 329.336 Thread 0x0000014bff9d96c0 3706   !   4       java.lang.ref.ReferenceQueue::remove (125 bytes)
Event: 329.341 Thread 0x0000014bff9d96c0 nmethod 3706 0x0000014bf6832e90 code [0x0000014bf6833060, 0x0000014bf68339b0]
Event: 330.996 Thread 0x0000014bff9d96c0 3707       4       Level2::act (60 bytes)
Event: 330.999 Thread 0x0000014bff9d96c0 nmethod 3707 0x0000014bf6832610 code [0x0000014bf68327a0, 0x0000014bf6832a48]
Event: 340.071 Thread 0x0000014bff9d96c0 3708  s    4       sun.font.TrueTypeFont::getScaler (32 bytes)
Event: 340.073 Thread 0x0000014bff9d96c0 nmethod 3708 0x0000014bf694fe90 code [0x0000014bf6950000, 0x0000014bf69501d8]
Event: 344.220 Thread 0x0000014bff9d96c0 3709   !   4       sun.font.FileFont::getGlyphOutline (34 bytes)
Event: 344.223 Thread 0x0000014bff9d96c0 nmethod 3709 0x0000014bf67f2290 code [0x0000014bf67f2440, 0x0000014bf67f2b68]
Event: 355.017 Thread 0x0000014bff9d96c0 3710       4       java.awt.geom.GeneralPath::<init> (32 bytes)
Event: 355.020 Thread 0x0000014bff9d96c0 nmethod 3710 0x0000014bf67c4b10 code [0x0000014bf67c4ca0, 0x0000014bf67c5298]

GC Heap History (20 events):
Event: 357.086 GC heap after
{Heap after GC invocations=581 (full 3):
 garbage-first heap   total 184320K, used 34869K [0x0000000082c00000, 0x0000000100000000)
  region size 1024K, 1 young (1024K), 1 survivors (1024K)
 Metaspace       used 12943K, committed 13312K, reserved 1064960K
  class space    used 1174K, committed 1344K, reserved 1048576K
}
Event: 357.561 GC heap before
{Heap before GC invocations=581 (full 3):
 garbage-first heap   total 184320K, used 131125K [0x0000000082c00000, 0x0000000100000000)
  region size 1024K, 9 young (9216K), 1 survivors (1024K)
 Metaspace       used 12943K, committed 13312K, reserved 1064960K
  class space    used 1174K, committed 1344K, reserved 1048576K
}
Event: 357.563 GC heap after
{Heap after GC invocations=582 (full 3):
 garbage-first heap   total 184320K, used 34845K [0x0000000082c00000, 0x0000000100000000)
  region size 1024K, 1 young (1024K), 1 survivors (1024K)
 Metaspace       used 12943K, committed 13312K, reserved 1064960K
  class space    used 1174K, committed 1344K, reserved 1048576K
}
Event: 358.282 GC heap before
{Heap before GC invocations=582 (full 3):
 garbage-first heap   total 187392K, used 176157K [0x0000000082c00000, 0x0000000100000000)
  region size 1024K, 14 young (14336K), 1 survivors (1024K)
 Metaspace       used 12943K, committed 13312K, reserved 1064960K
  class space    used 1174K, committed 1344K, reserved 1048576K
}
Event: 358.285 GC heap after
{Heap after GC invocations=583 (full 3):
 garbage-first heap   total 187392K, used 34857K [0x0000000082c00000, 0x0000000100000000)
  region size 1024K, 1 young (1024K), 1 survivors (1024K)
 Metaspace       used 12943K, committed 13312K, reserved 1064960K
  class space    used 1174K, committed 1344K, reserved 1048576K
}
Event: 358.415 GC heap before
{Heap before GC invocations=583 (full 3):
 garbage-first heap   total 187392K, used 61481K [0x0000000082c00000, 0x0000000100000000)
  region size 1024K, 4 young (4096K), 1 survivors (1024K)
 Metaspace       used 12943K, committed 13312K, reserved 1064960K
  class space    used 1174K, committed 1344K, reserved 1048576K
}
Event: 358.415 GC heap after
{Heap after GC invocations=584 (full 3):
 garbage-first heap   total 187392K, used 34815K [0x0000000082c00000, 0x0000000100000000)
  region size 1024K, 1 young (1024K), 1 survivors (1024K)
 Metaspace       used 12943K, committed 13312K, reserved 1064960K
  class space    used 1174K, committed 1344K, reserved 1048576K
}
Event: 358.958 GC heap before
{Heap before GC invocations=585 (full 3):
 garbage-first heap   total 153600K, used 142335K [0x0000000082c00000, 0x0000000100000000)
  region size 1024K, 11 young (11264K), 1 survivors (1024K)
 Metaspace       used 12943K, committed 13312K, reserved 1064960K
  class space    used 1174K, committed 1344K, reserved 1048576K
}
Event: 358.959 GC heap after
{Heap after GC invocations=586 (full 3):
 garbage-first heap   total 153600K, used 34841K [0x0000000082c00000, 0x0000000100000000)
  region size 1024K, 1 young (1024K), 1 survivors (1024K)
 Metaspace       used 12943K, committed 13312K, reserved 1064960K
  class space    used 1174K, committed 1344K, reserved 1048576K
}
Event: 359.313 GC heap before
{Heap before GC invocations=586 (full 3):
 garbage-first heap   total 153600K, used 108569K [0x0000000082c00000, 0x0000000100000000)
  region size 1024K, 7 young (7168K), 1 survivors (1024K)
 Metaspace       used 12943K, committed 13312K, reserved 1064960K
  class space    used 1174K, committed 1344K, reserved 1048576K
}
Event: 359.315 GC heap after
{Heap after GC invocations=587 (full 3):
 garbage-first heap   total 153600K, used 34833K [0x0000000082c00000, 0x0000000100000000)
  region size 1024K, 1 young (1024K), 1 survivors (1024K)
 Metaspace       used 12943K, committed 13312K, reserved 1064960K
  class space    used 1174K, committed 1344K, reserved 1048576K
}
Event: 359.853 GC heap before
{Heap before GC invocations=587 (full 3):
 garbage-first heap   total 153600K, used 142353K [0x0000000082c00000, 0x0000000100000000)
  region size 1024K, 11 young (11264K), 1 survivors (1024K)
 Metaspace       used 12943K, committed 13312K, reserved 1064960K
  class space    used 1174K, committed 1344K, reserved 1048576K
}
Event: 359.854 GC heap after
{Heap after GC invocations=588 (full 3):
 garbage-first heap   total 153600K, used 34843K [0x0000000082c00000, 0x0000000100000000)
  region size 1024K, 1 young (1024K), 1 survivors (1024K)
 Metaspace       used 12943K, committed 13312K, reserved 1064960K
  class space    used 1174K, committed 1344K, reserved 1048576K
}
Event: 359.930 GC heap before
{Heap before GC invocations=588 (full 3):
 garbage-first heap   total 153600K, used 48155K [0x0000000082c00000, 0x0000000100000000)
  region size 1024K, 3 young (3072K), 1 survivors (1024K)
 Metaspace       used 12943K, committed 13312K, reserved 1064960K
  class space    used 1174K, committed 1344K, reserved 1048576K
}
Event: 359.933 GC heap after
{Heap after GC invocations=589 (full 3):
 garbage-first heap   total 153600K, used 34807K [0x0000000082c00000, 0x0000000100000000)
  region size 1024K, 1 young (1024K), 1 survivors (1024K)
 Metaspace       used 12943K, committed 13312K, reserved 1064960K
  class space    used 1174K, committed 1344K, reserved 1048576K
}
Event: 359.990 GC heap before
{Heap before GC invocations=589 (full 3):
 garbage-first heap   total 153600K, used 48119K [0x0000000082c00000, 0x0000000100000000)
  region size 1024K, 3 young (3072K), 1 survivors (1024K)
 Metaspace       used 12943K, committed 13312K, reserved 1064960K
  class space    used 1174K, committed 1344K, reserved 1048576K
}
Event: 359.991 GC heap after
{Heap after GC invocations=590 (full 3):
 garbage-first heap   total 153600K, used 34809K [0x0000000082c00000, 0x0000000100000000)
  region size 1024K, 1 young (1024K), 1 survivors (1024K)
 Metaspace       used 12943K, committed 13312K, reserved 1064960K
  class space    used 1174K, committed 1344K, reserved 1048576K
}
Event: 360.053 GC heap before
{Heap before GC invocations=590 (full 3):
 garbage-first heap   total 153600K, used 48121K [0x0000000082c00000, 0x0000000100000000)
  region size 1024K, 3 young (3072K), 1 survivors (1024K)
 Metaspace       used 12943K, committed 13312K, reserved 1064960K
  class space    used 1174K, committed 1344K, reserved 1048576K
}
Event: 360.054 GC heap after
{Heap after GC invocations=591 (full 3):
 garbage-first heap   total 153600K, used 34833K [0x0000000082c00000, 0x0000000100000000)
  region size 1024K, 1 young (1024K), 1 survivors (1024K)
 Metaspace       used 12943K, committed 13312K, reserved 1064960K
  class space    used 1174K, committed 1344K, reserved 1048576K
}
Event: 360.117 GC heap before
{Heap before GC invocations=591 (full 3):
 garbage-first heap   total 153600K, used 48145K [0x0000000082c00000, 0x0000000100000000)
  region size 1024K, 3 young (3072K), 1 survivors (1024K)
 Metaspace       used 12943K, committed 13312K, reserved 1064960K
  class space    used 1174K, committed 1344K, reserved 1048576K
}

Deoptimization events (20 events):
Event: 291.266 Thread 0x0000014b8843fac0 DEOPT PACKING pc=0x0000014bf6a4c1ac sp=0x0000000b524ff1c0
Event: 291.266 Thread 0x0000014b8843fac0 DEOPT UNPACKING pc=0x0000014beecd2b43 sp=0x0000000b524fe588 mode 1
Event: 308.792 Thread 0x0000014bff9c0d40 DEOPT PACKING pc=0x0000014bef8384a6 sp=0x0000000b4f9ff470
Event: 308.792 Thread 0x0000014bff9c0d40 DEOPT UNPACKING pc=0x0000014beecd2b43 sp=0x0000000b4f9fe920 mode 0
Event: 322.589 Thread 0x0000014b8690cfc0 Uncommon trap: trap_request=0xffffff45 fr.pc=0x0000014bf6937f20 relative=0x0000000000000660
Event: 322.589 Thread 0x0000014b8690cfc0 Uncommon trap: reason=unstable_if action=reinterpret pc=0x0000014bf6937f20 method=java.lang.ref.ReferenceQueue.remove(J)Ljava/lang/ref/Reference; @ 70 c2
Event: 322.589 Thread 0x0000014b8690cfc0 DEOPT PACKING pc=0x0000014bf6937f20 sp=0x0000000b507feec0
Event: 322.589 Thread 0x0000014b8690cfc0 DEOPT UNPACKING pc=0x0000014beecd23a3 sp=0x0000000b507fee58 mode 2
Event: 334.509 Thread 0x0000014b8843c5d0 Uncommon trap: trap_request=0xffffff97 fr.pc=0x0000014bf68be160 relative=0x0000000000002780
Event: 334.509 Thread 0x0000014b8843c5d0 Uncommon trap: reason=unhandled action=none pc=0x0000014bf68be160 method=javazoom.jl.decoder.Bitstream.syncHeader(B)I @ 26 c2
Event: 334.509 Thread 0x0000014b8843c5d0 DEOPT PACKING pc=0x0000014bf68be160 sp=0x0000000b51eff280
Event: 334.509 Thread 0x0000014b8843c5d0 DEOPT UNPACKING pc=0x0000014beecd23a3 sp=0x0000000b51eff1f8 mode 2
Event: 334.511 Thread 0x0000014b8843c5d0 DEOPT PACKING pc=0x0000014bf6a4c1ac sp=0x0000000b51eff340
Event: 334.511 Thread 0x0000014b8843c5d0 DEOPT UNPACKING pc=0x0000014beecd2b43 sp=0x0000000b51efe708 mode 1
Event: 334.637 Thread 0x0000014b8843c5d0 Uncommon trap: trap_request=0xffffff97 fr.pc=0x0000014bf68be160 relative=0x0000000000002780
Event: 334.637 Thread 0x0000014b8843c5d0 Uncommon trap: reason=unhandled action=none pc=0x0000014bf68be160 method=javazoom.jl.decoder.Bitstream.syncHeader(B)I @ 26 c2
Event: 334.637 Thread 0x0000014b8843c5d0 DEOPT PACKING pc=0x0000014bf68be160 sp=0x0000000b51eff280
Event: 334.637 Thread 0x0000014b8843c5d0 DEOPT UNPACKING pc=0x0000014beecd23a3 sp=0x0000000b51eff1f8 mode 2
Event: 334.637 Thread 0x0000014b8843c5d0 DEOPT PACKING pc=0x0000014bf6a4c1ac sp=0x0000000b51eff340
Event: 334.637 Thread 0x0000014b8843c5d0 DEOPT UNPACKING pc=0x0000014beecd2b43 sp=0x0000000b51efe708 mode 1

Classes unloaded (20 events):
Event: 226.002 Thread 0x0000014bff9c4950 Unloading class 0x0000000800d12400 'java/lang/invoke/LambdaForm$MH+0x0000000800d12400'
Event: 226.002 Thread 0x0000014bff9c4950 Unloading class 0x0000000800d12000 'java/lang/invoke/LambdaForm$MH+0x0000000800d12000'
Event: 226.002 Thread 0x0000014bff9c4950 Unloading class 0x0000000800d11800 'java/lang/invoke/LambdaForm$MH+0x0000000800d11800'
Event: 226.002 Thread 0x0000014bff9c4950 Unloading class 0x0000000800d11c00 'java/lang/invoke/LambdaForm$MH+0x0000000800d11c00'
Event: 226.002 Thread 0x0000014bff9c4950 Unloading class 0x0000000800d11000 'java/lang/invoke/LambdaForm$MH+0x0000000800d11000'
Event: 226.002 Thread 0x0000014bff9c4950 Unloading class 0x0000000800d10800 'java/lang/invoke/LambdaForm$MH+0x0000000800d10800'
Event: 226.002 Thread 0x0000014bff9c4950 Unloading class 0x0000000800d10400 'java/lang/invoke/LambdaForm$MH+0x0000000800d10400'
Event: 226.002 Thread 0x0000014bff9c4950 Unloading class 0x0000000800d10000 'java/lang/invoke/LambdaForm$MH+0x0000000800d10000'
Event: 226.002 Thread 0x0000014bff9c4950 Unloading class 0x0000000800d0fc00 'java/lang/invoke/LambdaForm$MH+0x0000000800d0fc00'
Event: 226.002 Thread 0x0000014bff9c4950 Unloading class 0x0000000800d0f800 'java/lang/invoke/LambdaForm$MH+0x0000000800d0f800'
Event: 226.002 Thread 0x0000014bff9c4950 Unloading class 0x0000000800d0f000 'java/lang/invoke/LambdaForm$MH+0x0000000800d0f000'
Event: 226.002 Thread 0x0000014bff9c4950 Unloading class 0x0000000800d0e800 'java/lang/invoke/LambdaForm$MH+0x0000000800d0e800'
Event: 226.002 Thread 0x0000014bff9c4950 Unloading class 0x0000000800d0e400 'java/lang/invoke/LambdaForm$MH+0x0000000800d0e400'
Event: 226.002 Thread 0x0000014bff9c4950 Unloading class 0x0000000800d0e000 'java/lang/invoke/LambdaForm$MH+0x0000000800d0e000'
Event: 226.002 Thread 0x0000014bff9c4950 Unloading class 0x0000000800d0d400 'java/lang/invoke/LambdaForm$MH+0x0000000800d0d400'
Event: 226.002 Thread 0x0000014bff9c4950 Unloading class 0x0000000800d0d000 'java/lang/invoke/LambdaForm$MH+0x0000000800d0d000'
Event: 226.002 Thread 0x0000014bff9c4950 Unloading class 0x0000000800d0d800 'java/lang/invoke/LambdaForm$MH+0x0000000800d0d800'
Event: 226.002 Thread 0x0000014bff9c4950 Unloading class 0x0000000800d0c400 'java/lang/invoke/LambdaForm$MH+0x0000000800d0c400'
Event: 226.002 Thread 0x0000014bff9c4950 Unloading class 0x0000000800d0c000 'java/lang/invoke/LambdaForm$MH+0x0000000800d0c000'
Event: 226.002 Thread 0x0000014bff9c4950 Unloading class 0x0000000800d0c800 'java/lang/invoke/LambdaForm$MH+0x0000000800d0c800'

Classes redefined (0 events):
No events

Internal exceptions (20 events):
Event: 0.691 Thread 0x0000014b8718fde0 Exception <a 'java/lang/NoSuchMethodError'{0x000000008a8f2b40}: 'void java.lang.invoke.DirectMethodHandle$Holder.invokeStatic(java.lang.Object, java.lang.Object, java.lang.Object)'> (0x000000008a8f2b40) 
thrown [s\src\hotspot\share\interpreter\linkResolver.cpp, line 759]
Event: 0.705 Thread 0x0000014b871ee650 Exception <a 'java/lang/ClassNotFoundException'{0x000000008a7d01c8}: sun/util/logging/resources/spi/loggingProvider> (0x000000008a7d01c8) 
thrown [s\src\hotspot\share\classfile\systemDictionary.cpp, line 256]
Event: 0.869 Thread 0x0000014b871ee650 Exception <a 'java/lang/NoSuchMethodError'{0x000000008a648378}: 'int java.lang.invoke.DirectMethodHandle$Holder.invokeStaticInit(java.lang.Object, java.lang.Object, java.lang.Object)'> (0x000000008a648378) 
thrown [s\src\hotspot\share\interpreter\linkResolver.cpp, line 759]
Event: 0.881 Thread 0x0000014b871ee650 Exception <a 'java/lang/NoSuchMethodError'{0x000000008a6f0430}: 'java.lang.Object java.lang.invoke.DirectMethodHandle$Holder.newInvokeSpecial(java.lang.Object, java.lang.Object, int, java.lang.Object)'> (0x000000008a6f0430) 
thrown [s\src\hotspot\share\interpreter\linkResolver.cpp, line 759]
Event: 0.881 Thread 0x0000014b871ee650 Exception <a 'java/lang/NoSuchMethodError'{0x000000008a6f4568}: 'java.lang.Object java.lang.invoke.DirectMethodHandle$Holder.invokeSpecial(java.lang.Object, java.lang.Object, java.lang.Object, int, java.lang.Object)'> (0x000000008a6f4568) 
thrown [s\src\hotspot\share\interpreter\linkResolver.cpp, line 759]
Event: 0.909 Thread 0x0000014b87c532f0 Exception <a 'java/lang/NoSuchMethodError'{0x000000008a3c5228}: 'void java.lang.invoke.DirectMethodHandle$Holder.invokeStaticInit(java.lang.Object)'> (0x000000008a3c5228) 
thrown [s\src\hotspot\share\interpreter\linkResolver.cpp, line 759]
Event: 0.914 Thread 0x0000014b8718fde0 Exception <a 'java/lang/NoSuchMethodError'{0x000000008a9028d0}: 'java.lang.Object java.lang.invoke.Invokers$Holder.invoke_MT(java.lang.Object, java.lang.Object, java.lang.Object)'> (0x000000008a9028d0) 
thrown [s\src\hotspot\share\interpreter\linkResolver.cpp, line 759]
Event: 0.958 Thread 0x0000014b8718fde0 Implicit null exception at 0x0000014bf678c9f7 to 0x0000014bf678d058
Event: 0.959 Thread 0x0000014b8718fde0 Implicit null exception at 0x0000014bf678bc77 to 0x0000014bf678c2c8
Event: 214.289 Thread 0x0000014b86ff3710 Exception <a 'java/lang/NoSuchMethodError'{0x0000000083f14698}: 'void java.lang.invoke.DirectMethodHandle$Holder.invokeInterface(java.lang.Object, java.lang.Object)'> (0x0000000083f14698) 
thrown [s\src\hotspot\share\interpreter\linkResolver.cpp, line 759]
Event: 218.038 Thread 0x0000014b87c51fb0 Implicit null exception at 0x0000014bf67c6212 to 0x0000014bf67c6530
Event: 218.038 Thread 0x0000014b87c51fb0 Implicit null exception at 0x0000014bf67c5845 to 0x0000014bf67c5b78
Event: 219.144 Thread 0x0000014b8843f5f0 Exception <a 'java/lang/NoSuchMethodError'{0x000000009562abb8}: 'java.lang.Object java.lang.invoke.DirectMethodHandle$Holder.invokeSpecial(java.lang.Object, java.lang.Object, int, int, int, int)'> (0x000000009562abb8) 
thrown [s\src\hotspot\share\interpreter\linkResolver.cpp, line 759]
Event: 219.144 Thread 0x0000014b8843ff90 Exception <a 'java/lang/NoSuchMethodError'{0x000000009522db90}: 'java.lang.Object java.lang.invoke.DirectMethodHandle$Holder.invokeSpecial(java.lang.Object, java.lang.Object, int, int, int, int)'> (0x000000009522db90) 
thrown [s\src\hotspot\share\interpreter\linkResolver.cpp, line 759]
Event: 219.144 Thread 0x0000014b8843d440 Exception <a 'java/lang/NoSuchMethodError'{0x00000000956acbc0}: 'java.lang.Object java.lang.invoke.DirectMethodHandle$Holder.invokeSpecial(java.lang.Object, java.lang.Object, int, int, int, int)'> (0x00000000956acbc0) 
thrown [s\src\hotspot\share\interpreter\linkResolver.cpp, line 759]
Event: 219.144 Thread 0x0000014b8843fac0 Exception <a 'java/lang/NoSuchMethodError'{0x00000000952a9848}: 'java.lang.Object java.lang.invoke.DirectMethodHandle$Holder.invokeSpecial(java.lang.Object, java.lang.Object, int, int, int, int)'> (0x00000000952a9848) 
thrown [s\src\hotspot\share\interpreter\linkResolver.cpp, line 759]
Event: 219.144 Thread 0x0000014b8843f5f0 Exception <a 'java/lang/NoSuchMethodError'{0x000000009562df50}: 'java.lang.Object java.lang.invoke.Invokers$Holder.linkToTargetMethod(int, int, int, int, java.lang.Object)'> (0x000000009562df50) 
thrown [s\src\hotspot\share\interpreter\linkResolver.cpp, line 759]
Event: 219.144 Thread 0x0000014b8843d440 Exception <a 'java/lang/NoSuchMethodError'{0x00000000956aff08}: 'java.lang.Object java.lang.invoke.Invokers$Holder.linkToTargetMethod(int, int, int, int, java.lang.Object)'> (0x00000000956aff08) 
thrown [s\src\hotspot\share\interpreter\linkResolver.cpp, line 759]
Event: 219.144 Thread 0x0000014b8843ff90 Exception <a 'java/lang/NoSuchMethodError'{0x0000000095230ed8}: 'java.lang.Object java.lang.invoke.Invokers$Holder.linkToTargetMethod(int, int, int, int, java.lang.Object)'> (0x0000000095230ed8) 
thrown [s\src\hotspot\share\interpreter\linkResolver.cpp, line 759]
Event: 219.144 Thread 0x0000014b8843fac0 Exception <a 'java/lang/NoSuchMethodError'{0x00000000952acb90}: 'java.lang.Object java.lang.invoke.Invokers$Holder.linkToTargetMethod(int, int, int, int, java.lang.Object)'> (0x00000000952acb90) 
thrown [s\src\hotspot\share\interpreter\linkResolver.cpp, line 759]

VM Operations (20 events):
Event: 358.412 Executing VM operation: G1TryInitiateConcMark done
Event: 358.414 Executing VM operation: G1CollectForAllocation
Event: 358.415 Executing VM operation: G1CollectForAllocation done
Event: 358.419 Executing VM operation: G1Concurrent
Event: 358.420 Executing VM operation: G1Concurrent done
Event: 358.421 Executing VM operation: G1Concurrent
Event: 358.421 Executing VM operation: G1Concurrent done
Event: 358.958 Executing VM operation: G1CollectForAllocation
Event: 358.959 Executing VM operation: G1CollectForAllocation done
Event: 359.312 Executing VM operation: G1CollectForAllocation
Event: 359.315 Executing VM operation: G1CollectForAllocation done
Event: 359.853 Executing VM operation: G1CollectForAllocation
Event: 359.854 Executing VM operation: G1CollectForAllocation done
Event: 359.929 Executing VM operation: G1TryInitiateConcMark
Event: 359.933 Executing VM operation: G1TryInitiateConcMark done
Event: 359.990 Executing VM operation: G1TryInitiateConcMark
Event: 359.991 Executing VM operation: G1TryInitiateConcMark done
Event: 360.053 Executing VM operation: G1TryInitiateConcMark
Event: 360.054 Executing VM operation: G1TryInitiateConcMark done
Event: 360.117 Executing VM operation: G1TryInitiateConcMark

Events (20 events):
Event: 260.512 Thread 0x0000014bff9f0c50 flushing nmethod 0x0000014bef818590
Event: 260.513 Thread 0x0000014bff9f0c50 flushing nmethod 0x0000014bef83f290
Event: 260.513 Thread 0x0000014bff9f0c50 flushing nmethod 0x0000014bef840d10
Event: 260.513 Thread 0x0000014bff9f0c50 flushing nmethod 0x0000014bef841290
Event: 260.513 Thread 0x0000014bff9f0c50 flushing nmethod 0x0000014bef841610
Event: 260.513 Thread 0x0000014bff9f0c50 flushing nmethod 0x0000014bef854210
Event: 260.513 Thread 0x0000014bff9f0c50 flushing nmethod 0x0000014bef856310
Event: 260.513 Thread 0x0000014bff9f0c50 flushing nmethod 0x0000014bef85a290
Event: 260.513 Thread 0x0000014bff9f0c50 flushing nmethod 0x0000014bef85bd90
Event: 260.513 Thread 0x0000014bff9f0c50 flushing nmethod 0x0000014bef86da90
Event: 260.513 Thread 0x0000014bff9f0c50 flushing nmethod 0x0000014bef883190
Event: 260.513 Thread 0x0000014bff9f0c50 flushing nmethod 0x0000014bef894590
Event: 260.514 Thread 0x0000014bff9f0c50 flushing nmethod 0x0000014bef90bf90
Event: 260.514 Thread 0x0000014bff9f0c50 flushing nmethod 0x0000014bef916590
Event: 262.477 Thread 0x0000014b8843c5d0 Thread added: 0x0000014b8843c5d0
Event: 265.223 Thread 0x0000014b8843ec50 Thread exited: 0x0000014b8843ec50
Event: 267.581 loading class jdk/internal/misc/ScopedMemoryAccess$Scope$Handle
Event: 267.581 loading class jdk/internal/misc/ScopedMemoryAccess$Scope$Handle done
Event: 292.514 Thread 0x0000014b8843fac0 Thread exited: 0x0000014b8843fac0
Event: 336.098 Thread 0x0000014b8843c5d0 Thread exited: 0x0000014b8843c5d0


Dynamic libraries:
0x00007ff6ef150000 - 0x00007ff6ef15e000 	D:\CODE\Greenfoot\jdk\bin\java.exe
0x00007ff841310000 - 0x00007ff841527000 	C:\WINDOWS\SYSTEM32\ntdll.dll
0x00007ff83f850000 - 0x00007ff83f914000 	C:\WINDOWS\System32\KERNEL32.DLL
0x00007ff83e730000 - 0x00007ff83ead5000 	C:\WINDOWS\System32\KERNELBASE.dll
0x00007ff83ef40000 - 0x00007ff83f051000 	C:\WINDOWS\System32\ucrtbase.dll
0x00007ff8367b0000 - 0x00007ff8367c8000 	D:\CODE\Greenfoot\jdk\bin\jli.dll
0x00007ff835fe0000 - 0x00007ff835ff9000 	D:\CODE\Greenfoot\jdk\bin\VCRUNTIME140.dll
0x00007ff83fae0000 - 0x00007ff83fc8e000 	C:\WINDOWS\System32\USER32.dll
0x00007ff83e680000 - 0x00007ff83e6a6000 	C:\WINDOWS\System32\win32u.dll
0x00007ff821b50000 - 0x00007ff821de3000 	C:\WINDOWS\WinSxS\amd64_microsoft.windows.common-controls_6595b64144ccf1df_6.0.22621.2506_none_270c5ae97388e100\COMCTL32.dll
0x00007ff83f730000 - 0x00007ff83f7d7000 	C:\WINDOWS\System32\msvcrt.dll
0x00007ff840110000 - 0x00007ff840139000 	C:\WINDOWS\System32\GDI32.dll
0x00007ff83eba0000 - 0x00007ff83ecb9000 	C:\WINDOWS\System32\gdi32full.dll
0x00007ff83ecc0000 - 0x00007ff83ed5a000 	C:\WINDOWS\System32\msvcp_win.dll
0x00007ff83fed0000 - 0x00007ff83ff01000 	C:\WINDOWS\System32\IMM32.DLL
0x00007ff83b9a0000 - 0x00007ff83b9ac000 	D:\CODE\Greenfoot\jdk\bin\vcruntime140_1.dll
0x00007ff8028e0000 - 0x00007ff802971000 	D:\CODE\Greenfoot\jdk\bin\msvcp140.dll
0x00007ffff2300000 - 0x00007ffff2f46000 	D:\CODE\Greenfoot\jdk\bin\server\jvm.dll
0x00007ff840870000 - 0x00007ff840921000 	C:\WINDOWS\System32\ADVAPI32.dll
0x00007ff840140000 - 0x00007ff8401e6000 	C:\WINDOWS\System32\sechost.dll
0x00007ff83f060000 - 0x00007ff83f177000 	C:\WINDOWS\System32\RPCRT4.dll
0x00007ff8402e0000 - 0x00007ff8402e8000 	C:\WINDOWS\System32\PSAPI.DLL
0x00007ff83b620000 - 0x00007ff83b629000 	C:\WINDOWS\SYSTEM32\WSOCK32.dll
0x00007ff82cb20000 - 0x00007ff82cb54000 	C:\WINDOWS\SYSTEM32\WINMM.dll
0x00007ff837c00000 - 0x00007ff837c0a000 	C:\WINDOWS\SYSTEM32\VERSION.dll
0x00007ff83f180000 - 0x00007ff83f1f1000 	C:\WINDOWS\System32\WS2_32.dll
0x00007ff83d710000 - 0x00007ff83d728000 	C:\WINDOWS\SYSTEM32\kernel.appcore.dll
0x00007ff839740000 - 0x00007ff83974a000 	D:\CODE\Greenfoot\jdk\bin\jimage.dll
0x00007ff8299d0000 - 0x00007ff829c03000 	C:\WINDOWS\SYSTEM32\DBGHELP.DLL
0x00007ff83f3a0000 - 0x00007ff83f729000 	C:\WINDOWS\System32\combase.dll
0x00007ff840030000 - 0x00007ff840107000 	C:\WINDOWS\System32\OLEAUT32.dll
0x00007ff81f6a0000 - 0x00007ff81f6d2000 	C:\WINDOWS\SYSTEM32\dbgcore.DLL
0x00007ff83e6b0000 - 0x00007ff83e72a000 	C:\WINDOWS\System32\bcryptPrimitives.dll
0x00007ff83b6a0000 - 0x00007ff83b6db000 	D:\CODE\Greenfoot\jdk\bin\jdwp.dll
0x00007ff828aa0000 - 0x00007ff828ac5000 	D:\CODE\Greenfoot\jdk\bin\java.dll
0x00007ff802800000 - 0x00007ff8028d6000 	D:\CODE\Greenfoot\jdk\bin\jsvml.dll
0x00007ff8409e0000 - 0x00007ff841239000 	C:\WINDOWS\System32\SHELL32.dll
0x00007ff83c5b0000 - 0x00007ff83cea4000 	C:\WINDOWS\SYSTEM32\windows.storage.dll
0x00007ff83c470000 - 0x00007ff83c5ae000 	C:\WINDOWS\SYSTEM32\wintypes.dll
0x00007ff83ff30000 - 0x00007ff840023000 	C:\WINDOWS\System32\SHCORE.dll
0x00007ff83fe00000 - 0x00007ff83fe5e000 	C:\WINDOWS\System32\shlwapi.dll
0x00007ff83e5b0000 - 0x00007ff83e5d6000 	C:\WINDOWS\SYSTEM32\profapi.dll
0x00007ff825b70000 - 0x00007ff825b7b000 	D:\CODE\Greenfoot\jdk\bin\dt_shmem.dll
0x00007ff82ecb0000 - 0x00007ff82ecc9000 	D:\CODE\Greenfoot\jdk\bin\net.dll
0x00007ff838d40000 - 0x00007ff838e77000 	C:\WINDOWS\SYSTEM32\WINHTTP.dll
0x00007ff83dbf0000 - 0x00007ff83dc59000 	C:\WINDOWS\system32\mswsock.dll
0x00007ff828bc0000 - 0x00007ff828bd5000 	D:\CODE\Greenfoot\jdk\bin\nio.dll
0x00007ff828a80000 - 0x00007ff828a98000 	D:\CODE\Greenfoot\jdk\bin\zip.dll
0x00007ffffca30000 - 0x00007ffffcbbe000 	D:\CODE\Greenfoot\jdk\bin\awt.dll
0x00007ff83b9f0000 - 0x00007ff83ba87000 	C:\WINDOWS\SYSTEM32\apphelp.dll
0x00007ff83baf0000 - 0x00007ff83bb9b000 	C:\WINDOWS\system32\uxtheme.dll
0x00007ff824fc0000 - 0x00007ff8250f9000 	C:\ProgramData\A-Volute\A-Volute.Nahimic\Modules\Scheduled\x64\AudioDevProps2.dll
0x00007ff83f200000 - 0x00007ff83f3a0000 	C:\WINDOWS\System32\ole32.dll
0x00007ff83fc90000 - 0x00007ff83fddf000 	C:\WINDOWS\System32\MSCTF.dll
0x00007ff83de40000 - 0x00007ff83de5b000 	C:\WINDOWS\SYSTEM32\CRYPTSP.dll
0x00007ff83d6d0000 - 0x00007ff83d705000 	C:\WINDOWS\system32\rsaenh.dll
0x00007ff83dce0000 - 0x00007ff83dd0c000 	C:\WINDOWS\SYSTEM32\USERENV.dll
0x00007ff83e010000 - 0x00007ff83e038000 	C:\WINDOWS\SYSTEM32\bcrypt.dll
0x00007ff83de60000 - 0x00007ff83de6c000 	C:\WINDOWS\SYSTEM32\CRYPTBASE.dll
0x00007ff83d180000 - 0x00007ff83d1ad000 	C:\WINDOWS\SYSTEM32\IPHLPAPI.DLL
0x00007ff83f840000 - 0x00007ff83f849000 	C:\WINDOWS\System32\NSI.dll
0x00007ff838c70000 - 0x00007ff838c89000 	C:\WINDOWS\SYSTEM32\dhcpcsvc6.DLL
0x00007ff838c40000 - 0x00007ff838c5f000 	C:\WINDOWS\SYSTEM32\dhcpcsvc.DLL
0x00007ff83d1f0000 - 0x00007ff83d2e9000 	C:\WINDOWS\SYSTEM32\DNSAPI.dll
0x00007ff83bd70000 - 0x00007ff83bd9b000 	C:\WINDOWS\system32\DWMAPI.DLL
0x00007ff80f130000 - 0x00007ff80f230000 	C:\WINDOWS\system32\opengl32.dll
0x00007ff80f790000 - 0x00007ff80f7bd000 	C:\WINDOWS\SYSTEM32\GLU32.dll
0x00007ff83bde0000 - 0x00007ff83be16000 	C:\WINDOWS\SYSTEM32\dxcore.dll
0x0000014b87550000 - 0x0000014b87553000 	C:\Users\Abraham Willem H\.openjfx\cache\20.0.1+2\amd64\api-ms-win-core-console-l1-1-0.dll
0x0000014b87560000 - 0x0000014b87563000 	C:\Users\Abraham Willem H\.openjfx\cache\20.0.1+2\amd64\api-ms-win-core-console-l1-2-0.dll
0x0000014b87570000 - 0x0000014b87573000 	C:\Users\Abraham Willem H\.openjfx\cache\20.0.1+2\amd64\api-ms-win-core-datetime-l1-1-0.dll
0x0000014b87580000 - 0x0000014b87583000 	C:\Users\Abraham Willem H\.openjfx\cache\20.0.1+2\amd64\api-ms-win-core-debug-l1-1-0.dll
0x0000014b87590000 - 0x0000014b87593000 	C:\Users\Abraham Willem H\.openjfx\cache\20.0.1+2\amd64\api-ms-win-core-errorhandling-l1-1-0.dll
0x0000014b875a0000 - 0x0000014b875a4000 	C:\Users\Abraham Willem H\.openjfx\cache\20.0.1+2\amd64\api-ms-win-core-file-l1-1-0.dll
0x0000014b875b0000 - 0x0000014b875b3000 	C:\Users\Abraham Willem H\.openjfx\cache\20.0.1+2\amd64\api-ms-win-core-file-l1-2-0.dll
0x0000014b875d0000 - 0x0000014b875d3000 	C:\Users\Abraham Willem H\.openjfx\cache\20.0.1+2\amd64\api-ms-win-core-file-l2-1-0.dll
0x0000014b88b10000 - 0x0000014b88b13000 	C:\Users\Abraham Willem H\.openjfx\cache\20.0.1+2\amd64\api-ms-win-core-handle-l1-1-0.dll
0x0000014b88b20000 - 0x0000014b88b23000 	C:\Users\Abraham Willem H\.openjfx\cache\20.0.1+2\amd64\api-ms-win-core-heap-l1-1-0.dll
0x0000014b88b30000 - 0x0000014b88b33000 	C:\Users\Abraham Willem H\.openjfx\cache\20.0.1+2\amd64\api-ms-win-core-interlocked-l1-1-0.dll
0x0000014b88b40000 - 0x0000014b88b43000 	C:\Users\Abraham Willem H\.openjfx\cache\20.0.1+2\amd64\api-ms-win-core-libraryloader-l1-1-0.dll
0x0000014b88b50000 - 0x0000014b88b53000 	C:\Users\Abraham Willem H\.openjfx\cache\20.0.1+2\amd64\api-ms-win-core-localization-l1-2-0.dll
0x0000014b88b60000 - 0x0000014b88b63000 	C:\Users\Abraham Willem H\.openjfx\cache\20.0.1+2\amd64\api-ms-win-core-memory-l1-1-0.dll
0x0000014b88b70000 - 0x0000014b88b73000 	C:\Users\Abraham Willem H\.openjfx\cache\20.0.1+2\amd64\api-ms-win-core-namedpipe-l1-1-0.dll
0x0000014b88b80000 - 0x0000014b88b83000 	C:\Users\Abraham Willem H\.openjfx\cache\20.0.1+2\amd64\api-ms-win-core-processenvironment-l1-1-0.dll
0x0000014b88b90000 - 0x0000014b88b93000 	C:\Users\Abraham Willem H\.openjfx\cache\20.0.1+2\amd64\api-ms-win-core-processthreads-l1-1-0.dll
0x0000014b88ba0000 - 0x0000014b88ba3000 	C:\Users\Abraham Willem H\.openjfx\cache\20.0.1+2\amd64\api-ms-win-core-processthreads-l1-1-1.dll
0x0000014b88bb0000 - 0x0000014b88bb3000 	C:\Users\Abraham Willem H\.openjfx\cache\20.0.1+2\amd64\api-ms-win-core-profile-l1-1-0.dll
0x0000014b88bc0000 - 0x0000014b88bc3000 	C:\Users\Abraham Willem H\.openjfx\cache\20.0.1+2\amd64\api-ms-win-core-rtlsupport-l1-1-0.dll
0x0000014b88bd0000 - 0x0000014b88bd3000 	C:\Users\Abraham Willem H\.openjfx\cache\20.0.1+2\amd64\api-ms-win-core-string-l1-1-0.dll
0x0000014b88be0000 - 0x0000014b88be3000 	C:\Users\Abraham Willem H\.openjfx\cache\20.0.1+2\amd64\api-ms-win-core-synch-l1-1-0.dll
0x0000014b88bf0000 - 0x0000014b88bf3000 	C:\Users\Abraham Willem H\.openjfx\cache\20.0.1+2\amd64\api-ms-win-core-synch-l1-2-0.dll
0x0000014b88c00000 - 0x0000014b88c03000 	C:\Users\Abraham Willem H\.openjfx\cache\20.0.1+2\amd64\api-ms-win-core-sysinfo-l1-1-0.dll
0x0000014b88c10000 - 0x0000014b88c13000 	C:\Users\Abraham Willem H\.openjfx\cache\20.0.1+2\amd64\api-ms-win-core-timezone-l1-1-0.dll
0x0000014b88c20000 - 0x0000014b88c23000 	C:\Users\Abraham Willem H\.openjfx\cache\20.0.1+2\amd64\api-ms-win-core-util-l1-1-0.dll
0x0000014b88c30000 - 0x0000014b88c33000 	C:\Users\Abraham Willem H\.openjfx\cache\20.0.1+2\amd64\api-ms-win-crt-conio-l1-1-0.dll
0x0000014b88c40000 - 0x0000014b88c44000 	C:\Users\Abraham Willem H\.openjfx\cache\20.0.1+2\amd64\api-ms-win-crt-convert-l1-1-0.dll
0x0000014b88c50000 - 0x0000014b88c53000 	C:\Users\Abraham Willem H\.openjfx\cache\20.0.1+2\amd64\api-ms-win-crt-environment-l1-1-0.dll
0x0000014b88c60000 - 0x0000014b88c63000 	C:\Users\Abraham Willem H\.openjfx\cache\20.0.1+2\amd64\api-ms-win-crt-filesystem-l1-1-0.dll
0x0000014b88c70000 - 0x0000014b88c73000 	C:\Users\Abraham Willem H\.openjfx\cache\20.0.1+2\amd64\api-ms-win-crt-heap-l1-1-0.dll
0x0000014b88c80000 - 0x0000014b88c83000 	C:\Users\Abraham Willem H\.openjfx\cache\20.0.1+2\amd64\api-ms-win-crt-locale-l1-1-0.dll
0x0000014b88c90000 - 0x0000014b88c95000 	C:\Users\Abraham Willem H\.openjfx\cache\20.0.1+2\amd64\api-ms-win-crt-math-l1-1-0.dll
0x0000014b88ca0000 - 0x0000014b88ca5000 	C:\Users\Abraham Willem H\.openjfx\cache\20.0.1+2\amd64\api-ms-win-crt-multibyte-l1-1-0.dll
0x0000014b88cb0000 - 0x0000014b88cc0000 	C:\Users\Abraham Willem H\.openjfx\cache\20.0.1+2\amd64\api-ms-win-crt-private-l1-1-0.dll
0x0000014b88cc0000 - 0x0000014b88cc3000 	C:\Users\Abraham Willem H\.openjfx\cache\20.0.1+2\amd64\api-ms-win-crt-process-l1-1-0.dll
0x0000014b88cd0000 - 0x0000014b88cd4000 	C:\Users\Abraham Willem H\.openjfx\cache\20.0.1+2\amd64\api-ms-win-crt-runtime-l1-1-0.dll
0x0000014b88ce0000 - 0x0000014b88ce4000 	C:\Users\Abraham Willem H\.openjfx\cache\20.0.1+2\amd64\api-ms-win-crt-stdio-l1-1-0.dll
0x0000014b88cf0000 - 0x0000014b88cf4000 	C:\Users\Abraham Willem H\.openjfx\cache\20.0.1+2\amd64\api-ms-win-crt-string-l1-1-0.dll
0x0000014b88d00000 - 0x0000014b88d03000 	C:\Users\Abraham Willem H\.openjfx\cache\20.0.1+2\amd64\api-ms-win-crt-time-l1-1-0.dll
0x0000014b88d10000 - 0x0000014b88d13000 	C:\Users\Abraham Willem H\.openjfx\cache\20.0.1+2\amd64\api-ms-win-crt-utility-l1-1-0.dll
0x00007ffffd3f0000 - 0x00007ffffd4ec000 	C:\Users\Abraham Willem H\.openjfx\cache\20.0.1+2\amd64\ucrtbase.dll
0x00007ff826110000 - 0x00007ff82612b000 	C:\Users\Abraham Willem H\.openjfx\cache\20.0.1+2\amd64\vcruntime140.dll
0x00007ff838500000 - 0x00007ff83850c000 	C:\Users\Abraham Willem H\.openjfx\cache\20.0.1+2\amd64\vcruntime140_1.dll
0x00007ff8026d0000 - 0x00007ff80275e000 	C:\Users\Abraham Willem H\.openjfx\cache\20.0.1+2\amd64\msvcp140.dll
0x00007ff826100000 - 0x00007ff826109000 	C:\Users\Abraham Willem H\.openjfx\cache\20.0.1+2\amd64\msvcp140_1.dll
0x00007ff825ab0000 - 0x00007ff825ae0000 	C:\Users\Abraham Willem H\.openjfx\cache\20.0.1+2\amd64\msvcp140_2.dll
0x00007ff80b940000 - 0x00007ff80b96f000 	C:\Users\Abraham Willem H\.openjfx\cache\20.0.1+2\amd64\prism_d3d.dll
0x00007ff800130000 - 0x00007ff8002d9000 	C:\WINDOWS\system32\d3d9.dll
0x00007fffd78b0000 - 0x00007fffd7a5f000 	C:\WINDOWS\System32\DriverStore\FileRepository\iigd_dch.inf_amd64_51f685305808e3a5\igdumdim64.dll
0x00007fffd1770000 - 0x00007fffd4813000 	C:\WINDOWS\System32\DriverStore\FileRepository\iigd_dch.inf_amd64_51f685305808e3a5\igd9dxva64.dll
0x00007ff8402f0000 - 0x00007ff840764000 	C:\WINDOWS\System32\SETUPAPI.dll
0x00007ff83e370000 - 0x00007ff83e3be000 	C:\WINDOWS\SYSTEM32\cfgmgr32.dll
0x00007ff834460000 - 0x00007ff834869000 	C:\WINDOWS\System32\DriverStore\FileRepository\iigd_dch.inf_amd64_51f685305808e3a5\igdgmm64.dll
0x00007ff838600000 - 0x00007ff83864a000 	C:\WINDOWS\SYSTEM32\directxdatabasehelper.dll
0x00007ff80ade0000 - 0x00007ff80ae22000 	C:\Users\Abraham Willem H\.openjfx\cache\20.0.1+2\amd64\glass.dll
0x00007ff840770000 - 0x00007ff840869000 	C:\WINDOWS\System32\COMDLG32.dll
0x00007ffff1b50000 - 0x00007ffff1b77000 	C:\WINDOWS\System32\DriverStore\FileRepository\iigd_dch.inf_amd64_51f685305808e3a5\igdinfo64.dll
0x00007ff830210000 - 0x00007ff8339a4000 	C:\WINDOWS\System32\DriverStore\FileRepository\iigd_dch.inf_amd64_51f685305808e3a5\igc64.dll
0x00007ff811720000 - 0x00007ff811730000 	D:\CODE\Greenfoot\jdk\bin\verify.dll

dbghelp: loaded successfully - version: 4.0.5 - missing functions: none
symbol engine: initialized successfully - sym options: 0x614 - pdb path: .;D:\CODE\Greenfoot\jdk\bin;C:\WINDOWS\SYSTEM32;C:\WINDOWS\WinSxS\amd64_microsoft.windows.common-controls_6595b64144ccf1df_6.0.22621.2506_none_270c5ae97388e100;D:\CODE\Greenfoot\jdk\bin\server;C:\ProgramData\A-Volute\A-Volute.Nahimic\Modules\Scheduled\x64;C:\Users\Abraham Willem H\.openjfx\cache\20.0.1+2\amd64;C:\WINDOWS\System32\DriverStore\FileRepository\iigd_dch.inf_amd64_51f685305808e3a5

VM Arguments:
jvm_args: -XX:MaxGCPauseMillis=50 -agentlib:jdwp=transport=dt_shmem,address=javadebug -Dfile.encoding=UTF-8 
java_command: bluej.runtime.ExecServer UTF-8
java_class_path (initial): D:\CODE\Greenfoot\lib\greenfoot.jar;D:\CODE\Greenfoot\lib\javafx-base-20.0.1-win.jar;D:\CODE\Greenfoot\lib\javafx-base-20.0.1.jar;D:\CODE\Greenfoot\lib\javafx-controls-20.0.1-win.jar;D:\CODE\Greenfoot\lib\javafx-controls-20.0.1.jar;D:\CODE\Greenfoot\lib\javafx-fxml-20.0.1-win.jar;D:\CODE\Greenfoot\lib\javafx-graphics-20.0.1-win.jar;D:\CODE\Greenfoot\lib\javafx-graphics-20.0.1.jar;D:\CODE\Greenfoot\lib\javafx-media-20.0.1-win.jar;D:\CODE\Greenfoot\lib\javafx-media-20.0.1.jar;D:\CODE\Greenfoot\lib\javafx-swing-20.0.1-win.jar;D:\CODE\Greenfoot\lib\javafx-web-20.0.1-win.jar;D:\CODE\Greenfoot\lib\junit-4.12.jar;D:\CODE\Greenfoot\lib\junit-jupiter-5.5.2.jar;D:\CODE\Greenfoot\lib\junit-jupiter-api-5.5.2.jar;D:\CODE\Greenfoot\lib\junit-jupiter-engine-5.5.2.jar;D:\CODE\Greenfoot\lib\junit-jupiter-params-5.5.2.jar;D:\CODE\Greenfoot\lib\junit-platform-commons-1.5.2.jar;D:\CODE\Greenfoot\lib\junit-platform-engine-1.5.2.jar;D:\CODE\Greenfoot\lib\junit-platform-launcher-1.5.2.jar;D:\CODE\Greenfoot\lib\junit-platform-suite-api-1.5.2.jar;D:\CODE\Greenfoot\lib\junit-vintage-engine-5.5.2.jar;D:\CODE\Greenfoot\lib\hamcrest-core-1.3.jar;D:\CODE\Greenfoot\lib\opentest4j-1.2.0.jar;D:\CODE\Greenfoot\lib\bluej.jar;D:\CODE\Greenfoot\lib\classgraph-4.8.90.jar;D:\CODE\Greenfoot\lib\diffutils-1.2.1.jar;D:\CODE\Greenfoot\lib\commons-logging-1.2.jar;D:\CODE\Greenfoot\lib\jl1.0.1.jar;D:\CODE\Greenfoot\lib\opencsv-2.3.jar;D:\CODE\Greenfoot\lib\opencsv-2.4.jar;D:\CODE\Greenfoot\lib\xom-1.3.7.jar;D:\CODE\Greenfoot\lib\lang-stride.jar;D:\CODE\Greenfoot\lib\nsmenufx-2.1.8.jar;D:\CODE\Greenfoot\lib\wellbehavedfx-0.3.3.jar;D:\CODE\Greenfoot\lib\guava-17.0.jar;D:\CODE\Greenfoot\lib\httpclient-4.3.6.jar;D:\CODE\Greenfoot\lib\httpcore-4.3.3.jar;D:\CODE\Greenfoot\lib\httpmime-4.1.1.jar
Launcher Type: SUN_STANDARD

[Global flags]
     intx CICompilerCount                          = 4                                         {product} {ergonomic}
     uint ConcGCThreads                            = 3                                         {product} {ergonomic}
     uint G1ConcRefinementThreads                  = 10                                        {product} {ergonomic}
   size_t G1HeapRegionSize                         = 1048576                                   {product} {ergonomic}
    uintx GCDrainStackTargetSize                   = 64                                        {product} {ergonomic}
   size_t InitialHeapSize                          = 132120576                                 {product} {ergonomic}
   size_t MarkStackSize                            = 4194304                                   {product} {ergonomic}
    uintx MaxGCPauseMillis                         = 50                                        {product} {command line}
   size_t MaxHeapSize                              = 2101346304                                {product} {ergonomic}
   size_t MaxNewSize                               = 1260388352                                {product} {ergonomic}
   size_t MinHeapDeltaBytes                        = 1048576                                   {product} {ergonomic}
   size_t MinHeapSize                              = 8388608                                   {product} {ergonomic}
    uintx NonNMethodCodeHeapSize                   = 5839372                                {pd product} {ergonomic}
    uintx NonProfiledCodeHeapSize                  = 122909434                              {pd product} {ergonomic}
    uintx ProfiledCodeHeapSize                     = 122909434                              {pd product} {ergonomic}
    uintx ReservedCodeCacheSize                    = 251658240                              {pd product} {ergonomic}
     bool SegmentedCodeCache                       = true                                      {product} {ergonomic}
   size_t SoftMaxHeapSize                          = 2101346304                             {manageable} {ergonomic}
     bool UseCompressedClassPointers               = true                           {product lp64_product} {ergonomic}
     bool UseCompressedOops                        = true                           {product lp64_product} {ergonomic}
     bool UseG1GC                                  = true                                      {product} {ergonomic}
     bool UseLargePagesIndividualAllocation        = false                                  {pd product} {ergonomic}

Logging:
Log output configuration:
 #0: stdout all=warning uptime,level,tags
 #1: stderr all=off uptime,level,tags

Environment Variables:
JAVA_HOME=C:\Users\Abraham Willem H\AppData\Local\Programs\Eclipse Adoptium\jdk-17.0.8.101-hotspot\
PATH=C:\Program Files\Common Files\Oracle\Java\javapath;C:\Program Files (x86)\Common Files\Oracle\Java\javapath;C:\Windows\system32;C:\Windows;C:\Windows\System32\Wbem;C:\Windows\System32\WindowsPowerShell\v1.0\;C:\Windows\System32\OpenSSH\;C:\Program Files (x86)\NVIDIA Corporation\PhysX\Common;C:\Program Files\NVIDIA Corporation\NVIDIA NvDLISR;C:\WINDOWS\system32;C:\WINDOWS;C:\WINDOWS\System32\Wbem;C:\WINDOWS\System32\WindowsPowerShell\v1.0\;C:\WINDOWS\System32\OpenSSH\;C:\MinGW\bin;C:\Program Files\dotnet\;C:\Users\Abraham Willem H\AppData\Local\Programs\Python\Python310;C:\Users\Abraham Willem H\AppData\Local\Programs\Python\Python310\Scripts;C:\WINDOWS\system32;C:\WINDOWS;C:\WINDOWS\System32\Wbem;C:\WINDOWS\System32\WindowsPowerShell\v1.0\;C:\WINDOWS\System32\OpenSSH\;C:\FPC\3.2.2\bin\i386-Win32;C:\Program Files (x86)\Microsoft SQL Server\160\Tools\Binn\;C:\Program Files\Microsoft SQL Server\160\Tools\Binn\;C:\Program Files\Microsoft SQL Server\Client SDK\ODBC\170\Tools\Binn\;C:\Program Files\Microsoft SQL Server\160\DTS\Binn\;C:\Program Files (x86)\Microsoft SQL Server\160\DTS\Binn\;C:\Program Files\Azure Data Studio\bin;C:\Program Files\PowerShell\7\;C:\Users\Abraham Willem H\.cargo\bin;C:\Users\Abraham Willem H\AppData\Local\Programs\Eclipse Adoptium\jdk-17.0.8.101-hotspot\bin;C:\Users\Abraham Willem H\AppData\Local\Programs\Python\Python311\Scripts\;C:\Users\Abraham Willem H\AppData\Local\Programs\Python\Python311\;C:\Users\Abraham Willem H\AppData\Local\Microsoft\WindowsApps;C:\Users\Abraham Willem H\AppData\Local\Programs\Microsoft VS Code\bin;C:\MinGW\bin;C:\Users\Abraham Willem H\.dotnet\tools;C:\Program Files\JetBrains\IntelliJ IDEA Community Edition 2022.2.2\bin;;C:\Users\Abraham Willem H\AppData\Local\GitHubDesktop\bin;;C:\Program Files\Azure Data Studio\bin
USERNAME=Abraham Willem H
OS=Windows_NT
PROCESSOR_IDENTIFIER=Intel64 Family 6 Model 165 Stepping 2, GenuineIntel
TMP=C:\Users\ABRAHA~1\AppData\Local\Temp
TEMP=C:\Users\ABRAHA~1\AppData\Local\Temp



---------------  S Y S T E M  ---------------

OS:
 Windows 11 , 64 bit Build 22621 (10.0.22621.2506)
OS uptime: 0 days 0:23 hours

CPU: total 12 (initial active 12) (6 cores per cpu, 2 threads per core) family 6 model 165 stepping 2 microcode 0xe2, cx8, cmov, fxsr, ht, mmx, 3dnowpref, sse, sse2, sse3, ssse3, sse4.1, sse4.2, popcnt, lzcnt, tsc, tscinvbit, avx, avx2, aes, erms, clmul, bmi1, bmi2, adx, fma, vzeroupper, clflush, clflushopt

Memory: 4k page, system-wide physical 8013M (1466M free)
TotalPageFile size 9025M (AvailPageFile size 5M)
current process WorkingSet (physical memory assigned to process): 290M, peak: 797M
current process commit charge ("private bytes"): 323M, peak: 850M

vm_info: OpenJDK 64-Bit Server VM (17.0.4.1+1) for windows-amd64 JRE (17.0.4.1+1), built on Aug 17 2022 07:42:43 by "temurin" with MS VC++ 16.7 (VS2019)

END.
