#
# There is insufficient memory for the Java Runtime Environment to continue.
# Native memory allocation (mmap) failed to map 169869312 bytes for G1 virtual space
# Possible reasons:
#   The system is out of physical RAM or swap space
#   The process is running with CompressedOops enabled, and the Java Heap may be blocking the growth of the native heap
# Possible solutions:
#   Reduce memory load on the system
#   Increase physical memory or swap space
#   Check if swap backing store is full
#   Decrease Java heap size (-Xmx/-Xms)
#   Decrease number of Java threads
#   Decrease Java thread stack sizes (-Xss)
#   Set larger code cache with -XX:ReservedCodeCacheSize=
#   JVM is running with Unscaled Compressed Oops mode in which the Java heap is
#     placed in the first 4GB address space. The Java Heap base address is the
#     maximum limit for the native heap growth. Please use -XX:HeapBaseMinAddress
#     to set the Java Heap base and to place the Java Heap above 4GB virtual address.
# This output file may be truncated or incomplete.
#
#  Out of Memory Error (os_windows.cpp:3541), pid=8636, tid=4156
#
# JRE version: OpenJDK Runtime Environment Temurin-17.0.4.1+1 (17.0.4.1+1) (build 17.0.4.1+1)
# Java VM: OpenJDK 64-Bit Server VM Temurin-17.0.4.1+1 (17.0.4.1+1, mixed mode, sharing, tiered, compressed oops, compressed class ptrs, g1 gc, windows-amd64)
# No core dump will be written. Minidumps are not enabled by default on client versions of Windows
#

---------------  S U M M A R Y ------------

Command Line: -XX:MaxGCPauseMillis=50 -agentlib:jdwp=transport=dt_shmem,address=javadebug -Dfile.encoding=UTF-8 bluej.runtime.ExecServer UTF-8

Host: Intel(R) Core(TM) i5-10500H CPU @ 2.50GHz, 12 cores, 7G,  Windows 11 , 64 bit Build 22621 (10.0.22621.2506)
Time: Mon Dec 11 11:50:49 2023 SE Asia Standard Time elapsed time: 113.720501 seconds (0d 0h 1m 53s)

---------------  T H R E A D  ---------------

Current thread (0x000002493547e000):  VMThread "VM Thread" [stack: 0x000000d4b9e00000,0x000000d4b9f00000] [id=4156]

Stack: [0x000000d4b9e00000,0x000000d4b9f00000]
Native frames: (J=compiled Java code, j=interpreted, Vv=VM code, C=native code)
V  [jvm.dll+0x67731a]
V  [jvm.dll+0x832284]
V  [jvm.dll+0x833a2e]
V  [jvm.dll+0x834093]
V  [jvm.dll+0x245775]
V  [jvm.dll+0x674209]
V  [jvm.dll+0x668a92]
V  [jvm.dll+0x30471b]
V  [jvm.dll+0x30bc66]
V  [jvm.dll+0x35ba9e]
V  [jvm.dll+0x35bccf]
V  [jvm.dll+0x2db5b8]
V  [jvm.dll+0x2d986c]
V  [jvm.dll+0x2d8e3c]
V  [jvm.dll+0x31d0c1]
V  [jvm.dll+0x83853b]
V  [jvm.dll+0x839274]
V  [jvm.dll+0x83978c]
V  [jvm.dll+0x839b64]
V  [jvm.dll+0x839c30]
V  [jvm.dll+0x7e240a]
V  [jvm.dll+0x6761a5]
C  [ucrtbase.dll+0x29363]
C  [KERNEL32.DLL+0x1257d]
C  [ntdll.dll+0x5aa58]

VM_Operation (0x000000d4bc4fe420): G1TryInitiateConcMark, mode: safepoint, requested by thread 0x0000024936ba30b0


---------------  P R O C E S S  ---------------

Threads class SMR info:
_java_thread_list=0x00000249404bb2a0, length=26, elements={
0x0000024935483b20, 0x00000249354848a0, 0x0000024935495fc0, 0x0000024935498990,
0x0000024935499250, 0x0000024935499b10, 0x000002493549a7b0, 0x00000249354a6670,
0x00000249354d1b70, 0x000002493610b610, 0x000002493611f1d0, 0x000002493611f6c0,
0x00000249361265d0, 0x0000024936131cc0, 0x000002493650f100, 0x000002493650d810,
0x0000024936524850, 0x0000024914e21110, 0x0000024936ba43f0, 0x0000024936ba18a0,
0x0000024936ba2be0, 0x0000024936ba30b0, 0x0000024936ba3580, 0x0000024936ba3a50,
0x00000249373b55f0, 0x00000249373b8610
}

Java Threads: ( => current thread )
  0x0000024935483b20 JavaThread "Reference Handler" daemon [_thread_blocked, id=16124, stack(0x000000d4b9f00000,0x000000d4ba000000)]
  0x00000249354848a0 JavaThread "Finalizer" daemon [_thread_blocked, id=7480, stack(0x000000d4ba000000,0x000000d4ba100000)]
  0x0000024935495fc0 JavaThread "Signal Dispatcher" daemon [_thread_blocked, id=13824, stack(0x000000d4ba100000,0x000000d4ba200000)]
  0x0000024935498990 JavaThread "Attach Listener" daemon [_thread_blocked, id=2928, stack(0x000000d4ba200000,0x000000d4ba300000)]
  0x0000024935499250 JavaThread "Service Thread" daemon [_thread_blocked, id=3316, stack(0x000000d4ba300000,0x000000d4ba400000)]
  0x0000024935499b10 JavaThread "Monitor Deflation Thread" daemon [_thread_blocked, id=1740, stack(0x000000d4ba400000,0x000000d4ba500000)]
  0x000002493549a7b0 JavaThread "C2 CompilerThread0" daemon [_thread_blocked, id=5460, stack(0x000000d4ba500000,0x000000d4ba600000)]
  0x00000249354a6670 JavaThread "C1 CompilerThread0" daemon [_thread_blocked, id=8904, stack(0x000000d4ba600000,0x000000d4ba700000)]
  0x00000249354d1b70 JavaThread "Sweeper thread" daemon [_thread_blocked, id=14572, stack(0x000000d4ba700000,0x000000d4ba800000)]
  0x000002493610b610 JavaThread "JDWP Transport Listener: dt_shmem" daemon [_thread_blocked, id=8264, stack(0x000000d4ba800000,0x000000d4ba900000)]
  0x000002493611f1d0 JavaThread "JDWP Event Helper Thread" daemon [_thread_blocked, id=13836, stack(0x000000d4ba900000,0x000000d4baa00000)]
  0x000002493611f6c0 JavaThread "JDWP Command Reader" daemon [_thread_in_native, id=6864, stack(0x000000d4baa00000,0x000000d4bab00000)]
  0x00000249361265d0 JavaThread "Notification Thread" daemon [_thread_blocked, id=5576, stack(0x000000d4bab00000,0x000000d4bac00000)]
  0x0000024936131cc0 JavaThread "Common-Cleaner" daemon [_thread_blocked, id=3368, stack(0x000000d4bad00000,0x000000d4bae00000)]
  0x000002493650f100 JavaThread "Java2D Disposer" daemon [_thread_blocked, id=6628, stack(0x000000d4bae00000,0x000000d4baf00000)]
  0x000002493650d810 JavaThread "AWT-Windows" daemon [_thread_in_native, id=15324, stack(0x000000d4bb000000,0x000000d4bb100000)]
  0x0000024936524850 JavaThread "BlueJ worker thread" [_thread_blocked, id=13764, stack(0x000000d4bb200000,0x000000d4bb300000)]
  0x0000024914e21110 JavaThread "DestroyJavaVM" [_thread_blocked, id=4796, stack(0x000000d4b9800000,0x000000d4b9900000)]
  0x0000024936ba43f0 JavaThread "QuantumRenderer-0" daemon [_thread_blocked, id=4000, stack(0x000000d4bbf00000,0x000000d4bc000000)]
  0x0000024936ba18a0 JavaThread "InvokeLaterDispatcher" daemon [_thread_blocked, id=6284, stack(0x000000d4bba00000,0x000000d4bbb00000)]
  0x0000024936ba2be0 JavaThread "JavaFX Application Thread" [_thread_in_native, id=8708, stack(0x000000d4bc000000,0x000000d4bc100000)]
  0x0000024936ba30b0 JavaThread "VMCommsSimulation" [_thread_blocked, id=6024, stack(0x000000d4bc400000,0x000000d4bc500000)]
  0x0000024936ba3580 JavaThread "Thread-2" daemon [_thread_blocked, id=14592, stack(0x000000d4bb100000,0x000000d4bb200000)]
  0x0000024936ba3a50 JavaThread "SimulationThread" [_thread_blocked, id=12704, stack(0x000000d4bc900000,0x000000d4bca00000)]
  0x00000249373b55f0 JavaThread "main" [_thread_blocked, id=16168, stack(0x000000d4bb300000,0x000000d4bb400000)]
  0x00000249373b8610 JavaThread "Java Sound Event Dispatcher" daemon [_thread_blocked, id=1536, stack(0x000000d4bcb00000,0x000000d4bcc00000)]

Other Threads:
=>0x000002493547e000 VMThread "VM Thread" [stack: 0x000000d4b9e00000,0x000000d4b9f00000] [id=4156]
  0x0000024914eabc70 WatcherThread [stack: 0x000000d4bac00000,0x000000d4bad00000] [id=1696]
  0x0000024914e7b670 GCTaskThread "GC Thread#0" [stack: 0x000000d4b9900000,0x000000d4b9a00000] [id=3008]
  0x0000024936732050 GCTaskThread "GC Thread#1" [stack: 0x000000d4baf00000,0x000000d4bb000000] [id=5908]
  0x0000024936730ad0 GCTaskThread "GC Thread#2" [stack: 0x000000d4bb400000,0x000000d4bb500000] [id=5764]
  0x00000249367312e0 GCTaskThread "GC Thread#3" [stack: 0x000000d4bb500000,0x000000d4bb600000] [id=4128]
  0x0000024936730d80 GCTaskThread "GC Thread#4" [stack: 0x000000d4bb600000,0x000000d4bb700000] [id=15492]
  0x0000024936731030 GCTaskThread "GC Thread#5" [stack: 0x000000d4bb700000,0x000000d4bb800000] [id=3240]
  0x0000024936732300 GCTaskThread "GC Thread#6" [stack: 0x000000d4bb800000,0x000000d4bb900000] [id=7004]
  0x0000024936731590 GCTaskThread "GC Thread#7" [stack: 0x000000d4bb900000,0x000000d4bba00000] [id=5608]
  0x0000024936731af0 GCTaskThread "GC Thread#8" [stack: 0x000000d4bbd00000,0x000000d4bbe00000] [id=5008]
  0x0000024936731da0 GCTaskThread "GC Thread#9" [stack: 0x000000d4bbe00000,0x000000d4bbf00000] [id=5856]
  0x0000024914e8d040 ConcurrentGCThread "G1 Main Marker" [stack: 0x000000d4b9a00000,0x000000d4b9b00000] [id=9096]
  0x0000024914e8e1f0 ConcurrentGCThread "G1 Conc#0" [stack: 0x000000d4b9b00000,0x000000d4b9c00000] [id=7344]
  0x0000024937aeb070 ConcurrentGCThread "G1 Conc#1" [stack: 0x000000d4bbb00000,0x000000d4bbc00000] [id=8912]
  0x0000024937aeb5d0 ConcurrentGCThread "G1 Conc#2" [stack: 0x000000d4bbc00000,0x000000d4bbd00000] [id=13524]
  0x0000024914eed090 ConcurrentGCThread "G1 Refine#0" [stack: 0x000000d4b9c00000,0x000000d4b9d00000] [id=8148]
  0x0000024914eee9d0 ConcurrentGCThread "G1 Service" [stack: 0x000000d4b9d00000,0x000000d4b9e00000] [id=6440]

Threads with active compile tasks:

VM state: at safepoint (normal execution)

VM Mutex/Monitor currently owned by a thread:  ([mutex/lock_event])
[0x0000024914e1bac0] Threads_lock - owner thread: 0x000002493547e000
[0x0000024914e1b520] Heap_lock - owner thread: 0x0000024936ba30b0

Heap address: 0x0000000082c00000, size: 2004 MB, Compressed Oops mode: 32-bit

CDS archive(s) mapped at: [0x0000000800000000-0x0000000800bc0000-0x0000000800bc0000), size 12320768, SharedBaseAddress: 0x0000000800000000, ArchiveRelocationMode: 0.
Compressed class space mapped at: 0x0000000800c00000-0x0000000840c00000, reserved size: 1073741824
Narrow klass base: 0x0000000800000000, Narrow klass shift: 0, Narrow klass range: 0x100000000

GC Precious Log:
 CPUs: 12 total, 12 available
 Memory: 8013M
 Large Page Support: Disabled
 NUMA Support: Disabled
 Compressed Oops: Enabled (32-bit)
 Heap Region Size: 1M
 Heap Min Capacity: 8M
 Heap Initial Capacity: 126M
 Heap Max Capacity: 2004M
 Pre-touch: Disabled
 Parallel Workers: 10
 Concurrent Workers: 3
 Concurrent Refinement Workers: 10
 Periodic GC: Disabled

Heap:
 garbage-first heap   total 219136K, used 57209K [0x0000000082c00000, 0x0000000100000000)
  region size 1024K, 1 young (1024K), 1 survivors (1024K)
 Metaspace       used 12593K, committed 12928K, reserved 1064960K
  class space    used 1176K, committed 1344K, reserved 1048576K

Heap Regions: E=young(eden), S=young(survivor), O=old, HS=humongous(starts), HC=humongous(continues), CS=collection set, F=free, OA=open archive, CA=closed archive, TAMS=top-at-mark-start (previous, next)
|   0|0x0000000082c00000, 0x0000000082d00000, 0x0000000082d00000|100%| O|  |TAMS 0x0000000082d00000, 0x0000000082d00000| Untracked 
|   1|0x0000000082d00000, 0x0000000082dfffe8, 0x0000000082e00000| 99%| O|  |TAMS 0x0000000082dfffe8, 0x0000000082dfffe8| Untracked 
|   2|0x0000000082e00000, 0x0000000082f00000, 0x0000000082f00000|100%| O|  |TAMS 0x0000000082f00000, 0x0000000082f00000| Untracked 
|   3|0x0000000082f00000, 0x0000000082fe8828, 0x0000000083000000| 90%| O|  |TAMS 0x0000000082fe8828, 0x0000000082fe8828| Untracked 
|   4|0x0000000083000000, 0x00000000830fffd0, 0x0000000083100000| 99%| O|  |TAMS 0x00000000830fffd0, 0x00000000830fffd0| Untracked 
|   5|0x0000000083100000, 0x0000000083200000, 0x0000000083200000|100%| O|  |TAMS 0x0000000083200000, 0x0000000083200000| Untracked 
|   6|0x0000000083200000, 0x0000000083200000, 0x0000000083300000|  0%| F|  |TAMS 0x0000000083200000, 0x0000000083200000| Untracked 
|   7|0x0000000083300000, 0x0000000083300000, 0x0000000083400000|  0%| F|  |TAMS 0x0000000083300000, 0x0000000083300000| Untracked 
|   8|0x0000000083400000, 0x0000000083400000, 0x0000000083500000|  0%| F|  |TAMS 0x0000000083400000, 0x0000000083400000| Untracked 
|   9|0x0000000083500000, 0x0000000083501400, 0x0000000083600000|  0%| O|  |TAMS 0x0000000083501400, 0x0000000083501400| Untracked 
|  10|0x0000000083600000, 0x0000000083600000, 0x0000000083700000|  0%| F|  |TAMS 0x0000000083600000, 0x0000000083600000| Untracked 
|  11|0x0000000083700000, 0x0000000083700000, 0x0000000083800000|  0%| F|  |TAMS 0x0000000083700000, 0x0000000083700000| Untracked 
|  12|0x0000000083800000, 0x0000000083800000, 0x0000000083900000|  0%| F|  |TAMS 0x0000000083800000, 0x0000000083800000| Untracked 
|  13|0x0000000083900000, 0x0000000083901200, 0x0000000083a00000|  0%| O|  |TAMS 0x0000000083901200, 0x0000000083901200| Untracked 
|  14|0x0000000083a00000, 0x0000000083a00000, 0x0000000083b00000|  0%| F|  |TAMS 0x0000000083a00000, 0x0000000083a00000| Untracked 
|  15|0x0000000083b00000, 0x0000000083c00000, 0x0000000083c00000|100%|HS|  |TAMS 0x0000000083c00000, 0x0000000083c00000| Complete 
|  16|0x0000000083c00000, 0x0000000083d00000, 0x0000000083d00000|100%|HC|  |TAMS 0x0000000083d00000, 0x0000000083d00000| Complete 
|  17|0x0000000083d00000, 0x0000000083e00000, 0x0000000083e00000|100%|HC|  |TAMS 0x0000000083e00000, 0x0000000083e00000| Complete 
|  18|0x0000000083e00000, 0x0000000083f00000, 0x0000000083f00000|100%|HS|  |TAMS 0x0000000083f00000, 0x0000000083f00000| Complete 
|  19|0x0000000083f00000, 0x0000000084000000, 0x0000000084000000|100%|HC|  |TAMS 0x0000000084000000, 0x0000000084000000| Complete 
|  20|0x0000000084000000, 0x0000000084100000, 0x0000000084100000|100%|HC|  |TAMS 0x0000000084100000, 0x0000000084100000| Complete 
|  21|0x0000000084100000, 0x0000000084200000, 0x0000000084200000|100%|HS|  |TAMS 0x0000000084200000, 0x0000000084200000| Complete 
|  22|0x0000000084200000, 0x0000000084300000, 0x0000000084300000|100%|HC|  |TAMS 0x0000000084300000, 0x0000000084300000| Complete 
|  23|0x0000000084300000, 0x0000000084400000, 0x0000000084400000|100%|HC|  |TAMS 0x0000000084400000, 0x0000000084400000| Complete 
|  24|0x0000000084400000, 0x0000000084400000, 0x0000000084500000|  0%| F|  |TAMS 0x0000000084400000, 0x0000000084400000| Untracked 
|  25|0x0000000084500000, 0x0000000084500000, 0x0000000084600000|  0%| F|  |TAMS 0x0000000084500000, 0x0000000084500000| Untracked 
|  26|0x0000000084600000, 0x0000000084600000, 0x0000000084700000|  0%| F|  |TAMS 0x0000000084600000, 0x0000000084600000| Untracked 
|  27|0x0000000084700000, 0x0000000084701200, 0x0000000084800000|  0%| O|  |TAMS 0x0000000084701200, 0x0000000084701200| Untracked 
|  28|0x0000000084800000, 0x0000000084800000, 0x0000000084900000|  0%| F|  |TAMS 0x0000000084800000, 0x0000000084800000| Untracked 
|  29|0x0000000084900000, 0x0000000084900000, 0x0000000084a00000|  0%| F|  |TAMS 0x0000000084900000, 0x0000000084900000| Untracked 
|  30|0x0000000084a00000, 0x0000000084b00000, 0x0000000084b00000|100%|HS|  |TAMS 0x0000000084b00000, 0x0000000084b00000| Complete 
|  31|0x0000000084b00000, 0x0000000084c00000, 0x0000000084c00000|100%|HC|  |TAMS 0x0000000084c00000, 0x0000000084c00000| Complete 
|  32|0x0000000084c00000, 0x0000000084d00000, 0x0000000084d00000|100%|HC|  |TAMS 0x0000000084d00000, 0x0000000084d00000| Complete 
|  33|0x0000000084d00000, 0x0000000084d00000, 0x0000000084e00000|  0%| F|  |TAMS 0x0000000084d00000, 0x0000000084d00000| Untracked 
|  34|0x0000000084e00000, 0x0000000084e00000, 0x0000000084f00000|  0%| F|  |TAMS 0x0000000084e00000, 0x0000000084e00000| Untracked 
|  35|0x0000000084f00000, 0x0000000084f00000, 0x0000000085000000|  0%| F|  |TAMS 0x0000000084f00000, 0x0000000084f00000| Untracked 
|  36|0x0000000085000000, 0x0000000085000000, 0x0000000085100000|  0%| F|  |TAMS 0x0000000085000000, 0x0000000085000000| Untracked 
|  37|0x0000000085100000, 0x0000000085100000, 0x0000000085200000|  0%| F|  |TAMS 0x0000000085100000, 0x0000000085100000| Untracked 
|  38|0x0000000085200000, 0x0000000085200000, 0x0000000085300000|  0%| F|  |TAMS 0x0000000085200000, 0x0000000085200000| Untracked 
|  39|0x0000000085300000, 0x0000000085300000, 0x0000000085400000|  0%| F|  |TAMS 0x0000000085300000, 0x0000000085300000| Untracked 
|  40|0x0000000085400000, 0x0000000085400000, 0x0000000085500000|  0%| F|  |TAMS 0x0000000085400000, 0x0000000085400000| Untracked 
|  41|0x0000000085500000, 0x0000000085500000, 0x0000000085600000|  0%| F|  |TAMS 0x0000000085500000, 0x0000000085500000| Untracked 
|  42|0x0000000085600000, 0x0000000085600000, 0x0000000085700000|  0%| F|  |TAMS 0x0000000085600000, 0x0000000085600000| Untracked 
|  43|0x0000000085700000, 0x0000000085700000, 0x0000000085800000|  0%| F|  |TAMS 0x0000000085700000, 0x0000000085700000| Untracked 
|  44|0x0000000085800000, 0x0000000085800000, 0x0000000085900000|  0%| F|  |TAMS 0x0000000085800000, 0x0000000085800000| Untracked 
|  45|0x0000000085900000, 0x0000000085900000, 0x0000000085a00000|  0%| F|  |TAMS 0x0000000085900000, 0x0000000085900000| Untracked 
|  46|0x0000000085a00000, 0x0000000085a00000, 0x0000000085b00000|  0%| F|  |TAMS 0x0000000085a00000, 0x0000000085a00000| Untracked 
|  47|0x0000000085b00000, 0x0000000085b00000, 0x0000000085c00000|  0%| F|  |TAMS 0x0000000085b00000, 0x0000000085b00000| Untracked 
|  48|0x0000000085c00000, 0x0000000085c00000, 0x0000000085d00000|  0%| F|  |TAMS 0x0000000085c00000, 0x0000000085c00000| Untracked 
|  49|0x0000000085d00000, 0x0000000085d00000, 0x0000000085e00000|  0%| F|  |TAMS 0x0000000085d00000, 0x0000000085d00000| Untracked 
|  50|0x0000000085e00000, 0x0000000085e00000, 0x0000000085f00000|  0%| F|  |TAMS 0x0000000085e00000, 0x0000000085e00000| Untracked 
|  51|0x0000000085f00000, 0x0000000085f00000, 0x0000000086000000|  0%| F|  |TAMS 0x0000000085f00000, 0x0000000085f00000| Untracked 
|  52|0x0000000086000000, 0x0000000086000000, 0x0000000086100000|  0%| F|  |TAMS 0x0000000086000000, 0x0000000086000000| Untracked 
|  53|0x0000000086100000, 0x0000000086100000, 0x0000000086200000|  0%| F|  |TAMS 0x0000000086100000, 0x0000000086100000| Untracked 
|  54|0x0000000086200000, 0x0000000086200000, 0x0000000086300000|  0%| F|  |TAMS 0x0000000086200000, 0x0000000086200000| Untracked 
|  55|0x0000000086300000, 0x0000000086300000, 0x0000000086400000|  0%| F|  |TAMS 0x0000000086300000, 0x0000000086300000| Untracked 
|  56|0x0000000086400000, 0x0000000086400000, 0x0000000086500000|  0%| F|  |TAMS 0x0000000086400000, 0x0000000086400000| Untracked 
|  57|0x0000000086500000, 0x0000000086500000, 0x0000000086600000|  0%| F|  |TAMS 0x0000000086500000, 0x0000000086500000| Untracked 
|  58|0x0000000086600000, 0x0000000086600000, 0x0000000086700000|  0%| F|  |TAMS 0x0000000086600000, 0x0000000086600000| Untracked 
|  59|0x0000000086700000, 0x0000000086700000, 0x0000000086800000|  0%| F|  |TAMS 0x0000000086700000, 0x0000000086700000| Untracked 
|  60|0x0000000086800000, 0x0000000086800000, 0x0000000086900000|  0%| F|  |TAMS 0x0000000086800000, 0x0000000086800000| Untracked 
|  61|0x0000000086900000, 0x0000000086900000, 0x0000000086a00000|  0%| F|  |TAMS 0x0000000086900000, 0x0000000086900000| Untracked 
|  62|0x0000000086a00000, 0x0000000086a00000, 0x0000000086b00000|  0%| F|  |TAMS 0x0000000086a00000, 0x0000000086a00000| Untracked 
|  63|0x0000000086b00000, 0x0000000086b00000, 0x0000000086c00000|  0%| F|  |TAMS 0x0000000086b00000, 0x0000000086b00000| Untracked 
|  64|0x0000000086c00000, 0x0000000086c00000, 0x0000000086d00000|  0%| F|  |TAMS 0x0000000086c00000, 0x0000000086c00000| Untracked 
|  65|0x0000000086d00000, 0x0000000086d00000, 0x0000000086e00000|  0%| F|  |TAMS 0x0000000086d00000, 0x0000000086d00000| Untracked 
|  66|0x0000000086e00000, 0x0000000086e00000, 0x0000000086f00000|  0%| F|  |TAMS 0x0000000086e00000, 0x0000000086e00000| Untracked 
|  67|0x0000000086f00000, 0x0000000086f00000, 0x0000000087000000|  0%| F|  |TAMS 0x0000000086f00000, 0x0000000086f00000| Untracked 
|  68|0x0000000087000000, 0x0000000087000000, 0x0000000087100000|  0%| F|  |TAMS 0x0000000087000000, 0x0000000087000000| Untracked 
|  69|0x0000000087100000, 0x0000000087100000, 0x0000000087200000|  0%| F|  |TAMS 0x0000000087100000, 0x0000000087100000| Untracked 
|  70|0x0000000087200000, 0x0000000087200000, 0x0000000087300000|  0%| F|  |TAMS 0x0000000087200000, 0x0000000087200000| Untracked 
|  71|0x0000000087300000, 0x0000000087300000, 0x0000000087400000|  0%| F|  |TAMS 0x0000000087300000, 0x0000000087300000| Untracked 
|  72|0x0000000087400000, 0x0000000087500000, 0x0000000087500000|100%| O|  |TAMS 0x0000000087500000, 0x0000000087500000| Untracked 
|  73|0x0000000087500000, 0x0000000087600000, 0x0000000087600000|100%|HS|  |TAMS 0x0000000087600000, 0x0000000087600000| Complete 
|  74|0x0000000087600000, 0x0000000087700000, 0x0000000087700000|100%|HC|  |TAMS 0x0000000087700000, 0x0000000087700000| Complete 
|  75|0x0000000087700000, 0x0000000087800000, 0x0000000087800000|100%|HC|  |TAMS 0x0000000087800000, 0x0000000087800000| Complete 
|  76|0x0000000087800000, 0x0000000087800000, 0x0000000087900000|  0%| F|  |TAMS 0x0000000087800000, 0x0000000087800000| Untracked 
|  77|0x0000000087900000, 0x0000000087900000, 0x0000000087a00000|  0%| F|  |TAMS 0x0000000087900000, 0x0000000087900000| Untracked 
|  78|0x0000000087a00000, 0x0000000087a00000, 0x0000000087b00000|  0%| F|  |TAMS 0x0000000087a00000, 0x0000000087a00000| Untracked 
|  79|0x0000000087b00000, 0x0000000087b00000, 0x0000000087c00000|  0%| F|  |TAMS 0x0000000087b00000, 0x0000000087b00000| Untracked 
|  80|0x0000000087c00000, 0x0000000087c00000, 0x0000000087d00000|  0%| F|  |TAMS 0x0000000087c00000, 0x0000000087c00000| Untracked 
|  81|0x0000000087d00000, 0x0000000087d00000, 0x0000000087e00000|  0%| F|  |TAMS 0x0000000087d00000, 0x0000000087d00000| Untracked 
|  82|0x0000000087e00000, 0x0000000087e00000, 0x0000000087f00000|  0%| F|  |TAMS 0x0000000087e00000, 0x0000000087e00000| Untracked 
|  83|0x0000000087f00000, 0x0000000087f00000, 0x0000000088000000|  0%| F|  |TAMS 0x0000000087f00000, 0x0000000087f00000| Untracked 
|  84|0x0000000088000000, 0x0000000088000000, 0x0000000088100000|  0%| F|  |TAMS 0x0000000088000000, 0x0000000088000000| Untracked 
|  85|0x0000000088100000, 0x0000000088100000, 0x0000000088200000|  0%| F|  |TAMS 0x0000000088100000, 0x0000000088100000| Untracked 
|  86|0x0000000088200000, 0x0000000088200000, 0x0000000088300000|  0%| F|  |TAMS 0x0000000088200000, 0x0000000088200000| Untracked 
|  87|0x0000000088300000, 0x0000000088300000, 0x0000000088400000|  0%| F|  |TAMS 0x0000000088300000, 0x0000000088300000| Untracked 
|  88|0x0000000088400000, 0x0000000088500000, 0x0000000088500000|100%|HS|  |TAMS 0x0000000088500000, 0x0000000088500000| Complete 
|  89|0x0000000088500000, 0x0000000088600000, 0x0000000088600000|100%|HC|  |TAMS 0x0000000088600000, 0x0000000088600000| Complete 
|  90|0x0000000088600000, 0x0000000088700000, 0x0000000088700000|100%|HC|  |TAMS 0x0000000088700000, 0x0000000088700000| Complete 
|  91|0x0000000088700000, 0x0000000088700000, 0x0000000088800000|  0%| F|  |TAMS 0x0000000088700000, 0x0000000088700000| Untracked 
|  92|0x0000000088800000, 0x0000000088800000, 0x0000000088900000|  0%| F|  |TAMS 0x0000000088800000, 0x0000000088800000| Untracked 
|  93|0x0000000088900000, 0x0000000088900000, 0x0000000088a00000|  0%| F|  |TAMS 0x0000000088900000, 0x0000000088900000| Untracked 
|  94|0x0000000088a00000, 0x0000000088a00000, 0x0000000088b00000|  0%| F|  |TAMS 0x0000000088a00000, 0x0000000088a00000| Untracked 
|  95|0x0000000088b00000, 0x0000000088b00000, 0x0000000088c00000|  0%| F|  |TAMS 0x0000000088b00000, 0x0000000088b00000| Untracked 
|  96|0x0000000088c00000, 0x0000000088c00000, 0x0000000088d00000|  0%| F|  |TAMS 0x0000000088c00000, 0x0000000088c00000| Untracked 
|  97|0x0000000088d00000, 0x0000000088d00000, 0x0000000088e00000|  0%| F|  |TAMS 0x0000000088d00000, 0x0000000088d00000| Untracked 
|  98|0x0000000088e00000, 0x0000000088e00000, 0x0000000088f00000|  0%| F|  |TAMS 0x0000000088e00000, 0x0000000088e00000| Untracked 
|  99|0x0000000088f00000, 0x0000000088f00000, 0x0000000089000000|  0%| F|  |TAMS 0x0000000088f00000, 0x0000000088f00000| Untracked 
| 100|0x0000000089000000, 0x0000000089000000, 0x0000000089100000|  0%| F|  |TAMS 0x0000000089000000, 0x0000000089000000| Untracked 
| 101|0x0000000089100000, 0x0000000089100000, 0x0000000089200000|  0%| F|  |TAMS 0x0000000089100000, 0x0000000089100000| Untracked 
| 102|0x0000000089200000, 0x0000000089200000, 0x0000000089300000|  0%| F|  |TAMS 0x0000000089200000, 0x0000000089200000| Untracked 
| 103|0x0000000089300000, 0x0000000089300000, 0x0000000089400000|  0%| F|  |TAMS 0x0000000089300000, 0x0000000089300000| Untracked 
| 104|0x0000000089400000, 0x0000000089400000, 0x0000000089500000|  0%| F|  |TAMS 0x0000000089400000, 0x0000000089400000| Untracked 
| 105|0x0000000089500000, 0x0000000089500000, 0x0000000089600000|  0%| F|  |TAMS 0x0000000089500000, 0x0000000089500000| Untracked 
| 106|0x0000000089600000, 0x0000000089600000, 0x0000000089700000|  0%| F|  |TAMS 0x0000000089600000, 0x0000000089600000| Untracked 
| 107|0x0000000089700000, 0x0000000089800000, 0x0000000089800000|100%|HS|  |TAMS 0x0000000089800000, 0x0000000089800000| Complete 
| 108|0x0000000089800000, 0x0000000089900000, 0x0000000089900000|100%|HC|  |TAMS 0x0000000089900000, 0x0000000089900000| Complete 
| 109|0x0000000089900000, 0x0000000089a00000, 0x0000000089a00000|100%|HC|  |TAMS 0x0000000089a00000, 0x0000000089a00000| Complete 
| 110|0x0000000089a00000, 0x0000000089b00000, 0x0000000089b00000|100%|HC|  |TAMS 0x0000000089b00000, 0x0000000089b00000| Complete 
| 111|0x0000000089b00000, 0x0000000089c00000, 0x0000000089c00000|100%|HC|  |TAMS 0x0000000089c00000, 0x0000000089c00000| Complete 
| 112|0x0000000089c00000, 0x0000000089d00000, 0x0000000089d00000|100%|HC|  |TAMS 0x0000000089d00000, 0x0000000089d00000| Complete 
| 113|0x0000000089d00000, 0x0000000089e00000, 0x0000000089e00000|100%|HC|  |TAMS 0x0000000089e00000, 0x0000000089e00000| Complete 
| 114|0x0000000089e00000, 0x0000000089f00000, 0x0000000089f00000|100%|HC|  |TAMS 0x0000000089f00000, 0x0000000089f00000| Complete 
| 115|0x0000000089f00000, 0x000000008a000000, 0x000000008a000000|100%|HC|  |TAMS 0x000000008a000000, 0x000000008a000000| Complete 
| 116|0x000000008a000000, 0x000000008a100000, 0x000000008a100000|100%|HC|  |TAMS 0x000000008a100000, 0x000000008a100000| Complete 
| 117|0x000000008a100000, 0x000000008a200000, 0x000000008a200000|100%|HC|  |TAMS 0x000000008a200000, 0x000000008a200000| Complete 
| 118|0x000000008a200000, 0x000000008a300000, 0x000000008a300000|100%|HC|  |TAMS 0x000000008a300000, 0x000000008a300000| Complete 
| 119|0x000000008a300000, 0x000000008a400000, 0x000000008a400000|100%|HC|  |TAMS 0x000000008a400000, 0x000000008a400000| Complete 
| 120|0x000000008a400000, 0x000000008a500000, 0x000000008a500000|100%|HC|  |TAMS 0x000000008a500000, 0x000000008a500000| Complete 
| 121|0x000000008a500000, 0x000000008a600000, 0x000000008a600000|100%|HC|  |TAMS 0x000000008a600000, 0x000000008a600000| Complete 
| 122|0x000000008a600000, 0x000000008a600000, 0x000000008a700000|  0%| F|  |TAMS 0x000000008a600000, 0x000000008a600000| Untracked 
| 123|0x000000008a700000, 0x000000008a700000, 0x000000008a800000|  0%| F|  |TAMS 0x000000008a700000, 0x000000008a700000| Untracked 
| 124|0x000000008a800000, 0x000000008a800000, 0x000000008a900000|  0%| F|  |TAMS 0x000000008a800000, 0x000000008a800000| Untracked 
| 125|0x000000008a900000, 0x000000008a900000, 0x000000008aa00000|  0%| F|  |TAMS 0x000000008a900000, 0x000000008a900000| Untracked 
| 126|0x000000008aa00000, 0x000000008aa00000, 0x000000008ab00000|  0%| F|  |TAMS 0x000000008aa00000, 0x000000008aa00000| Untracked 
| 127|0x000000008ab00000, 0x000000008ab00000, 0x000000008ac00000|  0%| F|  |TAMS 0x000000008ab00000, 0x000000008ab00000| Untracked 
| 128|0x000000008ac00000, 0x000000008ac00000, 0x000000008ad00000|  0%| F|  |TAMS 0x000000008ac00000, 0x000000008ac00000| Untracked 
| 129|0x000000008ad00000, 0x000000008ad00000, 0x000000008ae00000|  0%| F|  |TAMS 0x000000008ad00000, 0x000000008ad00000| Untracked 
| 130|0x000000008ae00000, 0x000000008ae00000, 0x000000008af00000|  0%| F|  |TAMS 0x000000008ae00000, 0x000000008ae00000| Untracked 
| 131|0x000000008af00000, 0x000000008af00000, 0x000000008b000000|  0%| F|  |TAMS 0x000000008af00000, 0x000000008af00000| Untracked 
| 132|0x000000008b000000, 0x000000008b000000, 0x000000008b100000|  0%| F|  |TAMS 0x000000008b000000, 0x000000008b000000| Untracked 
| 133|0x000000008b100000, 0x000000008b100000, 0x000000008b200000|  0%| F|  |TAMS 0x000000008b100000, 0x000000008b100000| Untracked 
| 134|0x000000008b200000, 0x000000008b200000, 0x000000008b300000|  0%| F|  |TAMS 0x000000008b200000, 0x000000008b200000| Untracked 
| 135|0x000000008b300000, 0x000000008b300000, 0x000000008b400000|  0%| F|  |TAMS 0x000000008b300000, 0x000000008b300000| Untracked 
| 136|0x000000008b400000, 0x000000008b400000, 0x000000008b500000|  0%| F|  |TAMS 0x000000008b400000, 0x000000008b400000| Untracked 
| 137|0x000000008b500000, 0x000000008b500000, 0x000000008b600000|  0%| F|  |TAMS 0x000000008b500000, 0x000000008b500000| Untracked 
| 138|0x000000008b600000, 0x000000008b600000, 0x000000008b700000|  0%| F|  |TAMS 0x000000008b600000, 0x000000008b600000| Untracked 
| 139|0x000000008b700000, 0x000000008b700000, 0x000000008b800000|  0%| F|  |TAMS 0x000000008b700000, 0x000000008b700000| Untracked 
| 140|0x000000008b800000, 0x000000008b800000, 0x000000008b900000|  0%| F|  |TAMS 0x000000008b800000, 0x000000008b800000| Untracked 
| 141|0x000000008b900000, 0x000000008b900000, 0x000000008ba00000|  0%| F|  |TAMS 0x000000008b900000, 0x000000008b900000| Untracked 
| 142|0x000000008ba00000, 0x000000008ba00000, 0x000000008bb00000|  0%| F|  |TAMS 0x000000008ba00000, 0x000000008ba00000| Untracked 
| 143|0x000000008bb00000, 0x000000008bb00000, 0x000000008bc00000|  0%| F|  |TAMS 0x000000008bb00000, 0x000000008bb00000| Untracked 
| 144|0x000000008bc00000, 0x000000008bc00000, 0x000000008bd00000|  0%| F|  |TAMS 0x000000008bc00000, 0x000000008bc00000| Untracked 
| 145|0x000000008bd00000, 0x000000008bd00000, 0x000000008be00000|  0%| F|  |TAMS 0x000000008bd00000, 0x000000008bd00000| Untracked 
| 146|0x000000008be00000, 0x000000008be00000, 0x000000008bf00000|  0%| F|  |TAMS 0x000000008be00000, 0x000000008be00000| Untracked 
| 147|0x000000008bf00000, 0x000000008bf00000, 0x000000008c000000|  0%| F|  |TAMS 0x000000008bf00000, 0x000000008bf00000| Untracked 
| 148|0x000000008c000000, 0x000000008c000000, 0x000000008c100000|  0%| F|  |TAMS 0x000000008c000000, 0x000000008c000000| Untracked 
| 149|0x000000008c100000, 0x000000008c100000, 0x000000008c200000|  0%| F|  |TAMS 0x000000008c100000, 0x000000008c100000| Untracked 
| 150|0x000000008c200000, 0x000000008c200000, 0x000000008c300000|  0%| F|  |TAMS 0x000000008c200000, 0x000000008c200000| Untracked 
| 151|0x000000008c300000, 0x000000008c300000, 0x000000008c400000|  0%| F|  |TAMS 0x000000008c300000, 0x000000008c300000| Untracked 
| 152|0x000000008c400000, 0x000000008c500000, 0x000000008c500000|100%|HS|  |TAMS 0x000000008c500000, 0x000000008c500000| Complete 
| 153|0x000000008c500000, 0x000000008c600000, 0x000000008c600000|100%|HC|  |TAMS 0x000000008c600000, 0x000000008c600000| Complete 
| 154|0x000000008c600000, 0x000000008c700000, 0x000000008c700000|100%|HC|  |TAMS 0x000000008c700000, 0x000000008c700000| Complete 
| 155|0x000000008c700000, 0x000000008c800000, 0x000000008c800000|100%|HC|  |TAMS 0x000000008c800000, 0x000000008c800000| Complete 
| 156|0x000000008c800000, 0x000000008c900000, 0x000000008c900000|100%|HC|  |TAMS 0x000000008c900000, 0x000000008c900000| Complete 
| 157|0x000000008c900000, 0x000000008ca00000, 0x000000008ca00000|100%|HC|  |TAMS 0x000000008ca00000, 0x000000008ca00000| Complete 
| 158|0x000000008ca00000, 0x000000008cb00000, 0x000000008cb00000|100%|HC|  |TAMS 0x000000008cb00000, 0x000000008cb00000| Complete 
| 159|0x000000008cb00000, 0x000000008cc00000, 0x000000008cc00000|100%|HC|  |TAMS 0x000000008cc00000, 0x000000008cc00000| Complete 
| 160|0x000000008cc00000, 0x000000008cd00000, 0x000000008cd00000|100%|HC|  |TAMS 0x000000008cd00000, 0x000000008cd00000| Complete 
| 161|0x000000008cd00000, 0x000000008ce00000, 0x000000008ce00000|100%|HC|  |TAMS 0x000000008ce00000, 0x000000008ce00000| Complete 
| 162|0x000000008ce00000, 0x000000008cf00000, 0x000000008cf00000|100%|HC|  |TAMS 0x000000008cf00000, 0x000000008cf00000| Complete 
| 163|0x000000008cf00000, 0x000000008d000000, 0x000000008d000000|100%|HC|  |TAMS 0x000000008d000000, 0x000000008d000000| Complete 
| 164|0x000000008d000000, 0x000000008d100000, 0x000000008d100000|100%|HC|  |TAMS 0x000000008d100000, 0x000000008d100000| Complete 
| 165|0x000000008d100000, 0x000000008d200000, 0x000000008d200000|100%|HC|  |TAMS 0x000000008d200000, 0x000000008d200000| Complete 
| 166|0x000000008d200000, 0x000000008d300000, 0x000000008d300000|100%|HC|  |TAMS 0x000000008d300000, 0x000000008d300000| Complete 
| 167|0x000000008d300000, 0x000000008d3d4a00, 0x000000008d400000| 83%| O|  |TAMS 0x000000008d3d4a00, 0x000000008d3d4a00| Untracked 
| 168|0x000000008d400000, 0x000000008d400000, 0x000000008d500000|  0%| F|  |TAMS 0x000000008d400000, 0x000000008d400000| Untracked 
| 169|0x000000008d500000, 0x000000008d500000, 0x000000008d600000|  0%| F|  |TAMS 0x000000008d500000, 0x000000008d500000| Untracked 
| 170|0x000000008d600000, 0x000000008d600000, 0x000000008d700000|  0%| F|  |TAMS 0x000000008d600000, 0x000000008d600000| Untracked 
| 171|0x000000008d700000, 0x000000008d700000, 0x000000008d800000|  0%| F|  |TAMS 0x000000008d700000, 0x000000008d700000| Untracked 
| 172|0x000000008d800000, 0x000000008d800000, 0x000000008d900000|  0%| F|  |TAMS 0x000000008d800000, 0x000000008d800000| Untracked 
| 173|0x000000008d900000, 0x000000008d900000, 0x000000008da00000|  0%| F|  |TAMS 0x000000008d900000, 0x000000008d900000| Untracked 
| 174|0x000000008da00000, 0x000000008da00000, 0x000000008db00000|  0%| F|  |TAMS 0x000000008da00000, 0x000000008da00000| Untracked 
| 175|0x000000008db00000, 0x000000008db00000, 0x000000008dc00000|  0%| F|  |TAMS 0x000000008db00000, 0x000000008db00000| Untracked 
| 176|0x000000008dc00000, 0x000000008dc00000, 0x000000008dd00000|  0%| F|  |TAMS 0x000000008dc00000, 0x000000008dc00000| Untracked 
| 177|0x000000008dd00000, 0x000000008dd00000, 0x000000008de00000|  0%| F|  |TAMS 0x000000008dd00000, 0x000000008dd00000| Untracked 
| 178|0x000000008de00000, 0x000000008de00000, 0x000000008df00000|  0%| F|  |TAMS 0x000000008de00000, 0x000000008de00000| Untracked 
| 179|0x000000008df00000, 0x000000008df00000, 0x000000008e000000|  0%| F|  |TAMS 0x000000008df00000, 0x000000008df00000| Untracked 
| 180|0x000000008e000000, 0x000000008e000000, 0x000000008e100000|  0%| F|  |TAMS 0x000000008e000000, 0x000000008e000000| Untracked 
| 181|0x000000008e100000, 0x000000008e100000, 0x000000008e200000|  0%| F|  |TAMS 0x000000008e100000, 0x000000008e100000| Untracked 
| 182|0x000000008e200000, 0x000000008e200000, 0x000000008e300000|  0%| F|  |TAMS 0x000000008e200000, 0x000000008e200000| Untracked 
| 183|0x000000008e300000, 0x000000008e300000, 0x000000008e400000|  0%| F|  |TAMS 0x000000008e300000, 0x000000008e300000| Untracked 
| 184|0x000000008e400000, 0x000000008e400000, 0x000000008e500000|  0%| F|  |TAMS 0x000000008e400000, 0x000000008e400000| Untracked 
| 185|0x000000008e500000, 0x000000008e500000, 0x000000008e600000|  0%| F|  |TAMS 0x000000008e500000, 0x000000008e500000| Untracked 
| 186|0x000000008e600000, 0x000000008e600000, 0x000000008e700000|  0%| F|  |TAMS 0x000000008e600000, 0x000000008e600000| Untracked 
| 187|0x000000008e700000, 0x000000008e700000, 0x000000008e800000|  0%| F|  |TAMS 0x000000008e700000, 0x000000008e700000| Untracked 
| 188|0x000000008e800000, 0x000000008e800000, 0x000000008e900000|  0%| F|  |TAMS 0x000000008e800000, 0x000000008e800000| Untracked 
| 189|0x000000008e900000, 0x000000008e900000, 0x000000008ea00000|  0%| F|  |TAMS 0x000000008e900000, 0x000000008e900000| Untracked 
| 190|0x000000008ea00000, 0x000000008ea00000, 0x000000008eb00000|  0%| F|  |TAMS 0x000000008ea00000, 0x000000008ea00000| Untracked 
| 191|0x000000008eb00000, 0x000000008eb00000, 0x000000008ec00000|  0%| F|  |TAMS 0x000000008eb00000, 0x000000008eb00000| Untracked 
| 192|0x000000008ec00000, 0x000000008ec00000, 0x000000008ed00000|  0%| F|  |TAMS 0x000000008ec00000, 0x000000008ec00000| Untracked 
| 193|0x000000008ed00000, 0x000000008ed00000, 0x000000008ee00000|  0%| F|  |TAMS 0x000000008ed00000, 0x000000008ed00000| Untracked 
| 194|0x000000008ee00000, 0x000000008ee00000, 0x000000008ef00000|  0%| F|  |TAMS 0x000000008ee00000, 0x000000008ee00000| Untracked 
| 195|0x000000008ef00000, 0x000000008ef00000, 0x000000008f000000|  0%| F|  |TAMS 0x000000008ef00000, 0x000000008ef00000| Untracked 
| 196|0x000000008f000000, 0x000000008f000000, 0x000000008f100000|  0%| F|  |TAMS 0x000000008f000000, 0x000000008f000000| Untracked 
| 197|0x000000008f100000, 0x000000008f100000, 0x000000008f200000|  0%| F|  |TAMS 0x000000008f100000, 0x000000008f100000| Untracked 
| 198|0x000000008f200000, 0x000000008f200000, 0x000000008f300000|  0%| F|  |TAMS 0x000000008f200000, 0x000000008f200000| Untracked 
| 199|0x000000008f300000, 0x000000008f300000, 0x000000008f400000|  0%| F|  |TAMS 0x000000008f300000, 0x000000008f300000| Untracked 
| 200|0x000000008f400000, 0x000000008f400000, 0x000000008f500000|  0%| F|  |TAMS 0x000000008f400000, 0x000000008f400000| Untracked 
| 201|0x000000008f500000, 0x000000008f500000, 0x000000008f600000|  0%| F|  |TAMS 0x000000008f500000, 0x000000008f500000| Untracked 
| 202|0x000000008f600000, 0x000000008f600000, 0x000000008f700000|  0%| F|  |TAMS 0x000000008f600000, 0x000000008f600000| Untracked 
| 203|0x000000008f700000, 0x000000008f700000, 0x000000008f800000|  0%| F|  |TAMS 0x000000008f700000, 0x000000008f700000| Untracked 
| 204|0x000000008f800000, 0x000000008f800000, 0x000000008f900000|  0%| F|  |TAMS 0x000000008f800000, 0x000000008f800000| Untracked 
| 205|0x000000008f900000, 0x000000008f900000, 0x000000008fa00000|  0%| F|  |TAMS 0x000000008f900000, 0x000000008f900000| Untracked 
| 206|0x000000008fa00000, 0x000000008fa00000, 0x000000008fb00000|  0%| F|  |TAMS 0x000000008fa00000, 0x000000008fa00000| Untracked 
| 207|0x000000008fb00000, 0x000000008fb00000, 0x000000008fc00000|  0%| F|  |TAMS 0x000000008fb00000, 0x000000008fb00000| Untracked 
| 208|0x000000008fc00000, 0x000000008fc00000, 0x000000008fd00000|  0%| F|  |TAMS 0x000000008fc00000, 0x000000008fc00000| Untracked 
| 209|0x000000008fd00000, 0x000000008fd00000, 0x000000008fe00000|  0%| F|  |TAMS 0x000000008fd00000, 0x000000008fd00000| Untracked 
| 210|0x000000008fe00000, 0x000000008fe00000, 0x000000008ff00000|  0%| F|  |TAMS 0x000000008fe00000, 0x000000008fe00000| Untracked 
| 211|0x000000008ff00000, 0x000000008ff1da70, 0x0000000090000000| 11%| S|CS|TAMS 0x000000008ff00000, 0x000000008ff00000| Complete 
| 212|0x0000000090000000, 0x0000000090000000, 0x0000000090100000|  0%| F|  |TAMS 0x0000000090000000, 0x0000000090000000| Untracked 
|2003|0x00000000fff00000, 0x00000000fff00000, 0x0000000100000000|  0%| F|  |TAMS 0x00000000fff00000, 0x00000000fff00000| Untracked 

Card table byte_map: [0x000002492e150000,0x000002492e540000] _byte_map_base: 0x000002492dd3a000

Marking Bits (Prev, Next): (CMBitMap*) 0x0000024914e7ccd0, (CMBitMap*) 0x0000024914e7cc90
 Prev Bits: [0x0000024930880000, 0x00000249327d0000)
 Next Bits: [0x000002492e930000, 0x0000024930880000)

Polling page: 0x0000024914ef0000

Metaspace:

Usage:
  Non-class:     11.15 MB used.
      Class:      1.15 MB used.
       Both:     12.30 MB used.

Virtual space:
  Non-class space:       16.00 MB reserved,      11.31 MB ( 71%) committed,  2 nodes.
      Class space:        1.00 GB reserved,       1.31 MB ( <1%) committed,  1 nodes.
             Both:        1.02 GB reserved,      12.62 MB (  1%) committed. 

Chunk freelists:
   Non-Class:  665.00 KB
       Class:  2.67 MB
        Both:  3.32 MB

MaxMetaspaceSize: unlimited
CompressedClassSpaceSize: 1.00 GB
Initial GC threshold: 21.00 MB
Current GC threshold: 21.00 MB
CDS: on
MetaspaceReclaimPolicy: balanced
 - commit_granule_bytes: 65536.
 - commit_granule_words: 8192.
 - virtual_space_node_default_size: 1048576.
 - enlarge_chunks_in_place: 1.
 - new_chunks_are_fully_committed: 0.
 - uncommit_free_chunks: 1.
 - use_allocation_guard: 0.
 - handle_deallocations: 1.


Internal statistics:

num_allocs_failed_limit: 0.
num_arena_births: 290.
num_arena_deaths: 92.
num_vsnodes_births: 3.
num_vsnodes_deaths: 0.
num_space_committed: 202.
num_space_uncommitted: 0.
num_chunks_returned_to_freelist: 138.
num_chunks_taken_from_freelist: 558.
num_chunk_merges: 43.
num_chunk_splits: 320.
num_chunks_enlarged: 150.
num_purges: 4.
num_inconsistent_stats: 0.

CodeHeap 'non-profiled nmethods': size=120000Kb used=3473Kb max_used=3473Kb free=116526Kb
 bounds [0x0000024925ba0000, 0x0000024925f10000, 0x000002492d0d0000]
CodeHeap 'profiled nmethods': size=120000Kb used=5994Kb max_used=5994Kb free=114005Kb
 bounds [0x000002491e670000, 0x000002491ec50000, 0x0000024925ba0000]
CodeHeap 'non-nmethods': size=5760Kb used=1428Kb max_used=1555Kb free=4331Kb
 bounds [0x000002491e0d0000, 0x000002491e340000, 0x000002491e670000]
 total_blobs=3803 nmethods=3092 adapters=623
 compilation: enabled
              stopped_count=0, restarted_count=0
 full_count=0

Compilation events (20 events):
Event: 106.044 Thread 0x000002493549a7b0 3093       4       sun.nio.ch.IOUtil::read (14 bytes)
Event: 106.048 Thread 0x000002493549a7b0 nmethod 3093 0x0000024925ef0c10 code [0x0000024925ef0de0, 0x0000024925ef1510]
Event: 106.075 Thread 0x000002493549a7b0 3094   !   4       sun.font.TrueTypeFont::readBlock (371 bytes)
Event: 106.103 Thread 0x000002493549a7b0 nmethod 3094 0x0000024925ef1f10 code [0x0000024925ef2140, 0x0000024925ef3fa0]
Event: 106.104 Thread 0x000002493549a7b0 3095   !   4       sun.nio.ch.FileChannelImpl::position (258 bytes)
Event: 106.115 Thread 0x000002493549a7b0 nmethod 3095 0x0000024925ef5110 code [0x0000024925ef5300, 0x0000024925ef65c8]
Event: 106.212 Thread 0x000002493549a7b0 3096       4       sun.nio.ch.IOUtil::acquireScope (11 bytes)
Event: 106.212 Thread 0x00000249354a6670 3097   !   2       sun.nio.ch.IOUtil::releaseScope (31 bytes)
Event: 106.212 Thread 0x00000249354a6670 nmethod 3097 0x000002491ec4a510 code [0x000002491ec4a6e0, 0x000002491ec4a928]
Event: 106.212 Thread 0x000002493549a7b0 nmethod 3096 0x0000024925ef7210 code [0x0000024925ef7380, 0x0000024925ef7418]
Event: 110.585 Thread 0x000002493549a7b0 3098       4       sun.java2d.pipe.DrawImage::copyImage (60 bytes)
Event: 110.694 Thread 0x000002493549a7b0 nmethod 3098 0x0000024925ef7510 code [0x0000024925ef7800, 0x0000024925efb3f0]
Event: 110.694 Thread 0x000002493549a7b0 3099       4       sun.java2d.pipe.DrawImage::copyImage (105 bytes)
Event: 110.769 Thread 0x000002493549a7b0 nmethod 3099 0x0000024925efdc10 code [0x0000024925efdee0, 0x0000024925f01730]
Event: 112.030 Thread 0x000002493549a7b0 3101  s    4       greenfoot.core.WorldHandler::hasWorld (13 bytes)
Event: 112.032 Thread 0x000002493549a7b0 nmethod 3101 0x0000024925f03b10 code [0x0000024925f03c80, 0x0000024925f03e58]
Event: 112.126 Thread 0x000002493549a7b0 3102   !   4       sun.nio.ch.IOUtil::releaseScope (31 bytes)
Event: 112.128 Thread 0x000002493549a7b0 nmethod 3102 0x0000024925f03f10 code [0x0000024925f04080, 0x0000024925f040f8]
Event: 113.431 Thread 0x000002493549a7b0 3103       4       MyWorld::addTroops (720 bytes)
Event: 113.433 Thread 0x000002493549a7b0 nmethod 3103 0x0000024925f04210 code [0x0000024925f043a0, 0x0000024925f04608]

GC Heap History (20 events):
Event: 112.840 GC heap after
{Heap after GC invocations=285 (full 4):
 garbage-first heap   total 267264K, used 57186K [0x0000000082c00000, 0x0000000100000000)
  region size 1024K, 1 young (1024K), 1 survivors (1024K)
 Metaspace       used 12593K, committed 12928K, reserved 1064960K
  class space    used 1176K, committed 1344K, reserved 1048576K
}
Event: 112.857 GC heap before
{Heap before GC invocations=286 (full 4):
 garbage-first heap   total 219136K, used 60256K [0x0000000082c00000, 0x0000000100000000)
  region size 1024K, 2 young (2048K), 1 survivors (1024K)
 Metaspace       used 12593K, committed 12928K, reserved 1064960K
  class space    used 1176K, committed 1344K, reserved 1048576K
}
Event: 112.858 GC heap after
{Heap after GC invocations=287 (full 4):
 garbage-first heap   total 219136K, used 57179K [0x0000000082c00000, 0x0000000100000000)
  region size 1024K, 1 young (1024K), 1 survivors (1024K)
 Metaspace       used 12593K, committed 12928K, reserved 1064960K
  class space    used 1176K, committed 1344K, reserved 1048576K
}
Event: 112.967 GC heap before
{Heap before GC invocations=288 (full 4):
 garbage-first heap   total 219136K, used 80731K [0x0000000082c00000, 0x0000000100000000)
  region size 1024K, 4 young (4096K), 1 survivors (1024K)
 Metaspace       used 12593K, committed 12928K, reserved 1064960K
  class space    used 1176K, committed 1344K, reserved 1048576K
}
Event: 112.970 GC heap after
{Heap after GC invocations=289 (full 4):
 garbage-first heap   total 219136K, used 57181K [0x0000000082c00000, 0x0000000100000000)
  region size 1024K, 1 young (1024K), 1 survivors (1024K)
 Metaspace       used 12593K, committed 12928K, reserved 1064960K
  class space    used 1176K, committed 1344K, reserved 1048576K
}
Event: 113.083 GC heap before
{Heap before GC invocations=289 (full 4):
 garbage-first heap   total 219136K, used 77661K [0x0000000082c00000, 0x0000000100000000)
  region size 1024K, 4 young (4096K), 1 survivors (1024K)
 Metaspace       used 12593K, committed 12928K, reserved 1064960K
  class space    used 1176K, committed 1344K, reserved 1048576K
}
Event: 113.084 GC heap after
{Heap after GC invocations=290 (full 4):
 garbage-first heap   total 265216K, used 57209K [0x0000000082c00000, 0x0000000100000000)
  region size 1024K, 1 young (1024K), 1 survivors (1024K)
 Metaspace       used 12593K, committed 12928K, reserved 1064960K
  class space    used 1176K, committed 1344K, reserved 1048576K
}
Event: 113.108 GC heap before
{Heap before GC invocations=291 (full 4):
 garbage-first heap   total 219136K, used 60281K [0x0000000082c00000, 0x0000000100000000)
  region size 1024K, 2 young (2048K), 1 survivors (1024K)
 Metaspace       used 12593K, committed 12928K, reserved 1064960K
  class space    used 1176K, committed 1344K, reserved 1048576K
}
Event: 113.109 GC heap after
{Heap after GC invocations=292 (full 4):
 garbage-first heap   total 219136K, used 57179K [0x0000000082c00000, 0x0000000100000000)
  region size 1024K, 1 young (1024K), 1 survivors (1024K)
 Metaspace       used 12593K, committed 12928K, reserved 1064960K
  class space    used 1176K, committed 1344K, reserved 1048576K
}
Event: 113.264 GC heap before
{Heap before GC invocations=293 (full 4):
 garbage-first heap   total 219136K, used 80731K [0x0000000082c00000, 0x0000000100000000)
  region size 1024K, 4 young (4096K), 1 survivors (1024K)
 Metaspace       used 12593K, committed 12928K, reserved 1064960K
  class space    used 1176K, committed 1344K, reserved 1048576K
}
Event: 113.265 GC heap after
{Heap after GC invocations=294 (full 4):
 garbage-first heap   total 219136K, used 57181K [0x0000000082c00000, 0x0000000100000000)
  region size 1024K, 1 young (1024K), 1 survivors (1024K)
 Metaspace       used 12593K, committed 12928K, reserved 1064960K
  class space    used 1176K, committed 1344K, reserved 1048576K
}
Event: 113.370 GC heap before
{Heap before GC invocations=294 (full 4):
 garbage-first heap   total 219136K, used 76637K [0x0000000082c00000, 0x0000000100000000)
  region size 1024K, 3 young (3072K), 1 survivors (1024K)
 Metaspace       used 12593K, committed 12928K, reserved 1064960K
  class space    used 1176K, committed 1344K, reserved 1048576K
}
Event: 113.373 GC heap after
{Heap after GC invocations=295 (full 4):
 garbage-first heap   total 219136K, used 57213K [0x0000000082c00000, 0x0000000100000000)
  region size 1024K, 1 young (1024K), 1 survivors (1024K)
 Metaspace       used 12593K, committed 12928K, reserved 1064960K
  class space    used 1176K, committed 1344K, reserved 1048576K
}
Event: 113.474 GC heap before
{Heap before GC invocations=295 (full 4):
 garbage-first heap   total 219136K, used 76669K [0x0000000082c00000, 0x0000000100000000)
  region size 1024K, 3 young (3072K), 1 survivors (1024K)
 Metaspace       used 12593K, committed 12928K, reserved 1064960K
  class space    used 1176K, committed 1344K, reserved 1048576K
}
Event: 113.475 GC heap after
{Heap after GC invocations=296 (full 4):
 garbage-first heap   total 219136K, used 57179K [0x0000000082c00000, 0x0000000100000000)
  region size 1024K, 1 young (1024K), 1 survivors (1024K)
 Metaspace       used 12593K, committed 12928K, reserved 1064960K
  class space    used 1176K, committed 1344K, reserved 1048576K
}
Event: 113.555 GC heap before
{Heap before GC invocations=296 (full 4):
 garbage-first heap   total 219136K, used 73563K [0x0000000082c00000, 0x0000000100000000)
  region size 1024K, 3 young (3072K), 1 survivors (1024K)
 Metaspace       used 12593K, committed 12928K, reserved 1064960K
  class space    used 1176K, committed 1344K, reserved 1048576K
}
Event: 113.556 GC heap after
{Heap after GC invocations=297 (full 4):
 garbage-first heap   total 219136K, used 57179K [0x0000000082c00000, 0x0000000100000000)
  region size 1024K, 1 young (1024K), 1 survivors (1024K)
 Metaspace       used 12593K, committed 12928K, reserved 1064960K
  class space    used 1176K, committed 1344K, reserved 1048576K
}
Event: 113.637 GC heap before
{Heap before GC invocations=297 (full 4):
 garbage-first heap   total 219136K, used 73563K [0x0000000082c00000, 0x0000000100000000)
  region size 1024K, 3 young (3072K), 1 survivors (1024K)
 Metaspace       used 12593K, committed 12928K, reserved 1064960K
  class space    used 1176K, committed 1344K, reserved 1048576K
}
Event: 113.638 GC heap after
{Heap after GC invocations=298 (full 4):
 garbage-first heap   total 219136K, used 57197K [0x0000000082c00000, 0x0000000100000000)
  region size 1024K, 1 young (1024K), 1 survivors (1024K)
 Metaspace       used 12593K, committed 12928K, reserved 1064960K
  class space    used 1176K, committed 1344K, reserved 1048576K
}
Event: 113.715 GC heap before
{Heap before GC invocations=299 (full 4):
 garbage-first heap   total 219136K, used 70509K [0x0000000082c00000, 0x0000000100000000)
  region size 1024K, 3 young (3072K), 1 survivors (1024K)
 Metaspace       used 12593K, committed 12928K, reserved 1064960K
  class space    used 1176K, committed 1344K, reserved 1048576K
}

Deoptimization events (20 events):
Event: 47.784 Thread 0x00000249373b5f90 Uncommon trap: trap_request=0xffffff45 fr.pc=0x0000024925cf3e9c relative=0x00000000000002dc
Event: 47.785 Thread 0x00000249373b5f90 Uncommon trap: reason=unstable_if action=reinterpret pc=0x0000024925cf3e9c method=javazoom.jl.decoder.SampleBuffer.appendSamples(I[F)V @ 27 c2
Event: 47.785 Thread 0x00000249373b5f90 DEOPT PACKING pc=0x0000024925cf3e9c sp=0x000000d4bd0fedd0
Event: 47.785 Thread 0x00000249373b5f90 DEOPT UNPACKING pc=0x000002491e1223a3 sp=0x000000d4bd0fed58 mode 2
Event: 104.373 Thread 0x00000249373b5f90 DEOPT PACKING pc=0x000002491eb6a6e1 sp=0x000000d4bd0fec50
Event: 104.373 Thread 0x00000249373b5f90 DEOPT UNPACKING pc=0x000002491e122b43 sp=0x000000d4bd0fe120 mode 1
Event: 104.374 Thread 0x00000249373b5f90 DEOPT PACKING pc=0x000002491ec0733c sp=0x000000d4bd0fece0
Event: 104.374 Thread 0x00000249373b5f90 DEOPT UNPACKING pc=0x000002491e122b43 sp=0x000000d4bd0fe1c0 mode 1
Event: 104.374 Thread 0x00000249373b5f90 DEOPT PACKING pc=0x000002491eb68c74 sp=0x000000d4bd0fed90
Event: 104.374 Thread 0x00000249373b5f90 DEOPT UNPACKING pc=0x000002491e122b43 sp=0x000000d4bd0fe1c8 mode 1
Event: 104.375 Thread 0x00000249373b5f90 DEOPT PACKING pc=0x000002491eb6a6e1 sp=0x000000d4bd0fec50
Event: 104.375 Thread 0x00000249373b5f90 DEOPT UNPACKING pc=0x000002491e122b43 sp=0x000000d4bd0fe120 mode 1
Event: 104.375 Thread 0x00000249373b5f90 DEOPT PACKING pc=0x000002491ec0733c sp=0x000000d4bd0fece0
Event: 104.375 Thread 0x00000249373b5f90 DEOPT UNPACKING pc=0x000002491e122b43 sp=0x000000d4bd0fe1c0 mode 1
Event: 104.375 Thread 0x00000249373b5f90 DEOPT PACKING pc=0x000002491eb68c74 sp=0x000000d4bd0fed90
Event: 104.375 Thread 0x00000249373b5f90 DEOPT UNPACKING pc=0x000002491e122b43 sp=0x000000d4bd0fe1c8 mode 1
Event: 104.508 Thread 0x00000249373b5f90 Uncommon trap: trap_request=0xffffff45 fr.pc=0x0000024925ee9c8c relative=0x000000000000008c
Event: 104.508 Thread 0x00000249373b5f90 Uncommon trap: reason=unstable_if action=reinterpret pc=0x0000024925ee9c8c method=java.util.ArrayList.remove(Ljava/lang/Object;)Z @ 42 c2
Event: 104.509 Thread 0x00000249373b5f90 DEOPT PACKING pc=0x0000024925ee9c8c sp=0x000000d4bd0feea0
Event: 104.509 Thread 0x00000249373b5f90 DEOPT UNPACKING pc=0x000002491e1223a3 sp=0x000000d4bd0fee30 mode 2

Classes unloaded (20 events):
Event: 40.962 Thread 0x000002493547e000 Unloading class 0x0000000800d12800 'java/lang/invoke/LambdaForm$MH+0x0000000800d12800'
Event: 40.962 Thread 0x000002493547e000 Unloading class 0x0000000800d12000 'java/lang/invoke/LambdaForm$MH+0x0000000800d12000'
Event: 40.962 Thread 0x000002493547e000 Unloading class 0x0000000800d11c00 'java/lang/invoke/LambdaForm$MH+0x0000000800d11c00'
Event: 40.962 Thread 0x000002493547e000 Unloading class 0x0000000800d11800 'java/lang/invoke/LambdaForm$MH+0x0000000800d11800'
Event: 40.962 Thread 0x000002493547e000 Unloading class 0x0000000800d11000 'java/lang/invoke/LambdaForm$MH+0x0000000800d11000'
Event: 40.962 Thread 0x000002493547e000 Unloading class 0x0000000800d10c00 'java/lang/invoke/LambdaForm$MH+0x0000000800d10c00'
Event: 40.962 Thread 0x000002493547e000 Unloading class 0x0000000800d10800 'java/lang/invoke/LambdaForm$MH+0x0000000800d10800'
Event: 40.962 Thread 0x000002493547e000 Unloading class 0x0000000800d10000 'java/lang/invoke/LambdaForm$MH+0x0000000800d10000'
Event: 42.360 Thread 0x000002493547e000 Unloading class 0x0000000800d1fc00 'java/lang/invoke/LambdaForm$MH+0x0000000800d1fc00'
Event: 42.360 Thread 0x000002493547e000 Unloading class 0x0000000800d1f400 'java/lang/invoke/LambdaForm$MH+0x0000000800d1f400'
Event: 42.360 Thread 0x000002493547e000 Unloading class 0x0000000800d1ec00 'java/lang/invoke/LambdaForm$MH+0x0000000800d1ec00'
Event: 42.360 Thread 0x000002493547e000 Unloading class 0x0000000800d1e800 'java/lang/invoke/LambdaForm$MH+0x0000000800d1e800'
Event: 42.360 Thread 0x000002493547e000 Unloading class 0x0000000800d1e000 'java/lang/invoke/LambdaForm$MH+0x0000000800d1e000'
Event: 42.360 Thread 0x000002493547e000 Unloading class 0x0000000800d1dc00 'java/lang/invoke/LambdaForm$MH+0x0000000800d1dc00'
Event: 42.360 Thread 0x000002493547e000 Unloading class 0x0000000800d1d400 'java/lang/invoke/LambdaForm$MH+0x0000000800d1d400'
Event: 42.360 Thread 0x000002493547e000 Unloading class 0x0000000800d1d000 'java/lang/invoke/LambdaForm$MH+0x0000000800d1d000'
Event: 42.360 Thread 0x000002493547e000 Unloading class 0x0000000800d1cc00 'java/lang/invoke/LambdaForm$MH+0x0000000800d1cc00'
Event: 42.360 Thread 0x000002493547e000 Unloading class 0x0000000800d1c400 'java/lang/invoke/LambdaForm$MH+0x0000000800d1c400'
Event: 42.360 Thread 0x000002493547e000 Unloading class 0x0000000800d1b800 'java/lang/invoke/LambdaForm$MH+0x0000000800d1b800'
Event: 42.360 Thread 0x000002493547e000 Unloading class 0x0000000800d1bc00 'java/lang/invoke/LambdaForm$MH+0x0000000800d1bc00'

Classes redefined (0 events):
No events

Internal exceptions (20 events):
Event: 2.342 Thread 0x0000024936ae5a00 Exception <a 'java/lang/NoSuchMethodError'{0x000000008a783460}: 'void java.lang.invoke.DirectMethodHandle$Holder.invokeStatic(java.lang.Object, java.lang.Object, java.lang.Object)'> (0x000000008a783460) 
thrown [s\src\hotspot\share\interpreter\linkResolver.cpp, line 759]
Event: 2.365 Thread 0x0000024936869f80 Exception <a 'java/lang/ClassNotFoundException'{0x000000008a6610c0}: sun/util/logging/resources/spi/loggingProvider> (0x000000008a6610c0) 
thrown [s\src\hotspot\share\classfile\systemDictionary.cpp, line 256]
Event: 2.732 Thread 0x0000024936869f80 Exception <a 'java/lang/NoSuchMethodError'{0x000000008a6b5c18}: 'int java.lang.invoke.DirectMethodHandle$Holder.invokeStaticInit(java.lang.Object, java.lang.Object, java.lang.Object)'> (0x000000008a6b5c18) 
thrown [s\src\hotspot\share\interpreter\linkResolver.cpp, line 759]
Event: 2.754 Thread 0x0000024936869f80 Exception <a 'java/lang/NoSuchMethodError'{0x000000008a55dd00}: 'java.lang.Object java.lang.invoke.DirectMethodHandle$Holder.newInvokeSpecial(java.lang.Object, java.lang.Object, int, java.lang.Object)'> (0x000000008a55dd00) 
thrown [s\src\hotspot\share\interpreter\linkResolver.cpp, line 759]
Event: 2.755 Thread 0x0000024936869f80 Exception <a 'java/lang/NoSuchMethodError'{0x000000008a561e38}: 'java.lang.Object java.lang.invoke.DirectMethodHandle$Holder.invokeSpecial(java.lang.Object, java.lang.Object, java.lang.Object, int, java.lang.Object)'> (0x000000008a561e38) 
thrown [s\src\hotspot\share\interpreter\linkResolver.cpp, line 759]
Event: 2.807 Thread 0x0000024936ba2be0 Exception <a 'java/lang/NoSuchMethodError'{0x000000008a974530}: 'void java.lang.invoke.DirectMethodHandle$Holder.invokeStaticInit(java.lang.Object)'> (0x000000008a974530) 
thrown [s\src\hotspot\share\interpreter\linkResolver.cpp, line 759]
Event: 2.819 Thread 0x0000024936ae5a00 Exception <a 'java/lang/NoSuchMethodError'{0x000000008a9d3ac0}: 'java.lang.Object java.lang.invoke.Invokers$Holder.invoke_MT(java.lang.Object, java.lang.Object, java.lang.Object)'> (0x000000008a9d3ac0) 
thrown [s\src\hotspot\share\interpreter\linkResolver.cpp, line 759]
Event: 2.875 Thread 0x0000024936ae5a00 Implicit null exception at 0x0000024925bdac77 to 0x0000024925bdb2d8
Event: 2.876 Thread 0x0000024936ae5a00 Implicit null exception at 0x0000024925bd9477 to 0x0000024925bd9ac8
Event: 28.969 Thread 0x00000249366a92e0 Exception <a 'java/lang/NoSuchMethodError'{0x000000008a857b58}: 'void java.lang.invoke.DirectMethodHandle$Holder.invokeInterface(java.lang.Object, java.lang.Object)'> (0x000000008a857b58) 
thrown [s\src\hotspot\share\interpreter\linkResolver.cpp, line 759]
Event: 29.100 Thread 0x0000024936ba30b0 Exception <a 'java/lang/NoSuchMethodError'{0x000000008a80c1e0}: 'void java.lang.invoke.DirectMethodHandle$Holder.invokeSpecial(java.lang.Object, java.lang.Object, int)'> (0x000000008a80c1e0) 
thrown [s\src\hotspot\share\interpreter\linkResolver.cpp, line 759]
Event: 29.100 Thread 0x0000024936ba30b0 Exception <a 'java/lang/NoSuchMethodError'{0x000000008a8474e0}: 'java.lang.Object java.lang.invoke.DirectMethodHandle$Holder.newInvokeSpecial(java.lang.Object, java.lang.Object, int)'> (0x000000008a8474e0) 
thrown [s\src\hotspot\share\interpreter\linkResolver.cpp, line 759]
Event: 32.305 Thread 0x00000249373b5ac0 Exception <a 'java/lang/NoSuchMethodError'{0x000000009c5ace18}: 'java.lang.Object java.lang.invoke.DirectMethodHandle$Holder.invokeSpecial(java.lang.Object, java.lang.Object, int, int, int, int)'> (0x000000009c5ace18) 
thrown [s\src\hotspot\share\interpreter\linkResolver.cpp, line 759]
Event: 32.305 Thread 0x00000249373b4c50 Exception <a 'java/lang/NoSuchMethodError'{0x000000009c4a9f58}: 'java.lang.Object java.lang.invoke.DirectMethodHandle$Holder.invokeSpecial(java.lang.Object, java.lang.Object, int, int, int, int)'> (0x000000009c4a9f58) 
thrown [s\src\hotspot\share\interpreter\linkResolver.cpp, line 759]
Event: 32.305 Thread 0x00000249373b9950 Exception <a 'java/lang/NoSuchMethodError'{0x000000009c42d588}: 'java.lang.Object java.lang.invoke.DirectMethodHandle$Holder.invokeSpecial(java.lang.Object, java.lang.Object, int, int, int, int)'> (0x000000009c42d588) 
thrown [s\src\hotspot\share\interpreter\linkResolver.cpp, line 759]
Event: 32.305 Thread 0x00000249373b5f90 Exception <a 'java/lang/NoSuchMethodError'{0x000000009c323738}: 'java.lang.Object java.lang.invoke.DirectMethodHandle$Holder.invokeSpecial(java.lang.Object, java.lang.Object, int, int, int, int)'> (0x000000009c323738) 
thrown [s\src\hotspot\share\interpreter\linkResolver.cpp, line 759]
Event: 32.305 Thread 0x00000249373b5ac0 Exception <a 'java/lang/NoSuchMethodError'{0x000000009c5b0160}: 'java.lang.Object java.lang.invoke.Invokers$Holder.linkToTargetMethod(int, int, int, int, java.lang.Object)'> (0x000000009c5b0160) 
thrown [s\src\hotspot\share\interpreter\linkResolver.cpp, line 759]
Event: 32.305 Thread 0x00000249373b4c50 Exception <a 'java/lang/NoSuchMethodError'{0x000000009c4ad2a0}: 'java.lang.Object java.lang.invoke.Invokers$Holder.linkToTargetMethod(int, int, int, int, java.lang.Object)'> (0x000000009c4ad2a0) 
thrown [s\src\hotspot\share\interpreter\linkResolver.cpp, line 759]
Event: 32.305 Thread 0x00000249373b5f90 Exception <a 'java/lang/NoSuchMethodError'{0x000000009c326ad0}: 'java.lang.Object java.lang.invoke.Invokers$Holder.linkToTargetMethod(int, int, int, int, java.lang.Object)'> (0x000000009c326ad0) 
thrown [s\src\hotspot\share\interpreter\linkResolver.cpp, line 759]
Event: 32.305 Thread 0x00000249373b9950 Exception <a 'java/lang/NoSuchMethodError'{0x000000009c4308d0}: 'java.lang.Object java.lang.invoke.Invokers$Holder.linkToTargetMethod(int, int, int, int, java.lang.Object)'> (0x000000009c4308d0) 
thrown [s\src\hotspot\share\interpreter\linkResolver.cpp, line 759]

VM Operations (20 events):
Event: 113.118 Executing VM operation: G1Concurrent done
Event: 113.120 Executing VM operation: G1Concurrent
Event: 113.120 Executing VM operation: G1Concurrent done
Event: 113.264 Executing VM operation: G1TryInitiateConcMark
Event: 113.265 Executing VM operation: G1TryInitiateConcMark done
Event: 113.369 Executing VM operation: G1TryInitiateConcMark
Event: 113.373 Executing VM operation: G1TryInitiateConcMark done
Event: 113.474 Executing VM operation: G1TryInitiateConcMark
Event: 113.475 Executing VM operation: G1TryInitiateConcMark done
Event: 113.555 Executing VM operation: G1TryInitiateConcMark
Event: 113.556 Executing VM operation: G1TryInitiateConcMark done
Event: 113.636 Executing VM operation: G1TryInitiateConcMark
Event: 113.636 Executing VM operation: G1TryInitiateConcMark done
Event: 113.637 Executing VM operation: G1CollectForAllocation
Event: 113.638 Executing VM operation: G1CollectForAllocation done
Event: 113.640 Executing VM operation: G1Concurrent
Event: 113.642 Executing VM operation: G1Concurrent done
Event: 113.643 Executing VM operation: G1Concurrent
Event: 113.643 Executing VM operation: G1Concurrent done
Event: 113.715 Executing VM operation: G1TryInitiateConcMark

Events (20 events):
Event: 31.855 loading class java/io/ObjectStreamClass$ExceptionInfo done
Event: 31.884 Thread 0x000002493fcf6990 Thread added: 0x000002493fcf6990
Event: 33.133 Thread 0x000002493fcf6990 Thread exited: 0x000002493fcf6990
Event: 33.146 Thread 0x000002493ebcbe00 Thread exited: 0x000002493ebcbe00
Event: 33.343 Thread 0x000002493fcf6990 Thread added: 0x000002493fcf6990
Event: 33.343 Thread 0x00000249402a42c0 Thread added: 0x00000249402a42c0
Event: 33.531 Thread 0x00000249402a42c0 Thread exited: 0x00000249402a42c0
Event: 33.594 Thread 0x000002493fcf6990 Thread exited: 0x000002493fcf6990
Event: 33.775 Thread 0x000002493fcf6990 Thread added: 0x000002493fcf6990
Event: 33.861 Thread 0x000002493e9f1850 Thread added: 0x000002493e9f1850
Event: 34.486 Thread 0x000002493e9f1850 Thread exited: 0x000002493e9f1850
Event: 34.745 Thread 0x00000249373b9950 Thread exited: 0x00000249373b9950
Event: 34.766 Thread 0x00000249373b5ac0 Thread exited: 0x00000249373b5ac0
Event: 34.795 Thread 0x00000249373b4c50 Thread exited: 0x00000249373b4c50
Event: 34.956 Thread 0x000002493fcf6990 Thread exited: 0x000002493fcf6990
Event: 50.775 Thread 0x0000024940411110 Thread added: 0x0000024940411110
Event: 50.915 Thread 0x0000024940411110 Thread exited: 0x0000024940411110
Event: 105.541 Thread 0x00000249373b5f90 Thread exited: 0x00000249373b5f90
Event: 106.212 loading class jdk/internal/misc/ScopedMemoryAccess$Scope$Handle
Event: 106.212 loading class jdk/internal/misc/ScopedMemoryAccess$Scope$Handle done


Dynamic libraries:
0x00007ff682060000 - 0x00007ff68206e000 	D:\CODE\Greenfoot\jdk\bin\java.exe
0x00007ff841310000 - 0x00007ff841527000 	C:\WINDOWS\SYSTEM32\ntdll.dll
0x00007ff83f850000 - 0x00007ff83f914000 	C:\WINDOWS\System32\KERNEL32.DLL
0x00007ff83e730000 - 0x00007ff83ead5000 	C:\WINDOWS\System32\KERNELBASE.dll
0x00007ff83ef40000 - 0x00007ff83f051000 	C:\WINDOWS\System32\ucrtbase.dll
0x00007ff838150000 - 0x00007ff838168000 	D:\CODE\Greenfoot\jdk\bin\jli.dll
0x00007ff838130000 - 0x00007ff838149000 	D:\CODE\Greenfoot\jdk\bin\VCRUNTIME140.dll
0x00007ff83fae0000 - 0x00007ff83fc8e000 	C:\WINDOWS\System32\USER32.dll
0x00007ff83e680000 - 0x00007ff83e6a6000 	C:\WINDOWS\System32\win32u.dll
0x00007ff821b50000 - 0x00007ff821de3000 	C:\WINDOWS\WinSxS\amd64_microsoft.windows.common-controls_6595b64144ccf1df_6.0.22621.2506_none_270c5ae97388e100\COMCTL32.dll
0x00007ff840110000 - 0x00007ff840139000 	C:\WINDOWS\System32\GDI32.dll
0x00007ff83eba0000 - 0x00007ff83ecb9000 	C:\WINDOWS\System32\gdi32full.dll
0x00007ff83f730000 - 0x00007ff83f7d7000 	C:\WINDOWS\System32\msvcrt.dll
0x00007ff83ecc0000 - 0x00007ff83ed5a000 	C:\WINDOWS\System32\msvcp_win.dll
0x00007ff83fed0000 - 0x00007ff83ff01000 	C:\WINDOWS\System32\IMM32.DLL
0x00007ff83b9a0000 - 0x00007ff83b9ac000 	D:\CODE\Greenfoot\jdk\bin\vcruntime140_1.dll
0x00007ff8026f0000 - 0x00007ff802781000 	D:\CODE\Greenfoot\jdk\bin\msvcp140.dll
0x00007fffeb060000 - 0x00007fffebca6000 	D:\CODE\Greenfoot\jdk\bin\server\jvm.dll
0x00007ff840870000 - 0x00007ff840921000 	C:\WINDOWS\System32\ADVAPI32.dll
0x00007ff840140000 - 0x00007ff8401e6000 	C:\WINDOWS\System32\sechost.dll
0x00007ff83f060000 - 0x00007ff83f177000 	C:\WINDOWS\System32\RPCRT4.dll
0x00007ff8402e0000 - 0x00007ff8402e8000 	C:\WINDOWS\System32\PSAPI.DLL
0x00007ff83b6d0000 - 0x00007ff83b6d9000 	C:\WINDOWS\SYSTEM32\WSOCK32.dll
0x00007ff82cb20000 - 0x00007ff82cb54000 	C:\WINDOWS\SYSTEM32\WINMM.dll
0x00007ff837c00000 - 0x00007ff837c0a000 	C:\WINDOWS\SYSTEM32\VERSION.dll
0x00007ff83f180000 - 0x00007ff83f1f1000 	C:\WINDOWS\System32\WS2_32.dll
0x00007ff83d710000 - 0x00007ff83d728000 	C:\WINDOWS\SYSTEM32\kernel.appcore.dll
0x00007ff83b6a0000 - 0x00007ff83b6aa000 	D:\CODE\Greenfoot\jdk\bin\jimage.dll
0x00007ff8299d0000 - 0x00007ff829c03000 	C:\WINDOWS\SYSTEM32\DBGHELP.DLL
0x00007ff83f3a0000 - 0x00007ff83f729000 	C:\WINDOWS\System32\combase.dll
0x00007ff840030000 - 0x00007ff840107000 	C:\WINDOWS\System32\OLEAUT32.dll
0x00007ff81f6a0000 - 0x00007ff81f6d2000 	C:\WINDOWS\SYSTEM32\dbgcore.DLL
0x00007ff83e6b0000 - 0x00007ff83e72a000 	C:\WINDOWS\System32\bcryptPrimitives.dll
0x00007ffffcd90000 - 0x00007ffffcdcb000 	D:\CODE\Greenfoot\jdk\bin\jdwp.dll
0x00007ff826390000 - 0x00007ff8263b5000 	D:\CODE\Greenfoot\jdk\bin\java.dll
0x00007ffffb430000 - 0x00007ffffb506000 	D:\CODE\Greenfoot\jdk\bin\jsvml.dll
0x00007ff8409e0000 - 0x00007ff841239000 	C:\WINDOWS\System32\SHELL32.dll
0x00007ff83c5b0000 - 0x00007ff83cea4000 	C:\WINDOWS\SYSTEM32\windows.storage.dll
0x00007ff83c470000 - 0x00007ff83c5ae000 	C:\WINDOWS\SYSTEM32\wintypes.dll
0x00007ff83ff30000 - 0x00007ff840023000 	C:\WINDOWS\System32\SHCORE.dll
0x00007ff83fe00000 - 0x00007ff83fe5e000 	C:\WINDOWS\System32\shlwapi.dll
0x00007ff83e5b0000 - 0x00007ff83e5d6000 	C:\WINDOWS\SYSTEM32\profapi.dll
0x00007ff825e70000 - 0x00007ff825e7b000 	D:\CODE\Greenfoot\jdk\bin\dt_shmem.dll
0x00007ff835fe0000 - 0x00007ff835ff9000 	D:\CODE\Greenfoot\jdk\bin\net.dll
0x00007ff838d40000 - 0x00007ff838e77000 	C:\WINDOWS\SYSTEM32\WINHTTP.dll
0x00007ff83dbf0000 - 0x00007ff83dc59000 	C:\WINDOWS\system32\mswsock.dll
0x00007ff82ecb0000 - 0x00007ff82ecc5000 	D:\CODE\Greenfoot\jdk\bin\nio.dll
0x00007ff826400000 - 0x00007ff826418000 	D:\CODE\Greenfoot\jdk\bin\zip.dll
0x00007ffff2dc0000 - 0x00007ffff2f4e000 	D:\CODE\Greenfoot\jdk\bin\awt.dll
0x00007ff83b9f0000 - 0x00007ff83ba87000 	C:\WINDOWS\SYSTEM32\apphelp.dll
0x00007ff83baf0000 - 0x00007ff83bb9b000 	C:\WINDOWS\system32\uxtheme.dll
0x00007ff824fc0000 - 0x00007ff8250f9000 	C:\ProgramData\A-Volute\A-Volute.Nahimic\Modules\Scheduled\x64\AudioDevProps2.dll
0x00007ff83f200000 - 0x00007ff83f3a0000 	C:\WINDOWS\System32\ole32.dll
0x00007ff83fc90000 - 0x00007ff83fddf000 	C:\WINDOWS\System32\MSCTF.dll
0x00007ff83de40000 - 0x00007ff83de5b000 	C:\WINDOWS\SYSTEM32\CRYPTSP.dll
0x00007ff83d6d0000 - 0x00007ff83d705000 	C:\WINDOWS\system32\rsaenh.dll
0x00007ff83dce0000 - 0x00007ff83dd0c000 	C:\WINDOWS\SYSTEM32\USERENV.dll
0x00007ff83e010000 - 0x00007ff83e038000 	C:\WINDOWS\SYSTEM32\bcrypt.dll
0x00007ff83de60000 - 0x00007ff83de6c000 	C:\WINDOWS\SYSTEM32\CRYPTBASE.dll
0x00007ff83d180000 - 0x00007ff83d1ad000 	C:\WINDOWS\SYSTEM32\IPHLPAPI.DLL
0x00007ff83f840000 - 0x00007ff83f849000 	C:\WINDOWS\System32\NSI.dll
0x00007ff838c70000 - 0x00007ff838c89000 	C:\WINDOWS\SYSTEM32\dhcpcsvc6.DLL
0x00007ff838c40000 - 0x00007ff838c5f000 	C:\WINDOWS\SYSTEM32\dhcpcsvc.DLL
0x00007ff83d1f0000 - 0x00007ff83d2e9000 	C:\WINDOWS\SYSTEM32\DNSAPI.dll
0x00007ff83bd70000 - 0x00007ff83bd9b000 	C:\WINDOWS\system32\DWMAPI.DLL
0x00007ff80f130000 - 0x00007ff80f230000 	C:\WINDOWS\system32\opengl32.dll
0x00007ff80f790000 - 0x00007ff80f7bd000 	C:\WINDOWS\SYSTEM32\GLU32.dll
0x00007ff83bde0000 - 0x00007ff83be16000 	C:\WINDOWS\SYSTEM32\dxcore.dll
0x00000249357b0000 - 0x00000249357b3000 	C:\Users\Abraham Willem H\.openjfx\cache\20.0.1+2\amd64\api-ms-win-core-console-l1-1-0.dll
0x00000249357c0000 - 0x00000249357c3000 	C:\Users\Abraham Willem H\.openjfx\cache\20.0.1+2\amd64\api-ms-win-core-console-l1-2-0.dll
0x00000249357d0000 - 0x00000249357d3000 	C:\Users\Abraham Willem H\.openjfx\cache\20.0.1+2\amd64\api-ms-win-core-datetime-l1-1-0.dll
0x00000249357e0000 - 0x00000249357e3000 	C:\Users\Abraham Willem H\.openjfx\cache\20.0.1+2\amd64\api-ms-win-core-debug-l1-1-0.dll
0x00000249357f0000 - 0x00000249357f3000 	C:\Users\Abraham Willem H\.openjfx\cache\20.0.1+2\amd64\api-ms-win-core-errorhandling-l1-1-0.dll
0x0000024936c00000 - 0x0000024936c04000 	C:\Users\Abraham Willem H\.openjfx\cache\20.0.1+2\amd64\api-ms-win-core-file-l1-1-0.dll
0x0000024936c10000 - 0x0000024936c13000 	C:\Users\Abraham Willem H\.openjfx\cache\20.0.1+2\amd64\api-ms-win-core-file-l1-2-0.dll
0x0000024936c20000 - 0x0000024936c23000 	C:\Users\Abraham Willem H\.openjfx\cache\20.0.1+2\amd64\api-ms-win-core-file-l2-1-0.dll
0x0000024936c30000 - 0x0000024936c33000 	C:\Users\Abraham Willem H\.openjfx\cache\20.0.1+2\amd64\api-ms-win-core-handle-l1-1-0.dll
0x0000024936c40000 - 0x0000024936c43000 	C:\Users\Abraham Willem H\.openjfx\cache\20.0.1+2\amd64\api-ms-win-core-heap-l1-1-0.dll
0x0000024936c50000 - 0x0000024936c53000 	C:\Users\Abraham Willem H\.openjfx\cache\20.0.1+2\amd64\api-ms-win-core-interlocked-l1-1-0.dll
0x0000024936c60000 - 0x0000024936c63000 	C:\Users\Abraham Willem H\.openjfx\cache\20.0.1+2\amd64\api-ms-win-core-libraryloader-l1-1-0.dll
0x0000024936c70000 - 0x0000024936c73000 	C:\Users\Abraham Willem H\.openjfx\cache\20.0.1+2\amd64\api-ms-win-core-localization-l1-2-0.dll
0x0000024936c90000 - 0x0000024936c93000 	C:\Users\Abraham Willem H\.openjfx\cache\20.0.1+2\amd64\api-ms-win-core-memory-l1-1-0.dll
0x0000024936ca0000 - 0x0000024936ca3000 	C:\Users\Abraham Willem H\.openjfx\cache\20.0.1+2\amd64\api-ms-win-core-namedpipe-l1-1-0.dll
0x0000024936cb0000 - 0x0000024936cb3000 	C:\Users\Abraham Willem H\.openjfx\cache\20.0.1+2\amd64\api-ms-win-core-processenvironment-l1-1-0.dll
0x0000024936cc0000 - 0x0000024936cc3000 	C:\Users\Abraham Willem H\.openjfx\cache\20.0.1+2\amd64\api-ms-win-core-processthreads-l1-1-0.dll
0x0000024936cd0000 - 0x0000024936cd3000 	C:\Users\Abraham Willem H\.openjfx\cache\20.0.1+2\amd64\api-ms-win-core-processthreads-l1-1-1.dll
0x0000024936ce0000 - 0x0000024936ce3000 	C:\Users\Abraham Willem H\.openjfx\cache\20.0.1+2\amd64\api-ms-win-core-profile-l1-1-0.dll
0x0000024936cf0000 - 0x0000024936cf3000 	C:\Users\Abraham Willem H\.openjfx\cache\20.0.1+2\amd64\api-ms-win-core-rtlsupport-l1-1-0.dll
0x0000024936d00000 - 0x0000024936d03000 	C:\Users\Abraham Willem H\.openjfx\cache\20.0.1+2\amd64\api-ms-win-core-string-l1-1-0.dll
0x0000024936d10000 - 0x0000024936d13000 	C:\Users\Abraham Willem H\.openjfx\cache\20.0.1+2\amd64\api-ms-win-core-synch-l1-1-0.dll
0x0000024936d20000 - 0x0000024936d23000 	C:\Users\Abraham Willem H\.openjfx\cache\20.0.1+2\amd64\api-ms-win-core-synch-l1-2-0.dll
0x0000024936d30000 - 0x0000024936d33000 	C:\Users\Abraham Willem H\.openjfx\cache\20.0.1+2\amd64\api-ms-win-core-sysinfo-l1-1-0.dll
0x0000024936d40000 - 0x0000024936d43000 	C:\Users\Abraham Willem H\.openjfx\cache\20.0.1+2\amd64\api-ms-win-core-timezone-l1-1-0.dll
0x0000024936d50000 - 0x0000024936d53000 	C:\Users\Abraham Willem H\.openjfx\cache\20.0.1+2\amd64\api-ms-win-core-util-l1-1-0.dll
0x0000024936d60000 - 0x0000024936d63000 	C:\Users\Abraham Willem H\.openjfx\cache\20.0.1+2\amd64\api-ms-win-crt-conio-l1-1-0.dll
0x0000024936d70000 - 0x0000024936d74000 	C:\Users\Abraham Willem H\.openjfx\cache\20.0.1+2\amd64\api-ms-win-crt-convert-l1-1-0.dll
0x00000249382b0000 - 0x00000249382b3000 	C:\Users\Abraham Willem H\.openjfx\cache\20.0.1+2\amd64\api-ms-win-crt-environment-l1-1-0.dll
0x00000249382c0000 - 0x00000249382c3000 	C:\Users\Abraham Willem H\.openjfx\cache\20.0.1+2\amd64\api-ms-win-crt-filesystem-l1-1-0.dll
0x00000249382d0000 - 0x00000249382d3000 	C:\Users\Abraham Willem H\.openjfx\cache\20.0.1+2\amd64\api-ms-win-crt-heap-l1-1-0.dll
0x00000249382e0000 - 0x00000249382e3000 	C:\Users\Abraham Willem H\.openjfx\cache\20.0.1+2\amd64\api-ms-win-crt-locale-l1-1-0.dll
0x00000249382f0000 - 0x00000249382f5000 	C:\Users\Abraham Willem H\.openjfx\cache\20.0.1+2\amd64\api-ms-win-crt-math-l1-1-0.dll
0x0000024938300000 - 0x0000024938305000 	C:\Users\Abraham Willem H\.openjfx\cache\20.0.1+2\amd64\api-ms-win-crt-multibyte-l1-1-0.dll
0x0000024938310000 - 0x0000024938320000 	C:\Users\Abraham Willem H\.openjfx\cache\20.0.1+2\amd64\api-ms-win-crt-private-l1-1-0.dll
0x0000024938320000 - 0x0000024938323000 	C:\Users\Abraham Willem H\.openjfx\cache\20.0.1+2\amd64\api-ms-win-crt-process-l1-1-0.dll
0x0000024938330000 - 0x0000024938334000 	C:\Users\Abraham Willem H\.openjfx\cache\20.0.1+2\amd64\api-ms-win-crt-runtime-l1-1-0.dll
0x0000024938340000 - 0x0000024938344000 	C:\Users\Abraham Willem H\.openjfx\cache\20.0.1+2\amd64\api-ms-win-crt-stdio-l1-1-0.dll
0x0000024938350000 - 0x0000024938354000 	C:\Users\Abraham Willem H\.openjfx\cache\20.0.1+2\amd64\api-ms-win-crt-string-l1-1-0.dll
0x0000024938360000 - 0x0000024938363000 	C:\Users\Abraham Willem H\.openjfx\cache\20.0.1+2\amd64\api-ms-win-crt-time-l1-1-0.dll
0x0000024938370000 - 0x0000024938373000 	C:\Users\Abraham Willem H\.openjfx\cache\20.0.1+2\amd64\api-ms-win-crt-utility-l1-1-0.dll
0x00007ffff5490000 - 0x00007ffff558c000 	C:\Users\Abraham Willem H\.openjfx\cache\20.0.1+2\amd64\ucrtbase.dll
0x00007ff826370000 - 0x00007ff82638b000 	C:\Users\Abraham Willem H\.openjfx\cache\20.0.1+2\amd64\vcruntime140.dll
0x00007ff83b620000 - 0x00007ff83b62c000 	C:\Users\Abraham Willem H\.openjfx\cache\20.0.1+2\amd64\vcruntime140_1.dll
0x00007ffffd460000 - 0x00007ffffd4ee000 	C:\Users\Abraham Willem H\.openjfx\cache\20.0.1+2\amd64\msvcp140.dll
0x00007ff839740000 - 0x00007ff839749000 	C:\Users\Abraham Willem H\.openjfx\cache\20.0.1+2\amd64\msvcp140_1.dll
0x00007ff826340000 - 0x00007ff826370000 	C:\Users\Abraham Willem H\.openjfx\cache\20.0.1+2\amd64\msvcp140_2.dll
0x00007ff825ab0000 - 0x00007ff825adf000 	C:\Users\Abraham Willem H\.openjfx\cache\20.0.1+2\amd64\prism_d3d.dll
0x00007ff800130000 - 0x00007ff8002d9000 	C:\WINDOWS\system32\d3d9.dll
0x00007fffd78b0000 - 0x00007fffd7a5f000 	C:\WINDOWS\System32\DriverStore\FileRepository\iigd_dch.inf_amd64_51f685305808e3a5\igdumdim64.dll
0x00007fffd1770000 - 0x00007fffd4813000 	C:\WINDOWS\System32\DriverStore\FileRepository\iigd_dch.inf_amd64_51f685305808e3a5\igd9dxva64.dll
0x00007ff8402f0000 - 0x00007ff840764000 	C:\WINDOWS\System32\SETUPAPI.dll
0x00007ff83e370000 - 0x00007ff83e3be000 	C:\WINDOWS\SYSTEM32\cfgmgr32.dll
0x00007ff834460000 - 0x00007ff834869000 	C:\WINDOWS\System32\DriverStore\FileRepository\iigd_dch.inf_amd64_51f685305808e3a5\igdgmm64.dll
0x00007ff838600000 - 0x00007ff83864a000 	C:\WINDOWS\SYSTEM32\directxdatabasehelper.dll
0x00007ff80ade0000 - 0x00007ff80ae22000 	C:\Users\Abraham Willem H\.openjfx\cache\20.0.1+2\amd64\glass.dll
0x00007ff840770000 - 0x00007ff840869000 	C:\WINDOWS\System32\COMDLG32.dll
0x00007ffff1b50000 - 0x00007ffff1b77000 	C:\WINDOWS\System32\DriverStore\FileRepository\iigd_dch.inf_amd64_51f685305808e3a5\igdinfo64.dll
0x00007ff830210000 - 0x00007ff8339a4000 	C:\WINDOWS\System32\DriverStore\FileRepository\iigd_dch.inf_amd64_51f685305808e3a5\igc64.dll
0x00007ff824f60000 - 0x00007ff824f70000 	D:\CODE\Greenfoot\jdk\bin\verify.dll

dbghelp: loaded successfully - version: 4.0.5 - missing functions: none
symbol engine: initialized successfully - sym options: 0x614 - pdb path: .;D:\CODE\Greenfoot\jdk\bin;C:\WINDOWS\SYSTEM32;C:\WINDOWS\WinSxS\amd64_microsoft.windows.common-controls_6595b64144ccf1df_6.0.22621.2506_none_270c5ae97388e100;D:\CODE\Greenfoot\jdk\bin\server;C:\ProgramData\A-Volute\A-Volute.Nahimic\Modules\Scheduled\x64;C:\Users\Abraham Willem H\.openjfx\cache\20.0.1+2\amd64;C:\WINDOWS\System32\DriverStore\FileRepository\iigd_dch.inf_amd64_51f685305808e3a5

VM Arguments:
jvm_args: -XX:MaxGCPauseMillis=50 -agentlib:jdwp=transport=dt_shmem,address=javadebug -Dfile.encoding=UTF-8 
java_command: bluej.runtime.ExecServer UTF-8
java_class_path (initial): D:\CODE\Greenfoot\lib\greenfoot.jar;D:\CODE\Greenfoot\lib\javafx-base-20.0.1-win.jar;D:\CODE\Greenfoot\lib\javafx-base-20.0.1.jar;D:\CODE\Greenfoot\lib\javafx-controls-20.0.1-win.jar;D:\CODE\Greenfoot\lib\javafx-controls-20.0.1.jar;D:\CODE\Greenfoot\lib\javafx-fxml-20.0.1-win.jar;D:\CODE\Greenfoot\lib\javafx-graphics-20.0.1-win.jar;D:\CODE\Greenfoot\lib\javafx-graphics-20.0.1.jar;D:\CODE\Greenfoot\lib\javafx-media-20.0.1-win.jar;D:\CODE\Greenfoot\lib\javafx-media-20.0.1.jar;D:\CODE\Greenfoot\lib\javafx-swing-20.0.1-win.jar;D:\CODE\Greenfoot\lib\javafx-web-20.0.1-win.jar;D:\CODE\Greenfoot\lib\junit-4.12.jar;D:\CODE\Greenfoot\lib\junit-jupiter-5.5.2.jar;D:\CODE\Greenfoot\lib\junit-jupiter-api-5.5.2.jar;D:\CODE\Greenfoot\lib\junit-jupiter-engine-5.5.2.jar;D:\CODE\Greenfoot\lib\junit-jupiter-params-5.5.2.jar;D:\CODE\Greenfoot\lib\junit-platform-commons-1.5.2.jar;D:\CODE\Greenfoot\lib\junit-platform-engine-1.5.2.jar;D:\CODE\Greenfoot\lib\junit-platform-launcher-1.5.2.jar;D:\CODE\Greenfoot\lib\junit-platform-suite-api-1.5.2.jar;D:\CODE\Greenfoot\lib\junit-vintage-engine-5.5.2.jar;D:\CODE\Greenfoot\lib\hamcrest-core-1.3.jar;D:\CODE\Greenfoot\lib\opentest4j-1.2.0.jar;D:\CODE\Greenfoot\lib\bluej.jar;D:\CODE\Greenfoot\lib\classgraph-4.8.90.jar;D:\CODE\Greenfoot\lib\diffutils-1.2.1.jar;D:\CODE\Greenfoot\lib\commons-logging-1.2.jar;D:\CODE\Greenfoot\lib\jl1.0.1.jar;D:\CODE\Greenfoot\lib\opencsv-2.3.jar;D:\CODE\Greenfoot\lib\opencsv-2.4.jar;D:\CODE\Greenfoot\lib\xom-1.3.7.jar;D:\CODE\Greenfoot\lib\lang-stride.jar;D:\CODE\Greenfoot\lib\nsmenufx-2.1.8.jar;D:\CODE\Greenfoot\lib\wellbehavedfx-0.3.3.jar;D:\CODE\Greenfoot\lib\guava-17.0.jar;D:\CODE\Greenfoot\lib\httpclient-4.3.6.jar;D:\CODE\Greenfoot\lib\httpcore-4.3.3.jar;D:\CODE\Greenfoot\lib\httpmime-4.1.1.jar
Launcher Type: SUN_STANDARD

[Global flags]
     intx CICompilerCount                          = 4                                         {product} {ergonomic}
     uint ConcGCThreads                            = 3                                         {product} {ergonomic}
     uint G1ConcRefinementThreads                  = 10                                        {product} {ergonomic}
   size_t G1HeapRegionSize                         = 1048576                                   {product} {ergonomic}
    uintx GCDrainStackTargetSize                   = 64                                        {product} {ergonomic}
   size_t InitialHeapSize                          = 132120576                                 {product} {ergonomic}
   size_t MarkStackSize                            = 4194304                                   {product} {ergonomic}
    uintx MaxGCPauseMillis                         = 50                                        {product} {command line}
   size_t MaxHeapSize                              = 2101346304                                {product} {ergonomic}
   size_t MaxNewSize                               = 1260388352                                {product} {ergonomic}
   size_t MinHeapDeltaBytes                        = 1048576                                   {product} {ergonomic}
   size_t MinHeapSize                              = 8388608                                   {product} {ergonomic}
    uintx NonNMethodCodeHeapSize                   = 5839372                                {pd product} {ergonomic}
    uintx NonProfiledCodeHeapSize                  = 122909434                              {pd product} {ergonomic}
    uintx ProfiledCodeHeapSize                     = 122909434                              {pd product} {ergonomic}
    uintx ReservedCodeCacheSize                    = 251658240                              {pd product} {ergonomic}
     bool SegmentedCodeCache                       = true                                      {product} {ergonomic}
   size_t SoftMaxHeapSize                          = 2101346304                             {manageable} {ergonomic}
     bool UseCompressedClassPointers               = true                           {product lp64_product} {ergonomic}
     bool UseCompressedOops                        = true                           {product lp64_product} {ergonomic}
     bool UseG1GC                                  = true                                      {product} {ergonomic}
     bool UseLargePagesIndividualAllocation        = false                                  {pd product} {ergonomic}

Logging:
Log output configuration:
 #0: stdout all=warning uptime,level,tags
 #1: stderr all=off uptime,level,tags

Environment Variables:
JAVA_HOME=C:\Users\Abraham Willem H\AppData\Local\Programs\Eclipse Adoptium\jdk-17.0.8.101-hotspot\
PATH=C:\Program Files\Common Files\Oracle\Java\javapath;C:\Program Files (x86)\Common Files\Oracle\Java\javapath;C:\Windows\system32;C:\Windows;C:\Windows\System32\Wbem;C:\Windows\System32\WindowsPowerShell\v1.0\;C:\Windows\System32\OpenSSH\;C:\Program Files (x86)\NVIDIA Corporation\PhysX\Common;C:\Program Files\NVIDIA Corporation\NVIDIA NvDLISR;C:\WINDOWS\system32;C:\WINDOWS;C:\WINDOWS\System32\Wbem;C:\WINDOWS\System32\WindowsPowerShell\v1.0\;C:\WINDOWS\System32\OpenSSH\;C:\MinGW\bin;C:\Program Files\dotnet\;C:\Users\Abraham Willem H\AppData\Local\Programs\Python\Python310;C:\Users\Abraham Willem H\AppData\Local\Programs\Python\Python310\Scripts;C:\WINDOWS\system32;C:\WINDOWS;C:\WINDOWS\System32\Wbem;C:\WINDOWS\System32\WindowsPowerShell\v1.0\;C:\WINDOWS\System32\OpenSSH\;C:\FPC\3.2.2\bin\i386-Win32;C:\Program Files (x86)\Microsoft SQL Server\160\Tools\Binn\;C:\Program Files\Microsoft SQL Server\160\Tools\Binn\;C:\Program Files\Microsoft SQL Server\Client SDK\ODBC\170\Tools\Binn\;C:\Program Files\Microsoft SQL Server\160\DTS\Binn\;C:\Program Files (x86)\Microsoft SQL Server\160\DTS\Binn\;C:\Program Files\Azure Data Studio\bin;C:\Program Files\PowerShell\7\;C:\Users\Abraham Willem H\.cargo\bin;C:\Users\Abraham Willem H\AppData\Local\Programs\Eclipse Adoptium\jdk-17.0.8.101-hotspot\bin;C:\Users\Abraham Willem H\AppData\Local\Programs\Python\Python311\Scripts\;C:\Users\Abraham Willem H\AppData\Local\Programs\Python\Python311\;C:\Users\Abraham Willem H\AppData\Local\Microsoft\WindowsApps;C:\Users\Abraham Willem H\AppData\Local\Programs\Microsoft VS Code\bin;C:\MinGW\bin;C:\Users\Abraham Willem H\.dotnet\tools;C:\Program Files\JetBrains\IntelliJ IDEA Community Edition 2022.2.2\bin;;C:\Users\Abraham Willem H\AppData\Local\GitHubDesktop\bin;;C:\Program Files\Azure Data Studio\bin
USERNAME=Abraham Willem H
OS=Windows_NT
PROCESSOR_IDENTIFIER=Intel64 Family 6 Model 165 Stepping 2, GenuineIntel
TMP=C:\Users\ABRAHA~1\AppData\Local\Temp
TEMP=C:\Users\ABRAHA~1\AppData\Local\Temp



---------------  S Y S T E M  ---------------

OS:
 Windows 11 , 64 bit Build 22621 (10.0.22621.2506)
OS uptime: 0 days 1:26 hours

CPU: total 12 (initial active 12) (6 cores per cpu, 2 threads per core) family 6 model 165 stepping 2 microcode 0xe2, cx8, cmov, fxsr, ht, mmx, 3dnowpref, sse, sse2, sse3, ssse3, sse4.1, sse4.2, popcnt, lzcnt, tsc, tscinvbit, avx, avx2, aes, erms, clmul, bmi1, bmi2, adx, fma, vzeroupper, clflush, clflushopt

Memory: 4k page, system-wide physical 8013M (1799M free)
TotalPageFile size 9096M (AvailPageFile size 153M)
current process WorkingSet (physical memory assigned to process): 327M, peak: 405M
current process commit charge ("private bytes"): 367M, peak: 615M

vm_info: OpenJDK 64-Bit Server VM (17.0.4.1+1) for windows-amd64 JRE (17.0.4.1+1), built on Aug 17 2022 07:42:43 by "temurin" with MS VC++ 16.7 (VS2019)

END.
