#
# There is insufficient memory for the Java Runtime Environment to continue.
# Native memory allocation (mmap) failed to map 205520896 bytes for G1 virtual space
# Possible reasons:
#   The system is out of physical RAM or swap space
#   The process is running with CompressedOops enabled, and the Java Heap may be blocking the growth of the native heap
# Possible solutions:
#   Reduce memory load on the system
#   Increase physical memory or swap space
#   Check if swap backing store is full
#   Decrease Java heap size (-Xmx/-Xms)
#   Decrease number of Java threads
#   Decrease Java thread stack sizes (-Xss)
#   Set larger code cache with -XX:ReservedCodeCacheSize=
#   JVM is running with Unscaled Compressed Oops mode in which the Java heap is
#     placed in the first 4GB address space. The Java Heap base address is the
#     maximum limit for the native heap growth. Please use -XX:HeapBaseMinAddress
#     to set the Java Heap base and to place the Java Heap above 4GB virtual address.
# This output file may be truncated or incomplete.
#
#  Out of Memory Error (os_windows.cpp:3541), pid=9996, tid=1072
#
# JRE version: OpenJDK Runtime Environment Temurin-17.0.4.1+1 (17.0.4.1+1) (build 17.0.4.1+1)
# Java VM: OpenJDK 64-Bit Server VM Temurin-17.0.4.1+1 (17.0.4.1+1, mixed mode, sharing, tiered, compressed oops, compressed class ptrs, g1 gc, windows-amd64)
# No core dump will be written. Minidumps are not enabled by default on client versions of Windows
#

---------------  S U M M A R Y ------------

Command Line: -XX:MaxGCPauseMillis=50 -agentlib:jdwp=transport=dt_shmem,address=javadebug -Dfile.encoding=UTF-8 bluej.runtime.ExecServer UTF-8

Host: Intel(R) Core(TM) i5-10500H CPU @ 2.50GHz, 12 cores, 7G,  Windows 11 , 64 bit Build 22621 (10.0.22621.2506)
Time: Mon Dec 11 10:39:27 2023 SE Asia Standard Time elapsed time: 435.863074 seconds (0d 0h 7m 15s)

---------------  T H R E A D  ---------------

Current thread (0x000002857c127d10):  VMThread "VM Thread" [stack: 0x000000db59900000,0x000000db59a00000] [id=1072]

Stack: [0x000000db59900000,0x000000db59a00000]
Native frames: (J=compiled Java code, j=interpreted, Vv=VM code, C=native code)
V  [jvm.dll+0x67731a]
V  [jvm.dll+0x832284]
V  [jvm.dll+0x833a2e]
V  [jvm.dll+0x834093]
V  [jvm.dll+0x245775]
V  [jvm.dll+0x674209]
V  [jvm.dll+0x668a92]
V  [jvm.dll+0x30471b]
V  [jvm.dll+0x30bc66]
V  [jvm.dll+0x35ba9e]
V  [jvm.dll+0x35bccf]
V  [jvm.dll+0x2db5b8]
V  [jvm.dll+0x2d986c]
V  [jvm.dll+0x2d8e3c]
V  [jvm.dll+0x31d0c1]
V  [jvm.dll+0x83853b]
V  [jvm.dll+0x839274]
V  [jvm.dll+0x83978c]
V  [jvm.dll+0x839b64]
V  [jvm.dll+0x839c30]
V  [jvm.dll+0x7e240a]
V  [jvm.dll+0x6761a5]
C  [ucrtbase.dll+0x29363]
C  [KERNEL32.DLL+0x1257d]
C  [ntdll.dll+0x5aa58]

VM_Operation (0x000000db5bffe4a0): G1TryInitiateConcMark, mode: safepoint, requested by thread 0x000002857d4eddb0


---------------  P R O C E S S  ---------------

Threads class SMR info:
_java_thread_list=0x000002857d684b00, length=27, elements={
0x000002857c12d0b0, 0x000002857c12e6c0, 0x000002857c1403a0, 0x000002857c142d70,
0x000002857c143720, 0x000002857c144870, 0x000002857c145cf0, 0x000002857c146790,
0x000002857c1480c0, 0x000002857cd148b0, 0x000002857cd37940, 0x000002857cd37e30,
0x000002857cd3eb10, 0x000002857cd4e2a0, 0x000002857d10bd90, 0x000002857d150040,
0x000002857d157d60, 0x000002855da31750, 0x000002857d4ec0d0, 0x000002857d4ee750,
0x000002857d4ef0f0, 0x000002857d4ed410, 0x000002857d4eddb0, 0x000002857d4eec20,
0x000002857e31b750, 0x000002857e319f40, 0x000002857e31adb0
}

Java Threads: ( => current thread )
  0x000002857c12d0b0 JavaThread "Reference Handler" daemon [_thread_blocked, id=3460, stack(0x000000db59a00000,0x000000db59b00000)]
  0x000002857c12e6c0 JavaThread "Finalizer" daemon [_thread_blocked, id=9568, stack(0x000000db59b00000,0x000000db59c00000)]
  0x000002857c1403a0 JavaThread "Signal Dispatcher" daemon [_thread_blocked, id=10080, stack(0x000000db59c00000,0x000000db59d00000)]
  0x000002857c142d70 JavaThread "Attach Listener" daemon [_thread_blocked, id=14796, stack(0x000000db59d00000,0x000000db59e00000)]
  0x000002857c143720 JavaThread "Service Thread" daemon [_thread_blocked, id=15288, stack(0x000000db59e00000,0x000000db59f00000)]
  0x000002857c144870 JavaThread "Monitor Deflation Thread" daemon [_thread_blocked, id=7520, stack(0x000000db59f00000,0x000000db5a000000)]
  0x000002857c145cf0 JavaThread "C2 CompilerThread0" daemon [_thread_blocked, id=9552, stack(0x000000db5a000000,0x000000db5a100000)]
  0x000002857c146790 JavaThread "C1 CompilerThread0" daemon [_thread_blocked, id=12100, stack(0x000000db5a100000,0x000000db5a200000)]
  0x000002857c1480c0 JavaThread "Sweeper thread" daemon [_thread_blocked, id=13028, stack(0x000000db5a200000,0x000000db5a300000)]
  0x000002857cd148b0 JavaThread "JDWP Transport Listener: dt_shmem" daemon [_thread_blocked, id=1872, stack(0x000000db5a300000,0x000000db5a400000)]
  0x000002857cd37940 JavaThread "JDWP Event Helper Thread" daemon [_thread_blocked, id=16168, stack(0x000000db5a400000,0x000000db5a500000)]
  0x000002857cd37e30 JavaThread "JDWP Command Reader" daemon [_thread_in_native, id=13800, stack(0x000000db5a500000,0x000000db5a600000)]
  0x000002857cd3eb10 JavaThread "Notification Thread" daemon [_thread_blocked, id=11640, stack(0x000000db5a600000,0x000000db5a700000)]
  0x000002857cd4e2a0 JavaThread "Common-Cleaner" daemon [_thread_blocked, id=4656, stack(0x000000db5a800000,0x000000db5a900000)]
  0x000002857d10bd90 JavaThread "Java2D Disposer" daemon [_thread_blocked, id=13096, stack(0x000000db5a900000,0x000000db5aa00000)]
  0x000002857d150040 JavaThread "AWT-Windows" daemon [_thread_in_native, id=8840, stack(0x000000db5ab00000,0x000000db5ac00000)]
  0x000002857d157d60 JavaThread "BlueJ worker thread" [_thread_blocked, id=14648, stack(0x000000db5ad00000,0x000000db5ae00000)]
  0x000002855da31750 JavaThread "DestroyJavaVM" [_thread_blocked, id=15920, stack(0x000000db59300000,0x000000db59400000)]
  0x000002857d4ec0d0 JavaThread "QuantumRenderer-0" daemon [_thread_blocked, id=7888, stack(0x000000db5b900000,0x000000db5ba00000)]
  0x000002857d4ee750 JavaThread "InvokeLaterDispatcher" daemon [_thread_blocked, id=6088, stack(0x000000db5ba00000,0x000000db5bb00000)]
  0x000002857d4ef0f0 JavaThread "JavaFX Application Thread" [_thread_in_native, id=10588, stack(0x000000db5bb00000,0x000000db5bc00000)]
  0x000002857d4ed410 JavaThread "Thread-2" daemon [_thread_blocked, id=12492, stack(0x000000db5ac00000,0x000000db5ad00000)]
  0x000002857d4eddb0 JavaThread "VMCommsSimulation" [_thread_blocked, id=5496, stack(0x000000db5bf00000,0x000000db5c000000)]
  0x000002857d4eec20 JavaThread "SimulationThread" [_thread_blocked, id=3696, stack(0x000000db5c300000,0x000000db5c400000)]
  0x000002857e31b750 JavaThread "main" [_thread_blocked, id=2976, stack(0x000000db59200000,0x000000db59300000)]
  0x000002857e319f40 JavaThread "Java Sound Event Dispatcher" daemon [_thread_blocked, id=360, stack(0x000000db5b500000,0x000000db5b600000)]
  0x000002857e31adb0 JavaThread "SoundStream:file:/D:/CODE/Greenfoot/CODES/The%20Whiskers'%20Redemption/sounds/mainMusic.mp3" [_thread_blocked, id=14824, stack(0x000000db5c800000,0x000000db5c900000)]

Other Threads:
=>0x000002857c127d10 VMThread "VM Thread" [stack: 0x000000db59900000,0x000000db59a00000] [id=1072]
  0x000002857cd3efe0 WatcherThread [stack: 0x000000db5a700000,0x000000db5a800000] [id=14116]
  0x000002855da8bdd0 GCTaskThread "GC Thread#0" [stack: 0x000000db59400000,0x000000db59500000] [id=11680]
  0x000002857d3155c0 GCTaskThread "GC Thread#1" [stack: 0x000000db5aa00000,0x000000db5ab00000] [id=2480]
  0x000002857d349ff0 GCTaskThread "GC Thread#2" [stack: 0x000000db5af00000,0x000000db5b000000] [id=5256]
  0x000002857d34a6b0 GCTaskThread "GC Thread#3" [stack: 0x000000db5b000000,0x000000db5b100000] [id=6520]
  0x000002857d35bad0 GCTaskThread "GC Thread#4" [stack: 0x000000db5b100000,0x000000db5b200000] [id=3872]
  0x000002857d35c190 GCTaskThread "GC Thread#5" [stack: 0x000000db5b200000,0x000000db5b300000] [id=5304]
  0x000002857d35c810 GCTaskThread "GC Thread#6" [stack: 0x000000db5b300000,0x000000db5b400000] [id=5572]
  0x000002857d35cac0 GCTaskThread "GC Thread#7" [stack: 0x000000db5b400000,0x000000db5b500000] [id=14560]
  0x000002857d4e9230 GCTaskThread "GC Thread#8" [stack: 0x000000db5b700000,0x000000db5b800000] [id=16176]
  0x000002857d7fea80 GCTaskThread "GC Thread#9" [stack: 0x000000db5b800000,0x000000db5b900000] [id=7088]
  0x000002855da9c790 ConcurrentGCThread "G1 Main Marker" [stack: 0x000000db59500000,0x000000db59600000] [id=11664]
  0x000002855da9e950 ConcurrentGCThread "G1 Conc#0" [stack: 0x000000db59600000,0x000000db59700000] [id=12608]
  0x000002857e0e3d90 ConcurrentGCThread "G1 Conc#1" [stack: 0x000000db5c900000,0x000000db5ca00000] [id=14748]
  0x000002857e0e45a0 ConcurrentGCThread "G1 Conc#2" [stack: 0x000000db5ca00000,0x000000db5cb00000] [id=8172]
  0x000002855dafd020 ConcurrentGCThread "G1 Refine#0" [stack: 0x000000db59700000,0x000000db59800000] [id=12912]
  0x000002855dafda40 ConcurrentGCThread "G1 Service" [stack: 0x000000db59800000,0x000000db59900000] [id=12612]

Threads with active compile tasks:

VM state: at safepoint (normal execution)

VM Mutex/Monitor currently owned by a thread:  ([mutex/lock_event])
[0x000002855da2d220] Threads_lock - owner thread: 0x000002857c127d10
[0x000002855da2db20] Heap_lock - owner thread: 0x000002857d4eddb0

Heap address: 0x0000000082c00000, size: 2004 MB, Compressed Oops mode: 32-bit

CDS archive(s) mapped at: [0x0000000800000000-0x0000000800bc0000-0x0000000800bc0000), size 12320768, SharedBaseAddress: 0x0000000800000000, ArchiveRelocationMode: 0.
Compressed class space mapped at: 0x0000000800c00000-0x0000000840c00000, reserved size: 1073741824
Narrow klass base: 0x0000000800000000, Narrow klass shift: 0, Narrow klass range: 0x100000000

GC Precious Log:
 CPUs: 12 total, 12 available
 Memory: 8013M
 Large Page Support: Disabled
 NUMA Support: Disabled
 Compressed Oops: Enabled (32-bit)
 Heap Region Size: 1M
 Heap Min Capacity: 8M
 Heap Initial Capacity: 126M
 Heap Max Capacity: 2004M
 Pre-touch: Disabled
 Parallel Workers: 10
 Concurrent Workers: 3
 Concurrent Refinement Workers: 10
 Periodic GC: Disabled

Heap:
 garbage-first heap   total 270336K, used 61294K [0x0000000082c00000, 0x0000000100000000)
  region size 1024K, 1 young (1024K), 1 survivors (1024K)
 Metaspace       used 12593K, committed 12928K, reserved 1064960K
  class space    used 1180K, committed 1344K, reserved 1048576K

Heap Regions: E=young(eden), S=young(survivor), O=old, HS=humongous(starts), HC=humongous(continues), CS=collection set, F=free, OA=open archive, CA=closed archive, TAMS=top-at-mark-start (previous, next)
|   0|0x0000000082c00000, 0x0000000082d00000, 0x0000000082d00000|100%| O|  |TAMS 0x0000000082d00000, 0x0000000082d00000| Untracked 
|   1|0x0000000082d00000, 0x0000000082dfc1a0, 0x0000000082e00000| 98%| O|  |TAMS 0x0000000082dfc1a0, 0x0000000082dfc1a0| Untracked 
|   2|0x0000000082e00000, 0x0000000082f00000, 0x0000000082f00000|100%| O|  |TAMS 0x0000000082f00000, 0x0000000082f00000| Untracked 
|   3|0x0000000082f00000, 0x0000000082fe7f58, 0x0000000083000000| 90%| O|  |TAMS 0x0000000082fe7f58, 0x0000000082fe7f58| Untracked 
|   4|0x0000000083000000, 0x00000000830fffe8, 0x0000000083100000| 99%| O|  |TAMS 0x00000000830fffe8, 0x00000000830fffe8| Untracked 
|   5|0x0000000083100000, 0x00000000831f4080, 0x0000000083200000| 95%| O|  |TAMS 0x00000000831f4080, 0x00000000831f4080| Untracked 
|   6|0x0000000083200000, 0x0000000083201e00, 0x0000000083300000|  0%| O|  |TAMS 0x0000000083201400, 0x0000000083201e00| Untracked 
|   7|0x0000000083300000, 0x0000000083300000, 0x0000000083400000|  0%| F|  |TAMS 0x0000000083300000, 0x0000000083300000| Untracked 
|   8|0x0000000083400000, 0x0000000083400000, 0x0000000083500000|  0%| F|  |TAMS 0x0000000083400000, 0x0000000083400000| Untracked 
|   9|0x0000000083500000, 0x0000000083600000, 0x0000000083600000|100%|HS|  |TAMS 0x0000000083600000, 0x0000000083600000| Complete 
|  10|0x0000000083600000, 0x0000000083700000, 0x0000000083700000|100%|HC|  |TAMS 0x0000000083700000, 0x0000000083700000| Complete 
|  11|0x0000000083700000, 0x0000000083800000, 0x0000000083800000|100%|HC|  |TAMS 0x0000000083800000, 0x0000000083800000| Complete 
|  12|0x0000000083800000, 0x0000000083900000, 0x0000000083900000|100%|HS|  |TAMS 0x0000000083900000, 0x0000000083900000| Complete 
|  13|0x0000000083900000, 0x0000000083a00000, 0x0000000083a00000|100%|HC|  |TAMS 0x0000000083a00000, 0x0000000083a00000| Complete 
|  14|0x0000000083a00000, 0x0000000083b00000, 0x0000000083b00000|100%|HC|  |TAMS 0x0000000083b00000, 0x0000000083b00000| Complete 
|  15|0x0000000083b00000, 0x0000000083c00000, 0x0000000083c00000|100%|HS|  |TAMS 0x0000000083c00000, 0x0000000083c00000| Complete 
|  16|0x0000000083c00000, 0x0000000083d00000, 0x0000000083d00000|100%|HC|  |TAMS 0x0000000083d00000, 0x0000000083d00000| Complete 
|  17|0x0000000083d00000, 0x0000000083e00000, 0x0000000083e00000|100%|HC|  |TAMS 0x0000000083e00000, 0x0000000083e00000| Complete 
|  18|0x0000000083e00000, 0x0000000083e00000, 0x0000000083f00000|  0%| F|  |TAMS 0x0000000083e00000, 0x0000000083e00000| Untracked 
|  19|0x0000000083f00000, 0x0000000083f00000, 0x0000000084000000|  0%| F|  |TAMS 0x0000000083f00000, 0x0000000083f00000| Untracked 
|  20|0x0000000084000000, 0x0000000084000000, 0x0000000084100000|  0%| F|  |TAMS 0x0000000084000000, 0x0000000084000000| Untracked 
|  21|0x0000000084100000, 0x0000000084200000, 0x0000000084200000|100%|HS|  |TAMS 0x0000000084200000, 0x0000000084200000| Complete 
|  22|0x0000000084200000, 0x0000000084300000, 0x0000000084300000|100%|HC|  |TAMS 0x0000000084300000, 0x0000000084300000| Complete 
|  23|0x0000000084300000, 0x0000000084400000, 0x0000000084400000|100%|HC|  |TAMS 0x0000000084400000, 0x0000000084400000| Complete 
|  24|0x0000000084400000, 0x0000000084400000, 0x0000000084500000|  0%| F|  |TAMS 0x0000000084400000, 0x0000000084400000| Untracked 
|  25|0x0000000084500000, 0x0000000084500000, 0x0000000084600000|  0%| F|  |TAMS 0x0000000084500000, 0x0000000084500000| Untracked 
|  26|0x0000000084600000, 0x0000000084600000, 0x0000000084700000|  0%| F|  |TAMS 0x0000000084600000, 0x0000000084600000| Untracked 
|  27|0x0000000084700000, 0x00000000847ba600, 0x0000000084800000| 72%| O|  |TAMS 0x00000000847ba600, 0x00000000847ba600| Untracked 
|  28|0x0000000084800000, 0x0000000084900000, 0x0000000084900000|100%| O|  |TAMS 0x0000000084900000, 0x0000000084900000| Untracked 
|  29|0x0000000084900000, 0x0000000084905200, 0x0000000084a00000|  2%| O|  |TAMS 0x0000000084905200, 0x0000000084905200| Untracked 
|  30|0x0000000084a00000, 0x0000000084a00000, 0x0000000084b00000|  0%| F|  |TAMS 0x0000000084a00000, 0x0000000084a00000| Untracked 
|  31|0x0000000084b00000, 0x0000000084b00000, 0x0000000084c00000|  0%| F|  |TAMS 0x0000000084b00000, 0x0000000084b00000| Untracked 
|  32|0x0000000084c00000, 0x0000000084c00000, 0x0000000084d00000|  0%| F|  |TAMS 0x0000000084c00000, 0x0000000084c00000| Untracked 
|  33|0x0000000084d00000, 0x0000000084e00000, 0x0000000084e00000|100%|HS|  |TAMS 0x0000000084e00000, 0x0000000084e00000| Complete 
|  34|0x0000000084e00000, 0x0000000084f00000, 0x0000000084f00000|100%|HC|  |TAMS 0x0000000084f00000, 0x0000000084f00000| Complete 
|  35|0x0000000084f00000, 0x0000000085000000, 0x0000000085000000|100%|HC|  |TAMS 0x0000000085000000, 0x0000000085000000| Complete 
|  36|0x0000000085000000, 0x0000000085000000, 0x0000000085100000|  0%| F|  |TAMS 0x0000000085000000, 0x0000000085000000| Untracked 
|  37|0x0000000085100000, 0x0000000085100000, 0x0000000085200000|  0%| F|  |TAMS 0x0000000085100000, 0x0000000085100000| Untracked 
|  38|0x0000000085200000, 0x0000000085200000, 0x0000000085300000|  0%| F|  |TAMS 0x0000000085200000, 0x0000000085200000| Untracked 
|  39|0x0000000085300000, 0x0000000085300000, 0x0000000085400000|  0%| F|  |TAMS 0x0000000085300000, 0x0000000085300000| Untracked 
|  40|0x0000000085400000, 0x0000000085400000, 0x0000000085500000|  0%| F|  |TAMS 0x0000000085400000, 0x0000000085400000| Untracked 
|  41|0x0000000085500000, 0x0000000085500000, 0x0000000085600000|  0%| F|  |TAMS 0x0000000085500000, 0x0000000085500000| Untracked 
|  42|0x0000000085600000, 0x0000000085700000, 0x0000000085700000|100%|HS|  |TAMS 0x0000000085700000, 0x0000000085700000| Complete 
|  43|0x0000000085700000, 0x0000000085800000, 0x0000000085800000|100%|HC|  |TAMS 0x0000000085800000, 0x0000000085800000| Complete 
|  44|0x0000000085800000, 0x0000000085900000, 0x0000000085900000|100%|HC|  |TAMS 0x0000000085900000, 0x0000000085900000| Complete 
|  45|0x0000000085900000, 0x0000000085900000, 0x0000000085a00000|  0%| F|  |TAMS 0x0000000085900000, 0x0000000085900000| Untracked 
|  46|0x0000000085a00000, 0x0000000085a00000, 0x0000000085b00000|  0%| F|  |TAMS 0x0000000085a00000, 0x0000000085a00000| Untracked 
|  47|0x0000000085b00000, 0x0000000085b00000, 0x0000000085c00000|  0%| F|  |TAMS 0x0000000085b00000, 0x0000000085b00000| Untracked 
|  48|0x0000000085c00000, 0x0000000085c1e800, 0x0000000085d00000| 11%| O|  |TAMS 0x0000000085c1e800, 0x0000000085c1e800| Untracked 
|  49|0x0000000085d00000, 0x0000000085d04600, 0x0000000085e00000|  1%| O|  |TAMS 0x0000000085d04600, 0x0000000085d04600| Untracked 
|  50|0x0000000085e00000, 0x0000000085e00000, 0x0000000085f00000|  0%| F|  |TAMS 0x0000000085e00000, 0x0000000085e00000| Untracked 
|  51|0x0000000085f00000, 0x0000000085f00000, 0x0000000086000000|  0%| F|  |TAMS 0x0000000085f00000, 0x0000000085f00000| Untracked 
|  52|0x0000000086000000, 0x0000000086000000, 0x0000000086100000|  0%| F|  |TAMS 0x0000000086000000, 0x0000000086000000| Untracked 
|  53|0x0000000086100000, 0x0000000086100000, 0x0000000086200000|  0%| F|  |TAMS 0x0000000086100000, 0x0000000086100000| Untracked 
|  54|0x0000000086200000, 0x0000000086200000, 0x0000000086300000|  0%| F|  |TAMS 0x0000000086200000, 0x0000000086200000| Untracked 
|  55|0x0000000086300000, 0x0000000086300000, 0x0000000086400000|  0%| F|  |TAMS 0x0000000086300000, 0x0000000086300000| Untracked 
|  56|0x0000000086400000, 0x0000000086400000, 0x0000000086500000|  0%| F|  |TAMS 0x0000000086400000, 0x0000000086400000| Untracked 
|  57|0x0000000086500000, 0x0000000086500000, 0x0000000086600000|  0%| F|  |TAMS 0x0000000086500000, 0x0000000086500000| Untracked 
|  58|0x0000000086600000, 0x0000000086600000, 0x0000000086700000|  0%| F|  |TAMS 0x0000000086600000, 0x0000000086600000| Untracked 
|  59|0x0000000086700000, 0x0000000086700000, 0x0000000086800000|  0%| F|  |TAMS 0x0000000086700000, 0x0000000086700000| Untracked 
|  60|0x0000000086800000, 0x0000000086800000, 0x0000000086900000|  0%| F|  |TAMS 0x0000000086800000, 0x0000000086800000| Untracked 
|  61|0x0000000086900000, 0x0000000086a00000, 0x0000000086a00000|100%|HS|  |TAMS 0x0000000086a00000, 0x0000000086a00000| Complete 
|  62|0x0000000086a00000, 0x0000000086b00000, 0x0000000086b00000|100%|HC|  |TAMS 0x0000000086b00000, 0x0000000086b00000| Complete 
|  63|0x0000000086b00000, 0x0000000086c00000, 0x0000000086c00000|100%|HC|  |TAMS 0x0000000086c00000, 0x0000000086c00000| Complete 
|  64|0x0000000086c00000, 0x0000000086c00000, 0x0000000086d00000|  0%| F|  |TAMS 0x0000000086c00000, 0x0000000086c00000| Untracked 
|  65|0x0000000086d00000, 0x0000000086d00000, 0x0000000086e00000|  0%| F|  |TAMS 0x0000000086d00000, 0x0000000086d00000| Untracked 
|  66|0x0000000086e00000, 0x0000000086e00000, 0x0000000086f00000|  0%| F|  |TAMS 0x0000000086e00000, 0x0000000086e00000| Untracked 
|  67|0x0000000086f00000, 0x0000000086f00000, 0x0000000087000000|  0%| F|  |TAMS 0x0000000086f00000, 0x0000000086f00000| Untracked 
|  68|0x0000000087000000, 0x0000000087000000, 0x0000000087100000|  0%| F|  |TAMS 0x0000000087000000, 0x0000000087000000| Untracked 
|  69|0x0000000087100000, 0x0000000087100000, 0x0000000087200000|  0%| F|  |TAMS 0x0000000087100000, 0x0000000087100000| Untracked 
|  70|0x0000000087200000, 0x0000000087300000, 0x0000000087300000|100%| O|  |TAMS 0x0000000087300000, 0x0000000087300000| Untracked 
|  71|0x0000000087300000, 0x0000000087300000, 0x0000000087400000|  0%| F|  |TAMS 0x0000000087300000, 0x0000000087300000| Untracked 
|  72|0x0000000087400000, 0x0000000087400000, 0x0000000087500000|  0%| F|  |TAMS 0x0000000087400000, 0x0000000087400000| Untracked 
|  73|0x0000000087500000, 0x0000000087500000, 0x0000000087600000|  0%| F|  |TAMS 0x0000000087500000, 0x0000000087500000| Untracked 
|  74|0x0000000087600000, 0x0000000087600000, 0x0000000087700000|  0%| F|  |TAMS 0x0000000087600000, 0x0000000087600000| Untracked 
|  75|0x0000000087700000, 0x0000000087700000, 0x0000000087800000|  0%| F|  |TAMS 0x0000000087700000, 0x0000000087700000| Untracked 
|  76|0x0000000087800000, 0x0000000087800000, 0x0000000087900000|  0%| F|  |TAMS 0x0000000087800000, 0x0000000087800000| Untracked 
|  77|0x0000000087900000, 0x0000000087900000, 0x0000000087a00000|  0%| F|  |TAMS 0x0000000087900000, 0x0000000087900000| Untracked 
|  78|0x0000000087a00000, 0x0000000087a00000, 0x0000000087b00000|  0%| F|  |TAMS 0x0000000087a00000, 0x0000000087a00000| Untracked 
|  79|0x0000000087b00000, 0x0000000087b00000, 0x0000000087c00000|  0%| F|  |TAMS 0x0000000087b00000, 0x0000000087b00000| Untracked 
|  80|0x0000000087c00000, 0x0000000087c00000, 0x0000000087d00000|  0%| F|  |TAMS 0x0000000087c00000, 0x0000000087c00000| Untracked 
|  81|0x0000000087d00000, 0x0000000087d00000, 0x0000000087e00000|  0%| F|  |TAMS 0x0000000087d00000, 0x0000000087d00000| Untracked 
|  82|0x0000000087e00000, 0x0000000087e00000, 0x0000000087f00000|  0%| F|  |TAMS 0x0000000087e00000, 0x0000000087e00000| Untracked 
|  83|0x0000000087f00000, 0x0000000087f00000, 0x0000000088000000|  0%| F|  |TAMS 0x0000000087f00000, 0x0000000087f00000| Untracked 
|  84|0x0000000088000000, 0x0000000088000000, 0x0000000088100000|  0%| F|  |TAMS 0x0000000088000000, 0x0000000088000000| Untracked 
|  85|0x0000000088100000, 0x0000000088100000, 0x0000000088200000|  0%| F|  |TAMS 0x0000000088100000, 0x0000000088100000| Untracked 
|  86|0x0000000088200000, 0x0000000088200000, 0x0000000088300000|  0%| F|  |TAMS 0x0000000088200000, 0x0000000088200000| Untracked 
|  87|0x0000000088300000, 0x0000000088300000, 0x0000000088400000|  0%| F|  |TAMS 0x0000000088300000, 0x0000000088300000| Untracked 
|  88|0x0000000088400000, 0x0000000088400000, 0x0000000088500000|  0%| F|  |TAMS 0x0000000088400000, 0x0000000088400000| Untracked 
|  89|0x0000000088500000, 0x0000000088500000, 0x0000000088600000|  0%| F|  |TAMS 0x0000000088500000, 0x0000000088500000| Untracked 
|  90|0x0000000088600000, 0x0000000088600000, 0x0000000088700000|  0%| F|  |TAMS 0x0000000088600000, 0x0000000088600000| Untracked 
|  91|0x0000000088700000, 0x0000000088700000, 0x0000000088800000|  0%| F|  |TAMS 0x0000000088700000, 0x0000000088700000| Untracked 
|  92|0x0000000088800000, 0x0000000088800000, 0x0000000088900000|  0%| F|  |TAMS 0x0000000088800000, 0x0000000088800000| Untracked 
|  93|0x0000000088900000, 0x0000000088900000, 0x0000000088a00000|  0%| F|  |TAMS 0x0000000088900000, 0x0000000088900000| Untracked 
|  94|0x0000000088a00000, 0x0000000088a00000, 0x0000000088b00000|  0%| F|  |TAMS 0x0000000088a00000, 0x0000000088a00000| Untracked 
|  95|0x0000000088b00000, 0x0000000088b00000, 0x0000000088c00000|  0%| F|  |TAMS 0x0000000088b00000, 0x0000000088b00000| Untracked 
|  96|0x0000000088c00000, 0x0000000088c00000, 0x0000000088d00000|  0%| F|  |TAMS 0x0000000088c00000, 0x0000000088c00000| Untracked 
|  97|0x0000000088d00000, 0x0000000088d00000, 0x0000000088e00000|  0%| F|  |TAMS 0x0000000088d00000, 0x0000000088d00000| Untracked 
|  98|0x0000000088e00000, 0x0000000088e00000, 0x0000000088f00000|  0%| F|  |TAMS 0x0000000088e00000, 0x0000000088e00000| Untracked 
|  99|0x0000000088f00000, 0x0000000088f00000, 0x0000000089000000|  0%| F|  |TAMS 0x0000000088f00000, 0x0000000088f00000| Untracked 
| 100|0x0000000089000000, 0x0000000089000000, 0x0000000089100000|  0%| F|  |TAMS 0x0000000089000000, 0x0000000089000000| Untracked 
| 101|0x0000000089100000, 0x0000000089100000, 0x0000000089200000|  0%| F|  |TAMS 0x0000000089100000, 0x0000000089100000| Untracked 
| 102|0x0000000089200000, 0x0000000089200000, 0x0000000089300000|  0%| F|  |TAMS 0x0000000089200000, 0x0000000089200000| Untracked 
| 103|0x0000000089300000, 0x0000000089300000, 0x0000000089400000|  0%| F|  |TAMS 0x0000000089300000, 0x0000000089300000| Untracked 
| 104|0x0000000089400000, 0x0000000089400000, 0x0000000089500000|  0%| F|  |TAMS 0x0000000089400000, 0x0000000089400000| Untracked 
| 105|0x0000000089500000, 0x0000000089500000, 0x0000000089600000|  0%| F|  |TAMS 0x0000000089500000, 0x0000000089500000| Untracked 
| 106|0x0000000089600000, 0x0000000089600000, 0x0000000089700000|  0%| F|  |TAMS 0x0000000089600000, 0x0000000089600000| Untracked 
| 107|0x0000000089700000, 0x0000000089700000, 0x0000000089800000|  0%| F|  |TAMS 0x0000000089700000, 0x0000000089700000| Untracked 
| 108|0x0000000089800000, 0x0000000089800000, 0x0000000089900000|  0%| F|  |TAMS 0x0000000089800000, 0x0000000089800000| Untracked 
| 109|0x0000000089900000, 0x0000000089900000, 0x0000000089a00000|  0%| F|  |TAMS 0x0000000089900000, 0x0000000089900000| Untracked 
| 110|0x0000000089a00000, 0x0000000089a00000, 0x0000000089b00000|  0%| F|  |TAMS 0x0000000089a00000, 0x0000000089a00000| Untracked 
| 111|0x0000000089b00000, 0x0000000089b00000, 0x0000000089c00000|  0%| F|  |TAMS 0x0000000089b00000, 0x0000000089b00000| Untracked 
| 112|0x0000000089c00000, 0x0000000089c00000, 0x0000000089d00000|  0%| F|  |TAMS 0x0000000089c00000, 0x0000000089c00000| Untracked 
| 113|0x0000000089d00000, 0x0000000089d00000, 0x0000000089e00000|  0%| F|  |TAMS 0x0000000089d00000, 0x0000000089d00000| Untracked 
| 114|0x0000000089e00000, 0x0000000089e00000, 0x0000000089f00000|  0%| F|  |TAMS 0x0000000089e00000, 0x0000000089e00000| Untracked 
| 115|0x0000000089f00000, 0x0000000089f00000, 0x000000008a000000|  0%| F|  |TAMS 0x0000000089f00000, 0x0000000089f00000| Untracked 
| 116|0x000000008a000000, 0x000000008a100000, 0x000000008a100000|100%|HS|  |TAMS 0x000000008a100000, 0x000000008a100000| Complete 
| 117|0x000000008a100000, 0x000000008a200000, 0x000000008a200000|100%|HC|  |TAMS 0x000000008a200000, 0x000000008a200000| Complete 
| 118|0x000000008a200000, 0x000000008a300000, 0x000000008a300000|100%|HC|  |TAMS 0x000000008a300000, 0x000000008a300000| Complete 
| 119|0x000000008a300000, 0x000000008a400000, 0x000000008a400000|100%|HC|  |TAMS 0x000000008a400000, 0x000000008a400000| Complete 
| 120|0x000000008a400000, 0x000000008a500000, 0x000000008a500000|100%|HC|  |TAMS 0x000000008a500000, 0x000000008a500000| Complete 
| 121|0x000000008a500000, 0x000000008a600000, 0x000000008a600000|100%|HC|  |TAMS 0x000000008a600000, 0x000000008a600000| Complete 
| 122|0x000000008a600000, 0x000000008a700000, 0x000000008a700000|100%|HC|  |TAMS 0x000000008a700000, 0x000000008a700000| Complete 
| 123|0x000000008a700000, 0x000000008a800000, 0x000000008a800000|100%|HC|  |TAMS 0x000000008a800000, 0x000000008a800000| Complete 
| 124|0x000000008a800000, 0x000000008a900000, 0x000000008a900000|100%|HC|  |TAMS 0x000000008a900000, 0x000000008a900000| Complete 
| 125|0x000000008a900000, 0x000000008aa00000, 0x000000008aa00000|100%|HC|  |TAMS 0x000000008aa00000, 0x000000008aa00000| Complete 
| 126|0x000000008aa00000, 0x000000008ab00000, 0x000000008ab00000|100%|HC|  |TAMS 0x000000008ab00000, 0x000000008ab00000| Complete 
| 127|0x000000008ab00000, 0x000000008ac00000, 0x000000008ac00000|100%|HC|  |TAMS 0x000000008ac00000, 0x000000008ac00000| Complete 
| 128|0x000000008ac00000, 0x000000008ad00000, 0x000000008ad00000|100%|HC|  |TAMS 0x000000008ad00000, 0x000000008ad00000| Complete 
| 129|0x000000008ad00000, 0x000000008ae00000, 0x000000008ae00000|100%|HC|  |TAMS 0x000000008ae00000, 0x000000008ae00000| Complete 
| 130|0x000000008ae00000, 0x000000008af00000, 0x000000008af00000|100%|HC|  |TAMS 0x000000008af00000, 0x000000008af00000| Complete 
| 131|0x000000008af00000, 0x000000008af00000, 0x000000008b000000|  0%| F|  |TAMS 0x000000008af00000, 0x000000008af00000| Untracked 
| 132|0x000000008b000000, 0x000000008b000000, 0x000000008b100000|  0%| F|  |TAMS 0x000000008b000000, 0x000000008b000000| Untracked 
| 133|0x000000008b100000, 0x000000008b100000, 0x000000008b200000|  0%| F|  |TAMS 0x000000008b100000, 0x000000008b100000| Untracked 
| 134|0x000000008b200000, 0x000000008b200000, 0x000000008b300000|  0%| F|  |TAMS 0x000000008b200000, 0x000000008b200000| Untracked 
| 135|0x000000008b300000, 0x000000008b300000, 0x000000008b400000|  0%| F|  |TAMS 0x000000008b300000, 0x000000008b300000| Untracked 
| 136|0x000000008b400000, 0x000000008b400000, 0x000000008b500000|  0%| F|  |TAMS 0x000000008b400000, 0x000000008b400000| Untracked 
| 137|0x000000008b500000, 0x000000008b500000, 0x000000008b600000|  0%| F|  |TAMS 0x000000008b500000, 0x000000008b500000| Untracked 
| 138|0x000000008b600000, 0x000000008b600000, 0x000000008b700000|  0%| F|  |TAMS 0x000000008b600000, 0x000000008b600000| Untracked 
| 139|0x000000008b700000, 0x000000008b700000, 0x000000008b800000|  0%| F|  |TAMS 0x000000008b700000, 0x000000008b700000| Untracked 
| 140|0x000000008b800000, 0x000000008b800000, 0x000000008b900000|  0%| F|  |TAMS 0x000000008b800000, 0x000000008b800000| Untracked 
| 141|0x000000008b900000, 0x000000008b900000, 0x000000008ba00000|  0%| F|  |TAMS 0x000000008b900000, 0x000000008b900000| Untracked 
| 142|0x000000008ba00000, 0x000000008ba00000, 0x000000008bb00000|  0%| F|  |TAMS 0x000000008ba00000, 0x000000008ba00000| Untracked 
| 143|0x000000008bb00000, 0x000000008bb00000, 0x000000008bc00000|  0%| F|  |TAMS 0x000000008bb00000, 0x000000008bb00000| Untracked 
| 144|0x000000008bc00000, 0x000000008bc00000, 0x000000008bd00000|  0%| F|  |TAMS 0x000000008bc00000, 0x000000008bc00000| Untracked 
| 145|0x000000008bd00000, 0x000000008bd00000, 0x000000008be00000|  0%| F|  |TAMS 0x000000008bd00000, 0x000000008bd00000| Untracked 
| 146|0x000000008be00000, 0x000000008bf00000, 0x000000008bf00000|100%|HS|  |TAMS 0x000000008bf00000, 0x000000008bf00000| Complete 
| 147|0x000000008bf00000, 0x000000008c000000, 0x000000008c000000|100%|HC|  |TAMS 0x000000008c000000, 0x000000008c000000| Complete 
| 148|0x000000008c000000, 0x000000008c100000, 0x000000008c100000|100%|HC|  |TAMS 0x000000008c100000, 0x000000008c100000| Complete 
| 149|0x000000008c100000, 0x000000008c200000, 0x000000008c200000|100%|HC|  |TAMS 0x000000008c200000, 0x000000008c200000| Complete 
| 150|0x000000008c200000, 0x000000008c300000, 0x000000008c300000|100%|HC|  |TAMS 0x000000008c300000, 0x000000008c300000| Complete 
| 151|0x000000008c300000, 0x000000008c400000, 0x000000008c400000|100%|HC|  |TAMS 0x000000008c400000, 0x000000008c400000| Complete 
| 152|0x000000008c400000, 0x000000008c500000, 0x000000008c500000|100%|HC|  |TAMS 0x000000008c500000, 0x000000008c500000| Complete 
| 153|0x000000008c500000, 0x000000008c600000, 0x000000008c600000|100%|HC|  |TAMS 0x000000008c600000, 0x000000008c600000| Complete 
| 154|0x000000008c600000, 0x000000008c700000, 0x000000008c700000|100%|HC|  |TAMS 0x000000008c700000, 0x000000008c700000| Complete 
| 155|0x000000008c700000, 0x000000008c800000, 0x000000008c800000|100%|HC|  |TAMS 0x000000008c800000, 0x000000008c800000| Complete 
| 156|0x000000008c800000, 0x000000008c900000, 0x000000008c900000|100%|HC|  |TAMS 0x000000008c900000, 0x000000008c900000| Complete 
| 157|0x000000008c900000, 0x000000008ca00000, 0x000000008ca00000|100%|HC|  |TAMS 0x000000008ca00000, 0x000000008ca00000| Complete 
| 158|0x000000008ca00000, 0x000000008cb00000, 0x000000008cb00000|100%|HC|  |TAMS 0x000000008cb00000, 0x000000008cb00000| Complete 
| 159|0x000000008cb00000, 0x000000008cc00000, 0x000000008cc00000|100%|HC|  |TAMS 0x000000008cc00000, 0x000000008cc00000| Complete 
| 160|0x000000008cc00000, 0x000000008cd00000, 0x000000008cd00000|100%|HC|  |TAMS 0x000000008cd00000, 0x000000008cd00000| Complete 
| 161|0x000000008cd00000, 0x000000008cd00000, 0x000000008ce00000|  0%| F|  |TAMS 0x000000008cd00000, 0x000000008cd00000| Untracked 
| 162|0x000000008ce00000, 0x000000008ce00000, 0x000000008cf00000|  0%| F|  |TAMS 0x000000008ce00000, 0x000000008ce00000| Untracked 
| 163|0x000000008cf00000, 0x000000008cf00000, 0x000000008d000000|  0%| F|  |TAMS 0x000000008cf00000, 0x000000008cf00000| Untracked 
| 164|0x000000008d000000, 0x000000008d000000, 0x000000008d100000|  0%| F|  |TAMS 0x000000008d000000, 0x000000008d000000| Untracked 
| 165|0x000000008d100000, 0x000000008d100000, 0x000000008d200000|  0%| F|  |TAMS 0x000000008d100000, 0x000000008d100000| Untracked 
| 166|0x000000008d200000, 0x000000008d200000, 0x000000008d300000|  0%| F|  |TAMS 0x000000008d200000, 0x000000008d200000| Untracked 
| 167|0x000000008d300000, 0x000000008d300000, 0x000000008d400000|  0%| F|  |TAMS 0x000000008d300000, 0x000000008d300000| Untracked 
| 168|0x000000008d400000, 0x000000008d400000, 0x000000008d500000|  0%| F|  |TAMS 0x000000008d400000, 0x000000008d400000| Untracked 
| 169|0x000000008d500000, 0x000000008d500000, 0x000000008d600000|  0%| F|  |TAMS 0x000000008d500000, 0x000000008d500000| Untracked 
| 170|0x000000008d600000, 0x000000008d600000, 0x000000008d700000|  0%| F|  |TAMS 0x000000008d600000, 0x000000008d600000| Untracked 
| 171|0x000000008d700000, 0x000000008d700000, 0x000000008d800000|  0%| F|  |TAMS 0x000000008d700000, 0x000000008d700000| Untracked 
| 172|0x000000008d800000, 0x000000008d800000, 0x000000008d900000|  0%| F|  |TAMS 0x000000008d800000, 0x000000008d800000| Untracked 
| 173|0x000000008d900000, 0x000000008d900000, 0x000000008da00000|  0%| F|  |TAMS 0x000000008d900000, 0x000000008d900000| Untracked 
| 174|0x000000008da00000, 0x000000008da00000, 0x000000008db00000|  0%| F|  |TAMS 0x000000008da00000, 0x000000008da00000| Untracked 
| 175|0x000000008db00000, 0x000000008db00000, 0x000000008dc00000|  0%| F|  |TAMS 0x000000008db00000, 0x000000008db00000| Untracked 
| 176|0x000000008dc00000, 0x000000008dc00000, 0x000000008dd00000|  0%| F|  |TAMS 0x000000008dc00000, 0x000000008dc00000| Untracked 
| 177|0x000000008dd00000, 0x000000008dd00000, 0x000000008de00000|  0%| F|  |TAMS 0x000000008dd00000, 0x000000008dd00000| Untracked 
| 178|0x000000008de00000, 0x000000008de00000, 0x000000008df00000|  0%| F|  |TAMS 0x000000008de00000, 0x000000008de00000| Untracked 
| 179|0x000000008df00000, 0x000000008df00000, 0x000000008e000000|  0%| F|  |TAMS 0x000000008df00000, 0x000000008df00000| Untracked 
| 180|0x000000008e000000, 0x000000008e000000, 0x000000008e100000|  0%| F|  |TAMS 0x000000008e000000, 0x000000008e000000| Untracked 
| 181|0x000000008e100000, 0x000000008e100000, 0x000000008e200000|  0%| F|  |TAMS 0x000000008e100000, 0x000000008e100000| Untracked 
| 182|0x000000008e200000, 0x000000008e200000, 0x000000008e300000|  0%| F|  |TAMS 0x000000008e200000, 0x000000008e200000| Untracked 
| 183|0x000000008e300000, 0x000000008e300000, 0x000000008e400000|  0%| F|  |TAMS 0x000000008e300000, 0x000000008e300000| Untracked 
| 184|0x000000008e400000, 0x000000008e400000, 0x000000008e500000|  0%| F|  |TAMS 0x000000008e400000, 0x000000008e400000| Untracked 
| 185|0x000000008e500000, 0x000000008e500000, 0x000000008e600000|  0%| F|  |TAMS 0x000000008e500000, 0x000000008e500000| Untracked 
| 186|0x000000008e600000, 0x000000008e600000, 0x000000008e700000|  0%| F|  |TAMS 0x000000008e600000, 0x000000008e600000| Untracked 
| 187|0x000000008e700000, 0x000000008e700000, 0x000000008e800000|  0%| F|  |TAMS 0x000000008e700000, 0x000000008e700000| Untracked 
| 188|0x000000008e800000, 0x000000008e800000, 0x000000008e900000|  0%| F|  |TAMS 0x000000008e800000, 0x000000008e800000| Untracked 
| 189|0x000000008e900000, 0x000000008e900000, 0x000000008ea00000|  0%| F|  |TAMS 0x000000008e900000, 0x000000008e900000| Untracked 
| 190|0x000000008ea00000, 0x000000008ea00000, 0x000000008eb00000|  0%| F|  |TAMS 0x000000008ea00000, 0x000000008ea00000| Untracked 
| 191|0x000000008eb00000, 0x000000008eb00000, 0x000000008ec00000|  0%| F|  |TAMS 0x000000008eb00000, 0x000000008eb00000| Untracked 
| 192|0x000000008ec00000, 0x000000008ec00000, 0x000000008ed00000|  0%| F|  |TAMS 0x000000008ec00000, 0x000000008ec00000| Untracked 
| 193|0x000000008ed00000, 0x000000008ed00000, 0x000000008ee00000|  0%| F|  |TAMS 0x000000008ed00000, 0x000000008ed00000| Untracked 
| 194|0x000000008ee00000, 0x000000008ee00000, 0x000000008ef00000|  0%| F|  |TAMS 0x000000008ee00000, 0x000000008ee00000| Untracked 
| 195|0x000000008ef00000, 0x000000008ef00000, 0x000000008f000000|  0%| F|  |TAMS 0x000000008ef00000, 0x000000008ef00000| Untracked 
| 196|0x000000008f000000, 0x000000008f000000, 0x000000008f100000|  0%| F|  |TAMS 0x000000008f000000, 0x000000008f000000| Untracked 
| 197|0x000000008f100000, 0x000000008f100000, 0x000000008f200000|  0%| F|  |TAMS 0x000000008f100000, 0x000000008f100000| Untracked 
| 198|0x000000008f200000, 0x000000008f200000, 0x000000008f300000|  0%| F|  |TAMS 0x000000008f200000, 0x000000008f200000| Untracked 
| 199|0x000000008f300000, 0x000000008f300000, 0x000000008f400000|  0%| F|  |TAMS 0x000000008f300000, 0x000000008f300000| Untracked 
| 200|0x000000008f400000, 0x000000008f400000, 0x000000008f500000|  0%| F|  |TAMS 0x000000008f400000, 0x000000008f400000| Untracked 
| 201|0x000000008f500000, 0x000000008f500000, 0x000000008f600000|  0%| F|  |TAMS 0x000000008f500000, 0x000000008f500000| Untracked 
| 202|0x000000008f600000, 0x000000008f600000, 0x000000008f700000|  0%| F|  |TAMS 0x000000008f600000, 0x000000008f600000| Untracked 
| 203|0x000000008f700000, 0x000000008f700000, 0x000000008f800000|  0%| F|  |TAMS 0x000000008f700000, 0x000000008f700000| Untracked 
| 204|0x000000008f800000, 0x000000008f800000, 0x000000008f900000|  0%| F|  |TAMS 0x000000008f800000, 0x000000008f800000| Untracked 
| 205|0x000000008f900000, 0x000000008f900000, 0x000000008fa00000|  0%| F|  |TAMS 0x000000008f900000, 0x000000008f900000| Untracked 
| 206|0x000000008fa00000, 0x000000008fa00000, 0x000000008fb00000|  0%| F|  |TAMS 0x000000008fa00000, 0x000000008fa00000| Untracked 
| 207|0x000000008fb00000, 0x000000008fb00000, 0x000000008fc00000|  0%| F|  |TAMS 0x000000008fb00000, 0x000000008fb00000| Untracked 
| 208|0x000000008fc00000, 0x000000008fc00000, 0x000000008fd00000|  0%| F|  |TAMS 0x000000008fc00000, 0x000000008fc00000| Untracked 
| 209|0x000000008fd00000, 0x000000008fd00000, 0x000000008fe00000|  0%| F|  |TAMS 0x000000008fd00000, 0x000000008fd00000| Untracked 
| 210|0x000000008fe00000, 0x000000008fe00000, 0x000000008ff00000|  0%| F|  |TAMS 0x000000008fe00000, 0x000000008fe00000| Untracked 
| 211|0x000000008ff00000, 0x000000008ff00000, 0x0000000090000000|  0%| F|  |TAMS 0x000000008ff00000, 0x000000008ff00000| Untracked 
| 212|0x0000000090000000, 0x0000000090000000, 0x0000000090100000|  0%| F|  |TAMS 0x0000000090000000, 0x0000000090000000| Untracked 
| 213|0x0000000090100000, 0x0000000090100000, 0x0000000090200000|  0%| F|  |TAMS 0x0000000090100000, 0x0000000090100000| Untracked 
| 214|0x0000000090200000, 0x0000000090200000, 0x0000000090300000|  0%| F|  |TAMS 0x0000000090200000, 0x0000000090200000| Untracked 
| 215|0x0000000090300000, 0x0000000090300000, 0x0000000090400000|  0%| F|  |TAMS 0x0000000090300000, 0x0000000090300000| Untracked 
| 216|0x0000000090400000, 0x0000000090400000, 0x0000000090500000|  0%| F|  |TAMS 0x0000000090400000, 0x0000000090400000| Untracked 
| 217|0x0000000090500000, 0x0000000090500000, 0x0000000090600000|  0%| F|  |TAMS 0x0000000090500000, 0x0000000090500000| Untracked 
| 218|0x0000000090600000, 0x0000000090600000, 0x0000000090700000|  0%| F|  |TAMS 0x0000000090600000, 0x0000000090600000| Untracked 
| 219|0x0000000090700000, 0x0000000090700000, 0x0000000090800000|  0%| F|  |TAMS 0x0000000090700000, 0x0000000090700000| Untracked 
| 220|0x0000000090800000, 0x0000000090800000, 0x0000000090900000|  0%| F|  |TAMS 0x0000000090800000, 0x0000000090800000| Untracked 
| 221|0x0000000090900000, 0x0000000090900000, 0x0000000090a00000|  0%| F|  |TAMS 0x0000000090900000, 0x0000000090900000| Untracked 
| 222|0x0000000090a00000, 0x0000000090a00000, 0x0000000090b00000|  0%| F|  |TAMS 0x0000000090a00000, 0x0000000090a00000| Untracked 
| 223|0x0000000090b00000, 0x0000000090b00000, 0x0000000090c00000|  0%| F|  |TAMS 0x0000000090b00000, 0x0000000090b00000| Untracked 
| 224|0x0000000090c00000, 0x0000000090c00000, 0x0000000090d00000|  0%| F|  |TAMS 0x0000000090c00000, 0x0000000090c00000| Untracked 
| 225|0x0000000090d00000, 0x0000000090d1f698, 0x0000000090e00000| 12%| S|CS|TAMS 0x0000000090d00000, 0x0000000090d00000| Complete 
| 226|0x0000000090e00000, 0x0000000090e00000, 0x0000000090f00000|  0%| F|  |TAMS 0x0000000090e00000, 0x0000000090e00000| Untracked 
| 227|0x0000000090f00000, 0x0000000090f00000, 0x0000000091000000|  0%| F|  |TAMS 0x0000000090f00000, 0x0000000090f00000| Untracked 
| 228|0x0000000091000000, 0x0000000091000000, 0x0000000091100000|  0%| F|  |TAMS 0x0000000091000000, 0x0000000091000000| Untracked 
| 229|0x0000000091100000, 0x0000000091100000, 0x0000000091200000|  0%| F|  |TAMS 0x0000000091100000, 0x0000000091100000| Untracked 
| 230|0x0000000091200000, 0x0000000091200000, 0x0000000091300000|  0%| F|  |TAMS 0x0000000091200000, 0x0000000091200000| Untracked 
| 231|0x0000000091300000, 0x0000000091300000, 0x0000000091400000|  0%| F|  |TAMS 0x0000000091300000, 0x0000000091300000| Untracked 
| 232|0x0000000091400000, 0x0000000091400000, 0x0000000091500000|  0%| F|  |TAMS 0x0000000091400000, 0x0000000091400000| Untracked 
| 233|0x0000000091500000, 0x0000000091500000, 0x0000000091600000|  0%| F|  |TAMS 0x0000000091500000, 0x0000000091500000| Untracked 
| 234|0x0000000091600000, 0x0000000091600000, 0x0000000091700000|  0%| F|  |TAMS 0x0000000091600000, 0x0000000091600000| Untracked 
| 235|0x0000000091700000, 0x0000000091700000, 0x0000000091800000|  0%| F|  |TAMS 0x0000000091700000, 0x0000000091700000| Untracked 
| 236|0x0000000091800000, 0x0000000091800000, 0x0000000091900000|  0%| F|  |TAMS 0x0000000091800000, 0x0000000091800000| Untracked 
| 237|0x0000000091900000, 0x0000000091900000, 0x0000000091a00000|  0%| F|  |TAMS 0x0000000091900000, 0x0000000091900000| Untracked 
| 238|0x0000000091a00000, 0x0000000091a00000, 0x0000000091b00000|  0%| F|  |TAMS 0x0000000091a00000, 0x0000000091a00000| Untracked 
| 239|0x0000000091b00000, 0x0000000091b00000, 0x0000000091c00000|  0%| F|  |TAMS 0x0000000091b00000, 0x0000000091b00000| Untracked 
| 240|0x0000000091c00000, 0x0000000091c00000, 0x0000000091d00000|  0%| F|  |TAMS 0x0000000091c00000, 0x0000000091c00000| Untracked 
| 241|0x0000000091d00000, 0x0000000091d00000, 0x0000000091e00000|  0%| F|  |TAMS 0x0000000091d00000, 0x0000000091d00000| Untracked 
| 242|0x0000000091e00000, 0x0000000091e00000, 0x0000000091f00000|  0%| F|  |TAMS 0x0000000091e00000, 0x0000000091e00000| Untracked 
| 243|0x0000000091f00000, 0x0000000091f00000, 0x0000000092000000|  0%| F|  |TAMS 0x0000000091f00000, 0x0000000091f00000| Untracked 
| 244|0x0000000092000000, 0x0000000092000000, 0x0000000092100000|  0%| F|  |TAMS 0x0000000092000000, 0x0000000092000000| Untracked 
| 245|0x0000000092100000, 0x0000000092100000, 0x0000000092200000|  0%| F|  |TAMS 0x0000000092100000, 0x0000000092100000| Untracked 
| 246|0x0000000092200000, 0x0000000092200000, 0x0000000092300000|  0%| F|  |TAMS 0x0000000092200000, 0x0000000092200000| Untracked 
| 247|0x0000000092300000, 0x0000000092300000, 0x0000000092400000|  0%| F|  |TAMS 0x0000000092300000, 0x0000000092300000| Untracked 
| 248|0x0000000092400000, 0x0000000092400000, 0x0000000092500000|  0%| F|  |TAMS 0x0000000092400000, 0x0000000092400000| Untracked 
| 249|0x0000000092500000, 0x0000000092500000, 0x0000000092600000|  0%| F|  |TAMS 0x0000000092500000, 0x0000000092500000| Untracked 
| 250|0x0000000092600000, 0x0000000092600000, 0x0000000092700000|  0%| F|  |TAMS 0x0000000092600000, 0x0000000092600000| Untracked 
| 251|0x0000000092700000, 0x0000000092700000, 0x0000000092800000|  0%| F|  |TAMS 0x0000000092700000, 0x0000000092700000| Untracked 
| 252|0x0000000092800000, 0x0000000092800000, 0x0000000092900000|  0%| F|  |TAMS 0x0000000092800000, 0x0000000092800000| Untracked 
| 253|0x0000000092900000, 0x0000000092900000, 0x0000000092a00000|  0%| F|  |TAMS 0x0000000092900000, 0x0000000092900000| Untracked 
| 254|0x0000000092a00000, 0x0000000092a00000, 0x0000000092b00000|  0%| F|  |TAMS 0x0000000092a00000, 0x0000000092a00000| Untracked 
| 255|0x0000000092b00000, 0x0000000092b00000, 0x0000000092c00000|  0%| F|  |TAMS 0x0000000092b00000, 0x0000000092b00000| Untracked 
| 256|0x0000000092c00000, 0x0000000092c00000, 0x0000000092d00000|  0%| F|  |TAMS 0x0000000092c00000, 0x0000000092c00000| Untracked 
| 257|0x0000000092d00000, 0x0000000092d00000, 0x0000000092e00000|  0%| F|  |TAMS 0x0000000092d00000, 0x0000000092d00000| Untracked 
| 258|0x0000000092e00000, 0x0000000092e00000, 0x0000000092f00000|  0%| F|  |TAMS 0x0000000092e00000, 0x0000000092e00000| Untracked 
| 259|0x0000000092f00000, 0x0000000092f00000, 0x0000000093000000|  0%| F|  |TAMS 0x0000000092f00000, 0x0000000092f00000| Untracked 
| 260|0x0000000093000000, 0x0000000093000000, 0x0000000093100000|  0%| F|  |TAMS 0x0000000093000000, 0x0000000093000000| Untracked 
| 261|0x0000000093100000, 0x0000000093100000, 0x0000000093200000|  0%| F|  |TAMS 0x0000000093100000, 0x0000000093100000| Untracked 
| 262|0x0000000093200000, 0x0000000093200000, 0x0000000093300000|  0%| F|  |TAMS 0x0000000093200000, 0x0000000093200000| Untracked 
| 263|0x0000000093300000, 0x0000000093300000, 0x0000000093400000|  0%| F|  |TAMS 0x0000000093300000, 0x0000000093300000| Untracked 

Card table byte_map: [0x0000028574e50000,0x0000028575240000] _byte_map_base: 0x0000028574a3a000

Marking Bits (Prev, Next): (CMBitMap*) 0x000002855da8c420, (CMBitMap*) 0x000002855da8c3e0
 Prev Bits: [0x0000028577580000, 0x00000285794d0000)
 Next Bits: [0x0000028575630000, 0x0000028577580000)

Polling page: 0x000002855b9f0000

Metaspace:

Usage:
  Non-class:     11.15 MB used.
      Class:      1.15 MB used.
       Both:     12.30 MB used.

Virtual space:
  Non-class space:       16.00 MB reserved,      11.31 MB ( 71%) committed,  2 nodes.
      Class space:        1.00 GB reserved,       1.31 MB ( <1%) committed,  1 nodes.
             Both:        1.02 GB reserved,      12.62 MB (  1%) committed. 

Chunk freelists:
   Non-Class:  688.00 KB
       Class:  2.67 MB
        Both:  3.34 MB

MaxMetaspaceSize: unlimited
CompressedClassSpaceSize: 1.00 GB
Initial GC threshold: 21.00 MB
Current GC threshold: 21.00 MB
CDS: on
MetaspaceReclaimPolicy: balanced
 - commit_granule_bytes: 65536.
 - commit_granule_words: 8192.
 - virtual_space_node_default_size: 1048576.
 - enlarge_chunks_in_place: 1.
 - new_chunks_are_fully_committed: 0.
 - uncommit_free_chunks: 1.
 - use_allocation_guard: 0.
 - handle_deallocations: 1.


Internal statistics:

num_allocs_failed_limit: 0.
num_arena_births: 200.
num_arena_deaths: 0.
num_vsnodes_births: 3.
num_vsnodes_deaths: 0.
num_space_committed: 202.
num_space_uncommitted: 0.
num_chunks_returned_to_freelist: 0.
num_chunks_taken_from_freelist: 409.
num_chunk_merges: 0.
num_chunk_splits: 250.
num_chunks_enlarged: 158.
num_purges: 0.
num_inconsistent_stats: 0.

CodeHeap 'non-profiled nmethods': size=120000Kb used=2118Kb max_used=2118Kb free=117881Kb
 bounds [0x000002856cfe0000, 0x000002856d250000, 0x0000028574510000]
CodeHeap 'profiled nmethods': size=120000Kb used=6073Kb max_used=6073Kb free=113926Kb
 bounds [0x0000028565ab0000, 0x00000285660a0000, 0x000002856cfe0000]
CodeHeap 'non-nmethods': size=5760Kb used=1430Kb max_used=1500Kb free=4329Kb
 bounds [0x0000028565510000, 0x0000028565780000, 0x0000028565ab0000]
 total_blobs=3562 nmethods=2851 adapters=623
 compilation: enabled
              stopped_count=0, restarted_count=0
 full_count=0

Compilation events (20 events):
Event: 435.681 Thread 0x000002857c145cf0 2851       4       sun.java2d.pipe.AlphaColorPipe::endSequence (1 bytes)
Event: 435.681 Thread 0x000002857c145cf0 nmethod 2851 0x000002856d1f0b10 code [0x000002856d1f0c80, 0x000002856d1f0cf8]
Event: 435.719 Thread 0x000002857c145cf0 2852       4       sun.awt.image.IntegerInterleavedRaster::<init> (32 bytes)
Event: 435.730 Thread 0x000002857c145cf0 nmethod 2852 0x000002856d1f0e10 code [0x000002856d1f0fc0, 0x000002856d1f15b8]
Event: 435.744 Thread 0x000002857c146790 2853       3       java.util.HashMap::removeNode (291 bytes)
Event: 435.745 Thread 0x000002857c146790 nmethod 2853 0x000002856609a210 code [0x000002856609a4a0, 0x000002856609b7d8]
Event: 435.775 Thread 0x000002857c146790 2854       3       greenfoot.collision.ibsp.Rect::intersects (54 bytes)
Event: 435.776 Thread 0x000002857c146790 nmethod 2854 0x000002856609be10 code [0x000002856609bfe0, 0x000002856609c438]
Event: 435.776 Thread 0x000002857c146790 2855       3       greenfoot.collision.ibsp.BSPNode::getActorsIterator (15 bytes)
Event: 435.777 Thread 0x000002857c146790 nmethod 2855 0x000002856609c590 code [0x000002856609c740, 0x000002856609c9d8]
Event: 435.777 Thread 0x000002857c146790 2856       3       greenfoot.collision.ibsp.BSPNode::getLeft (21 bytes)
Event: 435.777 Thread 0x000002857c146790 nmethod 2856 0x000002856609cb10 code [0x000002856609ccc0, 0x000002856609ce48]
Event: 435.777 Thread 0x000002857c146790 2857       3       greenfoot.collision.ibsp.BSPNode::getRight (21 bytes)
Event: 435.777 Thread 0x000002857c146790 nmethod 2857 0x000002856609cf10 code [0x000002856609d0c0, 0x000002856609d248]
Event: 435.783 Thread 0x000002857c146790 2858       3       java.util.LinkedList::<init> (10 bytes)
Event: 435.783 Thread 0x000002857c146790 nmethod 2858 0x000002856609d310 code [0x000002856609d4c0, 0x000002856609d758]
Event: 435.783 Thread 0x000002857c146790 2859       3       java.util.AbstractSequentialList::<init> (5 bytes)
Event: 435.783 Thread 0x000002857c146790 nmethod 2859 0x000002856609d890 code [0x000002856609da40, 0x000002856609dc78]
Event: 435.795 Thread 0x000002857c146790 2860       3       greenfoot.collision.GOCollisionQuery::checkCollision (44 bytes)
Event: 435.795 Thread 0x000002857c146790 nmethod 2860 0x000002856609dd90 code [0x000002856609df60, 0x000002856609e368]

GC Heap History (20 events):
Event: 434.783 GC heap after
{Heap after GC invocations=80 (full 5):
 garbage-first heap   total 130048K, used 30535K [0x0000000082c00000, 0x0000000100000000)
  region size 1024K, 1 young (1024K), 1 survivors (1024K)
 Metaspace       used 12561K, committed 12800K, reserved 1064960K
  class space    used 1177K, committed 1344K, reserved 1048576K
}
Event: 434.874 GC heap before
{Heap before GC invocations=80 (full 5):
 garbage-first heap   total 130048K, used 70471K [0x0000000082c00000, 0x0000000100000000)
  region size 1024K, 17 young (17408K), 1 survivors (1024K)
 Metaspace       used 12583K, committed 12864K, reserved 1064960K
  class space    used 1180K, committed 1344K, reserved 1048576K
}
Event: 434.875 GC heap after
{Heap after GC invocations=81 (full 5):
 garbage-first heap   total 130048K, used 45926K [0x0000000082c00000, 0x0000000100000000)
  region size 1024K, 1 young (1024K), 1 survivors (1024K)
 Metaspace       used 12583K, committed 12864K, reserved 1064960K
  class space    used 1180K, committed 1344K, reserved 1048576K
}
Event: 434.877 GC heap before
{Heap before GC invocations=81 (full 5):
 garbage-first heap   total 130048K, used 61286K [0x0000000082c00000, 0x0000000100000000)
  region size 1024K, 2 young (2048K), 1 survivors (1024K)
 Metaspace       used 12583K, committed 12864K, reserved 1064960K
  class space    used 1180K, committed 1344K, reserved 1048576K
}
Event: 434.878 GC heap after
{Heap after GC invocations=82 (full 5):
 garbage-first heap   total 130048K, used 61286K [0x0000000082c00000, 0x0000000100000000)
  region size 1024K, 1 young (1024K), 1 survivors (1024K)
 Metaspace       used 12583K, committed 12864K, reserved 1064960K
  class space    used 1180K, committed 1344K, reserved 1048576K
}
Event: 434.892 GC heap before
{Heap before GC invocations=83 (full 5):
 garbage-first heap   total 137216K, used 76646K [0x0000000082c00000, 0x0000000100000000)
  region size 1024K, 2 young (2048K), 1 survivors (1024K)
 Metaspace       used 12583K, committed 12864K, reserved 1064960K
  class space    used 1180K, committed 1344K, reserved 1048576K
}
Event: 434.893 GC heap after
{Heap after GC invocations=84 (full 5):
 garbage-first heap   total 137216K, used 76626K [0x0000000082c00000, 0x0000000100000000)
  region size 1024K, 1 young (1024K), 1 survivors (1024K)
 Metaspace       used 12583K, committed 12864K, reserved 1064960K
  class space    used 1180K, committed 1344K, reserved 1048576K
}
Event: 434.903 GC heap before
{Heap before GC invocations=85 (full 5):
 garbage-first heap   total 163840K, used 91986K [0x0000000082c00000, 0x0000000100000000)
  region size 1024K, 2 young (2048K), 1 survivors (1024K)
 Metaspace       used 12583K, committed 12864K, reserved 1064960K
  class space    used 1180K, committed 1344K, reserved 1048576K
}
Event: 434.904 GC heap after
{Heap after GC invocations=86 (full 5):
 garbage-first heap   total 270336K, used 61301K [0x0000000082c00000, 0x0000000100000000)
  region size 1024K, 1 young (1024K), 1 survivors (1024K)
 Metaspace       used 12583K, committed 12864K, reserved 1064960K
  class space    used 1180K, committed 1344K, reserved 1048576K
}
Event: 434.966 GC heap before
{Heap before GC invocations=86 (full 5):
 garbage-first heap   total 270336K, used 121717K [0x0000000082c00000, 0x0000000100000000)
  region size 1024K, 16 young (16384K), 1 survivors (1024K)
 Metaspace       used 12586K, committed 12864K, reserved 1064960K
  class space    used 1180K, committed 1344K, reserved 1048576K
}
Event: 434.967 GC heap after
{Heap after GC invocations=87 (full 5):
 garbage-first heap   total 270336K, used 107346K [0x0000000082c00000, 0x0000000100000000)
  region size 1024K, 1 young (1024K), 1 survivors (1024K)
 Metaspace       used 12586K, committed 12864K, reserved 1064960K
  class space    used 1180K, committed 1344K, reserved 1048576K
}
Event: 434.988 GC heap before
{Heap before GC invocations=87 (full 5):
 garbage-first heap   total 270336K, used 122706K [0x0000000082c00000, 0x0000000100000000)
  region size 1024K, 2 young (2048K), 1 survivors (1024K)
 Metaspace       used 12586K, committed 12864K, reserved 1064960K
  class space    used 1180K, committed 1344K, reserved 1048576K
}
Event: 434.989 GC heap after
{Heap after GC invocations=88 (full 5):
 garbage-first heap   total 270336K, used 91997K [0x0000000082c00000, 0x0000000100000000)
  region size 1024K, 1 young (1024K), 1 survivors (1024K)
 Metaspace       used 12586K, committed 12864K, reserved 1064960K
  class space    used 1180K, committed 1344K, reserved 1048576K
}
Event: 435.103 GC heap before
{Heap before GC invocations=88 (full 5):
 garbage-first heap   total 270336K, used 118621K [0x0000000082c00000, 0x0000000100000000)
  region size 1024K, 4 young (4096K), 1 survivors (1024K)
 Metaspace       used 12586K, committed 12864K, reserved 1064960K
  class space    used 1180K, committed 1344K, reserved 1048576K
}
Event: 435.108 GC heap after
{Heap after GC invocations=89 (full 5):
 garbage-first heap   total 270336K, used 61286K [0x0000000082c00000, 0x0000000100000000)
  region size 1024K, 1 young (1024K), 1 survivors (1024K)
 Metaspace       used 12586K, committed 12864K, reserved 1064960K
  class space    used 1180K, committed 1344K, reserved 1048576K
}
Event: 435.412 GC heap before
{Heap before GC invocations=89 (full 5):
 garbage-first heap   total 270336K, used 120678K [0x0000000082c00000, 0x0000000100000000)
  region size 1024K, 6 young (6144K), 1 survivors (1024K)
 Metaspace       used 12588K, committed 12928K, reserved 1064960K
  class space    used 1180K, committed 1344K, reserved 1048576K
}
Event: 435.413 GC heap after
{Heap after GC invocations=90 (full 5):
 garbage-first heap   total 270336K, used 61301K [0x0000000082c00000, 0x0000000100000000)
  region size 1024K, 1 young (1024K), 1 survivors (1024K)
 Metaspace       used 12588K, committed 12928K, reserved 1064960K
  class space    used 1180K, committed 1344K, reserved 1048576K
}
Event: 435.638 GC heap before
{Heap before GC invocations=91 (full 5):
 garbage-first heap   total 235520K, used 104309K [0x0000000082c00000, 0x0000000100000000)
  region size 1024K, 5 young (5120K), 1 survivors (1024K)
 Metaspace       used 12589K, committed 12928K, reserved 1064960K
  class space    used 1180K, committed 1344K, reserved 1048576K
}
Event: 435.642 GC heap after
{Heap after GC invocations=92 (full 5):
 garbage-first heap   total 235520K, used 61299K [0x0000000082c00000, 0x0000000100000000)
  region size 1024K, 1 young (1024K), 1 survivors (1024K)
 Metaspace       used 12589K, committed 12928K, reserved 1064960K
  class space    used 1180K, committed 1344K, reserved 1048576K
}
Event: 435.855 GC heap before
{Heap before GC invocations=92 (full 5):
 garbage-first heap   total 235520K, used 104307K [0x0000000082c00000, 0x0000000100000000)
  region size 1024K, 5 young (5120K), 1 survivors (1024K)
 Metaspace       used 12593K, committed 12928K, reserved 1064960K
  class space    used 1180K, committed 1344K, reserved 1048576K
}

Deoptimization events (20 events):
Event: 434.752 Thread 0x000002857d4eec20 DEOPT PACKING pc=0x000002856d1a4240 sp=0x000000db5c3fea30
Event: 434.752 Thread 0x000002857d4eec20 DEOPT UNPACKING pc=0x00000285655623a3 sp=0x000000db5c3fe9d8 mode 2
Event: 434.816 Thread 0x000002857d4eec20 DEOPT PACKING pc=0x0000028565bcb9ec sp=0x000000db5c3fa6f0
Event: 434.816 Thread 0x000002857d4eec20 DEOPT UNPACKING pc=0x0000028565562b43 sp=0x000000db5c3f9ba0 mode 1
Event: 434.822 Thread 0x000002857d4eec20 Uncommon trap: trap_request=0xffffffde fr.pc=0x000002856d1ead48 relative=0x0000000000000ac8
Event: 434.822 Thread 0x000002857d4eec20 Uncommon trap: reason=class_check action=maybe_recompile pc=0x000002856d1ead48 method=sun.java2d.Disposer.add(Ljava/lang/Object;Lsun/java2d/DisposerRecord;)V @ 1 c2
Event: 434.822 Thread 0x000002857d4eec20 DEOPT PACKING pc=0x000002856d1ead48 sp=0x000000db5c3fe430
Event: 434.822 Thread 0x000002857d4eec20 DEOPT UNPACKING pc=0x00000285655623a3 sp=0x000000db5c3fe468 mode 2
Event: 434.876 Thread 0x000002857d4eec20 Uncommon trap: trap_request=0xffffff45 fr.pc=0x000002856d1e5230 relative=0x00000000000009d0
Event: 434.876 Thread 0x000002857d4eec20 Uncommon trap: reason=unstable_if action=reinterpret pc=0x000002856d1e5230 method=sun.awt.image.BufImgSurfaceData.createData(Ljava/awt/image/BufferedImage;DD)Lsun/java2d/SurfaceData; @ 28 c2
Event: 434.876 Thread 0x000002857d4eec20 DEOPT PACKING pc=0x000002856d1e5230 sp=0x000000db5c3fe120
Event: 434.876 Thread 0x000002857d4eec20 DEOPT UNPACKING pc=0x00000285655623a3 sp=0x000000db5c3fe0e8 mode 2
Event: 434.902 Thread 0x000002857d4eec20 Uncommon trap: trap_request=0xffffffde fr.pc=0x000002856d1ead48 relative=0x0000000000000ac8
Event: 434.902 Thread 0x000002857d4eec20 Uncommon trap: reason=class_check action=maybe_recompile pc=0x000002856d1ead48 method=sun.java2d.Disposer.add(Ljava/lang/Object;Lsun/java2d/DisposerRecord;)V @ 1 c2
Event: 434.902 Thread 0x000002857d4eec20 DEOPT PACKING pc=0x000002856d1ead48 sp=0x000000db5c3fe650
Event: 434.902 Thread 0x000002857d4eec20 DEOPT UNPACKING pc=0x00000285655623a3 sp=0x000000db5c3fe688 mode 2
Event: 434.975 Thread 0x000002857d4eec20 Uncommon trap: trap_request=0xffffff45 fr.pc=0x000002856d1d2ff4 relative=0x0000000000000154
Event: 434.975 Thread 0x000002857d4eec20 Uncommon trap: reason=unstable_if action=reinterpret pc=0x000002856d1d2ff4 method=sun.font.FileFontStrike.getGlyphImagePtr(I)J @ 22 c2
Event: 434.975 Thread 0x000002857d4eec20 DEOPT PACKING pc=0x000002856d1d2ff4 sp=0x000000db5c3fe500
Event: 434.975 Thread 0x000002857d4eec20 DEOPT UNPACKING pc=0x00000285655623a3 sp=0x000000db5c3fe4b0 mode 2

Classes unloaded (0 events):
No events

Classes redefined (0 events):
No events

Internal exceptions (20 events):
Event: 2.791 Thread 0x000002857d16b270 Exception <a 'java/lang/NoSuchMethodError'{0x000000008a5dce70}: 'void java.lang.invoke.DirectMethodHandle$Holder.invokeStatic(java.lang.Object, java.lang.Object)'> (0x000000008a5dce70) 
thrown [s\src\hotspot\share\interpreter\linkResolver.cpp, line 759]
Event: 2.892 Thread 0x000002857d2fbbf0 Exception <a 'java/lang/ClassNotFoundException'{0x000000008a9a62a8}: sun/net/www/protocol/d/Handler> (0x000000008a9a62a8) 
thrown [s\src\hotspot\share\classfile\systemDictionary.cpp, line 256]
Event: 2.943 Thread 0x000002857d2fbbf0 Exception <a 'java/lang/NoSuchMethodError'{0x000000008a807600}: 'java.lang.Object java.lang.invoke.DirectMethodHandle$Holder.invokeStaticInit(java.lang.Object, int, int, int, int)'> (0x000000008a807600) 
thrown [s\src\hotspot\share\interpreter\linkResolver.cpp, line 759]
Event: 3.010 Thread 0x000002857d2fbbf0 Exception <a 'java/lang/NoSuchMethodError'{0x000000008a83bbd0}: 'java.lang.Object java.lang.invoke.DirectMethodHandle$Holder.invokeStaticInit(java.lang.Object, java.lang.Object, int, int, int, int)'> (0x000000008a83bbd0) 
thrown [s\src\hotspot\share\interpreter\linkResolver.cpp, line 759]
Event: 3.104 Thread 0x000002857d4869d0 Exception <a 'java/lang/NoSuchMethodError'{0x000000008a71c550}: 'void java.lang.invoke.DirectMethodHandle$Holder.invokeSpecial(java.lang.Object, java.lang.Object, java.lang.Object)'> (0x000000008a71c550) 
thrown [s\src\hotspot\share\interpreter\linkResolver.cpp, line 759]
Event: 3.107 Thread 0x000002857d4869d0 Exception <a 'java/lang/NoSuchMethodError'{0x000000008a727fa0}: 'void java.lang.invoke.DirectMethodHandle$Holder.invokeStatic(java.lang.Object, java.lang.Object, java.lang.Object)'> (0x000000008a727fa0) 
thrown [s\src\hotspot\share\interpreter\linkResolver.cpp, line 759]
Event: 3.133 Thread 0x000002857d492f50 Exception <a 'java/lang/ClassNotFoundException'{0x000000008a6042d8}: sun/util/logging/resources/spi/loggingProvider> (0x000000008a6042d8) 
thrown [s\src\hotspot\share\classfile\systemDictionary.cpp, line 256]
Event: 3.420 Thread 0x000002857d492f50 Exception <a 'java/lang/NoSuchMethodError'{0x000000008a658c88}: 'int java.lang.invoke.DirectMethodHandle$Holder.invokeStaticInit(java.lang.Object, java.lang.Object, java.lang.Object)'> (0x000000008a658c88) 
thrown [s\src\hotspot\share\interpreter\linkResolver.cpp, line 759]
Event: 3.439 Thread 0x000002857d492f50 Exception <a 'java/lang/NoSuchMethodError'{0x000000008a501458}: 'java.lang.Object java.lang.invoke.DirectMethodHandle$Holder.newInvokeSpecial(java.lang.Object, java.lang.Object, int, java.lang.Object)'> (0x000000008a501458) 
thrown [s\src\hotspot\share\interpreter\linkResolver.cpp, line 759]
Event: 3.440 Thread 0x000002857d492f50 Exception <a 'java/lang/NoSuchMethodError'{0x000000008a505590}: 'java.lang.Object java.lang.invoke.DirectMethodHandle$Holder.invokeSpecial(java.lang.Object, java.lang.Object, java.lang.Object, int, java.lang.Object)'> (0x000000008a505590) 
thrown [s\src\hotspot\share\interpreter\linkResolver.cpp, line 759]
Event: 3.485 Thread 0x000002857d4ef0f0 Exception <a 'java/lang/NoSuchMethodError'{0x000000008a3d12f0}: 'void java.lang.invoke.DirectMethodHandle$Holder.invokeStaticInit(java.lang.Object)'> (0x000000008a3d12f0) 
thrown [s\src\hotspot\share\interpreter\linkResolver.cpp, line 759]
Event: 3.504 Thread 0x000002857d4869d0 Exception <a 'java/lang/NoSuchMethodError'{0x000000008a95edf8}: 'java.lang.Object java.lang.invoke.Invokers$Holder.invoke_MT(java.lang.Object, java.lang.Object, java.lang.Object)'> (0x000000008a95edf8) 
thrown [s\src\hotspot\share\interpreter\linkResolver.cpp, line 759]
Event: 3.579 Thread 0x000002857d4869d0 Implicit null exception at 0x000002856d028677 to 0x000002856d028cd8
Event: 3.579 Thread 0x000002857d4869d0 Implicit null exception at 0x000002856d0278f7 to 0x000002856d027f48
Event: 4.268 Thread 0x000002857d4eddb0 Implicit null exception at 0x000002856d069b20 to 0x000002856d06b2f0
Event: 315.354 Thread 0x000002857d4eddb0 Exception <a 'java/lang/NoSuchMethodError'{0x0000000086b07eb0}: 'void java.lang.invoke.DirectMethodHandle$Holder.invokeSpecial(java.lang.Object, java.lang.Object, int)'> (0x0000000086b07eb0) 
thrown [s\src\hotspot\share\interpreter\linkResolver.cpp, line 759]
Event: 315.355 Thread 0x000002857d4eddb0 Exception <a 'java/lang/NoSuchMethodError'{0x0000000086b0db08}: 'java.lang.Object java.lang.invoke.DirectMethodHandle$Holder.newInvokeSpecial(java.lang.Object, java.lang.Object, int)'> (0x0000000086b0db08) 
thrown [s\src\hotspot\share\interpreter\linkResolver.cpp, line 759]
Event: 315.357 Thread 0x000002857d2fc0c0 Exception <a 'java/lang/NoSuchMethodError'{0x0000000086b6b698}: 'void java.lang.invoke.DirectMethodHandle$Holder.invokeInterface(java.lang.Object, java.lang.Object)'> (0x0000000086b6b698) 
thrown [s\src\hotspot\share\interpreter\linkResolver.cpp, line 759]
Event: 426.036 Thread 0x000002857e31bc20 Exception <a 'java/lang/NoSuchMethodError'{0x000000008c9d6ed0}: 'java.lang.Object java.lang.invoke.DirectMethodHandle$Holder.invokeSpecial(java.lang.Object, java.lang.Object, int, int, int, int)'> (0x000000008c9d6ed0) 
thrown [s\src\hotspot\share\interpreter\linkResolver.cpp, line 759]
Event: 426.036 Thread 0x000002857e31bc20 Exception <a 'java/lang/NoSuchMethodError'{0x000000008c9da268}: 'java.lang.Object java.lang.invoke.Invokers$Holder.linkToTargetMethod(int, int, int, int, java.lang.Object)'> (0x000000008c9da268) 
thrown [s\src\hotspot\share\interpreter\linkResolver.cpp, line 759]

VM Operations (20 events):
Event: 434.900 Executing VM operation: G1Concurrent done
Event: 434.903 Executing VM operation: G1TryInitiateConcMark
Event: 434.904 Executing VM operation: G1TryInitiateConcMark done
Event: 434.966 Executing VM operation: G1TryInitiateConcMark
Event: 434.967 Executing VM operation: G1TryInitiateConcMark done
Event: 434.988 Executing VM operation: G1TryInitiateConcMark
Event: 434.989 Executing VM operation: G1TryInitiateConcMark done
Event: 435.103 Executing VM operation: G1TryInitiateConcMark
Event: 435.108 Executing VM operation: G1TryInitiateConcMark done
Event: 435.410 Executing VM operation: G1TryInitiateConcMark
Event: 435.410 Executing VM operation: G1TryInitiateConcMark done
Event: 435.412 Executing VM operation: G1CollectForAllocation
Event: 435.413 Executing VM operation: G1CollectForAllocation done
Event: 435.421 Executing VM operation: G1Concurrent
Event: 435.425 Executing VM operation: G1Concurrent done
Event: 435.429 Executing VM operation: G1Concurrent
Event: 435.430 Executing VM operation: G1Concurrent done
Event: 435.638 Executing VM operation: G1TryInitiateConcMark
Event: 435.642 Executing VM operation: G1TryInitiateConcMark done
Event: 435.855 Executing VM operation: G1TryInitiateConcMark

Events (20 events):
Event: 425.723 loading class java/io/ObjectStreamClass$FieldReflectorKey
Event: 425.723 loading class java/io/ObjectStreamClass$FieldReflectorKey done
Event: 425.723 loading class java/io/ObjectStreamClass$FieldReflector
Event: 425.724 loading class java/io/ObjectStreamClass$FieldReflector done
Event: 425.724 loading class java/io/ObjectStreamClass$ExceptionInfo
Event: 425.724 loading class java/io/ObjectStreamClass$ExceptionInfo done
Event: 425.865 Thread 0x000002857e3160b0 Thread added: 0x000002857e3160b0
Event: 426.035 Thread 0x000002857edbddd0 Thread added: 0x000002857edbddd0
Event: 426.051 Thread 0x000002857ce78f10 Thread added: 0x000002857ce78f10
Event: 426.330 Thread 0x000002857ce78f10 Thread exited: 0x000002857ce78f10
Event: 426.379 Thread 0x000002857edbddd0 Thread exited: 0x000002857edbddd0
Event: 426.468 Thread 0x000002857e31cf60 Thread added: 0x000002857e31cf60
Event: 426.470 Thread 0x000002857ce78f10 Thread added: 0x000002857ce78f10
Event: 426.470 Thread 0x000002857cc2f8e0 Thread added: 0x000002857cc2f8e0
Event: 426.527 Thread 0x000002857e31adb0 Thread added: 0x000002857e31adb0
Event: 428.210 Thread 0x000002857ce78f10 Thread exited: 0x000002857ce78f10
Event: 428.210 Thread 0x000002857cc2f8e0 Thread exited: 0x000002857cc2f8e0
Event: 428.601 Thread 0x000002857e31bc20 Thread exited: 0x000002857e31bc20
Event: 428.878 Thread 0x000002857e3160b0 Thread exited: 0x000002857e3160b0
Event: 429.309 Thread 0x000002857e31cf60 Thread exited: 0x000002857e31cf60


Dynamic libraries:
0x00007ff6ef150000 - 0x00007ff6ef15e000 	D:\CODE\Greenfoot\jdk\bin\java.exe
0x00007ff841310000 - 0x00007ff841527000 	C:\WINDOWS\SYSTEM32\ntdll.dll
0x00007ff83f850000 - 0x00007ff83f914000 	C:\WINDOWS\System32\KERNEL32.DLL
0x00007ff83e730000 - 0x00007ff83ead5000 	C:\WINDOWS\System32\KERNELBASE.dll
0x00007ff83ef40000 - 0x00007ff83f051000 	C:\WINDOWS\System32\ucrtbase.dll
0x00007ff80baf0000 - 0x00007ff80bb08000 	D:\CODE\Greenfoot\jdk\bin\jli.dll
0x00007ff80b130000 - 0x00007ff80b149000 	D:\CODE\Greenfoot\jdk\bin\VCRUNTIME140.dll
0x00007ff83fae0000 - 0x00007ff83fc8e000 	C:\WINDOWS\System32\USER32.dll
0x00007ff83e680000 - 0x00007ff83e6a6000 	C:\WINDOWS\System32\win32u.dll
0x00007ff821b50000 - 0x00007ff821de3000 	C:\WINDOWS\WinSxS\amd64_microsoft.windows.common-controls_6595b64144ccf1df_6.0.22621.2506_none_270c5ae97388e100\COMCTL32.dll
0x00007ff840110000 - 0x00007ff840139000 	C:\WINDOWS\System32\GDI32.dll
0x00007ff83f730000 - 0x00007ff83f7d7000 	C:\WINDOWS\System32\msvcrt.dll
0x00007ff83eba0000 - 0x00007ff83ecb9000 	C:\WINDOWS\System32\gdi32full.dll
0x00007ff83ecc0000 - 0x00007ff83ed5a000 	C:\WINDOWS\System32\msvcp_win.dll
0x00007ff83fed0000 - 0x00007ff83ff01000 	C:\WINDOWS\System32\IMM32.DLL
0x00007ff812290000 - 0x00007ff81229c000 	D:\CODE\Greenfoot\jdk\bin\vcruntime140_1.dll
0x00007ffffc8f0000 - 0x00007ffffc981000 	D:\CODE\Greenfoot\jdk\bin\msvcp140.dll
0x00007fffb96c0000 - 0x00007fffba306000 	D:\CODE\Greenfoot\jdk\bin\server\jvm.dll
0x00007ff840870000 - 0x00007ff840921000 	C:\WINDOWS\System32\ADVAPI32.dll
0x00007ff840140000 - 0x00007ff8401e6000 	C:\WINDOWS\System32\sechost.dll
0x00007ff83f060000 - 0x00007ff83f177000 	C:\WINDOWS\System32\RPCRT4.dll
0x00007ff8402e0000 - 0x00007ff8402e8000 	C:\WINDOWS\System32\PSAPI.DLL
0x00007ff811720000 - 0x00007ff811729000 	C:\WINDOWS\SYSTEM32\WSOCK32.dll
0x00007ff82cb20000 - 0x00007ff82cb54000 	C:\WINDOWS\SYSTEM32\WINMM.dll
0x00007ff837c00000 - 0x00007ff837c0a000 	C:\WINDOWS\SYSTEM32\VERSION.dll
0x00007ff83f180000 - 0x00007ff83f1f1000 	C:\WINDOWS\System32\WS2_32.dll
0x00007ff83d710000 - 0x00007ff83d728000 	C:\WINDOWS\SYSTEM32\kernel.appcore.dll
0x00007ff80b120000 - 0x00007ff80b12a000 	D:\CODE\Greenfoot\jdk\bin\jimage.dll
0x00007ff8299d0000 - 0x00007ff829c03000 	C:\WINDOWS\SYSTEM32\DBGHELP.DLL
0x00007ff83f3a0000 - 0x00007ff83f729000 	C:\WINDOWS\System32\combase.dll
0x00007ff840030000 - 0x00007ff840107000 	C:\WINDOWS\System32\OLEAUT32.dll
0x00007ff81f6a0000 - 0x00007ff81f6d2000 	C:\WINDOWS\SYSTEM32\dbgcore.DLL
0x00007ff83e6b0000 - 0x00007ff83e72a000 	C:\WINDOWS\System32\bcryptPrimitives.dll
0x00007ffffcd90000 - 0x00007ffffcdcb000 	D:\CODE\Greenfoot\jdk\bin\jdwp.dll
0x00007ff80ab50000 - 0x00007ff80ab75000 	D:\CODE\Greenfoot\jdk\bin\java.dll
0x00007ffffa680000 - 0x00007ffffa756000 	D:\CODE\Greenfoot\jdk\bin\jsvml.dll
0x00007ff8409e0000 - 0x00007ff841239000 	C:\WINDOWS\System32\SHELL32.dll
0x00007ff83c5b0000 - 0x00007ff83cea4000 	C:\WINDOWS\SYSTEM32\windows.storage.dll
0x00007ff83c470000 - 0x00007ff83c5ae000 	C:\WINDOWS\SYSTEM32\wintypes.dll
0x00007ff83ff30000 - 0x00007ff840023000 	C:\WINDOWS\System32\SHCORE.dll
0x00007ff83fe00000 - 0x00007ff83fe5e000 	C:\WINDOWS\System32\shlwapi.dll
0x00007ff83e5b0000 - 0x00007ff83e5d6000 	C:\WINDOWS\SYSTEM32\profapi.dll
0x00007ff809b40000 - 0x00007ff809b4b000 	D:\CODE\Greenfoot\jdk\bin\dt_shmem.dll
0x00007ff809b70000 - 0x00007ff809b89000 	D:\CODE\Greenfoot\jdk\bin\net.dll
0x00007ff838d40000 - 0x00007ff838e77000 	C:\WINDOWS\SYSTEM32\WINHTTP.dll
0x00007ff83dbf0000 - 0x00007ff83dc59000 	C:\WINDOWS\system32\mswsock.dll
0x00007ff809b50000 - 0x00007ff809b65000 	D:\CODE\Greenfoot\jdk\bin\nio.dll
0x00007ff807c00000 - 0x00007ff807c18000 	D:\CODE\Greenfoot\jdk\bin\zip.dll
0x00007fffc9fa0000 - 0x00007fffca12e000 	D:\CODE\Greenfoot\jdk\bin\awt.dll
0x00007ff83b9f0000 - 0x00007ff83ba87000 	C:\WINDOWS\SYSTEM32\apphelp.dll
0x00007ff83baf0000 - 0x00007ff83bb9b000 	C:\WINDOWS\system32\uxtheme.dll
0x00007ff824fc0000 - 0x00007ff8250f9000 	C:\ProgramData\A-Volute\A-Volute.Nahimic\Modules\Scheduled\x64\AudioDevProps2.dll
0x00007ff83f200000 - 0x00007ff83f3a0000 	C:\WINDOWS\System32\ole32.dll
0x00007ff83fc90000 - 0x00007ff83fddf000 	C:\WINDOWS\System32\MSCTF.dll
0x00007ff83de40000 - 0x00007ff83de5b000 	C:\WINDOWS\SYSTEM32\CRYPTSP.dll
0x00007ff83d6d0000 - 0x00007ff83d705000 	C:\WINDOWS\system32\rsaenh.dll
0x00007ff83dce0000 - 0x00007ff83dd0c000 	C:\WINDOWS\SYSTEM32\USERENV.dll
0x00007ff83e010000 - 0x00007ff83e038000 	C:\WINDOWS\SYSTEM32\bcrypt.dll
0x00007ff83de60000 - 0x00007ff83de6c000 	C:\WINDOWS\SYSTEM32\CRYPTBASE.dll
0x00007ff83d180000 - 0x00007ff83d1ad000 	C:\WINDOWS\SYSTEM32\IPHLPAPI.DLL
0x00007ff83f840000 - 0x00007ff83f849000 	C:\WINDOWS\System32\NSI.dll
0x00007ff838c70000 - 0x00007ff838c89000 	C:\WINDOWS\SYSTEM32\dhcpcsvc6.DLL
0x00007ff838c40000 - 0x00007ff838c5f000 	C:\WINDOWS\SYSTEM32\dhcpcsvc.DLL
0x00007ff83d1f0000 - 0x00007ff83d2e9000 	C:\WINDOWS\SYSTEM32\DNSAPI.dll
0x00007ff83bd70000 - 0x00007ff83bd9b000 	C:\WINDOWS\system32\DWMAPI.DLL
0x00007ff80f130000 - 0x00007ff80f230000 	C:\WINDOWS\system32\opengl32.dll
0x00007ff80f790000 - 0x00007ff80f7bd000 	C:\WINDOWS\SYSTEM32\GLU32.dll
0x00007ff83bde0000 - 0x00007ff83be16000 	C:\WINDOWS\SYSTEM32\dxcore.dll
0x000002857c3e0000 - 0x000002857c3e3000 	C:\Users\Abraham Willem H\.openjfx\cache\20.0.1+2\amd64\api-ms-win-core-console-l1-1-0.dll
0x000002857c3f0000 - 0x000002857c3f3000 	C:\Users\Abraham Willem H\.openjfx\cache\20.0.1+2\amd64\api-ms-win-core-console-l1-2-0.dll
0x000002857d910000 - 0x000002857d913000 	C:\Users\Abraham Willem H\.openjfx\cache\20.0.1+2\amd64\api-ms-win-core-datetime-l1-1-0.dll
0x000002857d930000 - 0x000002857d933000 	C:\Users\Abraham Willem H\.openjfx\cache\20.0.1+2\amd64\api-ms-win-core-debug-l1-1-0.dll
0x000002857d940000 - 0x000002857d943000 	C:\Users\Abraham Willem H\.openjfx\cache\20.0.1+2\amd64\api-ms-win-core-errorhandling-l1-1-0.dll
0x000002857d950000 - 0x000002857d954000 	C:\Users\Abraham Willem H\.openjfx\cache\20.0.1+2\amd64\api-ms-win-core-file-l1-1-0.dll
0x000002857d960000 - 0x000002857d963000 	C:\Users\Abraham Willem H\.openjfx\cache\20.0.1+2\amd64\api-ms-win-core-file-l1-2-0.dll
0x000002857d970000 - 0x000002857d973000 	C:\Users\Abraham Willem H\.openjfx\cache\20.0.1+2\amd64\api-ms-win-core-file-l2-1-0.dll
0x000002857d980000 - 0x000002857d983000 	C:\Users\Abraham Willem H\.openjfx\cache\20.0.1+2\amd64\api-ms-win-core-handle-l1-1-0.dll
0x000002857d990000 - 0x000002857d993000 	C:\Users\Abraham Willem H\.openjfx\cache\20.0.1+2\amd64\api-ms-win-core-heap-l1-1-0.dll
0x000002857edc0000 - 0x000002857edc3000 	C:\Users\Abraham Willem H\.openjfx\cache\20.0.1+2\amd64\api-ms-win-core-interlocked-l1-1-0.dll
0x000002857edd0000 - 0x000002857edd3000 	C:\Users\Abraham Willem H\.openjfx\cache\20.0.1+2\amd64\api-ms-win-core-libraryloader-l1-1-0.dll
0x000002857ede0000 - 0x000002857ede3000 	C:\Users\Abraham Willem H\.openjfx\cache\20.0.1+2\amd64\api-ms-win-core-localization-l1-2-0.dll
0x000002857edf0000 - 0x000002857edf3000 	C:\Users\Abraham Willem H\.openjfx\cache\20.0.1+2\amd64\api-ms-win-core-memory-l1-1-0.dll
0x000002857ee00000 - 0x000002857ee03000 	C:\Users\Abraham Willem H\.openjfx\cache\20.0.1+2\amd64\api-ms-win-core-namedpipe-l1-1-0.dll
0x000002857ee10000 - 0x000002857ee13000 	C:\Users\Abraham Willem H\.openjfx\cache\20.0.1+2\amd64\api-ms-win-core-processenvironment-l1-1-0.dll
0x000002857ee20000 - 0x000002857ee23000 	C:\Users\Abraham Willem H\.openjfx\cache\20.0.1+2\amd64\api-ms-win-core-processthreads-l1-1-0.dll
0x000002857ee30000 - 0x000002857ee33000 	C:\Users\Abraham Willem H\.openjfx\cache\20.0.1+2\amd64\api-ms-win-core-processthreads-l1-1-1.dll
0x000002857ee40000 - 0x000002857ee43000 	C:\Users\Abraham Willem H\.openjfx\cache\20.0.1+2\amd64\api-ms-win-core-profile-l1-1-0.dll
0x000002857ee50000 - 0x000002857ee53000 	C:\Users\Abraham Willem H\.openjfx\cache\20.0.1+2\amd64\api-ms-win-core-rtlsupport-l1-1-0.dll
0x000002857ee60000 - 0x000002857ee63000 	C:\Users\Abraham Willem H\.openjfx\cache\20.0.1+2\amd64\api-ms-win-core-string-l1-1-0.dll
0x000002857ee70000 - 0x000002857ee73000 	C:\Users\Abraham Willem H\.openjfx\cache\20.0.1+2\amd64\api-ms-win-core-synch-l1-1-0.dll
0x000002857ee80000 - 0x000002857ee83000 	C:\Users\Abraham Willem H\.openjfx\cache\20.0.1+2\amd64\api-ms-win-core-synch-l1-2-0.dll
0x000002857ee90000 - 0x000002857ee93000 	C:\Users\Abraham Willem H\.openjfx\cache\20.0.1+2\amd64\api-ms-win-core-sysinfo-l1-1-0.dll
0x000002857eea0000 - 0x000002857eea3000 	C:\Users\Abraham Willem H\.openjfx\cache\20.0.1+2\amd64\api-ms-win-core-timezone-l1-1-0.dll
0x000002857eeb0000 - 0x000002857eeb3000 	C:\Users\Abraham Willem H\.openjfx\cache\20.0.1+2\amd64\api-ms-win-core-util-l1-1-0.dll
0x000002857eec0000 - 0x000002857eec3000 	C:\Users\Abraham Willem H\.openjfx\cache\20.0.1+2\amd64\api-ms-win-crt-conio-l1-1-0.dll
0x000002857eed0000 - 0x000002857eed4000 	C:\Users\Abraham Willem H\.openjfx\cache\20.0.1+2\amd64\api-ms-win-crt-convert-l1-1-0.dll
0x000002857eee0000 - 0x000002857eee3000 	C:\Users\Abraham Willem H\.openjfx\cache\20.0.1+2\amd64\api-ms-win-crt-environment-l1-1-0.dll
0x000002857eef0000 - 0x000002857eef3000 	C:\Users\Abraham Willem H\.openjfx\cache\20.0.1+2\amd64\api-ms-win-crt-filesystem-l1-1-0.dll
0x000002857ef00000 - 0x000002857ef03000 	C:\Users\Abraham Willem H\.openjfx\cache\20.0.1+2\amd64\api-ms-win-crt-heap-l1-1-0.dll
0x000002857ef10000 - 0x000002857ef13000 	C:\Users\Abraham Willem H\.openjfx\cache\20.0.1+2\amd64\api-ms-win-crt-locale-l1-1-0.dll
0x000002857ef20000 - 0x000002857ef25000 	C:\Users\Abraham Willem H\.openjfx\cache\20.0.1+2\amd64\api-ms-win-crt-math-l1-1-0.dll
0x000002857ef30000 - 0x000002857ef35000 	C:\Users\Abraham Willem H\.openjfx\cache\20.0.1+2\amd64\api-ms-win-crt-multibyte-l1-1-0.dll
0x000002857ef40000 - 0x000002857ef50000 	C:\Users\Abraham Willem H\.openjfx\cache\20.0.1+2\amd64\api-ms-win-crt-private-l1-1-0.dll
0x000002857ef50000 - 0x000002857ef53000 	C:\Users\Abraham Willem H\.openjfx\cache\20.0.1+2\amd64\api-ms-win-crt-process-l1-1-0.dll
0x000002857ef60000 - 0x000002857ef64000 	C:\Users\Abraham Willem H\.openjfx\cache\20.0.1+2\amd64\api-ms-win-crt-runtime-l1-1-0.dll
0x000002857ef70000 - 0x000002857ef74000 	C:\Users\Abraham Willem H\.openjfx\cache\20.0.1+2\amd64\api-ms-win-crt-stdio-l1-1-0.dll
0x000002857ef80000 - 0x000002857ef84000 	C:\Users\Abraham Willem H\.openjfx\cache\20.0.1+2\amd64\api-ms-win-crt-string-l1-1-0.dll
0x000002857ef90000 - 0x000002857ef93000 	C:\Users\Abraham Willem H\.openjfx\cache\20.0.1+2\amd64\api-ms-win-crt-time-l1-1-0.dll
0x000002857efa0000 - 0x000002857efa3000 	C:\Users\Abraham Willem H\.openjfx\cache\20.0.1+2\amd64\api-ms-win-crt-utility-l1-1-0.dll
0x00007fffcb260000 - 0x00007fffcb35c000 	C:\Users\Abraham Willem H\.openjfx\cache\20.0.1+2\amd64\ucrtbase.dll
0x00007ff807be0000 - 0x00007ff807bfb000 	C:\Users\Abraham Willem H\.openjfx\cache\20.0.1+2\amd64\vcruntime140.dll
0x00007ff80b110000 - 0x00007ff80b11c000 	C:\Users\Abraham Willem H\.openjfx\cache\20.0.1+2\amd64\vcruntime140_1.dll
0x00007ffffd120000 - 0x00007ffffd1ae000 	C:\Users\Abraham Willem H\.openjfx\cache\20.0.1+2\amd64\msvcp140.dll
0x00007ff80ae40000 - 0x00007ff80ae49000 	C:\Users\Abraham Willem H\.openjfx\cache\20.0.1+2\amd64\msvcp140_1.dll
0x00007ff8073e0000 - 0x00007ff807410000 	C:\Users\Abraham Willem H\.openjfx\cache\20.0.1+2\amd64\msvcp140_2.dll
0x00007ff8071c0000 - 0x00007ff8071ef000 	C:\Users\Abraham Willem H\.openjfx\cache\20.0.1+2\amd64\prism_d3d.dll
0x00007ff800130000 - 0x00007ff8002d9000 	C:\WINDOWS\system32\d3d9.dll
0x00007fffd78b0000 - 0x00007fffd7a5f000 	C:\WINDOWS\System32\DriverStore\FileRepository\iigd_dch.inf_amd64_51f685305808e3a5\igdumdim64.dll
0x00007fffd1770000 - 0x00007fffd4813000 	C:\WINDOWS\System32\DriverStore\FileRepository\iigd_dch.inf_amd64_51f685305808e3a5\igd9dxva64.dll
0x00007ff8402f0000 - 0x00007ff840764000 	C:\WINDOWS\System32\SETUPAPI.dll
0x00007ff83e370000 - 0x00007ff83e3be000 	C:\WINDOWS\SYSTEM32\cfgmgr32.dll
0x00007ff834460000 - 0x00007ff834869000 	C:\WINDOWS\System32\DriverStore\FileRepository\iigd_dch.inf_amd64_51f685305808e3a5\igdgmm64.dll
0x00007ff838600000 - 0x00007ff83864a000 	C:\WINDOWS\SYSTEM32\directxdatabasehelper.dll
0x00007ff807030000 - 0x00007ff807072000 	C:\Users\Abraham Willem H\.openjfx\cache\20.0.1+2\amd64\glass.dll
0x00007ff840770000 - 0x00007ff840869000 	C:\WINDOWS\System32\COMDLG32.dll
0x00007ffff1b50000 - 0x00007ffff1b77000 	C:\WINDOWS\System32\DriverStore\FileRepository\iigd_dch.inf_amd64_51f685305808e3a5\igdinfo64.dll
0x00007ff830210000 - 0x00007ff8339a4000 	C:\WINDOWS\System32\DriverStore\FileRepository\iigd_dch.inf_amd64_51f685305808e3a5\igc64.dll
0x00007ffffcd60000 - 0x00007ffffcd70000 	D:\CODE\Greenfoot\jdk\bin\verify.dll

dbghelp: loaded successfully - version: 4.0.5 - missing functions: none
symbol engine: initialized successfully - sym options: 0x614 - pdb path: .;D:\CODE\Greenfoot\jdk\bin;C:\WINDOWS\SYSTEM32;C:\WINDOWS\WinSxS\amd64_microsoft.windows.common-controls_6595b64144ccf1df_6.0.22621.2506_none_270c5ae97388e100;D:\CODE\Greenfoot\jdk\bin\server;C:\ProgramData\A-Volute\A-Volute.Nahimic\Modules\Scheduled\x64;C:\Users\Abraham Willem H\.openjfx\cache\20.0.1+2\amd64;C:\WINDOWS\System32\DriverStore\FileRepository\iigd_dch.inf_amd64_51f685305808e3a5

VM Arguments:
jvm_args: -XX:MaxGCPauseMillis=50 -agentlib:jdwp=transport=dt_shmem,address=javadebug -Dfile.encoding=UTF-8 
java_command: bluej.runtime.ExecServer UTF-8
java_class_path (initial): D:\CODE\Greenfoot\lib\greenfoot.jar;D:\CODE\Greenfoot\lib\javafx-base-20.0.1-win.jar;D:\CODE\Greenfoot\lib\javafx-base-20.0.1.jar;D:\CODE\Greenfoot\lib\javafx-controls-20.0.1-win.jar;D:\CODE\Greenfoot\lib\javafx-controls-20.0.1.jar;D:\CODE\Greenfoot\lib\javafx-fxml-20.0.1-win.jar;D:\CODE\Greenfoot\lib\javafx-graphics-20.0.1-win.jar;D:\CODE\Greenfoot\lib\javafx-graphics-20.0.1.jar;D:\CODE\Greenfoot\lib\javafx-media-20.0.1-win.jar;D:\CODE\Greenfoot\lib\javafx-media-20.0.1.jar;D:\CODE\Greenfoot\lib\javafx-swing-20.0.1-win.jar;D:\CODE\Greenfoot\lib\javafx-web-20.0.1-win.jar;D:\CODE\Greenfoot\lib\junit-4.12.jar;D:\CODE\Greenfoot\lib\junit-jupiter-5.5.2.jar;D:\CODE\Greenfoot\lib\junit-jupiter-api-5.5.2.jar;D:\CODE\Greenfoot\lib\junit-jupiter-engine-5.5.2.jar;D:\CODE\Greenfoot\lib\junit-jupiter-params-5.5.2.jar;D:\CODE\Greenfoot\lib\junit-platform-commons-1.5.2.jar;D:\CODE\Greenfoot\lib\junit-platform-engine-1.5.2.jar;D:\CODE\Greenfoot\lib\junit-platform-launcher-1.5.2.jar;D:\CODE\Greenfoot\lib\junit-platform-suite-api-1.5.2.jar;D:\CODE\Greenfoot\lib\junit-vintage-engine-5.5.2.jar;D:\CODE\Greenfoot\lib\hamcrest-core-1.3.jar;D:\CODE\Greenfoot\lib\opentest4j-1.2.0.jar;D:\CODE\Greenfoot\lib\bluej.jar;D:\CODE\Greenfoot\lib\classgraph-4.8.90.jar;D:\CODE\Greenfoot\lib\diffutils-1.2.1.jar;D:\CODE\Greenfoot\lib\commons-logging-1.2.jar;D:\CODE\Greenfoot\lib\jl1.0.1.jar;D:\CODE\Greenfoot\lib\opencsv-2.3.jar;D:\CODE\Greenfoot\lib\opencsv-2.4.jar;D:\CODE\Greenfoot\lib\xom-1.3.7.jar;D:\CODE\Greenfoot\lib\lang-stride.jar;D:\CODE\Greenfoot\lib\nsmenufx-2.1.8.jar;D:\CODE\Greenfoot\lib\wellbehavedfx-0.3.3.jar;D:\CODE\Greenfoot\lib\guava-17.0.jar;D:\CODE\Greenfoot\lib\httpclient-4.3.6.jar;D:\CODE\Greenfoot\lib\httpcore-4.3.3.jar;D:\CODE\Greenfoot\lib\httpmime-4.1.1.jar
Launcher Type: SUN_STANDARD

[Global flags]
     intx CICompilerCount                          = 4                                         {product} {ergonomic}
     uint ConcGCThreads                            = 3                                         {product} {ergonomic}
     uint G1ConcRefinementThreads                  = 10                                        {product} {ergonomic}
   size_t G1HeapRegionSize                         = 1048576                                   {product} {ergonomic}
    uintx GCDrainStackTargetSize                   = 64                                        {product} {ergonomic}
   size_t InitialHeapSize                          = 132120576                                 {product} {ergonomic}
   size_t MarkStackSize                            = 4194304                                   {product} {ergonomic}
    uintx MaxGCPauseMillis                         = 50                                        {product} {command line}
   size_t MaxHeapSize                              = 2101346304                                {product} {ergonomic}
   size_t MaxNewSize                               = 1260388352                                {product} {ergonomic}
   size_t MinHeapDeltaBytes                        = 1048576                                   {product} {ergonomic}
   size_t MinHeapSize                              = 8388608                                   {product} {ergonomic}
    uintx NonNMethodCodeHeapSize                   = 5839372                                {pd product} {ergonomic}
    uintx NonProfiledCodeHeapSize                  = 122909434                              {pd product} {ergonomic}
    uintx ProfiledCodeHeapSize                     = 122909434                              {pd product} {ergonomic}
    uintx ReservedCodeCacheSize                    = 251658240                              {pd product} {ergonomic}
     bool SegmentedCodeCache                       = true                                      {product} {ergonomic}
   size_t SoftMaxHeapSize                          = 2101346304                             {manageable} {ergonomic}
     bool UseCompressedClassPointers               = true                           {product lp64_product} {ergonomic}
     bool UseCompressedOops                        = true                           {product lp64_product} {ergonomic}
     bool UseG1GC                                  = true                                      {product} {ergonomic}
     bool UseLargePagesIndividualAllocation        = false                                  {pd product} {ergonomic}

Logging:
Log output configuration:
 #0: stdout all=warning uptime,level,tags
 #1: stderr all=off uptime,level,tags

Environment Variables:
JAVA_HOME=C:\Users\Abraham Willem H\AppData\Local\Programs\Eclipse Adoptium\jdk-17.0.8.101-hotspot\
PATH=C:\Program Files\Common Files\Oracle\Java\javapath;C:\Program Files (x86)\Common Files\Oracle\Java\javapath;C:\Windows\system32;C:\Windows;C:\Windows\System32\Wbem;C:\Windows\System32\WindowsPowerShell\v1.0\;C:\Windows\System32\OpenSSH\;C:\Program Files (x86)\NVIDIA Corporation\PhysX\Common;C:\Program Files\NVIDIA Corporation\NVIDIA NvDLISR;C:\WINDOWS\system32;C:\WINDOWS;C:\WINDOWS\System32\Wbem;C:\WINDOWS\System32\WindowsPowerShell\v1.0\;C:\WINDOWS\System32\OpenSSH\;C:\MinGW\bin;C:\Program Files\dotnet\;C:\Users\Abraham Willem H\AppData\Local\Programs\Python\Python310;C:\Users\Abraham Willem H\AppData\Local\Programs\Python\Python310\Scripts;C:\WINDOWS\system32;C:\WINDOWS;C:\WINDOWS\System32\Wbem;C:\WINDOWS\System32\WindowsPowerShell\v1.0\;C:\WINDOWS\System32\OpenSSH\;C:\FPC\3.2.2\bin\i386-Win32;C:\Program Files (x86)\Microsoft SQL Server\160\Tools\Binn\;C:\Program Files\Microsoft SQL Server\160\Tools\Binn\;C:\Program Files\Microsoft SQL Server\Client SDK\ODBC\170\Tools\Binn\;C:\Program Files\Microsoft SQL Server\160\DTS\Binn\;C:\Program Files (x86)\Microsoft SQL Server\160\DTS\Binn\;C:\Program Files\Azure Data Studio\bin;C:\Program Files\PowerShell\7\;C:\Users\Abraham Willem H\.cargo\bin;C:\Users\Abraham Willem H\AppData\Local\Programs\Eclipse Adoptium\jdk-17.0.8.101-hotspot\bin;C:\Users\Abraham Willem H\AppData\Local\Programs\Python\Python311\Scripts\;C:\Users\Abraham Willem H\AppData\Local\Programs\Python\Python311\;C:\Users\Abraham Willem H\AppData\Local\Microsoft\WindowsApps;C:\Users\Abraham Willem H\AppData\Local\Programs\Microsoft VS Code\bin;C:\MinGW\bin;C:\Users\Abraham Willem H\.dotnet\tools;C:\Program Files\JetBrains\IntelliJ IDEA Community Edition 2022.2.2\bin;;C:\Users\Abraham Willem H\AppData\Local\GitHubDesktop\bin;;C:\Program Files\Azure Data Studio\bin
USERNAME=Abraham Willem H
OS=Windows_NT
PROCESSOR_IDENTIFIER=Intel64 Family 6 Model 165 Stepping 2, GenuineIntel
TMP=C:\Users\ABRAHA~1\AppData\Local\Temp
TEMP=C:\Users\ABRAHA~1\AppData\Local\Temp



---------------  S Y S T E M  ---------------

OS:
 Windows 11 , 64 bit Build 22621 (10.0.22621.2506)
OS uptime: 0 days 0:15 hours

CPU: total 12 (initial active 12) (6 cores per cpu, 2 threads per core) family 6 model 165 stepping 2 microcode 0xe2, cx8, cmov, fxsr, ht, mmx, 3dnowpref, sse, sse2, sse3, ssse3, sse4.1, sse4.2, popcnt, lzcnt, tsc, tscinvbit, avx, avx2, aes, erms, clmul, bmi1, bmi2, adx, fma, vzeroupper, clflush, clflushopt

Memory: 4k page, system-wide physical 8013M (1617M free)
TotalPageFile size 8754M (AvailPageFile size 78M)
current process WorkingSet (physical memory assigned to process): 281M, peak: 368M
current process commit charge ("private bytes"): 423M, peak: 619M

vm_info: OpenJDK 64-Bit Server VM (17.0.4.1+1) for windows-amd64 JRE (17.0.4.1+1), built on Aug 17 2022 07:42:43 by "temurin" with MS VC++ 16.7 (VS2019)

END.
