#
# There is insufficient memory for the Java Runtime Environment to continue.
# Native memory allocation (malloc) failed to allocate 1398416 bytes for Chunk::new
# Possible reasons:
#   The system is out of physical RAM or swap space
#   The process is running with CompressedOops enabled, and the Java Heap may be blocking the growth of the native heap
# Possible solutions:
#   Reduce memory load on the system
#   Increase physical memory or swap space
#   Check if swap backing store is full
#   Decrease Java heap size (-Xmx/-Xms)
#   Decrease number of Java threads
#   Decrease Java thread stack sizes (-Xss)
#   Set larger code cache with -XX:ReservedCodeCacheSize=
#   JVM is running with Unscaled Compressed Oops mode in which the Java heap is
#     placed in the first 4GB address space. The Java Heap base address is the
#     maximum limit for the native heap growth. Please use -XX:HeapBaseMinAddress
#     to set the Java Heap base and to place the Java Heap above 4GB virtual address.
# This output file may be truncated or incomplete.
#
#  Out of Memory Error (arena.cpp:189), pid=10448, tid=4368
#
# JRE version: OpenJDK Runtime Environment Temurin-17.0.4.1+1 (17.0.4.1+1) (build 17.0.4.1+1)
# Java VM: OpenJDK 64-Bit Server VM Temurin-17.0.4.1+1 (17.0.4.1+1, mixed mode, sharing, tiered, compressed oops, compressed class ptrs, g1 gc, windows-amd64)
# No core dump will be written. Minidumps are not enabled by default on client versions of Windows
#

---------------  S U M M A R Y ------------

Command Line: -XX:MaxGCPauseMillis=50 -agentlib:jdwp=transport=dt_shmem,address=javadebug -Dfile.encoding=UTF-8 bluej.runtime.ExecServer UTF-8

Host: Intel(R) Core(TM) i5-10500H CPU @ 2.50GHz, 12 cores, 7G,  Windows 11 , 64 bit Build 22621 (10.0.22621.2506)
Time: Mon Dec 11 11:00:02 2023 SE Asia Standard Time elapsed time: 3.113910 seconds (0d 0h 0m 3s)

---------------  T H R E A D  ---------------

Current thread (0x0000020e30323750):  JavaThread "C2 CompilerThread0" daemon [_thread_in_native, id=4368, stack(0x00000066d0000000,0x00000066d0100000)]


Current CompileTask:
C2:   3113 1113       4       java.io.WinNTFileSystem::normalize (143 bytes)

Stack: [0x00000066d0000000,0x00000066d0100000]
Native frames: (J=compiled Java code, j=interpreted, Vv=VM code, C=native code)
V  [jvm.dll+0x67731a]
V  [jvm.dll+0x832284]
V  [jvm.dll+0x833a2e]
V  [jvm.dll+0x834093]
V  [jvm.dll+0x245775]
V  [jvm.dll+0xabd7b]
V  [jvm.dll+0xac30c]
V  [jvm.dll+0x363a42]
V  [jvm.dll+0x1bbd52]
V  [jvm.dll+0x2187d9]
V  [jvm.dll+0x217aa1]
V  [jvm.dll+0x1a3f8d]
V  [jvm.dll+0x227498]
V  [jvm.dll+0x2255e5]
V  [jvm.dll+0x7e7e9b]
V  [jvm.dll+0x7e240a]
V  [jvm.dll+0x6761a5]
C  [ucrtbase.dll+0x29363]
C  [KERNEL32.DLL+0x1257d]
C  [ntdll.dll+0x5aa58]


---------------  P R O C E S S  ---------------

Threads class SMR info:
_java_thread_list=0x0000020e3261edd0, length=27, elements={
0x0000020e30306bc0, 0x0000020e30307a30, 0x0000020e303186f0, 0x0000020e3031b1b0,
0x0000020e3031bb60, 0x0000020e3031d530, 0x0000020e30323750, 0x0000020e30320b40,
0x0000020e30321930, 0x0000020e30e2cf40, 0x0000020e30e41610, 0x0000020e30e41b00,
0x0000020e30e49630, 0x0000020e30e52410, 0x0000020e3134eef0, 0x0000020e31375310,
0x0000020e313a0830, 0x0000020e11c20f50, 0x0000020e31543240, 0x0000020e317b6470,
0x0000020e318d5580, 0x0000020e3191d4c0, 0x0000020e3191c180, 0x0000020e3191c650,
0x0000020e3191b7e0, 0x0000020e3191cb20, 0x0000020e32657220
}

Java Threads: ( => current thread )
  0x0000020e30306bc0 JavaThread "Reference Handler" daemon [_thread_blocked, id=8112, stack(0x00000066cfa00000,0x00000066cfb00000)]
  0x0000020e30307a30 JavaThread "Finalizer" daemon [_thread_blocked, id=13568, stack(0x00000066cfb00000,0x00000066cfc00000)]
  0x0000020e303186f0 JavaThread "Signal Dispatcher" daemon [_thread_blocked, id=11504, stack(0x00000066cfc00000,0x00000066cfd00000)]
  0x0000020e3031b1b0 JavaThread "Attach Listener" daemon [_thread_blocked, id=14052, stack(0x00000066cfd00000,0x00000066cfe00000)]
  0x0000020e3031bb60 JavaThread "Service Thread" daemon [_thread_blocked, id=6284, stack(0x00000066cfe00000,0x00000066cff00000)]
  0x0000020e3031d530 JavaThread "Monitor Deflation Thread" daemon [_thread_blocked, id=12944, stack(0x00000066cff00000,0x00000066d0000000)]
=>0x0000020e30323750 JavaThread "C2 CompilerThread0" daemon [_thread_in_native, id=4368, stack(0x00000066d0000000,0x00000066d0100000)]
  0x0000020e30320b40 JavaThread "C1 CompilerThread0" daemon [_thread_blocked, id=3752, stack(0x00000066d0100000,0x00000066d0200000)]
  0x0000020e30321930 JavaThread "Sweeper thread" daemon [_thread_blocked, id=9448, stack(0x00000066d0200000,0x00000066d0300000)]
  0x0000020e30e2cf40 JavaThread "JDWP Transport Listener: dt_shmem" daemon [_thread_blocked, id=16076, stack(0x00000066d0300000,0x00000066d0400000)]
  0x0000020e30e41610 JavaThread "JDWP Event Helper Thread" daemon [_thread_blocked, id=5912, stack(0x00000066d0400000,0x00000066d0500000)]
  0x0000020e30e41b00 JavaThread "JDWP Command Reader" daemon [_thread_in_native, id=13920, stack(0x00000066d0500000,0x00000066d0600000)]
  0x0000020e30e49630 JavaThread "Notification Thread" daemon [_thread_blocked, id=11484, stack(0x00000066d0600000,0x00000066d0700000)]
  0x0000020e30e52410 JavaThread "Common-Cleaner" daemon [_thread_blocked, id=9488, stack(0x00000066d0800000,0x00000066d0900000)]
  0x0000020e3134eef0 JavaThread "Java2D Disposer" daemon [_thread_blocked, id=4784, stack(0x00000066d0900000,0x00000066d0a00000)]
  0x0000020e31375310 JavaThread "AWT-Windows" daemon [_thread_in_native, id=12116, stack(0x00000066d0b00000,0x00000066d0c00000)]
  0x0000020e313a0830 JavaThread "BlueJ worker thread" [_thread_blocked, id=4036, stack(0x00000066d0d00000,0x00000066d0e00000)]
  0x0000020e11c20f50 JavaThread "DestroyJavaVM" [_thread_blocked, id=8516, stack(0x00000066cf300000,0x00000066cf400000)]
  0x0000020e31543240 JavaThread "main" [_thread_blocked, id=13360, stack(0x00000066d0e00000,0x00000066d0f00000)]
  0x0000020e317b6470 JavaThread "AWT-Shutdown" [_thread_blocked, id=14060, stack(0x00000066d1500000,0x00000066d1600000)]
  0x0000020e318d5580 JavaThread "AWT-EventQueue-0" [_thread_blocked, id=11948, stack(0x00000066d1600000,0x00000066d1700000)]
  0x0000020e3191d4c0 JavaThread "QuantumRenderer-0" daemon [_thread_blocked, id=11668, stack(0x00000066d1700000,0x00000066d1800000)]
  0x0000020e3191c180 JavaThread "InvokeLaterDispatcher" daemon [_thread_blocked, id=11476, stack(0x00000066d1a00000,0x00000066d1b00000)]
  0x0000020e3191c650 JavaThread "JavaFX Application Thread" [_thread_in_native, id=6576, stack(0x00000066d1b00000,0x00000066d1c00000)]
  0x0000020e3191b7e0 JavaThread "VMCommsSimulation" [_thread_in_native, id=5268, stack(0x00000066d1f00000,0x00000066d2000000)]
  0x0000020e3191cb20 JavaThread "Thread-2" daemon [_thread_in_native, id=11692, stack(0x00000066d0c00000,0x00000066d0d00000)]
  0x0000020e32657220 JavaThread "C2 CompilerThread1" daemon [_thread_new, id=10304, stack(0x00000066d2200000,0x00000066d2300000)]

Other Threads:
  0x0000020e30302b90 VMThread "VM Thread" [stack: 0x00000066cf900000,0x00000066cfa00000] [id=11888]
  0x0000020e30e49f10 WatcherThread [stack: 0x00000066d0700000,0x00000066d0800000] [id=7896]
  0x0000020e11c7b720 GCTaskThread "GC Thread#0" [stack: 0x00000066cf400000,0x00000066cf500000] [id=13776]
  0x0000020e31560530 GCTaskThread "GC Thread#1" [stack: 0x00000066d0a00000,0x00000066d0b00000] [id=10872]
  0x0000020e3155d500 GCTaskThread "GC Thread#2" [stack: 0x00000066d0f00000,0x00000066d1000000] [id=12084]
  0x0000020e3157a470 GCTaskThread "GC Thread#3" [stack: 0x00000066d1000000,0x00000066d1100000] [id=12316]
  0x0000020e3157a720 GCTaskThread "GC Thread#4" [stack: 0x00000066d1100000,0x00000066d1200000] [id=1804]
  0x0000020e3157a9d0 GCTaskThread "GC Thread#5" [stack: 0x00000066d1200000,0x00000066d1300000] [id=15788]
  0x0000020e3157ac80 GCTaskThread "GC Thread#6" [stack: 0x00000066d1300000,0x00000066d1400000] [id=9412]
  0x0000020e31570df0 GCTaskThread "GC Thread#7" [stack: 0x00000066d1400000,0x00000066d1500000] [id=3244]
  0x0000020e319a6d70 GCTaskThread "GC Thread#8" [stack: 0x00000066d1800000,0x00000066d1900000] [id=6676]
  0x0000020e319a9070 GCTaskThread "GC Thread#9" [stack: 0x00000066d1900000,0x00000066d1a00000] [id=4876]
  0x0000020e11c8c0e0 ConcurrentGCThread "G1 Main Marker" [stack: 0x00000066cf500000,0x00000066cf600000] [id=13328]
  0x0000020e11c8e2a0 ConcurrentGCThread "G1 Conc#0" [stack: 0x00000066cf600000,0x00000066cf700000] [id=8812]
  0x0000020e11ceec00 ConcurrentGCThread "G1 Refine#0" [stack: 0x00000066cf700000,0x00000066cf800000] [id=3240]
  0x0000020e301b9fc0 ConcurrentGCThread "G1 Service" [stack: 0x00000066cf800000,0x00000066cf900000] [id=1596]

Threads with active compile tasks:
C2 CompilerThread0     3131 1113       4       java.io.WinNTFileSystem::normalize (143 bytes)

VM state: not at safepoint (normal execution)

VM Mutex/Monitor currently owned by a thread: None

OutOfMemory and StackOverflow Exception counts:
OutOfMemoryError java_heap_errors=1
LinkageErrors=11

Heap address: 0x0000000082c00000, size: 2004 MB, Compressed Oops mode: 32-bit

CDS archive(s) mapped at: [0x0000000800000000-0x0000000800bc0000-0x0000000800bc0000), size 12320768, SharedBaseAddress: 0x0000000800000000, ArchiveRelocationMode: 0.
Compressed class space mapped at: 0x0000000800c00000-0x0000000840c00000, reserved size: 1073741824
Narrow klass base: 0x0000000800000000, Narrow klass shift: 0, Narrow klass range: 0x100000000

GC Precious Log:
 CPUs: 12 total, 12 available
 Memory: 8013M
 Large Page Support: Disabled
 NUMA Support: Disabled
 Compressed Oops: Enabled (32-bit)
 Heap Region Size: 1M
 Heap Min Capacity: 8M
 Heap Initial Capacity: 126M
 Heap Max Capacity: 2004M
 Pre-touch: Disabled
 Parallel Workers: 10
 Concurrent Workers: 3
 Concurrent Refinement Workers: 10
 Periodic GC: Disabled

Heap:
 garbage-first heap   total 129024K, used 7620K [0x0000000082c00000, 0x0000000100000000)
  region size 1024K, 5 young (5120K), 1 survivors (1024K)
 Metaspace       used 9447K, committed 9600K, reserved 1064960K
  class space    used 957K, committed 1024K, reserved 1048576K

Heap Regions: E=young(eden), S=young(survivor), O=old, HS=humongous(starts), HC=humongous(continues), CS=collection set, F=free, OA=open archive, CA=closed archive, TAMS=top-at-mark-start (previous, next)
|   0|0x0000000082c00000, 0x0000000082d00000, 0x0000000082d00000|100%| O|  |TAMS 0x0000000082c00000, 0x0000000082c00000| Untracked 
|   1|0x0000000082d00000, 0x0000000082e00000, 0x0000000082e00000|100%| O|  |TAMS 0x0000000082d00000, 0x0000000082d00000| Untracked 
|   2|0x0000000082e00000, 0x0000000082f00000, 0x0000000082f00000|100%| O|  |TAMS 0x0000000082e00000, 0x0000000082e00000| Untracked 
|   3|0x0000000082f00000, 0x0000000083000000, 0x0000000083000000|100%| O|  |TAMS 0x0000000082f00000, 0x0000000082f00000| Untracked 
|   4|0x0000000083000000, 0x00000000830a3a00, 0x0000000083100000| 63%| O|  |TAMS 0x0000000083000000, 0x0000000083000000| Untracked 
|   5|0x0000000083100000, 0x0000000083100000, 0x0000000083200000|  0%| F|  |TAMS 0x0000000083100000, 0x0000000083100000| Untracked 
|   6|0x0000000083200000, 0x0000000083200000, 0x0000000083300000|  0%| F|  |TAMS 0x0000000083200000, 0x0000000083200000| Untracked 
|   7|0x0000000083300000, 0x0000000083300000, 0x0000000083400000|  0%| F|  |TAMS 0x0000000083300000, 0x0000000083300000| Untracked 
|   8|0x0000000083400000, 0x0000000083400000, 0x0000000083500000|  0%| F|  |TAMS 0x0000000083400000, 0x0000000083400000| Untracked 
|   9|0x0000000083500000, 0x0000000083500000, 0x0000000083600000|  0%| F|  |TAMS 0x0000000083500000, 0x0000000083500000| Untracked 
|  10|0x0000000083600000, 0x0000000083600000, 0x0000000083700000|  0%| F|  |TAMS 0x0000000083600000, 0x0000000083600000| Untracked 
|  11|0x0000000083700000, 0x0000000083700000, 0x0000000083800000|  0%| F|  |TAMS 0x0000000083700000, 0x0000000083700000| Untracked 
|  12|0x0000000083800000, 0x0000000083800000, 0x0000000083900000|  0%| F|  |TAMS 0x0000000083800000, 0x0000000083800000| Untracked 
|  13|0x0000000083900000, 0x0000000083900000, 0x0000000083a00000|  0%| F|  |TAMS 0x0000000083900000, 0x0000000083900000| Untracked 
|  14|0x0000000083a00000, 0x0000000083a00000, 0x0000000083b00000|  0%| F|  |TAMS 0x0000000083a00000, 0x0000000083a00000| Untracked 
|  15|0x0000000083b00000, 0x0000000083b00000, 0x0000000083c00000|  0%| F|  |TAMS 0x0000000083b00000, 0x0000000083b00000| Untracked 
|  16|0x0000000083c00000, 0x0000000083c00000, 0x0000000083d00000|  0%| F|  |TAMS 0x0000000083c00000, 0x0000000083c00000| Untracked 
|  17|0x0000000083d00000, 0x0000000083d00000, 0x0000000083e00000|  0%| F|  |TAMS 0x0000000083d00000, 0x0000000083d00000| Untracked 
|  18|0x0000000083e00000, 0x0000000083e00000, 0x0000000083f00000|  0%| F|  |TAMS 0x0000000083e00000, 0x0000000083e00000| Untracked 
|  19|0x0000000083f00000, 0x0000000083f00000, 0x0000000084000000|  0%| F|  |TAMS 0x0000000083f00000, 0x0000000083f00000| Untracked 
|  20|0x0000000084000000, 0x0000000084000000, 0x0000000084100000|  0%| F|  |TAMS 0x0000000084000000, 0x0000000084000000| Untracked 
|  21|0x0000000084100000, 0x0000000084100000, 0x0000000084200000|  0%| F|  |TAMS 0x0000000084100000, 0x0000000084100000| Untracked 
|  22|0x0000000084200000, 0x0000000084200000, 0x0000000084300000|  0%| F|  |TAMS 0x0000000084200000, 0x0000000084200000| Untracked 
|  23|0x0000000084300000, 0x0000000084300000, 0x0000000084400000|  0%| F|  |TAMS 0x0000000084300000, 0x0000000084300000| Untracked 
|  24|0x0000000084400000, 0x0000000084400000, 0x0000000084500000|  0%| F|  |TAMS 0x0000000084400000, 0x0000000084400000| Untracked 
|  25|0x0000000084500000, 0x0000000084500000, 0x0000000084600000|  0%| F|  |TAMS 0x0000000084500000, 0x0000000084500000| Untracked 
|  26|0x0000000084600000, 0x0000000084600000, 0x0000000084700000|  0%| F|  |TAMS 0x0000000084600000, 0x0000000084600000| Untracked 
|  27|0x0000000084700000, 0x0000000084700000, 0x0000000084800000|  0%| F|  |TAMS 0x0000000084700000, 0x0000000084700000| Untracked 
|  28|0x0000000084800000, 0x0000000084800000, 0x0000000084900000|  0%| F|  |TAMS 0x0000000084800000, 0x0000000084800000| Untracked 
|  29|0x0000000084900000, 0x0000000084900000, 0x0000000084a00000|  0%| F|  |TAMS 0x0000000084900000, 0x0000000084900000| Untracked 
|  30|0x0000000084a00000, 0x0000000084a00000, 0x0000000084b00000|  0%| F|  |TAMS 0x0000000084a00000, 0x0000000084a00000| Untracked 
|  31|0x0000000084b00000, 0x0000000084b00000, 0x0000000084c00000|  0%| F|  |TAMS 0x0000000084b00000, 0x0000000084b00000| Untracked 
|  32|0x0000000084c00000, 0x0000000084c00000, 0x0000000084d00000|  0%| F|  |TAMS 0x0000000084c00000, 0x0000000084c00000| Untracked 
|  33|0x0000000084d00000, 0x0000000084d00000, 0x0000000084e00000|  0%| F|  |TAMS 0x0000000084d00000, 0x0000000084d00000| Untracked 
|  34|0x0000000084e00000, 0x0000000084e00000, 0x0000000084f00000|  0%| F|  |TAMS 0x0000000084e00000, 0x0000000084e00000| Untracked 
|  35|0x0000000084f00000, 0x0000000084f00000, 0x0000000085000000|  0%| F|  |TAMS 0x0000000084f00000, 0x0000000084f00000| Untracked 
|  36|0x0000000085000000, 0x0000000085000000, 0x0000000085100000|  0%| F|  |TAMS 0x0000000085000000, 0x0000000085000000| Untracked 
|  37|0x0000000085100000, 0x0000000085100000, 0x0000000085200000|  0%| F|  |TAMS 0x0000000085100000, 0x0000000085100000| Untracked 
|  38|0x0000000085200000, 0x0000000085200000, 0x0000000085300000|  0%| F|  |TAMS 0x0000000085200000, 0x0000000085200000| Untracked 
|  39|0x0000000085300000, 0x0000000085300000, 0x0000000085400000|  0%| F|  |TAMS 0x0000000085300000, 0x0000000085300000| Untracked 
|  40|0x0000000085400000, 0x0000000085400000, 0x0000000085500000|  0%| F|  |TAMS 0x0000000085400000, 0x0000000085400000| Untracked 
|  41|0x0000000085500000, 0x0000000085500000, 0x0000000085600000|  0%| F|  |TAMS 0x0000000085500000, 0x0000000085500000| Untracked 
|  42|0x0000000085600000, 0x0000000085600000, 0x0000000085700000|  0%| F|  |TAMS 0x0000000085600000, 0x0000000085600000| Untracked 
|  43|0x0000000085700000, 0x0000000085700000, 0x0000000085800000|  0%| F|  |TAMS 0x0000000085700000, 0x0000000085700000| Untracked 
|  44|0x0000000085800000, 0x0000000085800000, 0x0000000085900000|  0%| F|  |TAMS 0x0000000085800000, 0x0000000085800000| Untracked 
|  45|0x0000000085900000, 0x0000000085900000, 0x0000000085a00000|  0%| F|  |TAMS 0x0000000085900000, 0x0000000085900000| Untracked 
|  46|0x0000000085a00000, 0x0000000085a00000, 0x0000000085b00000|  0%| F|  |TAMS 0x0000000085a00000, 0x0000000085a00000| Untracked 
|  47|0x0000000085b00000, 0x0000000085b00000, 0x0000000085c00000|  0%| F|  |TAMS 0x0000000085b00000, 0x0000000085b00000| Untracked 
|  48|0x0000000085c00000, 0x0000000085c00000, 0x0000000085d00000|  0%| F|  |TAMS 0x0000000085c00000, 0x0000000085c00000| Untracked 
|  49|0x0000000085d00000, 0x0000000085d00000, 0x0000000085e00000|  0%| F|  |TAMS 0x0000000085d00000, 0x0000000085d00000| Untracked 
|  50|0x0000000085e00000, 0x0000000085e00000, 0x0000000085f00000|  0%| F|  |TAMS 0x0000000085e00000, 0x0000000085e00000| Untracked 
|  51|0x0000000085f00000, 0x0000000085f00000, 0x0000000086000000|  0%| F|  |TAMS 0x0000000085f00000, 0x0000000085f00000| Untracked 
|  52|0x0000000086000000, 0x0000000086000000, 0x0000000086100000|  0%| F|  |TAMS 0x0000000086000000, 0x0000000086000000| Untracked 
|  53|0x0000000086100000, 0x0000000086100000, 0x0000000086200000|  0%| F|  |TAMS 0x0000000086100000, 0x0000000086100000| Untracked 
|  54|0x0000000086200000, 0x0000000086200000, 0x0000000086300000|  0%| F|  |TAMS 0x0000000086200000, 0x0000000086200000| Untracked 
|  55|0x0000000086300000, 0x0000000086300000, 0x0000000086400000|  0%| F|  |TAMS 0x0000000086300000, 0x0000000086300000| Untracked 
|  56|0x0000000086400000, 0x0000000086400000, 0x0000000086500000|  0%| F|  |TAMS 0x0000000086400000, 0x0000000086400000| Untracked 
|  57|0x0000000086500000, 0x0000000086500000, 0x0000000086600000|  0%| F|  |TAMS 0x0000000086500000, 0x0000000086500000| Untracked 
|  58|0x0000000086600000, 0x0000000086600000, 0x0000000086700000|  0%| F|  |TAMS 0x0000000086600000, 0x0000000086600000| Untracked 
|  59|0x0000000086700000, 0x0000000086700000, 0x0000000086800000|  0%| F|  |TAMS 0x0000000086700000, 0x0000000086700000| Untracked 
|  60|0x0000000086800000, 0x0000000086800000, 0x0000000086900000|  0%| F|  |TAMS 0x0000000086800000, 0x0000000086800000| Untracked 
|  61|0x0000000086900000, 0x0000000086900000, 0x0000000086a00000|  0%| F|  |TAMS 0x0000000086900000, 0x0000000086900000| Untracked 
|  62|0x0000000086a00000, 0x0000000086a00000, 0x0000000086b00000|  0%| F|  |TAMS 0x0000000086a00000, 0x0000000086a00000| Untracked 
|  63|0x0000000086b00000, 0x0000000086b00000, 0x0000000086c00000|  0%| F|  |TAMS 0x0000000086b00000, 0x0000000086b00000| Untracked 
|  64|0x0000000086c00000, 0x0000000086c00000, 0x0000000086d00000|  0%| F|  |TAMS 0x0000000086c00000, 0x0000000086c00000| Untracked 
|  65|0x0000000086d00000, 0x0000000086d00000, 0x0000000086e00000|  0%| F|  |TAMS 0x0000000086d00000, 0x0000000086d00000| Untracked 
|  66|0x0000000086e00000, 0x0000000086e00000, 0x0000000086f00000|  0%| F|  |TAMS 0x0000000086e00000, 0x0000000086e00000| Untracked 
|  67|0x0000000086f00000, 0x0000000086f00000, 0x0000000087000000|  0%| F|  |TAMS 0x0000000086f00000, 0x0000000086f00000| Untracked 
|  68|0x0000000087000000, 0x0000000087000000, 0x0000000087100000|  0%| F|  |TAMS 0x0000000087000000, 0x0000000087000000| Untracked 
|  69|0x0000000087100000, 0x0000000087100000, 0x0000000087200000|  0%| F|  |TAMS 0x0000000087100000, 0x0000000087100000| Untracked 
|  70|0x0000000087200000, 0x0000000087200000, 0x0000000087300000|  0%| F|  |TAMS 0x0000000087200000, 0x0000000087200000| Untracked 
|  71|0x0000000087300000, 0x0000000087300000, 0x0000000087400000|  0%| F|  |TAMS 0x0000000087300000, 0x0000000087300000| Untracked 
|  72|0x0000000087400000, 0x0000000087400000, 0x0000000087500000|  0%| F|  |TAMS 0x0000000087400000, 0x0000000087400000| Untracked 
|  73|0x0000000087500000, 0x0000000087500000, 0x0000000087600000|  0%| F|  |TAMS 0x0000000087500000, 0x0000000087500000| Untracked 
|  74|0x0000000087600000, 0x0000000087600000, 0x0000000087700000|  0%| F|  |TAMS 0x0000000087600000, 0x0000000087600000| Untracked 
|  75|0x0000000087700000, 0x0000000087700000, 0x0000000087800000|  0%| F|  |TAMS 0x0000000087700000, 0x0000000087700000| Untracked 
|  76|0x0000000087800000, 0x0000000087800000, 0x0000000087900000|  0%| F|  |TAMS 0x0000000087800000, 0x0000000087800000| Untracked 
|  77|0x0000000087900000, 0x0000000087900000, 0x0000000087a00000|  0%| F|  |TAMS 0x0000000087900000, 0x0000000087900000| Untracked 
|  78|0x0000000087a00000, 0x0000000087a00000, 0x0000000087b00000|  0%| F|  |TAMS 0x0000000087a00000, 0x0000000087a00000| Untracked 
|  79|0x0000000087b00000, 0x0000000087b00000, 0x0000000087c00000|  0%| F|  |TAMS 0x0000000087b00000, 0x0000000087b00000| Untracked 
|  80|0x0000000087c00000, 0x0000000087c00000, 0x0000000087d00000|  0%| F|  |TAMS 0x0000000087c00000, 0x0000000087c00000| Untracked 
|  81|0x0000000087d00000, 0x0000000087d00000, 0x0000000087e00000|  0%| F|  |TAMS 0x0000000087d00000, 0x0000000087d00000| Untracked 
|  82|0x0000000087e00000, 0x0000000087e00000, 0x0000000087f00000|  0%| F|  |TAMS 0x0000000087e00000, 0x0000000087e00000| Untracked 
|  83|0x0000000087f00000, 0x0000000087f00000, 0x0000000088000000|  0%| F|  |TAMS 0x0000000087f00000, 0x0000000087f00000| Untracked 
|  84|0x0000000088000000, 0x0000000088000000, 0x0000000088100000|  0%| F|  |TAMS 0x0000000088000000, 0x0000000088000000| Untracked 
|  85|0x0000000088100000, 0x0000000088100000, 0x0000000088200000|  0%| F|  |TAMS 0x0000000088100000, 0x0000000088100000| Untracked 
|  86|0x0000000088200000, 0x0000000088200000, 0x0000000088300000|  0%| F|  |TAMS 0x0000000088200000, 0x0000000088200000| Untracked 
|  87|0x0000000088300000, 0x0000000088300000, 0x0000000088400000|  0%| F|  |TAMS 0x0000000088300000, 0x0000000088300000| Untracked 
|  88|0x0000000088400000, 0x0000000088400000, 0x0000000088500000|  0%| F|  |TAMS 0x0000000088400000, 0x0000000088400000| Untracked 
|  89|0x0000000088500000, 0x0000000088500000, 0x0000000088600000|  0%| F|  |TAMS 0x0000000088500000, 0x0000000088500000| Untracked 
|  90|0x0000000088600000, 0x0000000088600000, 0x0000000088700000|  0%| F|  |TAMS 0x0000000088600000, 0x0000000088600000| Untracked 
|  91|0x0000000088700000, 0x0000000088700000, 0x0000000088800000|  0%| F|  |TAMS 0x0000000088700000, 0x0000000088700000| Untracked 
|  92|0x0000000088800000, 0x0000000088800000, 0x0000000088900000|  0%| F|  |TAMS 0x0000000088800000, 0x0000000088800000| Untracked 
|  93|0x0000000088900000, 0x0000000088900000, 0x0000000088a00000|  0%| F|  |TAMS 0x0000000088900000, 0x0000000088900000| Untracked 
|  94|0x0000000088a00000, 0x0000000088a00000, 0x0000000088b00000|  0%| F|  |TAMS 0x0000000088a00000, 0x0000000088a00000| Untracked 
|  95|0x0000000088b00000, 0x0000000088b00000, 0x0000000088c00000|  0%| F|  |TAMS 0x0000000088b00000, 0x0000000088b00000| Untracked 
|  96|0x0000000088c00000, 0x0000000088c00000, 0x0000000088d00000|  0%| F|  |TAMS 0x0000000088c00000, 0x0000000088c00000| Untracked 
|  97|0x0000000088d00000, 0x0000000088d00000, 0x0000000088e00000|  0%| F|  |TAMS 0x0000000088d00000, 0x0000000088d00000| Untracked 
|  98|0x0000000088e00000, 0x0000000088e00000, 0x0000000088f00000|  0%| F|  |TAMS 0x0000000088e00000, 0x0000000088e00000| Untracked 
|  99|0x0000000088f00000, 0x0000000088f00000, 0x0000000089000000|  0%| F|  |TAMS 0x0000000088f00000, 0x0000000088f00000| Untracked 
| 100|0x0000000089000000, 0x0000000089000000, 0x0000000089100000|  0%| F|  |TAMS 0x0000000089000000, 0x0000000089000000| Untracked 
| 101|0x0000000089100000, 0x0000000089100000, 0x0000000089200000|  0%| F|  |TAMS 0x0000000089100000, 0x0000000089100000| Untracked 
| 102|0x0000000089200000, 0x0000000089200000, 0x0000000089300000|  0%| F|  |TAMS 0x0000000089200000, 0x0000000089200000| Untracked 
| 103|0x0000000089300000, 0x0000000089300000, 0x0000000089400000|  0%| F|  |TAMS 0x0000000089300000, 0x0000000089300000| Untracked 
| 104|0x0000000089400000, 0x0000000089400000, 0x0000000089500000|  0%| F|  |TAMS 0x0000000089400000, 0x0000000089400000| Untracked 
| 105|0x0000000089500000, 0x0000000089500000, 0x0000000089600000|  0%| F|  |TAMS 0x0000000089500000, 0x0000000089500000| Untracked 
| 106|0x0000000089600000, 0x0000000089600000, 0x0000000089700000|  0%| F|  |TAMS 0x0000000089600000, 0x0000000089600000| Untracked 
| 107|0x0000000089700000, 0x0000000089700000, 0x0000000089800000|  0%| F|  |TAMS 0x0000000089700000, 0x0000000089700000| Untracked 
| 108|0x0000000089800000, 0x0000000089800000, 0x0000000089900000|  0%| F|  |TAMS 0x0000000089800000, 0x0000000089800000| Untracked 
| 109|0x0000000089900000, 0x0000000089900000, 0x0000000089a00000|  0%| F|  |TAMS 0x0000000089900000, 0x0000000089900000| Untracked 
| 110|0x0000000089a00000, 0x0000000089a00000, 0x0000000089b00000|  0%| F|  |TAMS 0x0000000089a00000, 0x0000000089a00000| Untracked 
| 111|0x0000000089b00000, 0x0000000089b00000, 0x0000000089c00000|  0%| F|  |TAMS 0x0000000089b00000, 0x0000000089b00000| Untracked 
| 112|0x0000000089c00000, 0x0000000089c00000, 0x0000000089d00000|  0%| F|  |TAMS 0x0000000089c00000, 0x0000000089c00000| Untracked 
| 113|0x0000000089d00000, 0x0000000089d00000, 0x0000000089e00000|  0%| F|  |TAMS 0x0000000089d00000, 0x0000000089d00000| Untracked 
| 114|0x0000000089e00000, 0x0000000089e00000, 0x0000000089f00000|  0%| F|  |TAMS 0x0000000089e00000, 0x0000000089e00000| Untracked 
| 115|0x0000000089f00000, 0x0000000089f00000, 0x000000008a000000|  0%| F|  |TAMS 0x0000000089f00000, 0x0000000089f00000| Untracked 
| 116|0x000000008a000000, 0x000000008a000000, 0x000000008a100000|  0%| F|  |TAMS 0x000000008a000000, 0x000000008a000000| Untracked 
| 117|0x000000008a100000, 0x000000008a100000, 0x000000008a200000|  0%| F|  |TAMS 0x000000008a100000, 0x000000008a100000| Untracked 
| 118|0x000000008a200000, 0x000000008a2cd9a8, 0x000000008a300000| 80%| S|CS|TAMS 0x000000008a200000, 0x000000008a200000| Complete 
| 119|0x000000008a300000, 0x000000008a300000, 0x000000008a400000|  0%| F|  |TAMS 0x000000008a300000, 0x000000008a300000| Untracked 
| 120|0x000000008a400000, 0x000000008a400000, 0x000000008a500000|  0%| F|  |TAMS 0x000000008a400000, 0x000000008a400000| Untracked 
| 121|0x000000008a500000, 0x000000008a500000, 0x000000008a600000|  0%| F|  |TAMS 0x000000008a500000, 0x000000008a500000| Untracked 
| 122|0x000000008a600000, 0x000000008a6540e0, 0x000000008a700000| 32%| E|  |TAMS 0x000000008a600000, 0x000000008a600000| Complete 
| 123|0x000000008a700000, 0x000000008a800000, 0x000000008a800000|100%| E|  |TAMS 0x000000008a700000, 0x000000008a700000| Complete 
| 124|0x000000008a800000, 0x000000008a900000, 0x000000008a900000|100%| E|CS|TAMS 0x000000008a800000, 0x000000008a800000| Complete 
| 125|0x000000008a900000, 0x000000008aa00000, 0x000000008aa00000|100%| E|CS|TAMS 0x000000008a900000, 0x000000008a900000| Complete 

Card table byte_map: [0x0000020e29040000,0x0000020e29430000] _byte_map_base: 0x0000020e28c2a000

Marking Bits (Prev, Next): (CMBitMap*) 0x0000020e11c7bd30, (CMBitMap*) 0x0000020e11c7bd70
 Prev Bits: [0x0000020e29820000, 0x0000020e2b770000)
 Next Bits: [0x0000020e2b770000, 0x0000020e2d6c0000)

Polling page: 0x0000020e113f0000

Metaspace:

Usage:
  Non-class:      8.29 MB used.
      Class:    957.91 KB used.
       Both:      9.23 MB used.

Virtual space:
  Non-class space:       16.00 MB reserved,       8.38 MB ( 52%) committed,  2 nodes.
      Class space:        1.00 GB reserved,       1.00 MB ( <1%) committed,  1 nodes.
             Both:        1.02 GB reserved,       9.38 MB ( <1%) committed. 

Chunk freelists:
   Non-Class:  3.44 MB
       Class:  3.01 MB
        Both:  6.45 MB

MaxMetaspaceSize: unlimited
CompressedClassSpaceSize: 1.00 GB
Initial GC threshold: 21.00 MB
Current GC threshold: 21.00 MB
CDS: on
MetaspaceReclaimPolicy: balanced
 - commit_granule_bytes: 65536.
 - commit_granule_words: 8192.
 - virtual_space_node_default_size: 1048576.
 - enlarge_chunks_in_place: 1.
 - new_chunks_are_fully_committed: 0.
 - uncommit_free_chunks: 1.
 - use_allocation_guard: 0.
 - handle_deallocations: 1.


Internal statistics:

num_allocs_failed_limit: 0.
num_arena_births: 126.
num_arena_deaths: 0.
num_vsnodes_births: 3.
num_vsnodes_deaths: 0.
num_space_committed: 150.
num_space_uncommitted: 0.
num_chunks_returned_to_freelist: 0.
num_chunks_taken_from_freelist: 282.
num_chunk_merges: 0.
num_chunk_splits: 179.
num_chunks_enlarged: 123.
num_purges: 0.
num_inconsistent_stats: 0.

CodeHeap 'non-profiled nmethods': size=120000Kb used=346Kb max_used=346Kb free=119653Kb
 bounds [0x0000020e211d0000, 0x0000020e21440000, 0x0000020e28700000]
CodeHeap 'profiled nmethods': size=120000Kb used=2190Kb max_used=2190Kb free=117809Kb
 bounds [0x0000020e19ca0000, 0x0000020e19f10000, 0x0000020e211d0000]
CodeHeap 'non-nmethods': size=5760Kb used=1384Kb max_used=1400Kb free=4375Kb
 bounds [0x0000020e19700000, 0x0000020e19970000, 0x0000020e19ca0000]
 total_blobs=1795 nmethods=1142 adapters=566
 compilation: enabled
              stopped_count=0, restarted_count=0
 full_count=0

Compilation events (20 events):
Event: 3.019 Thread 0x0000020e30320b40 nmethod 1127 0x0000020e19eab410 code [0x0000020e19eab600, 0x0000020e19eaba68]
Event: 3.019 Thread 0x0000020e30320b40 1129       3       jdk.internal.misc.Unsafe::checkSize (32 bytes)
Event: 3.020 Thread 0x0000020e30320b40 nmethod 1129 0x0000020e19eabb90 code [0x0000020e19eabd40, 0x0000020e19eabfc8]
Event: 3.020 Thread 0x0000020e30320b40 1130       3       jdk.internal.misc.Unsafe::checkOffset (32 bytes)
Event: 3.020 Thread 0x0000020e30320b40 nmethod 1130 0x0000020e19eac110 code [0x0000020e19eac2c0, 0x0000020e19eac568]
Event: 3.053 Thread 0x0000020e30320b40 1131       3       java.nio.IntBuffer::position (8 bytes)
Event: 3.053 Thread 0x0000020e30320b40 nmethod 1131 0x0000020e19eac690 code [0x0000020e19eac820, 0x0000020e19eac968]
Event: 3.053 Thread 0x0000020e30320b40 1132       3       java.nio.IntBuffer::get (9 bytes)
Event: 3.053 Thread 0x0000020e30320b40 nmethod 1132 0x0000020e19eaca10 code [0x0000020e19eacbc0, 0x0000020e19eacda8]
Event: 3.053 Thread 0x0000020e30320b40 1133       3       java.nio.IntBuffer::get (54 bytes)
Event: 3.054 Thread 0x0000020e30320b40 nmethod 1133 0x0000020e19eace90 code [0x0000020e19ead0a0, 0x0000020e19ead578]
Event: 3.054 Thread 0x0000020e30320b40 1134   !   3       java.nio.IntBuffer::getArray (159 bytes)
Event: 3.058 Thread 0x0000020e30320b40 nmethod 1134 0x0000020e19ead810 code [0x0000020e19eadb60, 0x0000020e19eaf118]
Event: 3.058 Thread 0x0000020e30320b40 1135       3       java.nio.DirectIntBufferS::order (19 bytes)
Event: 3.059 Thread 0x0000020e30320b40 nmethod 1135 0x0000020e19eafc10 code [0x0000020e19eafda0, 0x0000020e19eaff18]
Event: 3.059 Thread 0x0000020e30320b40 1136   !   3       jdk.internal.misc.ScopedMemoryAccess::copySwapMemory (33 bytes)
Event: 3.059 Thread 0x0000020e30320b40 nmethod 1136 0x0000020e19eb0010 code [0x0000020e19eb0220, 0x0000020e19eb08f8]
Event: 3.080 Thread 0x0000020e30320b40 1137       3       sun.net.www.protocol.file.Handler::parseURL (18 bytes)
Event: 3.081 Thread 0x0000020e30320b40 nmethod 1137 0x0000020e19eb0d10 code [0x0000020e19eb0ec0, 0x0000020e19eb1078]
Event: 3.081 Thread 0x0000020e30320b40 1138       3       java.net.URLStreamHandler::parseURL (1201 bytes)

GC Heap History (6 events):
Event: 2.137 GC heap before
{Heap before GC invocations=0 (full 0):
 garbage-first heap   total 129024K, used 6144K [0x0000000082c00000, 0x0000000100000000)
  region size 1024K, 6 young (6144K), 0 survivors (0K)
 Metaspace       used 2894K, committed 3072K, reserved 1056768K
  class space    used 248K, committed 320K, reserved 1048576K
}
Event: 2.139 GC heap after
{Heap after GC invocations=1 (full 0):
 garbage-first heap   total 129024K, used 2929K [0x0000000082c00000, 0x0000000100000000)
  region size 1024K, 1 young (1024K), 1 survivors (1024K)
 Metaspace       used 2894K, committed 3072K, reserved 1056768K
  class space    used 248K, committed 320K, reserved 1048576K
}
Event: 2.444 GC heap before
{Heap before GC invocations=1 (full 0):
 garbage-first heap   total 129024K, used 8049K [0x0000000082c00000, 0x0000000100000000)
  region size 1024K, 6 young (6144K), 1 survivors (1024K)
 Metaspace       used 6907K, committed 7232K, reserved 1056768K
  class space    used 671K, committed 832K, reserved 1048576K
}
Event: 2.447 GC heap after
{Heap after GC invocations=2 (full 0):
 garbage-first heap   total 129024K, used 4650K [0x0000000082c00000, 0x0000000100000000)
  region size 1024K, 1 young (1024K), 1 survivors (1024K)
 Metaspace       used 6907K, committed 7232K, reserved 1056768K
  class space    used 671K, committed 832K, reserved 1048576K
}
Event: 2.819 GC heap before
{Heap before GC invocations=2 (full 0):
 garbage-first heap   total 129024K, used 9770K [0x0000000082c00000, 0x0000000100000000)
  region size 1024K, 7 young (7168K), 1 survivors (1024K)
 Metaspace       used 8458K, committed 8704K, reserved 1064960K
  class space    used 835K, committed 960K, reserved 1048576K
}
Event: 2.821 GC heap after
{Heap after GC invocations=3 (full 0):
 garbage-first heap   total 129024K, used 5572K [0x0000000082c00000, 0x0000000100000000)
  region size 1024K, 1 young (1024K), 1 survivors (1024K)
 Metaspace       used 8458K, committed 8704K, reserved 1064960K
  class space    used 835K, committed 960K, reserved 1048576K
}

Deoptimization events (20 events):
Event: 2.578 Thread 0x0000020e31809970 DEOPT PACKING pc=0x0000020e19d94987 sp=0x00000066d0cfe9a0
Event: 2.578 Thread 0x0000020e31809970 DEOPT UNPACKING pc=0x0000020e19752b43 sp=0x00000066d0cfddd0 mode 0
Event: 2.883 Thread 0x0000020e318d5580 Uncommon trap: trap_request=0xffffff45 fr.pc=0x0000020e212154f4 relative=0x00000000000006b4
Event: 2.883 Thread 0x0000020e318d5580 Uncommon trap: reason=unstable_if action=reinterpret pc=0x0000020e212154f4 method=java.lang.AbstractStringBuilder.append(Ljava/lang/String;)Ljava/lang/AbstractStringBuilder; @ 1 c2
Event: 2.883 Thread 0x0000020e318d5580 DEOPT PACKING pc=0x0000020e212154f4 sp=0x00000066d16fd890
Event: 2.883 Thread 0x0000020e318d5580 DEOPT UNPACKING pc=0x0000020e197523a3 sp=0x00000066d16fd850 mode 2
Event: 2.883 Thread 0x0000020e318d5580 Uncommon trap: trap_request=0xffffff45 fr.pc=0x0000020e21206ae0 relative=0x00000000000006a0
Event: 2.883 Thread 0x0000020e318d5580 Uncommon trap: reason=unstable_if action=reinterpret pc=0x0000020e21206ae0 method=java.lang.AbstractStringBuilder.append(Ljava/lang/String;)Ljava/lang/AbstractStringBuilder; @ 1 c2
Event: 2.883 Thread 0x0000020e318d5580 DEOPT PACKING pc=0x0000020e21206ae0 sp=0x00000066d16fd830
Event: 2.883 Thread 0x0000020e318d5580 DEOPT UNPACKING pc=0x0000020e197523a3 sp=0x00000066d16fd848 mode 2
Event: 2.901 Thread 0x0000020e318d5580 Uncommon trap: trap_request=0xffffff45 fr.pc=0x0000020e211f0ee8 relative=0x0000000000000448
Event: 2.901 Thread 0x0000020e318d5580 Uncommon trap: reason=unstable_if action=reinterpret pc=0x0000020e211f0ee8 method=java.lang.StringLatin1.canEncode(I)Z @ 4 c2
Event: 2.901 Thread 0x0000020e318d5580 DEOPT PACKING pc=0x0000020e211f0ee8 sp=0x00000066d16fe960
Event: 2.901 Thread 0x0000020e318d5580 DEOPT UNPACKING pc=0x0000020e197523a3 sp=0x00000066d16fe8a8 mode 2
Event: 2.913 Thread 0x0000020e318d5580 Uncommon trap: trap_request=0xffffff45 fr.pc=0x0000020e21204094 relative=0x0000000000000194
Event: 2.913 Thread 0x0000020e318d5580 Uncommon trap: reason=unstable_if action=reinterpret pc=0x0000020e21204094 method=java.lang.String.equals(Ljava/lang/Object;)Z @ 33 c2
Event: 2.913 Thread 0x0000020e318d5580 DEOPT PACKING pc=0x0000020e21204094 sp=0x00000066d16feb20
Event: 2.913 Thread 0x0000020e318d5580 DEOPT UNPACKING pc=0x0000020e197523a3 sp=0x00000066d16feac0 mode 2
Event: 3.103 Thread 0x0000020e318d5580 DEOPT PACKING pc=0x0000020e19d3e44c sp=0x00000066d16fddb0
Event: 3.103 Thread 0x0000020e318d5580 DEOPT UNPACKING pc=0x0000020e19752b43 sp=0x00000066d16fd2a8 mode 1

Classes unloaded (0 events):
No events

Classes redefined (0 events):
No events

Internal exceptions (19 events):
Event: 0.454 Thread 0x0000020e11c20f50 Exception <a 'java/lang/ClassNotFoundException'{0x000000008a76e0a8}: sun/awt/resources/spi/awtProvider> (0x000000008a76e0a8) 
thrown [s\src\hotspot\share\classfile\systemDictionary.cpp, line 256]
Event: 0.469 Thread 0x0000020e11c20f50 Exception <a 'java/io/FileNotFoundException'{0x000000008a7c90d0}> (0x000000008a7c90d0) 
thrown [s\src\hotspot\share\prims\jni.cpp, line 516]
Event: 0.474 Thread 0x0000020e11c20f50 Exception <a 'java/io/FileNotFoundException'{0x000000008a7f62c8}> (0x000000008a7f62c8) 
thrown [s\src\hotspot\share\prims\jni.cpp, line 516]
Event: 0.499 Thread 0x0000020e11c20f50 Exception <a 'java/lang/NoSuchMethodError'{0x000000008a6a6420}: 'java.lang.Object java.lang.invoke.DirectMethodHandle$Holder.invokeStaticInit(java.lang.Object)'> (0x000000008a6a6420) 
thrown [s\src\hotspot\share\interpreter\linkResolver.cpp, line 759]
Event: 2.098 Thread 0x0000020e313a8bc0 Exception <a 'java/lang/NoSuchMethodError'{0x000000008a5dcea0}: 'void java.lang.invoke.DirectMethodHandle$Holder.invokeStatic(java.lang.Object, java.lang.Object)'> (0x000000008a5dcea0) 
thrown [s\src\hotspot\share\interpreter\linkResolver.cpp, line 759]
Event: 2.177 Thread 0x0000020e31542090 Exception <a 'java/lang/ClassNotFoundException'{0x000000008a9dabb8}: sun/net/www/protocol/d/Handler> (0x000000008a9dabb8) 
thrown [s\src\hotspot\share\classfile\systemDictionary.cpp, line 256]
Event: 2.216 Thread 0x0000020e31542090 Exception <a 'java/lang/NoSuchMethodError'{0x000000008a83c090}: 'java.lang.Object java.lang.invoke.DirectMethodHandle$Holder.invokeStaticInit(java.lang.Object, int, int, int, int)'> (0x000000008a83c090) 
thrown [s\src\hotspot\share\interpreter\linkResolver.cpp, line 759]
Event: 2.276 Thread 0x0000020e31542090 Exception <a 'java/lang/NoSuchMethodError'{0x000000008a874550}: 'java.lang.Object java.lang.invoke.DirectMethodHandle$Holder.invokeStaticInit(java.lang.Object, java.lang.Object, int, int, int, int)'> (0x000000008a874550) 
thrown [s\src\hotspot\share\interpreter\linkResolver.cpp, line 759]
Event: 2.334 Thread 0x0000020e318d5580 Exception <a 'java/lang/NoSuchMethodError'{0x000000008a749b68}: 'void java.lang.invoke.DirectMethodHandle$Holder.invokeSpecial(java.lang.Object, java.lang.Object, java.lang.Object)'> (0x000000008a749b68) 
thrown [s\src\hotspot\share\interpreter\linkResolver.cpp, line 759]
Event: 2.336 Thread 0x0000020e318d5580 Exception <a 'java/lang/NoSuchMethodError'{0x000000008a755470}: 'void java.lang.invoke.DirectMethodHandle$Holder.invokeStatic(java.lang.Object, java.lang.Object, java.lang.Object)'> (0x000000008a755470) 
thrown [s\src\hotspot\share\interpreter\linkResolver.cpp, line 759]
Event: 2.358 Thread 0x0000020e31809970 Exception <a 'java/lang/ClassNotFoundException'{0x000000008a631b68}: sun/util/logging/resources/spi/loggingProvider> (0x000000008a631b68) 
thrown [s\src\hotspot\share\classfile\systemDictionary.cpp, line 256]
Event: 2.745 Thread 0x0000020e31809970 Exception <a 'java/lang/NoSuchMethodError'{0x000000008a687328}: 'int java.lang.invoke.DirectMethodHandle$Holder.invokeStaticInit(java.lang.Object, java.lang.Object, java.lang.Object)'> (0x000000008a687328) 
thrown [s\src\hotspot\share\interpreter\linkResolver.cpp, line 759]
Event: 2.772 Thread 0x0000020e31809970 Exception <a 'java/lang/NoSuchMethodError'{0x000000008a52fa50}: 'java.lang.Object java.lang.invoke.DirectMethodHandle$Holder.newInvokeSpecial(java.lang.Object, java.lang.Object, int, java.lang.Object)'> (0x000000008a52fa50) 
thrown [s\src\hotspot\share\interpreter\linkResolver.cpp, line 759]
Event: 2.773 Thread 0x0000020e31809970 Exception <a 'java/lang/NoSuchMethodError'{0x000000008a533f08}: 'java.lang.Object java.lang.invoke.DirectMethodHandle$Holder.invokeSpecial(java.lang.Object, java.lang.Object, java.lang.Object, int, java.lang.Object)'> (0x000000008a533f08) 
thrown [s\src\hotspot\share\interpreter\linkResolver.cpp, line 759]
Event: 2.822 Thread 0x0000020e3191c650 Exception <a 'java/lang/NoSuchMethodError'{0x000000008a9039a8}: 'void java.lang.invoke.DirectMethodHandle$Holder.invokeStaticInit(java.lang.Object)'> (0x000000008a9039a8) 
thrown [s\src\hotspot\share\interpreter\linkResolver.cpp, line 759]
Event: 2.832 Thread 0x0000020e318d5580 Exception <a 'java/lang/NoSuchMethodError'{0x000000008a9b7bc0}: 'java.lang.Object java.lang.invoke.Invokers$Holder.invoke_MT(java.lang.Object, java.lang.Object, java.lang.Object)'> (0x000000008a9b7bc0) 
thrown [s\src\hotspot\share\interpreter\linkResolver.cpp, line 759]
Event: 2.883 Thread 0x0000020e318d5580 Implicit null exception at 0x0000020e21214e77 to 0x0000020e212154d8
Event: 2.883 Thread 0x0000020e318d5580 Implicit null exception at 0x0000020e21206477 to 0x0000020e21206ac8
Event: 3.103 Thread 0x0000020e318d5580 Exception <a 'java/lang/OutOfMemoryError'{0x000000008a63e198}> (0x000000008a63e198) 
thrown [s\src\hotspot\share\prims\jni.cpp, line 535]

VM Operations (20 events):
Event: 2.137 Executing VM operation: G1CollectForAllocation
Event: 2.139 Executing VM operation: G1CollectForAllocation done
Event: 2.139 Executing VM operation: Cleanup
Event: 2.140 Executing VM operation: Cleanup done
Event: 2.163 Executing VM operation: HandshakeAllThreads
Event: 2.163 Executing VM operation: HandshakeAllThreads done
Event: 2.229 Executing VM operation: HandshakeAllThreads
Event: 2.229 Executing VM operation: HandshakeAllThreads done
Event: 2.396 Executing VM operation: HandshakeAllThreads
Event: 2.396 Executing VM operation: HandshakeAllThreads done
Event: 2.444 Executing VM operation: G1CollectForAllocation
Event: 2.447 Executing VM operation: G1CollectForAllocation done
Event: 2.756 Executing VM operation: HandshakeAllThreads
Event: 2.756 Executing VM operation: HandshakeAllThreads done
Event: 2.819 Executing VM operation: G1CollectForAllocation
Event: 2.821 Executing VM operation: G1CollectForAllocation done
Event: 2.833 Executing VM operation: HandshakeAllThreads
Event: 2.833 Executing VM operation: HandshakeAllThreads done
Event: 2.880 Executing VM operation: HandshakeAllThreads
Event: 2.880 Executing VM operation: HandshakeAllThreads done

Events (20 events):
Event: 3.096 loading class javax/sound/sampled/FloatControl
Event: 3.096 loading class javax/sound/sampled/FloatControl done
Event: 3.096 loading class com/sun/media/sound/DirectAudioDevice$DirectDL$Gain done
Event: 3.096 loading class javax/sound/sampled/FloatControl$Type
Event: 3.096 loading class javax/sound/sampled/Control$Type
Event: 3.096 loading class javax/sound/sampled/Control$Type done
Event: 3.096 loading class javax/sound/sampled/FloatControl$Type done
Event: 3.096 loading class com/sun/media/sound/DirectAudioDevice$DirectDL$Mute
Event: 3.096 loading class javax/sound/sampled/BooleanControl
Event: 3.096 loading class javax/sound/sampled/BooleanControl done
Event: 3.096 loading class com/sun/media/sound/DirectAudioDevice$DirectDL$Mute done
Event: 3.096 loading class javax/sound/sampled/BooleanControl$Type
Event: 3.096 loading class javax/sound/sampled/BooleanControl$Type done
Event: 3.096 loading class com/sun/media/sound/DirectAudioDevice$DirectDL$Balance
Event: 3.096 loading class com/sun/media/sound/DirectAudioDevice$DirectDL$Balance done
Event: 3.096 loading class com/sun/media/sound/DirectAudioDevice$DirectDL$Pan
Event: 3.096 loading class com/sun/media/sound/DirectAudioDevice$DirectDL$Pan done
Event: 3.098 loading class javax/sound/sampled/LineListener
Event: 3.098 loading class javax/sound/sampled/LineListener done
Event: 3.103 loading class java/util/zip/DataFormatException


Dynamic libraries:
0x00007ff6ef150000 - 0x00007ff6ef15e000 	D:\CODE\Greenfoot\jdk\bin\java.exe
0x00007ff841310000 - 0x00007ff841527000 	C:\WINDOWS\SYSTEM32\ntdll.dll
0x00007ff83f850000 - 0x00007ff83f914000 	C:\WINDOWS\System32\KERNEL32.DLL
0x00007ff83e730000 - 0x00007ff83ead5000 	C:\WINDOWS\System32\KERNELBASE.dll
0x00007ff83ef40000 - 0x00007ff83f051000 	C:\WINDOWS\System32\ucrtbase.dll
0x00007ff83b6c0000 - 0x00007ff83b6d8000 	D:\CODE\Greenfoot\jdk\bin\jli.dll
0x00007ff83b6a0000 - 0x00007ff83b6b9000 	D:\CODE\Greenfoot\jdk\bin\VCRUNTIME140.dll
0x00007ff83fae0000 - 0x00007ff83fc8e000 	C:\WINDOWS\System32\USER32.dll
0x00007ff83e680000 - 0x00007ff83e6a6000 	C:\WINDOWS\System32\win32u.dll
0x00007ff821b50000 - 0x00007ff821de3000 	C:\WINDOWS\WinSxS\amd64_microsoft.windows.common-controls_6595b64144ccf1df_6.0.22621.2506_none_270c5ae97388e100\COMCTL32.dll
0x00007ff840110000 - 0x00007ff840139000 	C:\WINDOWS\System32\GDI32.dll
0x00007ff83f730000 - 0x00007ff83f7d7000 	C:\WINDOWS\System32\msvcrt.dll
0x00007ff83eba0000 - 0x00007ff83ecb9000 	C:\WINDOWS\System32\gdi32full.dll
0x00007ff83ecc0000 - 0x00007ff83ed5a000 	C:\WINDOWS\System32\msvcp_win.dll
0x00007ff83fed0000 - 0x00007ff83ff01000 	C:\WINDOWS\System32\IMM32.DLL
0x00007ff83b620000 - 0x00007ff83b62c000 	D:\CODE\Greenfoot\jdk\bin\vcruntime140_1.dll
0x00007ff8027d0000 - 0x00007ff802861000 	D:\CODE\Greenfoot\jdk\bin\msvcp140.dll
0x00007fffeae80000 - 0x00007fffebac6000 	D:\CODE\Greenfoot\jdk\bin\server\jvm.dll
0x00007ff840870000 - 0x00007ff840921000 	C:\WINDOWS\System32\ADVAPI32.dll
0x00007ff840140000 - 0x00007ff8401e6000 	C:\WINDOWS\System32\sechost.dll
0x00007ff83f060000 - 0x00007ff83f177000 	C:\WINDOWS\System32\RPCRT4.dll
0x00007ff8402e0000 - 0x00007ff8402e8000 	C:\WINDOWS\System32\PSAPI.DLL
0x00007ff839740000 - 0x00007ff839749000 	C:\WINDOWS\SYSTEM32\WSOCK32.dll
0x00007ff82cb20000 - 0x00007ff82cb54000 	C:\WINDOWS\SYSTEM32\WINMM.dll
0x00007ff83f180000 - 0x00007ff83f1f1000 	C:\WINDOWS\System32\WS2_32.dll
0x00007ff837c00000 - 0x00007ff837c0a000 	C:\WINDOWS\SYSTEM32\VERSION.dll
0x00007ff83d710000 - 0x00007ff83d728000 	C:\WINDOWS\SYSTEM32\kernel.appcore.dll
0x00007ff838500000 - 0x00007ff83850a000 	D:\CODE\Greenfoot\jdk\bin\jimage.dll
0x00007ff8299d0000 - 0x00007ff829c03000 	C:\WINDOWS\SYSTEM32\DBGHELP.DLL
0x00007ff83f3a0000 - 0x00007ff83f729000 	C:\WINDOWS\System32\combase.dll
0x00007ff840030000 - 0x00007ff840107000 	C:\WINDOWS\System32\OLEAUT32.dll
0x00007ff81f6a0000 - 0x00007ff81f6d2000 	C:\WINDOWS\SYSTEM32\dbgcore.DLL
0x00007ff83e6b0000 - 0x00007ff83e72a000 	C:\WINDOWS\System32\bcryptPrimitives.dll
0x00007ff80adf0000 - 0x00007ff80ae2b000 	D:\CODE\Greenfoot\jdk\bin\jdwp.dll
0x00007ff828aa0000 - 0x00007ff828ac5000 	D:\CODE\Greenfoot\jdk\bin\java.dll
0x00007ffffd410000 - 0x00007ffffd4e6000 	D:\CODE\Greenfoot\jdk\bin\jsvml.dll
0x00007ff8409e0000 - 0x00007ff841239000 	C:\WINDOWS\System32\SHELL32.dll
0x00007ff83c5b0000 - 0x00007ff83cea4000 	C:\WINDOWS\SYSTEM32\windows.storage.dll
0x00007ff83c470000 - 0x00007ff83c5ae000 	C:\WINDOWS\SYSTEM32\wintypes.dll
0x00007ff83ff30000 - 0x00007ff840023000 	C:\WINDOWS\System32\SHCORE.dll
0x00007ff83fe00000 - 0x00007ff83fe5e000 	C:\WINDOWS\System32\shlwapi.dll
0x00007ff83e5b0000 - 0x00007ff83e5d6000 	C:\WINDOWS\SYSTEM32\profapi.dll
0x00007ff825e40000 - 0x00007ff825e4b000 	D:\CODE\Greenfoot\jdk\bin\dt_shmem.dll
0x00007ff8367b0000 - 0x00007ff8367c9000 	D:\CODE\Greenfoot\jdk\bin\net.dll
0x00007ff838d40000 - 0x00007ff838e77000 	C:\WINDOWS\SYSTEM32\WINHTTP.dll
0x00007ff83dbf0000 - 0x00007ff83dc59000 	C:\WINDOWS\system32\mswsock.dll
0x00007ff835fe0000 - 0x00007ff835ff5000 	D:\CODE\Greenfoot\jdk\bin\nio.dll
0x00007ff82ecb0000 - 0x00007ff82ecc8000 	D:\CODE\Greenfoot\jdk\bin\zip.dll
0x00007fffeacf0000 - 0x00007fffeae7e000 	D:\CODE\Greenfoot\jdk\bin\awt.dll
0x00007ff83b9f0000 - 0x00007ff83ba87000 	C:\WINDOWS\SYSTEM32\apphelp.dll
0x00007ff83baf0000 - 0x00007ff83bb9b000 	C:\WINDOWS\system32\uxtheme.dll
0x00007ff824fc0000 - 0x00007ff8250f9000 	C:\ProgramData\A-Volute\A-Volute.Nahimic\Modules\Scheduled\x64\AudioDevProps2.dll
0x00007ff83f200000 - 0x00007ff83f3a0000 	C:\WINDOWS\System32\ole32.dll
0x00007ff83fc90000 - 0x00007ff83fddf000 	C:\WINDOWS\System32\MSCTF.dll
0x00007ff83de40000 - 0x00007ff83de5b000 	C:\WINDOWS\SYSTEM32\CRYPTSP.dll
0x00007ff83d6d0000 - 0x00007ff83d705000 	C:\WINDOWS\system32\rsaenh.dll
0x00007ff83dce0000 - 0x00007ff83dd0c000 	C:\WINDOWS\SYSTEM32\USERENV.dll
0x00007ff83e010000 - 0x00007ff83e038000 	C:\WINDOWS\SYSTEM32\bcrypt.dll
0x00007ff83de60000 - 0x00007ff83de6c000 	C:\WINDOWS\SYSTEM32\CRYPTBASE.dll
0x00007ff83d180000 - 0x00007ff83d1ad000 	C:\WINDOWS\SYSTEM32\IPHLPAPI.DLL
0x00007ff83f840000 - 0x00007ff83f849000 	C:\WINDOWS\System32\NSI.dll
0x00007ff838c70000 - 0x00007ff838c89000 	C:\WINDOWS\SYSTEM32\dhcpcsvc6.DLL
0x00007ff838c40000 - 0x00007ff838c5f000 	C:\WINDOWS\SYSTEM32\dhcpcsvc.DLL
0x00007ff83d1f0000 - 0x00007ff83d2e9000 	C:\WINDOWS\SYSTEM32\DNSAPI.dll
0x00007ff83bd70000 - 0x00007ff83bd9b000 	C:\WINDOWS\system32\DWMAPI.DLL
0x00007ff80f130000 - 0x00007ff80f230000 	C:\WINDOWS\system32\opengl32.dll
0x00007ff80f790000 - 0x00007ff80f7bd000 	C:\WINDOWS\SYSTEM32\GLU32.dll
0x00007ff83bde0000 - 0x00007ff83be16000 	C:\WINDOWS\SYSTEM32\dxcore.dll
0x0000020e303b0000 - 0x0000020e303b3000 	C:\Users\Abraham Willem H\.openjfx\cache\20.0.1+2\amd64\api-ms-win-core-console-l1-1-0.dll
0x0000020e303c0000 - 0x0000020e303c3000 	C:\Users\Abraham Willem H\.openjfx\cache\20.0.1+2\amd64\api-ms-win-core-console-l1-2-0.dll
0x0000020e303d0000 - 0x0000020e303d3000 	C:\Users\Abraham Willem H\.openjfx\cache\20.0.1+2\amd64\api-ms-win-core-datetime-l1-1-0.dll
0x0000020e303e0000 - 0x0000020e303e3000 	C:\Users\Abraham Willem H\.openjfx\cache\20.0.1+2\amd64\api-ms-win-core-debug-l1-1-0.dll
0x0000020e303f0000 - 0x0000020e303f3000 	C:\Users\Abraham Willem H\.openjfx\cache\20.0.1+2\amd64\api-ms-win-core-errorhandling-l1-1-0.dll
0x0000020e31a50000 - 0x0000020e31a54000 	C:\Users\Abraham Willem H\.openjfx\cache\20.0.1+2\amd64\api-ms-win-core-file-l1-1-0.dll
0x0000020e31a60000 - 0x0000020e31a63000 	C:\Users\Abraham Willem H\.openjfx\cache\20.0.1+2\amd64\api-ms-win-core-file-l1-2-0.dll
0x0000020e31a70000 - 0x0000020e31a73000 	C:\Users\Abraham Willem H\.openjfx\cache\20.0.1+2\amd64\api-ms-win-core-file-l2-1-0.dll
0x0000020e31a80000 - 0x0000020e31a83000 	C:\Users\Abraham Willem H\.openjfx\cache\20.0.1+2\amd64\api-ms-win-core-handle-l1-1-0.dll
0x0000020e31a90000 - 0x0000020e31a93000 	C:\Users\Abraham Willem H\.openjfx\cache\20.0.1+2\amd64\api-ms-win-core-heap-l1-1-0.dll
0x0000020e31aa0000 - 0x0000020e31aa3000 	C:\Users\Abraham Willem H\.openjfx\cache\20.0.1+2\amd64\api-ms-win-core-interlocked-l1-1-0.dll
0x0000020e31ab0000 - 0x0000020e31ab3000 	C:\Users\Abraham Willem H\.openjfx\cache\20.0.1+2\amd64\api-ms-win-core-libraryloader-l1-1-0.dll
0x0000020e31ac0000 - 0x0000020e31ac3000 	C:\Users\Abraham Willem H\.openjfx\cache\20.0.1+2\amd64\api-ms-win-core-localization-l1-2-0.dll
0x0000020e31ad0000 - 0x0000020e31ad3000 	C:\Users\Abraham Willem H\.openjfx\cache\20.0.1+2\amd64\api-ms-win-core-memory-l1-1-0.dll
0x0000020e31ae0000 - 0x0000020e31ae3000 	C:\Users\Abraham Willem H\.openjfx\cache\20.0.1+2\amd64\api-ms-win-core-namedpipe-l1-1-0.dll
0x0000020e31af0000 - 0x0000020e31af3000 	C:\Users\Abraham Willem H\.openjfx\cache\20.0.1+2\amd64\api-ms-win-core-processenvironment-l1-1-0.dll
0x0000020e31b10000 - 0x0000020e31b13000 	C:\Users\Abraham Willem H\.openjfx\cache\20.0.1+2\amd64\api-ms-win-core-processthreads-l1-1-0.dll
0x0000020e31b20000 - 0x0000020e31b23000 	C:\Users\Abraham Willem H\.openjfx\cache\20.0.1+2\amd64\api-ms-win-core-processthreads-l1-1-1.dll
0x0000020e31b30000 - 0x0000020e31b33000 	C:\Users\Abraham Willem H\.openjfx\cache\20.0.1+2\amd64\api-ms-win-core-profile-l1-1-0.dll
0x0000020e31b40000 - 0x0000020e31b43000 	C:\Users\Abraham Willem H\.openjfx\cache\20.0.1+2\amd64\api-ms-win-core-rtlsupport-l1-1-0.dll
0x0000020e31b50000 - 0x0000020e31b53000 	C:\Users\Abraham Willem H\.openjfx\cache\20.0.1+2\amd64\api-ms-win-core-string-l1-1-0.dll
0x0000020e33090000 - 0x0000020e33093000 	C:\Users\Abraham Willem H\.openjfx\cache\20.0.1+2\amd64\api-ms-win-core-synch-l1-1-0.dll
0x0000020e330a0000 - 0x0000020e330a3000 	C:\Users\Abraham Willem H\.openjfx\cache\20.0.1+2\amd64\api-ms-win-core-synch-l1-2-0.dll
0x0000020e330b0000 - 0x0000020e330b3000 	C:\Users\Abraham Willem H\.openjfx\cache\20.0.1+2\amd64\api-ms-win-core-sysinfo-l1-1-0.dll
0x0000020e330c0000 - 0x0000020e330c3000 	C:\Users\Abraham Willem H\.openjfx\cache\20.0.1+2\amd64\api-ms-win-core-timezone-l1-1-0.dll
0x0000020e330d0000 - 0x0000020e330d3000 	C:\Users\Abraham Willem H\.openjfx\cache\20.0.1+2\amd64\api-ms-win-core-util-l1-1-0.dll
0x0000020e330e0000 - 0x0000020e330e3000 	C:\Users\Abraham Willem H\.openjfx\cache\20.0.1+2\amd64\api-ms-win-crt-conio-l1-1-0.dll
0x0000020e330f0000 - 0x0000020e330f4000 	C:\Users\Abraham Willem H\.openjfx\cache\20.0.1+2\amd64\api-ms-win-crt-convert-l1-1-0.dll
0x0000020e33100000 - 0x0000020e33103000 	C:\Users\Abraham Willem H\.openjfx\cache\20.0.1+2\amd64\api-ms-win-crt-environment-l1-1-0.dll
0x0000020e33110000 - 0x0000020e33113000 	C:\Users\Abraham Willem H\.openjfx\cache\20.0.1+2\amd64\api-ms-win-crt-filesystem-l1-1-0.dll
0x0000020e33120000 - 0x0000020e33123000 	C:\Users\Abraham Willem H\.openjfx\cache\20.0.1+2\amd64\api-ms-win-crt-heap-l1-1-0.dll
0x0000020e33130000 - 0x0000020e33133000 	C:\Users\Abraham Willem H\.openjfx\cache\20.0.1+2\amd64\api-ms-win-crt-locale-l1-1-0.dll
0x0000020e33140000 - 0x0000020e33145000 	C:\Users\Abraham Willem H\.openjfx\cache\20.0.1+2\amd64\api-ms-win-crt-math-l1-1-0.dll
0x0000020e33150000 - 0x0000020e33155000 	C:\Users\Abraham Willem H\.openjfx\cache\20.0.1+2\amd64\api-ms-win-crt-multibyte-l1-1-0.dll
0x0000020e33160000 - 0x0000020e33170000 	C:\Users\Abraham Willem H\.openjfx\cache\20.0.1+2\amd64\api-ms-win-crt-private-l1-1-0.dll
0x0000020e33170000 - 0x0000020e33173000 	C:\Users\Abraham Willem H\.openjfx\cache\20.0.1+2\amd64\api-ms-win-crt-process-l1-1-0.dll
0x0000020e33180000 - 0x0000020e33184000 	C:\Users\Abraham Willem H\.openjfx\cache\20.0.1+2\amd64\api-ms-win-crt-runtime-l1-1-0.dll
0x0000020e33190000 - 0x0000020e33194000 	C:\Users\Abraham Willem H\.openjfx\cache\20.0.1+2\amd64\api-ms-win-crt-stdio-l1-1-0.dll
0x0000020e331a0000 - 0x0000020e331a4000 	C:\Users\Abraham Willem H\.openjfx\cache\20.0.1+2\amd64\api-ms-win-crt-string-l1-1-0.dll
0x0000020e331b0000 - 0x0000020e331b3000 	C:\Users\Abraham Willem H\.openjfx\cache\20.0.1+2\amd64\api-ms-win-crt-time-l1-1-0.dll
0x0000020e331c0000 - 0x0000020e331c3000 	C:\Users\Abraham Willem H\.openjfx\cache\20.0.1+2\amd64\api-ms-win-crt-utility-l1-1-0.dll
0x00007ffff28b0000 - 0x00007ffff29ac000 	C:\Users\Abraham Willem H\.openjfx\cache\20.0.1+2\amd64\ucrtbase.dll
0x00007ff828bc0000 - 0x00007ff828bdb000 	C:\Users\Abraham Willem H\.openjfx\cache\20.0.1+2\amd64\vcruntime140.dll
0x00007ff828a90000 - 0x00007ff828a9c000 	C:\Users\Abraham Willem H\.openjfx\cache\20.0.1+2\amd64\vcruntime140_1.dll
0x00007ff8028f0000 - 0x00007ff80297e000 	C:\Users\Abraham Willem H\.openjfx\cache\20.0.1+2\amd64\msvcp140.dll
0x00007ff828a80000 - 0x00007ff828a89000 	C:\Users\Abraham Willem H\.openjfx\cache\20.0.1+2\amd64\msvcp140_1.dll
0x00007ff826100000 - 0x00007ff826130000 	C:\Users\Abraham Willem H\.openjfx\cache\20.0.1+2\amd64\msvcp140_2.dll
0x00007ff825ab0000 - 0x00007ff825adf000 	C:\Users\Abraham Willem H\.openjfx\cache\20.0.1+2\amd64\prism_d3d.dll
0x00007ff800130000 - 0x00007ff8002d9000 	C:\WINDOWS\system32\d3d9.dll
0x00007fffd78b0000 - 0x00007fffd7a5f000 	C:\WINDOWS\System32\DriverStore\FileRepository\iigd_dch.inf_amd64_51f685305808e3a5\igdumdim64.dll
0x00007fffd1770000 - 0x00007fffd4813000 	C:\WINDOWS\System32\DriverStore\FileRepository\iigd_dch.inf_amd64_51f685305808e3a5\igd9dxva64.dll
0x00007ff8402f0000 - 0x00007ff840764000 	C:\WINDOWS\System32\SETUPAPI.dll
0x00007ff83e370000 - 0x00007ff83e3be000 	C:\WINDOWS\SYSTEM32\cfgmgr32.dll
0x00007ff834460000 - 0x00007ff834869000 	C:\WINDOWS\System32\DriverStore\FileRepository\iigd_dch.inf_amd64_51f685305808e3a5\igdgmm64.dll
0x00007ff838600000 - 0x00007ff83864a000 	C:\WINDOWS\SYSTEM32\directxdatabasehelper.dll
0x00007ff81f040000 - 0x00007ff81f082000 	C:\Users\Abraham Willem H\.openjfx\cache\20.0.1+2\amd64\glass.dll
0x00007ff840770000 - 0x00007ff840869000 	C:\WINDOWS\System32\COMDLG32.dll
0x00007ffff1b50000 - 0x00007ffff1b77000 	C:\WINDOWS\System32\DriverStore\FileRepository\iigd_dch.inf_amd64_51f685305808e3a5\igdinfo64.dll
0x00007ff830210000 - 0x00007ff8339a4000 	C:\WINDOWS\System32\DriverStore\FileRepository\iigd_dch.inf_amd64_51f685305808e3a5\igc64.dll
0x00007ff81ef50000 - 0x00007ff81ef60000 	D:\CODE\Greenfoot\jdk\bin\verify.dll

dbghelp: loaded successfully - version: 4.0.5 - missing functions: none
symbol engine: initialized successfully - sym options: 0x614 - pdb path: .;D:\CODE\Greenfoot\jdk\bin;C:\WINDOWS\SYSTEM32;C:\WINDOWS\WinSxS\amd64_microsoft.windows.common-controls_6595b64144ccf1df_6.0.22621.2506_none_270c5ae97388e100;D:\CODE\Greenfoot\jdk\bin\server;C:\ProgramData\A-Volute\A-Volute.Nahimic\Modules\Scheduled\x64;C:\Users\Abraham Willem H\.openjfx\cache\20.0.1+2\amd64;C:\WINDOWS\System32\DriverStore\FileRepository\iigd_dch.inf_amd64_51f685305808e3a5

VM Arguments:
jvm_args: -XX:MaxGCPauseMillis=50 -agentlib:jdwp=transport=dt_shmem,address=javadebug -Dfile.encoding=UTF-8 
java_command: bluej.runtime.ExecServer UTF-8
java_class_path (initial): D:\CODE\Greenfoot\lib\greenfoot.jar;D:\CODE\Greenfoot\lib\javafx-base-20.0.1-win.jar;D:\CODE\Greenfoot\lib\javafx-base-20.0.1.jar;D:\CODE\Greenfoot\lib\javafx-controls-20.0.1-win.jar;D:\CODE\Greenfoot\lib\javafx-controls-20.0.1.jar;D:\CODE\Greenfoot\lib\javafx-fxml-20.0.1-win.jar;D:\CODE\Greenfoot\lib\javafx-graphics-20.0.1-win.jar;D:\CODE\Greenfoot\lib\javafx-graphics-20.0.1.jar;D:\CODE\Greenfoot\lib\javafx-media-20.0.1-win.jar;D:\CODE\Greenfoot\lib\javafx-media-20.0.1.jar;D:\CODE\Greenfoot\lib\javafx-swing-20.0.1-win.jar;D:\CODE\Greenfoot\lib\javafx-web-20.0.1-win.jar;D:\CODE\Greenfoot\lib\junit-4.12.jar;D:\CODE\Greenfoot\lib\junit-jupiter-5.5.2.jar;D:\CODE\Greenfoot\lib\junit-jupiter-api-5.5.2.jar;D:\CODE\Greenfoot\lib\junit-jupiter-engine-5.5.2.jar;D:\CODE\Greenfoot\lib\junit-jupiter-params-5.5.2.jar;D:\CODE\Greenfoot\lib\junit-platform-commons-1.5.2.jar;D:\CODE\Greenfoot\lib\junit-platform-engine-1.5.2.jar;D:\CODE\Greenfoot\lib\junit-platform-launcher-1.5.2.jar;D:\CODE\Greenfoot\lib\junit-platform-suite-api-1.5.2.jar;D:\CODE\Greenfoot\lib\junit-vintage-engine-5.5.2.jar;D:\CODE\Greenfoot\lib\hamcrest-core-1.3.jar;D:\CODE\Greenfoot\lib\opentest4j-1.2.0.jar;D:\CODE\Greenfoot\lib\bluej.jar;D:\CODE\Greenfoot\lib\classgraph-4.8.90.jar;D:\CODE\Greenfoot\lib\diffutils-1.2.1.jar;D:\CODE\Greenfoot\lib\commons-logging-1.2.jar;D:\CODE\Greenfoot\lib\jl1.0.1.jar;D:\CODE\Greenfoot\lib\opencsv-2.3.jar;D:\CODE\Greenfoot\lib\opencsv-2.4.jar;D:\CODE\Greenfoot\lib\xom-1.3.7.jar;D:\CODE\Greenfoot\lib\lang-stride.jar;D:\CODE\Greenfoot\lib\nsmenufx-2.1.8.jar;D:\CODE\Greenfoot\lib\wellbehavedfx-0.3.3.jar;D:\CODE\Greenfoot\lib\guava-17.0.jar;D:\CODE\Greenfoot\lib\httpclient-4.3.6.jar;D:\CODE\Greenfoot\lib\httpcore-4.3.3.jar;D:\CODE\Greenfoot\lib\httpmime-4.1.1.jar
Launcher Type: SUN_STANDARD

[Global flags]
     intx CICompilerCount                          = 4                                         {product} {ergonomic}
     uint ConcGCThreads                            = 3                                         {product} {ergonomic}
     uint G1ConcRefinementThreads                  = 10                                        {product} {ergonomic}
   size_t G1HeapRegionSize                         = 1048576                                   {product} {ergonomic}
    uintx GCDrainStackTargetSize                   = 64                                        {product} {ergonomic}
   size_t InitialHeapSize                          = 132120576                                 {product} {ergonomic}
   size_t MarkStackSize                            = 4194304                                   {product} {ergonomic}
    uintx MaxGCPauseMillis                         = 50                                        {product} {command line}
   size_t MaxHeapSize                              = 2101346304                                {product} {ergonomic}
   size_t MaxNewSize                               = 1260388352                                {product} {ergonomic}
   size_t MinHeapDeltaBytes                        = 1048576                                   {product} {ergonomic}
   size_t MinHeapSize                              = 8388608                                   {product} {ergonomic}
    uintx NonNMethodCodeHeapSize                   = 5839372                                {pd product} {ergonomic}
    uintx NonProfiledCodeHeapSize                  = 122909434                              {pd product} {ergonomic}
    uintx ProfiledCodeHeapSize                     = 122909434                              {pd product} {ergonomic}
    uintx ReservedCodeCacheSize                    = 251658240                              {pd product} {ergonomic}
     bool SegmentedCodeCache                       = true                                      {product} {ergonomic}
   size_t SoftMaxHeapSize                          = 2101346304                             {manageable} {ergonomic}
     bool UseCompressedClassPointers               = true                           {product lp64_product} {ergonomic}
     bool UseCompressedOops                        = true                           {product lp64_product} {ergonomic}
     bool UseG1GC                                  = true                                      {product} {ergonomic}
     bool UseLargePagesIndividualAllocation        = false                                  {pd product} {ergonomic}

Logging:
Log output configuration:
 #0: stdout all=warning uptime,level,tags
 #1: stderr all=off uptime,level,tags

Environment Variables:
JAVA_HOME=C:\Users\Abraham Willem H\AppData\Local\Programs\Eclipse Adoptium\jdk-17.0.8.101-hotspot\
PATH=C:\Program Files\Common Files\Oracle\Java\javapath;C:\Program Files (x86)\Common Files\Oracle\Java\javapath;C:\Windows\system32;C:\Windows;C:\Windows\System32\Wbem;C:\Windows\System32\WindowsPowerShell\v1.0\;C:\Windows\System32\OpenSSH\;C:\Program Files (x86)\NVIDIA Corporation\PhysX\Common;C:\Program Files\NVIDIA Corporation\NVIDIA NvDLISR;C:\WINDOWS\system32;C:\WINDOWS;C:\WINDOWS\System32\Wbem;C:\WINDOWS\System32\WindowsPowerShell\v1.0\;C:\WINDOWS\System32\OpenSSH\;C:\MinGW\bin;C:\Program Files\dotnet\;C:\Users\Abraham Willem H\AppData\Local\Programs\Python\Python310;C:\Users\Abraham Willem H\AppData\Local\Programs\Python\Python310\Scripts;C:\WINDOWS\system32;C:\WINDOWS;C:\WINDOWS\System32\Wbem;C:\WINDOWS\System32\WindowsPowerShell\v1.0\;C:\WINDOWS\System32\OpenSSH\;C:\FPC\3.2.2\bin\i386-Win32;C:\Program Files (x86)\Microsoft SQL Server\160\Tools\Binn\;C:\Program Files\Microsoft SQL Server\160\Tools\Binn\;C:\Program Files\Microsoft SQL Server\Client SDK\ODBC\170\Tools\Binn\;C:\Program Files\Microsoft SQL Server\160\DTS\Binn\;C:\Program Files (x86)\Microsoft SQL Server\160\DTS\Binn\;C:\Program Files\Azure Data Studio\bin;C:\Program Files\PowerShell\7\;C:\Users\Abraham Willem H\.cargo\bin;C:\Users\Abraham Willem H\AppData\Local\Programs\Eclipse Adoptium\jdk-17.0.8.101-hotspot\bin;C:\Users\Abraham Willem H\AppData\Local\Programs\Python\Python311\Scripts\;C:\Users\Abraham Willem H\AppData\Local\Programs\Python\Python311\;C:\Users\Abraham Willem H\AppData\Local\Microsoft\WindowsApps;C:\Users\Abraham Willem H\AppData\Local\Programs\Microsoft VS Code\bin;C:\MinGW\bin;C:\Users\Abraham Willem H\.dotnet\tools;C:\Program Files\JetBrains\IntelliJ IDEA Community Edition 2022.2.2\bin;;C:\Users\Abraham Willem H\AppData\Local\GitHubDesktop\bin;;C:\Program Files\Azure Data Studio\bin
USERNAME=Abraham Willem H
OS=Windows_NT
PROCESSOR_IDENTIFIER=Intel64 Family 6 Model 165 Stepping 2, GenuineIntel
TMP=C:\Users\ABRAHA~1\AppData\Local\Temp
TEMP=C:\Users\ABRAHA~1\AppData\Local\Temp



---------------  S Y S T E M  ---------------

OS:
 Windows 11 , 64 bit Build 22621 (10.0.22621.2506)
OS uptime: 0 days 0:36 hours

CPU: total 12 (initial active 12) (6 cores per cpu, 2 threads per core) family 6 model 165 stepping 2 microcode 0xe2, cx8, cmov, fxsr, ht, mmx, 3dnowpref, sse, sse2, sse3, ssse3, sse4.1, sse4.2, popcnt, lzcnt, tsc, tscinvbit, avx, avx2, aes, erms, clmul, bmi1, bmi2, adx, fma, vzeroupper, clflush, clflushopt

Memory: 4k page, system-wide physical 8013M (1784M free)
TotalPageFile size 9025M (AvailPageFile size 2M)
current process WorkingSet (physical memory assigned to process): 117M, peak: 117M
current process commit charge ("private bytes"): 275M, peak: 276M

vm_info: OpenJDK 64-Bit Server VM (17.0.4.1+1) for windows-amd64 JRE (17.0.4.1+1), built on Aug 17 2022 07:42:43 by "temurin" with MS VC++ 16.7 (VS2019)

END.
