#
# There is insufficient memory for the Java Runtime Environment to continue.
# Native memory allocation (mmap) failed to map 1048576 bytes for G1 virtual space
# Possible reasons:
#   The system is out of physical RAM or swap space
#   The process is running with CompressedOops enabled, and the Java Heap may be blocking the growth of the native heap
# Possible solutions:
#   Reduce memory load on the system
#   Increase physical memory or swap space
#   Check if swap backing store is full
#   Decrease Java heap size (-Xmx/-Xms)
#   Decrease number of Java threads
#   Decrease Java thread stack sizes (-Xss)
#   Set larger code cache with -XX:ReservedCodeCacheSize=
#   JVM is running with Unscaled Compressed Oops mode in which the Java heap is
#     placed in the first 4GB address space. The Java Heap base address is the
#     maximum limit for the native heap growth. Please use -XX:HeapBaseMinAddress
#     to set the Java Heap base and to place the Java Heap above 4GB virtual address.
# This output file may be truncated or incomplete.
#
#  Out of Memory Error (os_windows.cpp:3541), pid=7132, tid=4624
#
# JRE version: OpenJDK Runtime Environment Temurin-17.0.4.1+1 (17.0.4.1+1) (build 17.0.4.1+1)
# Java VM: OpenJDK 64-Bit Server VM Temurin-17.0.4.1+1 (17.0.4.1+1, mixed mode, sharing, tiered, compressed oops, compressed class ptrs, g1 gc, windows-amd64)
# No core dump will be written. Minidumps are not enabled by default on client versions of Windows
#

---------------  S U M M A R Y ------------

Command Line: -XX:MaxGCPauseMillis=50 -agentlib:jdwp=transport=dt_shmem,address=javadebug -Dfile.encoding=UTF-8 bluej.runtime.ExecServer UTF-8

Host: Intel(R) Core(TM) i5-10500H CPU @ 2.50GHz, 12 cores, 7G,  Windows 11 , 64 bit Build 22621 (10.0.22621.2506)
Time: Mon Dec 11 10:39:55 2023 SE Asia Standard Time elapsed time: 27.579067 seconds (0d 0h 0m 27s)

---------------  T H R E A D  ---------------

Current thread (0x000002326a12a120):  JavaThread "VMCommsSimulation" [_thread_in_vm, id=4624, stack(0x000000fc8c500000,0x000000fc8c600000)]

Stack: [0x000000fc8c500000,0x000000fc8c600000]
Native frames: (J=compiled Java code, j=interpreted, Vv=VM code, C=native code)
V  [jvm.dll+0x67731a]
V  [jvm.dll+0x832284]
V  [jvm.dll+0x833a2e]
V  [jvm.dll+0x834093]
V  [jvm.dll+0x245775]
V  [jvm.dll+0x674209]
V  [jvm.dll+0x668a92]
V  [jvm.dll+0x30471b]
V  [jvm.dll+0x30bc66]
V  [jvm.dll+0x35b78b]
V  [jvm.dll+0x35bdb4]
V  [jvm.dll+0x35b966]
V  [jvm.dll+0x2dbb04]
V  [jvm.dll+0x2d7b46]
V  [jvm.dll+0x60a5b3]
V  [jvm.dll+0x2104f5]
V  [jvm.dll+0x7fc1b6]
V  [jvm.dll+0x18852e]
C  0x0000023252586b72

Java frames: (J=compiled Java code, j=interpreted, Vv=VM code)
v  ~RuntimeStub::new_type_array Runtime1 stub
J 1618 c1 java.awt.image.SinglePixelPackedSampleModel.createDataBuffer()Ljava/awt/image/DataBuffer; java.desktop@17.0.4.1 (79 bytes) @ 0x0000023252d3e224 [0x0000023252d3d8c0+0x0000000000000964]
J 1616 c1 java.awt.image.Raster.createWritableRaster(Ljava/awt/image/SampleModel;Ljava/awt/Point;)Ljava/awt/image/WritableRaster; java.desktop@17.0.4.1 (24 bytes) @ 0x0000023252d3ca24 [0x0000023252d3c7e0+0x0000000000000244]
J 1532 c2 java.awt.image.BufferedImage.getData()Ljava/awt/image/Raster; java.desktop@17.0.4.1 (119 bytes) @ 0x000002325a054928 [0x000002325a054860+0x00000000000000c8]
J 1499 c2 greenfoot.vmcomm.VMCommsSimulation.doInterVMComms()V (789 bytes) @ 0x000002325a043300 [0x000002325a03f660+0x0000000000003ca0]
j  greenfoot.vmcomm.VMCommsSimulation$1.run()V+4
v  ~StubRoutines::call_stub

---------------  P R O C E S S  ---------------

Threads class SMR info:
_java_thread_list=0x000002326b006fe0, length=26, elements={
0x00000232690689e0, 0x00000232690614b0, 0x0000023269075910, 0x00000232690783d0,
0x0000023269078d80, 0x0000023269079730, 0x000002326907a4c0, 0x00000232690840b0,
0x0000023269087de0, 0x0000023269cfc300, 0x0000023269d001e0, 0x0000023269d03060,
0x0000023269d066d0, 0x0000023269d10590, 0x000002326a0dbe50, 0x000002326a0e40d0,
0x000002326a112c10, 0x000002324a9a0ed0, 0x000002326a12d140, 0x000002326a12cc70,
0x000002326a12a5f0, 0x000002326a12a120, 0x000002326a12b460, 0x000002326a12be00,
0x000002326a129c50, 0x000002326a12c2d0
}

Java Threads: ( => current thread )
  0x00000232690689e0 JavaThread "Reference Handler" daemon [_thread_blocked, id=11948, stack(0x000000fc89f00000,0x000000fc8a000000)]
  0x00000232690614b0 JavaThread "Finalizer" daemon [_thread_blocked, id=7052, stack(0x000000fc8a000000,0x000000fc8a100000)]
  0x0000023269075910 JavaThread "Signal Dispatcher" daemon [_thread_blocked, id=10724, stack(0x000000fc8a100000,0x000000fc8a200000)]
  0x00000232690783d0 JavaThread "Attach Listener" daemon [_thread_blocked, id=2552, stack(0x000000fc8a200000,0x000000fc8a300000)]
  0x0000023269078d80 JavaThread "Service Thread" daemon [_thread_blocked, id=10032, stack(0x000000fc8a300000,0x000000fc8a400000)]
  0x0000023269079730 JavaThread "Monitor Deflation Thread" daemon [_thread_blocked, id=11976, stack(0x000000fc8a400000,0x000000fc8a500000)]
  0x000002326907a4c0 JavaThread "C2 CompilerThread0" daemon [_thread_blocked, id=9652, stack(0x000000fc8a500000,0x000000fc8a600000)]
  0x00000232690840b0 JavaThread "C1 CompilerThread0" daemon [_thread_blocked, id=3596, stack(0x000000fc8a600000,0x000000fc8a700000)]
  0x0000023269087de0 JavaThread "Sweeper thread" daemon [_thread_blocked, id=13116, stack(0x000000fc8a700000,0x000000fc8a800000)]
  0x0000023269cfc300 JavaThread "JDWP Transport Listener: dt_shmem" daemon [_thread_blocked, id=4692, stack(0x000000fc8a800000,0x000000fc8a900000)]
  0x0000023269d001e0 JavaThread "JDWP Event Helper Thread" daemon [_thread_blocked, id=4572, stack(0x000000fc8a900000,0x000000fc8aa00000)]
  0x0000023269d03060 JavaThread "JDWP Command Reader" daemon [_thread_in_native, id=9676, stack(0x000000fc8aa00000,0x000000fc8ab00000)]
  0x0000023269d066d0 JavaThread "Notification Thread" daemon [_thread_blocked, id=8808, stack(0x000000fc8ab00000,0x000000fc8ac00000)]
  0x0000023269d10590 JavaThread "Common-Cleaner" daemon [_thread_blocked, id=13172, stack(0x000000fc8ad00000,0x000000fc8ae00000)]
  0x000002326a0dbe50 JavaThread "Java2D Disposer" daemon [_thread_blocked, id=15020, stack(0x000000fc8af00000,0x000000fc8b000000)]
  0x000002326a0e40d0 JavaThread "AWT-Windows" daemon [_thread_in_native, id=2928, stack(0x000000fc8b100000,0x000000fc8b200000)]
  0x000002326a112c10 JavaThread "BlueJ worker thread" [_thread_blocked, id=9912, stack(0x000000fc8b300000,0x000000fc8b400000)]
  0x000002324a9a0ed0 JavaThread "DestroyJavaVM" [_thread_blocked, id=11404, stack(0x000000fc89800000,0x000000fc89900000)]
  0x000002326a12d140 JavaThread "QuantumRenderer-0" daemon [_thread_blocked, id=16028, stack(0x000000fc8bf00000,0x000000fc8c000000)]
  0x000002326a12cc70 JavaThread "InvokeLaterDispatcher" daemon [_thread_blocked, id=2224, stack(0x000000fc8c000000,0x000000fc8c100000)]
  0x000002326a12a5f0 JavaThread "JavaFX Application Thread" [_thread_in_native, id=1476, stack(0x000000fc8c100000,0x000000fc8c200000)]
=>0x000002326a12a120 JavaThread "VMCommsSimulation" [_thread_in_vm, id=4624, stack(0x000000fc8c500000,0x000000fc8c600000)]
  0x000002326a12b460 JavaThread "Thread-2" daemon [_thread_in_native, id=4908, stack(0x000000fc8b200000,0x000000fc8b300000)]
  0x000002326a12be00 JavaThread "SimulationThread" [_thread_in_native, id=10824, stack(0x000000fc8c800000,0x000000fc8c900000)]
  0x000002326a129c50 JavaThread "Java Sound Event Dispatcher" daemon [_thread_blocked, id=3136, stack(0x000000fc8b500000,0x000000fc8b600000)]
  0x000002326a12c2d0 JavaThread "main" [_thread_blocked, id=6388, stack(0x000000fc8ce00000,0x000000fc8cf00000)]

Other Threads:
  0x0000023269066e00 VMThread "VM Thread" [stack: 0x000000fc89e00000,0x000000fc89f00000] [id=5208]
  0x0000023269d073c0 WatcherThread [stack: 0x000000fc8ac00000,0x000000fc8ad00000] [id=8544]
  0x000002324a9fc510 GCTaskThread "GC Thread#0" [stack: 0x000000fc89900000,0x000000fc89a00000] [id=10748]
  0x000002326a3140a0 GCTaskThread "GC Thread#1" [stack: 0x000000fc8b400000,0x000000fc8b500000] [id=8956]
  0x000002326a2d7070 GCTaskThread "GC Thread#2" [stack: 0x000000fc8b600000,0x000000fc8b700000] [id=8264]
  0x000002326a2f8e80 GCTaskThread "GC Thread#3" [stack: 0x000000fc8b700000,0x000000fc8b800000] [id=3004]
  0x000002326a2f9540 GCTaskThread "GC Thread#4" [stack: 0x000000fc8b800000,0x000000fc8b900000] [id=1696]
  0x000002326a2f97f0 GCTaskThread "GC Thread#5" [stack: 0x000000fc8b900000,0x000000fc8ba00000] [id=14220]
  0x000002326a2f9eb0 GCTaskThread "GC Thread#6" [stack: 0x000000fc8ba00000,0x000000fc8bb00000] [id=5456]
  0x000002326a2fa160 GCTaskThread "GC Thread#7" [stack: 0x000000fc8bb00000,0x000000fc8bc00000] [id=2524]
  0x000002326a304d70 GCTaskThread "GC Thread#8" [stack: 0x000000fc8bc00000,0x000000fc8bd00000] [id=11848]
  0x000002326a3053f0 GCTaskThread "GC Thread#9" [stack: 0x000000fc8bd00000,0x000000fc8be00000] [id=9408]
  0x000002324aa0ced0 ConcurrentGCThread "G1 Main Marker" [stack: 0x000000fc89a00000,0x000000fc89b00000] [id=12976]
  0x000002324aa0f090 ConcurrentGCThread "G1 Conc#0" [stack: 0x000000fc89b00000,0x000000fc89c00000] [id=12772]
  0x000002326b1a9e10 ConcurrentGCThread "G1 Conc#1" [stack: 0x000000fc8b000000,0x000000fc8b100000] [id=9936]
  0x000002326b1aa0c0 ConcurrentGCThread "G1 Conc#2" [stack: 0x000000fc8ca00000,0x000000fc8cb00000] [id=11576]
  0x000002324aa6d8d0 ConcurrentGCThread "G1 Refine#0" [stack: 0x000000fc89c00000,0x000000fc89d00000] [id=11840]
  0x000002324aa6e2f0 ConcurrentGCThread "G1 Service" [stack: 0x000000fc89d00000,0x000000fc89e00000] [id=15296]

Threads with active compile tasks:

VM state: not at safepoint (normal execution)

VM Mutex/Monitor currently owned by a thread:  ([mutex/lock_event])
[0x000002324a99b9d0] Heap_lock - owner thread: 0x000002326a12a120

Heap address: 0x0000000082c00000, size: 2004 MB, Compressed Oops mode: 32-bit

CDS archive(s) mapped at: [0x0000000800000000-0x0000000800bc0000-0x0000000800bc0000), size 12320768, SharedBaseAddress: 0x0000000800000000, ArchiveRelocationMode: 0.
Compressed class space mapped at: 0x0000000800c00000-0x0000000840c00000, reserved size: 1073741824
Narrow klass base: 0x0000000800000000, Narrow klass shift: 0, Narrow klass range: 0x100000000

GC Precious Log:
 CPUs: 12 total, 12 available
 Memory: 8013M
 Large Page Support: Disabled
 NUMA Support: Disabled
 Compressed Oops: Enabled (32-bit)
 Heap Region Size: 1M
 Heap Min Capacity: 8M
 Heap Initial Capacity: 126M
 Heap Max Capacity: 2004M
 Pre-touch: Disabled
 Parallel Workers: 10
 Concurrent Workers: 3
 Concurrent Refinement Workers: 10
 Periodic GC: Disabled

Heap:
 garbage-first heap   total 322560K, used 316749K [0x0000000082c00000, 0x0000000100000000)
  region size 1024K, 2 young (2048K), 1 survivors (1024K)
 Metaspace       used 10412K, committed 10624K, reserved 1064960K
  class space    used 1042K, committed 1152K, reserved 1048576K

Heap Regions: E=young(eden), S=young(survivor), O=old, HS=humongous(starts), HC=humongous(continues), CS=collection set, F=free, OA=open archive, CA=closed archive, TAMS=top-at-mark-start (previous, next)
|   0|0x0000000082c00000, 0x0000000082d00000, 0x0000000082d00000|100%| O|  |TAMS 0x0000000082d00000, 0x0000000082c00000| Untracked 
|   1|0x0000000082d00000, 0x0000000082dffff8, 0x0000000082e00000| 99%| O|  |TAMS 0x0000000082dffff8, 0x0000000082d00000| Untracked 
|   2|0x0000000082e00000, 0x0000000082f00000, 0x0000000082f00000|100%| O|  |TAMS 0x0000000082f00000, 0x0000000082e00000| Untracked 
|   3|0x0000000082f00000, 0x0000000082fead80, 0x0000000083000000| 91%| O|  |TAMS 0x0000000082fead80, 0x0000000082f00000| Untracked 
|   4|0x0000000083000000, 0x00000000830fffa8, 0x0000000083100000| 99%| O|  |TAMS 0x00000000830fffa8, 0x0000000083000000| Untracked 
|   5|0x0000000083100000, 0x00000000831b1e00, 0x0000000083200000| 69%| O|  |TAMS 0x00000000831ae400, 0x0000000083100000| Complete 
|   6|0x0000000083200000, 0x0000000083300000, 0x0000000083300000|100%|HS|  |TAMS 0x0000000083300000, 0x0000000083200000| Complete 
|   7|0x0000000083300000, 0x0000000083400000, 0x0000000083400000|100%|HC|  |TAMS 0x0000000083400000, 0x0000000083300000| Complete 
|   8|0x0000000083400000, 0x0000000083500000, 0x0000000083500000|100%|HC|  |TAMS 0x0000000083500000, 0x0000000083400000| Complete 
|   9|0x0000000083500000, 0x0000000083502200, 0x0000000083600000|  0%| O|  |TAMS 0x0000000083500000, 0x0000000083500000| Untracked 
|  10|0x0000000083600000, 0x0000000083600000, 0x0000000083700000|  0%| F|  |TAMS 0x0000000083600000, 0x0000000083600000| Untracked 
|  11|0x0000000083700000, 0x0000000083800000, 0x0000000083800000|100%|HS|  |TAMS 0x0000000083800000, 0x0000000083700000| Complete 
|  12|0x0000000083800000, 0x0000000083900000, 0x0000000083900000|100%|HC|  |TAMS 0x0000000083900000, 0x0000000083800000| Complete 
|  13|0x0000000083900000, 0x0000000083a00000, 0x0000000083a00000|100%|HC|  |TAMS 0x0000000083a00000, 0x0000000083900000| Complete 
|  14|0x0000000083a00000, 0x0000000083b00000, 0x0000000083b00000|100%|HS|  |TAMS 0x0000000083b00000, 0x0000000083a00000| Complete 
|  15|0x0000000083b00000, 0x0000000083c00000, 0x0000000083c00000|100%|HC|  |TAMS 0x0000000083c00000, 0x0000000083b00000| Complete 
|  16|0x0000000083c00000, 0x0000000083d00000, 0x0000000083d00000|100%|HC|  |TAMS 0x0000000083d00000, 0x0000000083c00000| Complete 
|  17|0x0000000083d00000, 0x0000000083e00000, 0x0000000083e00000|100%|HS|  |TAMS 0x0000000083d00000, 0x0000000083d00000| Complete 
|  18|0x0000000083e00000, 0x0000000083f00000, 0x0000000083f00000|100%|HC|  |TAMS 0x0000000083e00000, 0x0000000083e00000| Complete 
|  19|0x0000000083f00000, 0x0000000084000000, 0x0000000084000000|100%|HC|  |TAMS 0x0000000083f00000, 0x0000000083f00000| Complete 
|  20|0x0000000084000000, 0x0000000084100000, 0x0000000084100000|100%|HS|  |TAMS 0x0000000084000000, 0x0000000084000000| Complete 
|  21|0x0000000084100000, 0x0000000084200000, 0x0000000084200000|100%|HC|  |TAMS 0x0000000084100000, 0x0000000084100000| Complete 
|  22|0x0000000084200000, 0x0000000084300000, 0x0000000084300000|100%|HC|  |TAMS 0x0000000084200000, 0x0000000084200000| Complete 
|  23|0x0000000084300000, 0x0000000084400000, 0x0000000084400000|100%|HS|  |TAMS 0x0000000084300000, 0x0000000084300000| Complete 
|  24|0x0000000084400000, 0x0000000084500000, 0x0000000084500000|100%|HC|  |TAMS 0x0000000084400000, 0x0000000084400000| Complete 
|  25|0x0000000084500000, 0x0000000084600000, 0x0000000084600000|100%|HC|  |TAMS 0x0000000084500000, 0x0000000084500000| Complete 
|  26|0x0000000084600000, 0x0000000084700000, 0x0000000084700000|100%|HS|  |TAMS 0x0000000084600000, 0x0000000084600000| Complete 
|  27|0x0000000084700000, 0x0000000084800000, 0x0000000084800000|100%|HC|  |TAMS 0x0000000084700000, 0x0000000084700000| Complete 
|  28|0x0000000084800000, 0x0000000084900000, 0x0000000084900000|100%|HC|  |TAMS 0x0000000084800000, 0x0000000084800000| Complete 
|  29|0x0000000084900000, 0x0000000084a00000, 0x0000000084a00000|100%|HS|  |TAMS 0x0000000084a00000, 0x0000000084900000| Complete 
|  30|0x0000000084a00000, 0x0000000084b00000, 0x0000000084b00000|100%|HC|  |TAMS 0x0000000084b00000, 0x0000000084a00000| Complete 
|  31|0x0000000084b00000, 0x0000000084c00000, 0x0000000084c00000|100%|HC|  |TAMS 0x0000000084c00000, 0x0000000084b00000| Complete 
|  32|0x0000000084c00000, 0x0000000084d00000, 0x0000000084d00000|100%|HS|  |TAMS 0x0000000084c00000, 0x0000000084c00000| Complete 
|  33|0x0000000084d00000, 0x0000000084e00000, 0x0000000084e00000|100%|HC|  |TAMS 0x0000000084d00000, 0x0000000084d00000| Complete 
|  34|0x0000000084e00000, 0x0000000084f00000, 0x0000000084f00000|100%|HC|  |TAMS 0x0000000084e00000, 0x0000000084e00000| Complete 
|  35|0x0000000084f00000, 0x0000000085000000, 0x0000000085000000|100%|HS|  |TAMS 0x0000000084f00000, 0x0000000084f00000| Complete 
|  36|0x0000000085000000, 0x0000000085100000, 0x0000000085100000|100%|HC|  |TAMS 0x0000000085000000, 0x0000000085000000| Complete 
|  37|0x0000000085100000, 0x0000000085200000, 0x0000000085200000|100%|HC|  |TAMS 0x0000000085100000, 0x0000000085100000| Complete 
|  38|0x0000000085200000, 0x0000000085300000, 0x0000000085300000|100%|HS|  |TAMS 0x0000000085200000, 0x0000000085200000| Complete 
|  39|0x0000000085300000, 0x0000000085400000, 0x0000000085400000|100%|HC|  |TAMS 0x0000000085300000, 0x0000000085300000| Complete 
|  40|0x0000000085400000, 0x0000000085500000, 0x0000000085500000|100%|HC|  |TAMS 0x0000000085400000, 0x0000000085400000| Complete 
|  41|0x0000000085500000, 0x0000000085600000, 0x0000000085600000|100%|HS|  |TAMS 0x0000000085500000, 0x0000000085500000| Complete 
|  42|0x0000000085600000, 0x0000000085700000, 0x0000000085700000|100%|HC|  |TAMS 0x0000000085600000, 0x0000000085600000| Complete 
|  43|0x0000000085700000, 0x0000000085800000, 0x0000000085800000|100%|HC|  |TAMS 0x0000000085700000, 0x0000000085700000| Complete 
|  44|0x0000000085800000, 0x0000000085900000, 0x0000000085900000|100%|HS|  |TAMS 0x0000000085800000, 0x0000000085800000| Complete 
|  45|0x0000000085900000, 0x0000000085a00000, 0x0000000085a00000|100%|HC|  |TAMS 0x0000000085900000, 0x0000000085900000| Complete 
|  46|0x0000000085a00000, 0x0000000085b00000, 0x0000000085b00000|100%|HC|  |TAMS 0x0000000085a00000, 0x0000000085a00000| Complete 
|  47|0x0000000085b00000, 0x0000000085c00000, 0x0000000085c00000|100%|HS|  |TAMS 0x0000000085b00000, 0x0000000085b00000| Complete 
|  48|0x0000000085c00000, 0x0000000085d00000, 0x0000000085d00000|100%|HC|  |TAMS 0x0000000085c00000, 0x0000000085c00000| Complete 
|  49|0x0000000085d00000, 0x0000000085e00000, 0x0000000085e00000|100%|HC|  |TAMS 0x0000000085d00000, 0x0000000085d00000| Complete 
|  50|0x0000000085e00000, 0x0000000085f00000, 0x0000000085f00000|100%|HS|  |TAMS 0x0000000085e00000, 0x0000000085e00000| Complete 
|  51|0x0000000085f00000, 0x0000000086000000, 0x0000000086000000|100%|HC|  |TAMS 0x0000000085f00000, 0x0000000085f00000| Complete 
|  52|0x0000000086000000, 0x0000000086100000, 0x0000000086100000|100%|HC|  |TAMS 0x0000000086000000, 0x0000000086000000| Complete 
|  53|0x0000000086100000, 0x0000000086200000, 0x0000000086200000|100%|HS|  |TAMS 0x0000000086100000, 0x0000000086100000| Complete 
|  54|0x0000000086200000, 0x0000000086300000, 0x0000000086300000|100%|HC|  |TAMS 0x0000000086200000, 0x0000000086200000| Complete 
|  55|0x0000000086300000, 0x0000000086400000, 0x0000000086400000|100%|HC|  |TAMS 0x0000000086300000, 0x0000000086300000| Complete 
|  56|0x0000000086400000, 0x0000000086500000, 0x0000000086500000|100%|HS|  |TAMS 0x0000000086400000, 0x0000000086400000| Complete 
|  57|0x0000000086500000, 0x0000000086600000, 0x0000000086600000|100%|HC|  |TAMS 0x0000000086500000, 0x0000000086500000| Complete 
|  58|0x0000000086600000, 0x0000000086700000, 0x0000000086700000|100%|HC|  |TAMS 0x0000000086600000, 0x0000000086600000| Complete 
|  59|0x0000000086700000, 0x0000000086800000, 0x0000000086800000|100%|HS|  |TAMS 0x0000000086700000, 0x0000000086700000| Complete 
|  60|0x0000000086800000, 0x0000000086900000, 0x0000000086900000|100%|HC|  |TAMS 0x0000000086800000, 0x0000000086800000| Complete 
|  61|0x0000000086900000, 0x0000000086a00000, 0x0000000086a00000|100%|HC|  |TAMS 0x0000000086900000, 0x0000000086900000| Complete 
|  62|0x0000000086a00000, 0x0000000086b00000, 0x0000000086b00000|100%|HS|  |TAMS 0x0000000086a00000, 0x0000000086a00000| Complete 
|  63|0x0000000086b00000, 0x0000000086c00000, 0x0000000086c00000|100%|HC|  |TAMS 0x0000000086b00000, 0x0000000086b00000| Complete 
|  64|0x0000000086c00000, 0x0000000086d00000, 0x0000000086d00000|100%|HC|  |TAMS 0x0000000086c00000, 0x0000000086c00000| Complete 
|  65|0x0000000086d00000, 0x0000000086e00000, 0x0000000086e00000|100%|HS|  |TAMS 0x0000000086d00000, 0x0000000086d00000| Complete 
|  66|0x0000000086e00000, 0x0000000086f00000, 0x0000000086f00000|100%|HC|  |TAMS 0x0000000086e00000, 0x0000000086e00000| Complete 
|  67|0x0000000086f00000, 0x0000000087000000, 0x0000000087000000|100%|HC|  |TAMS 0x0000000086f00000, 0x0000000086f00000| Complete 
|  68|0x0000000087000000, 0x0000000087100000, 0x0000000087100000|100%|HS|  |TAMS 0x0000000087000000, 0x0000000087000000| Complete 
|  69|0x0000000087100000, 0x0000000087200000, 0x0000000087200000|100%|HC|  |TAMS 0x0000000087100000, 0x0000000087100000| Complete 
|  70|0x0000000087200000, 0x0000000087300000, 0x0000000087300000|100%|HC|  |TAMS 0x0000000087200000, 0x0000000087200000| Complete 
|  71|0x0000000087300000, 0x0000000087400000, 0x0000000087400000|100%|HS|  |TAMS 0x0000000087300000, 0x0000000087300000| Complete 
|  72|0x0000000087400000, 0x0000000087500000, 0x0000000087500000|100%|HC|  |TAMS 0x0000000087400000, 0x0000000087400000| Complete 
|  73|0x0000000087500000, 0x0000000087600000, 0x0000000087600000|100%|HC|  |TAMS 0x0000000087500000, 0x0000000087500000| Complete 
|  74|0x0000000087600000, 0x0000000087600000, 0x0000000087700000|  0%| F|  |TAMS 0x0000000087600000, 0x0000000087600000| Untracked 
|  75|0x0000000087700000, 0x0000000087703060, 0x0000000087800000|  1%| S|CS|TAMS 0x0000000087700000, 0x0000000087700000| Complete 
|  76|0x0000000087800000, 0x0000000087900000, 0x0000000087900000|100%|HS|  |TAMS 0x0000000087800000, 0x0000000087800000| Complete 
|  77|0x0000000087900000, 0x0000000087a00000, 0x0000000087a00000|100%|HC|  |TAMS 0x0000000087900000, 0x0000000087900000| Complete 
|  78|0x0000000087a00000, 0x0000000087b00000, 0x0000000087b00000|100%|HC|  |TAMS 0x0000000087a00000, 0x0000000087a00000| Complete 
|  79|0x0000000087b00000, 0x0000000087c00000, 0x0000000087c00000|100%|HS|  |TAMS 0x0000000087b00000, 0x0000000087b00000| Complete 
|  80|0x0000000087c00000, 0x0000000087d00000, 0x0000000087d00000|100%|HC|  |TAMS 0x0000000087c00000, 0x0000000087c00000| Complete 
|  81|0x0000000087d00000, 0x0000000087e00000, 0x0000000087e00000|100%|HC|  |TAMS 0x0000000087d00000, 0x0000000087d00000| Complete 
|  82|0x0000000087e00000, 0x0000000087f00000, 0x0000000087f00000|100%|HS|  |TAMS 0x0000000087e00000, 0x0000000087e00000| Complete 
|  83|0x0000000087f00000, 0x0000000088000000, 0x0000000088000000|100%|HC|  |TAMS 0x0000000087f00000, 0x0000000087f00000| Complete 
|  84|0x0000000088000000, 0x0000000088100000, 0x0000000088100000|100%|HC|  |TAMS 0x0000000088000000, 0x0000000088000000| Complete 
|  85|0x0000000088100000, 0x0000000088200000, 0x0000000088200000|100%|HS|  |TAMS 0x0000000088100000, 0x0000000088100000| Complete 
|  86|0x0000000088200000, 0x0000000088300000, 0x0000000088300000|100%|HC|  |TAMS 0x0000000088200000, 0x0000000088200000| Complete 
|  87|0x0000000088300000, 0x0000000088400000, 0x0000000088400000|100%|HC|  |TAMS 0x0000000088300000, 0x0000000088300000| Complete 
|  88|0x0000000088400000, 0x0000000088500000, 0x0000000088500000|100%|HS|  |TAMS 0x0000000088400000, 0x0000000088400000| Complete 
|  89|0x0000000088500000, 0x0000000088600000, 0x0000000088600000|100%|HC|  |TAMS 0x0000000088500000, 0x0000000088500000| Complete 
|  90|0x0000000088600000, 0x0000000088700000, 0x0000000088700000|100%|HC|  |TAMS 0x0000000088600000, 0x0000000088600000| Complete 
|  91|0x0000000088700000, 0x0000000088800000, 0x0000000088800000|100%|HS|  |TAMS 0x0000000088700000, 0x0000000088700000| Complete 
|  92|0x0000000088800000, 0x0000000088900000, 0x0000000088900000|100%|HC|  |TAMS 0x0000000088800000, 0x0000000088800000| Complete 
|  93|0x0000000088900000, 0x0000000088a00000, 0x0000000088a00000|100%|HC|  |TAMS 0x0000000088900000, 0x0000000088900000| Complete 
|  94|0x0000000088a00000, 0x0000000088b00000, 0x0000000088b00000|100%|HS|  |TAMS 0x0000000088a00000, 0x0000000088a00000| Complete 
|  95|0x0000000088b00000, 0x0000000088c00000, 0x0000000088c00000|100%|HC|  |TAMS 0x0000000088b00000, 0x0000000088b00000| Complete 
|  96|0x0000000088c00000, 0x0000000088d00000, 0x0000000088d00000|100%|HC|  |TAMS 0x0000000088c00000, 0x0000000088c00000| Complete 
|  97|0x0000000088d00000, 0x0000000088e00000, 0x0000000088e00000|100%|HS|  |TAMS 0x0000000088d00000, 0x0000000088d00000| Complete 
|  98|0x0000000088e00000, 0x0000000088f00000, 0x0000000088f00000|100%|HC|  |TAMS 0x0000000088e00000, 0x0000000088e00000| Complete 
|  99|0x0000000088f00000, 0x0000000089000000, 0x0000000089000000|100%|HC|  |TAMS 0x0000000088f00000, 0x0000000088f00000| Complete 
| 100|0x0000000089000000, 0x0000000089100000, 0x0000000089100000|100%|HS|  |TAMS 0x0000000089000000, 0x0000000089000000| Complete 
| 101|0x0000000089100000, 0x0000000089200000, 0x0000000089200000|100%|HC|  |TAMS 0x0000000089100000, 0x0000000089100000| Complete 
| 102|0x0000000089200000, 0x0000000089300000, 0x0000000089300000|100%|HC|  |TAMS 0x0000000089200000, 0x0000000089200000| Complete 
| 103|0x0000000089300000, 0x0000000089400000, 0x0000000089400000|100%|HS|  |TAMS 0x0000000089300000, 0x0000000089300000| Complete 
| 104|0x0000000089400000, 0x0000000089500000, 0x0000000089500000|100%|HC|  |TAMS 0x0000000089400000, 0x0000000089400000| Complete 
| 105|0x0000000089500000, 0x0000000089600000, 0x0000000089600000|100%|HC|  |TAMS 0x0000000089500000, 0x0000000089500000| Complete 
| 107|0x0000000089700000, 0x00000000897b1690, 0x0000000089800000| 69%| E|  |TAMS 0x0000000089700000, 0x0000000089700000| Complete 
| 108|0x0000000089800000, 0x0000000089900000, 0x0000000089900000|100%|HS|  |TAMS 0x0000000089800000, 0x0000000089800000| Complete 
| 109|0x0000000089900000, 0x0000000089a00000, 0x0000000089a00000|100%|HC|  |TAMS 0x0000000089900000, 0x0000000089900000| Complete 
| 110|0x0000000089a00000, 0x0000000089b00000, 0x0000000089b00000|100%|HC|  |TAMS 0x0000000089a00000, 0x0000000089a00000| Complete 
| 111|0x0000000089b00000, 0x0000000089c00000, 0x0000000089c00000|100%|HS|  |TAMS 0x0000000089b00000, 0x0000000089b00000| Complete 
| 112|0x0000000089c00000, 0x0000000089d00000, 0x0000000089d00000|100%|HC|  |TAMS 0x0000000089c00000, 0x0000000089c00000| Complete 
| 113|0x0000000089d00000, 0x0000000089e00000, 0x0000000089e00000|100%|HC|  |TAMS 0x0000000089d00000, 0x0000000089d00000| Complete 
| 114|0x0000000089e00000, 0x0000000089f00000, 0x0000000089f00000|100%|HS|  |TAMS 0x0000000089e00000, 0x0000000089e00000| Complete 
| 115|0x0000000089f00000, 0x000000008a000000, 0x000000008a000000|100%|HC|  |TAMS 0x0000000089f00000, 0x0000000089f00000| Complete 
| 116|0x000000008a000000, 0x000000008a100000, 0x000000008a100000|100%|HC|  |TAMS 0x000000008a000000, 0x000000008a000000| Complete 
| 117|0x000000008a100000, 0x000000008a200000, 0x000000008a200000|100%|HS|  |TAMS 0x000000008a100000, 0x000000008a100000| Complete 
| 118|0x000000008a200000, 0x000000008a300000, 0x000000008a300000|100%|HC|  |TAMS 0x000000008a200000, 0x000000008a200000| Complete 
| 119|0x000000008a300000, 0x000000008a400000, 0x000000008a400000|100%|HC|  |TAMS 0x000000008a300000, 0x000000008a300000| Complete 
| 120|0x000000008a400000, 0x000000008a500000, 0x000000008a500000|100%|HS|  |TAMS 0x000000008a400000, 0x000000008a400000| Complete 
| 121|0x000000008a500000, 0x000000008a600000, 0x000000008a600000|100%|HC|  |TAMS 0x000000008a500000, 0x000000008a500000| Complete 
| 122|0x000000008a600000, 0x000000008a700000, 0x000000008a700000|100%|HC|  |TAMS 0x000000008a600000, 0x000000008a600000| Complete 
| 123|0x000000008a700000, 0x000000008a800000, 0x000000008a800000|100%|HS|  |TAMS 0x000000008a700000, 0x000000008a700000| Complete 
| 124|0x000000008a800000, 0x000000008a900000, 0x000000008a900000|100%|HC|  |TAMS 0x000000008a800000, 0x000000008a800000| Complete 
| 125|0x000000008a900000, 0x000000008aa00000, 0x000000008aa00000|100%|HC|  |TAMS 0x000000008a900000, 0x000000008a900000| Complete 
| 126|0x000000008aa00000, 0x000000008ab00000, 0x000000008ab00000|100%|HS|  |TAMS 0x000000008aa00000, 0x000000008aa00000| Complete 
| 127|0x000000008ab00000, 0x000000008ac00000, 0x000000008ac00000|100%|HC|  |TAMS 0x000000008ab00000, 0x000000008ab00000| Complete 
| 128|0x000000008ac00000, 0x000000008ad00000, 0x000000008ad00000|100%|HC|  |TAMS 0x000000008ac00000, 0x000000008ac00000| Complete 
| 129|0x000000008ad00000, 0x000000008ae00000, 0x000000008ae00000|100%|HS|  |TAMS 0x000000008ad00000, 0x000000008ad00000| Complete 
| 130|0x000000008ae00000, 0x000000008af00000, 0x000000008af00000|100%|HC|  |TAMS 0x000000008ae00000, 0x000000008ae00000| Complete 
| 131|0x000000008af00000, 0x000000008b000000, 0x000000008b000000|100%|HC|  |TAMS 0x000000008af00000, 0x000000008af00000| Complete 
| 132|0x000000008b000000, 0x000000008b100000, 0x000000008b100000|100%|HS|  |TAMS 0x000000008b000000, 0x000000008b000000| Complete 
| 133|0x000000008b100000, 0x000000008b200000, 0x000000008b200000|100%|HC|  |TAMS 0x000000008b100000, 0x000000008b100000| Complete 
| 134|0x000000008b200000, 0x000000008b300000, 0x000000008b300000|100%|HC|  |TAMS 0x000000008b200000, 0x000000008b200000| Complete 
| 135|0x000000008b300000, 0x000000008b400000, 0x000000008b400000|100%|HS|  |TAMS 0x000000008b300000, 0x000000008b300000| Complete 
| 136|0x000000008b400000, 0x000000008b500000, 0x000000008b500000|100%|HC|  |TAMS 0x000000008b400000, 0x000000008b400000| Complete 
| 137|0x000000008b500000, 0x000000008b600000, 0x000000008b600000|100%|HC|  |TAMS 0x000000008b500000, 0x000000008b500000| Complete 
| 138|0x000000008b600000, 0x000000008b700000, 0x000000008b700000|100%|HS|  |TAMS 0x000000008b600000, 0x000000008b600000| Complete 
| 139|0x000000008b700000, 0x000000008b800000, 0x000000008b800000|100%|HC|  |TAMS 0x000000008b700000, 0x000000008b700000| Complete 
| 140|0x000000008b800000, 0x000000008b900000, 0x000000008b900000|100%|HC|  |TAMS 0x000000008b800000, 0x000000008b800000| Complete 
| 141|0x000000008b900000, 0x000000008ba00000, 0x000000008ba00000|100%|HS|  |TAMS 0x000000008b900000, 0x000000008b900000| Complete 
| 142|0x000000008ba00000, 0x000000008bb00000, 0x000000008bb00000|100%|HC|  |TAMS 0x000000008ba00000, 0x000000008ba00000| Complete 
| 143|0x000000008bb00000, 0x000000008bc00000, 0x000000008bc00000|100%|HC|  |TAMS 0x000000008bb00000, 0x000000008bb00000| Complete 
| 144|0x000000008bc00000, 0x000000008bd00000, 0x000000008bd00000|100%|HS|  |TAMS 0x000000008bc00000, 0x000000008bc00000| Complete 
| 145|0x000000008bd00000, 0x000000008be00000, 0x000000008be00000|100%|HC|  |TAMS 0x000000008bd00000, 0x000000008bd00000| Complete 
| 146|0x000000008be00000, 0x000000008bf00000, 0x000000008bf00000|100%|HC|  |TAMS 0x000000008be00000, 0x000000008be00000| Complete 
| 147|0x000000008bf00000, 0x000000008c000000, 0x000000008c000000|100%|HS|  |TAMS 0x000000008bf00000, 0x000000008bf00000| Complete 
| 148|0x000000008c000000, 0x000000008c100000, 0x000000008c100000|100%|HC|  |TAMS 0x000000008c000000, 0x000000008c000000| Complete 
| 149|0x000000008c100000, 0x000000008c200000, 0x000000008c200000|100%|HC|  |TAMS 0x000000008c100000, 0x000000008c100000| Complete 
| 150|0x000000008c200000, 0x000000008c300000, 0x000000008c300000|100%|HS|  |TAMS 0x000000008c200000, 0x000000008c200000| Complete 
| 151|0x000000008c300000, 0x000000008c400000, 0x000000008c400000|100%|HC|  |TAMS 0x000000008c300000, 0x000000008c300000| Complete 
| 152|0x000000008c400000, 0x000000008c500000, 0x000000008c500000|100%|HC|  |TAMS 0x000000008c400000, 0x000000008c400000| Complete 
| 153|0x000000008c500000, 0x000000008c600000, 0x000000008c600000|100%|HS|  |TAMS 0x000000008c500000, 0x000000008c500000| Complete 
| 154|0x000000008c600000, 0x000000008c700000, 0x000000008c700000|100%|HC|  |TAMS 0x000000008c600000, 0x000000008c600000| Complete 
| 155|0x000000008c700000, 0x000000008c800000, 0x000000008c800000|100%|HC|  |TAMS 0x000000008c700000, 0x000000008c700000| Complete 
| 156|0x000000008c800000, 0x000000008c900000, 0x000000008c900000|100%|HS|  |TAMS 0x000000008c800000, 0x000000008c800000| Complete 
| 157|0x000000008c900000, 0x000000008ca00000, 0x000000008ca00000|100%|HC|  |TAMS 0x000000008c900000, 0x000000008c900000| Complete 
| 158|0x000000008ca00000, 0x000000008cb00000, 0x000000008cb00000|100%|HC|  |TAMS 0x000000008ca00000, 0x000000008ca00000| Complete 
| 159|0x000000008cb00000, 0x000000008cc00000, 0x000000008cc00000|100%|HS|  |TAMS 0x000000008cb00000, 0x000000008cb00000| Complete 
| 160|0x000000008cc00000, 0x000000008cd00000, 0x000000008cd00000|100%|HC|  |TAMS 0x000000008cc00000, 0x000000008cc00000| Complete 
| 161|0x000000008cd00000, 0x000000008ce00000, 0x000000008ce00000|100%|HC|  |TAMS 0x000000008cd00000, 0x000000008cd00000| Complete 
| 162|0x000000008ce00000, 0x000000008cf00000, 0x000000008cf00000|100%|HS|  |TAMS 0x000000008ce00000, 0x000000008ce00000| Complete 
| 163|0x000000008cf00000, 0x000000008d000000, 0x000000008d000000|100%|HC|  |TAMS 0x000000008cf00000, 0x000000008cf00000| Complete 
| 164|0x000000008d000000, 0x000000008d100000, 0x000000008d100000|100%|HC|  |TAMS 0x000000008d000000, 0x000000008d000000| Complete 
| 165|0x000000008d100000, 0x000000008d200000, 0x000000008d200000|100%|HS|  |TAMS 0x000000008d100000, 0x000000008d100000| Complete 
| 166|0x000000008d200000, 0x000000008d300000, 0x000000008d300000|100%|HC|  |TAMS 0x000000008d200000, 0x000000008d200000| Complete 
| 167|0x000000008d300000, 0x000000008d400000, 0x000000008d400000|100%|HC|  |TAMS 0x000000008d300000, 0x000000008d300000| Complete 
| 168|0x000000008d400000, 0x000000008d500000, 0x000000008d500000|100%|HS|  |TAMS 0x000000008d400000, 0x000000008d400000| Complete 
| 169|0x000000008d500000, 0x000000008d600000, 0x000000008d600000|100%|HC|  |TAMS 0x000000008d500000, 0x000000008d500000| Complete 
| 170|0x000000008d600000, 0x000000008d700000, 0x000000008d700000|100%|HC|  |TAMS 0x000000008d600000, 0x000000008d600000| Complete 
| 171|0x000000008d700000, 0x000000008d800000, 0x000000008d800000|100%|HS|  |TAMS 0x000000008d700000, 0x000000008d700000| Complete 
| 172|0x000000008d800000, 0x000000008d900000, 0x000000008d900000|100%|HC|  |TAMS 0x000000008d800000, 0x000000008d800000| Complete 
| 173|0x000000008d900000, 0x000000008da00000, 0x000000008da00000|100%|HC|  |TAMS 0x000000008d900000, 0x000000008d900000| Complete 
| 174|0x000000008da00000, 0x000000008db00000, 0x000000008db00000|100%|HS|  |TAMS 0x000000008da00000, 0x000000008da00000| Complete 
| 175|0x000000008db00000, 0x000000008dc00000, 0x000000008dc00000|100%|HC|  |TAMS 0x000000008db00000, 0x000000008db00000| Complete 
| 176|0x000000008dc00000, 0x000000008dd00000, 0x000000008dd00000|100%|HC|  |TAMS 0x000000008dc00000, 0x000000008dc00000| Complete 
| 177|0x000000008dd00000, 0x000000008de00000, 0x000000008de00000|100%|HS|  |TAMS 0x000000008dd00000, 0x000000008dd00000| Complete 
| 178|0x000000008de00000, 0x000000008df00000, 0x000000008df00000|100%|HC|  |TAMS 0x000000008de00000, 0x000000008de00000| Complete 
| 179|0x000000008df00000, 0x000000008e000000, 0x000000008e000000|100%|HC|  |TAMS 0x000000008df00000, 0x000000008df00000| Complete 
| 180|0x000000008e000000, 0x000000008e100000, 0x000000008e100000|100%|HS|  |TAMS 0x000000008e000000, 0x000000008e000000| Complete 
| 181|0x000000008e100000, 0x000000008e200000, 0x000000008e200000|100%|HC|  |TAMS 0x000000008e100000, 0x000000008e100000| Complete 
| 182|0x000000008e200000, 0x000000008e300000, 0x000000008e300000|100%|HC|  |TAMS 0x000000008e200000, 0x000000008e200000| Complete 
| 183|0x000000008e300000, 0x000000008e400000, 0x000000008e400000|100%|HS|  |TAMS 0x000000008e300000, 0x000000008e300000| Complete 
| 184|0x000000008e400000, 0x000000008e500000, 0x000000008e500000|100%|HC|  |TAMS 0x000000008e400000, 0x000000008e400000| Complete 
| 185|0x000000008e500000, 0x000000008e600000, 0x000000008e600000|100%|HC|  |TAMS 0x000000008e500000, 0x000000008e500000| Complete 
| 186|0x000000008e600000, 0x000000008e700000, 0x000000008e700000|100%|HS|  |TAMS 0x000000008e600000, 0x000000008e600000| Complete 
| 187|0x000000008e700000, 0x000000008e800000, 0x000000008e800000|100%|HC|  |TAMS 0x000000008e700000, 0x000000008e700000| Complete 
| 188|0x000000008e800000, 0x000000008e900000, 0x000000008e900000|100%|HC|  |TAMS 0x000000008e800000, 0x000000008e800000| Complete 
| 189|0x000000008e900000, 0x000000008ea00000, 0x000000008ea00000|100%|HS|  |TAMS 0x000000008e900000, 0x000000008e900000| Complete 
| 190|0x000000008ea00000, 0x000000008eb00000, 0x000000008eb00000|100%|HC|  |TAMS 0x000000008ea00000, 0x000000008ea00000| Complete 
| 191|0x000000008eb00000, 0x000000008ec00000, 0x000000008ec00000|100%|HC|  |TAMS 0x000000008eb00000, 0x000000008eb00000| Complete 
| 192|0x000000008ec00000, 0x000000008ed00000, 0x000000008ed00000|100%|HS|  |TAMS 0x000000008ec00000, 0x000000008ec00000| Complete 
| 193|0x000000008ed00000, 0x000000008ee00000, 0x000000008ee00000|100%|HC|  |TAMS 0x000000008ed00000, 0x000000008ed00000| Complete 
| 194|0x000000008ee00000, 0x000000008ef00000, 0x000000008ef00000|100%|HC|  |TAMS 0x000000008ee00000, 0x000000008ee00000| Complete 
| 195|0x000000008ef00000, 0x000000008f000000, 0x000000008f000000|100%|HS|  |TAMS 0x000000008ef00000, 0x000000008ef00000| Complete 
| 196|0x000000008f000000, 0x000000008f100000, 0x000000008f100000|100%|HC|  |TAMS 0x000000008f000000, 0x000000008f000000| Complete 
| 197|0x000000008f100000, 0x000000008f200000, 0x000000008f200000|100%|HC|  |TAMS 0x000000008f100000, 0x000000008f100000| Complete 
| 198|0x000000008f200000, 0x000000008f300000, 0x000000008f300000|100%|HS|  |TAMS 0x000000008f200000, 0x000000008f200000| Complete 
| 199|0x000000008f300000, 0x000000008f400000, 0x000000008f400000|100%|HC|  |TAMS 0x000000008f300000, 0x000000008f300000| Complete 
| 200|0x000000008f400000, 0x000000008f500000, 0x000000008f500000|100%|HC|  |TAMS 0x000000008f400000, 0x000000008f400000| Complete 
| 201|0x000000008f500000, 0x000000008f600000, 0x000000008f600000|100%|HS|  |TAMS 0x000000008f500000, 0x000000008f500000| Complete 
| 202|0x000000008f600000, 0x000000008f700000, 0x000000008f700000|100%|HC|  |TAMS 0x000000008f600000, 0x000000008f600000| Complete 
| 203|0x000000008f700000, 0x000000008f800000, 0x000000008f800000|100%|HC|  |TAMS 0x000000008f700000, 0x000000008f700000| Complete 
| 204|0x000000008f800000, 0x000000008f900000, 0x000000008f900000|100%|HS|  |TAMS 0x000000008f800000, 0x000000008f800000| Complete 
| 205|0x000000008f900000, 0x000000008fa00000, 0x000000008fa00000|100%|HC|  |TAMS 0x000000008f900000, 0x000000008f900000| Complete 
| 206|0x000000008fa00000, 0x000000008fb00000, 0x000000008fb00000|100%|HC|  |TAMS 0x000000008fa00000, 0x000000008fa00000| Complete 
| 207|0x000000008fb00000, 0x000000008fc00000, 0x000000008fc00000|100%|HS|  |TAMS 0x000000008fb00000, 0x000000008fb00000| Complete 
| 208|0x000000008fc00000, 0x000000008fd00000, 0x000000008fd00000|100%|HC|  |TAMS 0x000000008fc00000, 0x000000008fc00000| Complete 
| 209|0x000000008fd00000, 0x000000008fe00000, 0x000000008fe00000|100%|HC|  |TAMS 0x000000008fd00000, 0x000000008fd00000| Complete 
| 210|0x000000008fe00000, 0x000000008ff00000, 0x000000008ff00000|100%|HS|  |TAMS 0x000000008fe00000, 0x000000008fe00000| Complete 
| 211|0x000000008ff00000, 0x0000000090000000, 0x0000000090000000|100%|HC|  |TAMS 0x000000008ff00000, 0x000000008ff00000| Complete 
| 212|0x0000000090000000, 0x0000000090100000, 0x0000000090100000|100%|HC|  |TAMS 0x0000000090000000, 0x0000000090000000| Complete 
| 213|0x0000000090100000, 0x0000000090200000, 0x0000000090200000|100%|HS|  |TAMS 0x0000000090100000, 0x0000000090100000| Complete 
| 214|0x0000000090200000, 0x0000000090300000, 0x0000000090300000|100%|HC|  |TAMS 0x0000000090200000, 0x0000000090200000| Complete 
| 215|0x0000000090300000, 0x0000000090400000, 0x0000000090400000|100%|HC|  |TAMS 0x0000000090300000, 0x0000000090300000| Complete 
| 216|0x0000000090400000, 0x0000000090500000, 0x0000000090500000|100%|HS|  |TAMS 0x0000000090400000, 0x0000000090400000| Complete 
| 217|0x0000000090500000, 0x0000000090600000, 0x0000000090600000|100%|HC|  |TAMS 0x0000000090500000, 0x0000000090500000| Complete 
| 218|0x0000000090600000, 0x0000000090700000, 0x0000000090700000|100%|HC|  |TAMS 0x0000000090600000, 0x0000000090600000| Complete 
| 219|0x0000000090700000, 0x0000000090800000, 0x0000000090800000|100%|HS|  |TAMS 0x0000000090700000, 0x0000000090700000| Complete 
| 220|0x0000000090800000, 0x0000000090900000, 0x0000000090900000|100%|HC|  |TAMS 0x0000000090800000, 0x0000000090800000| Complete 
| 221|0x0000000090900000, 0x0000000090a00000, 0x0000000090a00000|100%|HC|  |TAMS 0x0000000090900000, 0x0000000090900000| Complete 
| 222|0x0000000090a00000, 0x0000000090b00000, 0x0000000090b00000|100%|HS|  |TAMS 0x0000000090a00000, 0x0000000090a00000| Complete 
| 223|0x0000000090b00000, 0x0000000090c00000, 0x0000000090c00000|100%|HC|  |TAMS 0x0000000090b00000, 0x0000000090b00000| Complete 
| 224|0x0000000090c00000, 0x0000000090d00000, 0x0000000090d00000|100%|HC|  |TAMS 0x0000000090c00000, 0x0000000090c00000| Complete 
| 225|0x0000000090d00000, 0x0000000090e00000, 0x0000000090e00000|100%|HS|  |TAMS 0x0000000090d00000, 0x0000000090d00000| Complete 
| 226|0x0000000090e00000, 0x0000000090f00000, 0x0000000090f00000|100%|HC|  |TAMS 0x0000000090e00000, 0x0000000090e00000| Complete 
| 227|0x0000000090f00000, 0x0000000091000000, 0x0000000091000000|100%|HC|  |TAMS 0x0000000090f00000, 0x0000000090f00000| Complete 
| 228|0x0000000091000000, 0x0000000091100000, 0x0000000091100000|100%|HS|  |TAMS 0x0000000091000000, 0x0000000091000000| Complete 
| 229|0x0000000091100000, 0x0000000091200000, 0x0000000091200000|100%|HC|  |TAMS 0x0000000091100000, 0x0000000091100000| Complete 
| 230|0x0000000091200000, 0x0000000091300000, 0x0000000091300000|100%|HC|  |TAMS 0x0000000091200000, 0x0000000091200000| Complete 
| 231|0x0000000091300000, 0x0000000091400000, 0x0000000091400000|100%|HS|  |TAMS 0x0000000091300000, 0x0000000091300000| Complete 
| 232|0x0000000091400000, 0x0000000091500000, 0x0000000091500000|100%|HC|  |TAMS 0x0000000091400000, 0x0000000091400000| Complete 
| 233|0x0000000091500000, 0x0000000091600000, 0x0000000091600000|100%|HC|  |TAMS 0x0000000091500000, 0x0000000091500000| Complete 
| 234|0x0000000091600000, 0x0000000091700000, 0x0000000091700000|100%|HS|  |TAMS 0x0000000091600000, 0x0000000091600000| Complete 
| 235|0x0000000091700000, 0x0000000091800000, 0x0000000091800000|100%|HC|  |TAMS 0x0000000091700000, 0x0000000091700000| Complete 
| 236|0x0000000091800000, 0x0000000091900000, 0x0000000091900000|100%|HC|  |TAMS 0x0000000091800000, 0x0000000091800000| Complete 
| 237|0x0000000091900000, 0x0000000091a00000, 0x0000000091a00000|100%|HS|  |TAMS 0x0000000091900000, 0x0000000091900000| Complete 
| 238|0x0000000091a00000, 0x0000000091b00000, 0x0000000091b00000|100%|HC|  |TAMS 0x0000000091a00000, 0x0000000091a00000| Complete 
| 239|0x0000000091b00000, 0x0000000091c00000, 0x0000000091c00000|100%|HC|  |TAMS 0x0000000091b00000, 0x0000000091b00000| Complete 
| 240|0x0000000091c00000, 0x0000000091d00000, 0x0000000091d00000|100%|HS|  |TAMS 0x0000000091c00000, 0x0000000091c00000| Complete 
| 241|0x0000000091d00000, 0x0000000091e00000, 0x0000000091e00000|100%|HC|  |TAMS 0x0000000091d00000, 0x0000000091d00000| Complete 
| 242|0x0000000091e00000, 0x0000000091f00000, 0x0000000091f00000|100%|HC|  |TAMS 0x0000000091e00000, 0x0000000091e00000| Complete 
| 243|0x0000000091f00000, 0x0000000092000000, 0x0000000092000000|100%|HS|  |TAMS 0x0000000091f00000, 0x0000000091f00000| Complete 
| 244|0x0000000092000000, 0x0000000092100000, 0x0000000092100000|100%|HC|  |TAMS 0x0000000092000000, 0x0000000092000000| Complete 
| 245|0x0000000092100000, 0x0000000092200000, 0x0000000092200000|100%|HC|  |TAMS 0x0000000092100000, 0x0000000092100000| Complete 
| 246|0x0000000092200000, 0x0000000092300000, 0x0000000092300000|100%|HS|  |TAMS 0x0000000092200000, 0x0000000092200000| Complete 
| 247|0x0000000092300000, 0x0000000092400000, 0x0000000092400000|100%|HC|  |TAMS 0x0000000092300000, 0x0000000092300000| Complete 
| 248|0x0000000092400000, 0x0000000092500000, 0x0000000092500000|100%|HC|  |TAMS 0x0000000092400000, 0x0000000092400000| Complete 
| 249|0x0000000092500000, 0x0000000092600000, 0x0000000092600000|100%|HS|  |TAMS 0x0000000092500000, 0x0000000092500000| Complete 
| 250|0x0000000092600000, 0x0000000092700000, 0x0000000092700000|100%|HC|  |TAMS 0x0000000092600000, 0x0000000092600000| Complete 
| 251|0x0000000092700000, 0x0000000092800000, 0x0000000092800000|100%|HC|  |TAMS 0x0000000092700000, 0x0000000092700000| Complete 
| 252|0x0000000092800000, 0x0000000092900000, 0x0000000092900000|100%|HS|  |TAMS 0x0000000092800000, 0x0000000092800000| Complete 
| 253|0x0000000092900000, 0x0000000092a00000, 0x0000000092a00000|100%|HC|  |TAMS 0x0000000092900000, 0x0000000092900000| Complete 
| 254|0x0000000092a00000, 0x0000000092b00000, 0x0000000092b00000|100%|HC|  |TAMS 0x0000000092a00000, 0x0000000092a00000| Complete 
| 255|0x0000000092b00000, 0x0000000092c00000, 0x0000000092c00000|100%|HS|  |TAMS 0x0000000092b00000, 0x0000000092b00000| Complete 
| 256|0x0000000092c00000, 0x0000000092d00000, 0x0000000092d00000|100%|HC|  |TAMS 0x0000000092c00000, 0x0000000092c00000| Complete 
| 257|0x0000000092d00000, 0x0000000092e00000, 0x0000000092e00000|100%|HC|  |TAMS 0x0000000092d00000, 0x0000000092d00000| Complete 
| 258|0x0000000092e00000, 0x0000000092f00000, 0x0000000092f00000|100%|HS|  |TAMS 0x0000000092e00000, 0x0000000092e00000| Complete 
| 259|0x0000000092f00000, 0x0000000093000000, 0x0000000093000000|100%|HC|  |TAMS 0x0000000092f00000, 0x0000000092f00000| Complete 
| 260|0x0000000093000000, 0x0000000093100000, 0x0000000093100000|100%|HC|  |TAMS 0x0000000093000000, 0x0000000093000000| Complete 
| 261|0x0000000093100000, 0x0000000093200000, 0x0000000093200000|100%|HS|  |TAMS 0x0000000093100000, 0x0000000093100000| Complete 
| 262|0x0000000093200000, 0x0000000093300000, 0x0000000093300000|100%|HC|  |TAMS 0x0000000093200000, 0x0000000093200000| Complete 
| 263|0x0000000093300000, 0x0000000093400000, 0x0000000093400000|100%|HC|  |TAMS 0x0000000093300000, 0x0000000093300000| Complete 
| 264|0x0000000093400000, 0x0000000093500000, 0x0000000093500000|100%|HS|  |TAMS 0x0000000093400000, 0x0000000093400000| Complete 
| 265|0x0000000093500000, 0x0000000093600000, 0x0000000093600000|100%|HC|  |TAMS 0x0000000093500000, 0x0000000093500000| Complete 
| 266|0x0000000093600000, 0x0000000093700000, 0x0000000093700000|100%|HC|  |TAMS 0x0000000093600000, 0x0000000093600000| Complete 
| 267|0x0000000093700000, 0x0000000093800000, 0x0000000093800000|100%|HS|  |TAMS 0x0000000093700000, 0x0000000093700000| Complete 
| 268|0x0000000093800000, 0x0000000093900000, 0x0000000093900000|100%|HC|  |TAMS 0x0000000093800000, 0x0000000093800000| Complete 
| 269|0x0000000093900000, 0x0000000093a00000, 0x0000000093a00000|100%|HC|  |TAMS 0x0000000093900000, 0x0000000093900000| Complete 
| 270|0x0000000093a00000, 0x0000000093b00000, 0x0000000093b00000|100%|HS|  |TAMS 0x0000000093a00000, 0x0000000093a00000| Complete 
| 271|0x0000000093b00000, 0x0000000093c00000, 0x0000000093c00000|100%|HC|  |TAMS 0x0000000093b00000, 0x0000000093b00000| Complete 
| 272|0x0000000093c00000, 0x0000000093d00000, 0x0000000093d00000|100%|HC|  |TAMS 0x0000000093c00000, 0x0000000093c00000| Complete 
| 273|0x0000000093d00000, 0x0000000093e00000, 0x0000000093e00000|100%|HS|  |TAMS 0x0000000093d00000, 0x0000000093d00000| Complete 
| 274|0x0000000093e00000, 0x0000000093f00000, 0x0000000093f00000|100%|HC|  |TAMS 0x0000000093e00000, 0x0000000093e00000| Complete 
| 275|0x0000000093f00000, 0x0000000094000000, 0x0000000094000000|100%|HC|  |TAMS 0x0000000093f00000, 0x0000000093f00000| Complete 
| 276|0x0000000094000000, 0x0000000094100000, 0x0000000094100000|100%|HS|  |TAMS 0x0000000094000000, 0x0000000094000000| Complete 
| 277|0x0000000094100000, 0x0000000094200000, 0x0000000094200000|100%|HC|  |TAMS 0x0000000094100000, 0x0000000094100000| Complete 
| 278|0x0000000094200000, 0x0000000094300000, 0x0000000094300000|100%|HC|  |TAMS 0x0000000094200000, 0x0000000094200000| Complete 
| 279|0x0000000094300000, 0x0000000094400000, 0x0000000094400000|100%|HS|  |TAMS 0x0000000094300000, 0x0000000094300000| Complete 
| 280|0x0000000094400000, 0x0000000094500000, 0x0000000094500000|100%|HC|  |TAMS 0x0000000094400000, 0x0000000094400000| Complete 
| 281|0x0000000094500000, 0x0000000094600000, 0x0000000094600000|100%|HC|  |TAMS 0x0000000094500000, 0x0000000094500000| Complete 
| 282|0x0000000094600000, 0x0000000094700000, 0x0000000094700000|100%|HS|  |TAMS 0x0000000094600000, 0x0000000094600000| Complete 
| 283|0x0000000094700000, 0x0000000094800000, 0x0000000094800000|100%|HC|  |TAMS 0x0000000094700000, 0x0000000094700000| Complete 
| 284|0x0000000094800000, 0x0000000094900000, 0x0000000094900000|100%|HC|  |TAMS 0x0000000094800000, 0x0000000094800000| Complete 
| 285|0x0000000094900000, 0x0000000094a00000, 0x0000000094a00000|100%|HS|  |TAMS 0x0000000094900000, 0x0000000094900000| Complete 
| 286|0x0000000094a00000, 0x0000000094b00000, 0x0000000094b00000|100%|HC|  |TAMS 0x0000000094a00000, 0x0000000094a00000| Complete 
| 287|0x0000000094b00000, 0x0000000094c00000, 0x0000000094c00000|100%|HC|  |TAMS 0x0000000094b00000, 0x0000000094b00000| Complete 
| 288|0x0000000094c00000, 0x0000000094d00000, 0x0000000094d00000|100%|HS|  |TAMS 0x0000000094c00000, 0x0000000094c00000| Complete 
| 289|0x0000000094d00000, 0x0000000094e00000, 0x0000000094e00000|100%|HC|  |TAMS 0x0000000094d00000, 0x0000000094d00000| Complete 
| 290|0x0000000094e00000, 0x0000000094f00000, 0x0000000094f00000|100%|HC|  |TAMS 0x0000000094e00000, 0x0000000094e00000| Complete 
| 291|0x0000000094f00000, 0x0000000095000000, 0x0000000095000000|100%|HS|  |TAMS 0x0000000094f00000, 0x0000000094f00000| Complete 
| 292|0x0000000095000000, 0x0000000095100000, 0x0000000095100000|100%|HC|  |TAMS 0x0000000095000000, 0x0000000095000000| Complete 
| 293|0x0000000095100000, 0x0000000095200000, 0x0000000095200000|100%|HC|  |TAMS 0x0000000095100000, 0x0000000095100000| Complete 
| 294|0x0000000095200000, 0x0000000095300000, 0x0000000095300000|100%|HS|  |TAMS 0x0000000095200000, 0x0000000095200000| Complete 
| 295|0x0000000095300000, 0x0000000095400000, 0x0000000095400000|100%|HC|  |TAMS 0x0000000095300000, 0x0000000095300000| Complete 
| 296|0x0000000095400000, 0x0000000095500000, 0x0000000095500000|100%|HC|  |TAMS 0x0000000095400000, 0x0000000095400000| Complete 
| 297|0x0000000095500000, 0x0000000095600000, 0x0000000095600000|100%|HS|  |TAMS 0x0000000095500000, 0x0000000095500000| Complete 
| 298|0x0000000095600000, 0x0000000095700000, 0x0000000095700000|100%|HC|  |TAMS 0x0000000095600000, 0x0000000095600000| Complete 
| 299|0x0000000095700000, 0x0000000095800000, 0x0000000095800000|100%|HC|  |TAMS 0x0000000095700000, 0x0000000095700000| Complete 
| 300|0x0000000095800000, 0x0000000095900000, 0x0000000095900000|100%|HS|  |TAMS 0x0000000095800000, 0x0000000095800000| Complete 
| 301|0x0000000095900000, 0x0000000095a00000, 0x0000000095a00000|100%|HC|  |TAMS 0x0000000095900000, 0x0000000095900000| Complete 
| 302|0x0000000095a00000, 0x0000000095b00000, 0x0000000095b00000|100%|HC|  |TAMS 0x0000000095a00000, 0x0000000095a00000| Complete 
| 303|0x0000000095b00000, 0x0000000095c00000, 0x0000000095c00000|100%|HS|  |TAMS 0x0000000095b00000, 0x0000000095b00000| Complete 
| 304|0x0000000095c00000, 0x0000000095d00000, 0x0000000095d00000|100%|HC|  |TAMS 0x0000000095c00000, 0x0000000095c00000| Complete 
| 305|0x0000000095d00000, 0x0000000095e00000, 0x0000000095e00000|100%|HC|  |TAMS 0x0000000095d00000, 0x0000000095d00000| Complete 
| 306|0x0000000095e00000, 0x0000000095f00000, 0x0000000095f00000|100%|HS|  |TAMS 0x0000000095e00000, 0x0000000095e00000| Complete 
| 307|0x0000000095f00000, 0x0000000096000000, 0x0000000096000000|100%|HC|  |TAMS 0x0000000095f00000, 0x0000000095f00000| Complete 
| 308|0x0000000096000000, 0x0000000096100000, 0x0000000096100000|100%|HC|  |TAMS 0x0000000096000000, 0x0000000096000000| Complete 
| 309|0x0000000096100000, 0x0000000096200000, 0x0000000096200000|100%|HS|  |TAMS 0x0000000096100000, 0x0000000096100000| Complete 
| 310|0x0000000096200000, 0x0000000096300000, 0x0000000096300000|100%|HC|  |TAMS 0x0000000096200000, 0x0000000096200000| Complete 
| 311|0x0000000096300000, 0x0000000096400000, 0x0000000096400000|100%|HC|  |TAMS 0x0000000096300000, 0x0000000096300000| Complete 
| 312|0x0000000096400000, 0x0000000096500000, 0x0000000096500000|100%|HS|  |TAMS 0x0000000096400000, 0x0000000096400000| Complete 
| 313|0x0000000096500000, 0x0000000096600000, 0x0000000096600000|100%|HC|  |TAMS 0x0000000096500000, 0x0000000096500000| Complete 
| 314|0x0000000096600000, 0x0000000096700000, 0x0000000096700000|100%|HC|  |TAMS 0x0000000096600000, 0x0000000096600000| Complete 
| 315|0x0000000096700000, 0x0000000096700000, 0x0000000096800000|  0%| F|  |TAMS 0x0000000096700000, 0x0000000096700000| Untracked 

Card table byte_map: [0x0000023261dc0000,0x00000232621b0000] _byte_map_base: 0x00000232619aa000

Marking Bits (Prev, Next): (CMBitMap*) 0x000002324a9fcb60, (CMBitMap*) 0x000002324a9fcb20
 Prev Bits: [0x00000232644f0000, 0x0000023266440000)
 Next Bits: [0x00000232625a0000, 0x00000232644f0000)

Polling page: 0x0000023248900000

Metaspace:

Usage:
  Non-class:      9.15 MB used.
      Class:      1.02 MB used.
       Both:     10.17 MB used.

Virtual space:
  Non-class space:       16.00 MB reserved,       9.25 MB ( 58%) committed,  2 nodes.
      Class space:        1.00 GB reserved,       1.12 MB ( <1%) committed,  1 nodes.
             Both:        1.02 GB reserved,      10.38 MB ( <1%) committed. 

Chunk freelists:
   Non-Class:  2.06 MB
       Class:  2.69 MB
        Both:  4.76 MB

MaxMetaspaceSize: unlimited
CompressedClassSpaceSize: 1.00 GB
Initial GC threshold: 21.00 MB
Current GC threshold: 21.00 MB
CDS: on
MetaspaceReclaimPolicy: balanced
 - commit_granule_bytes: 65536.
 - commit_granule_words: 8192.
 - virtual_space_node_default_size: 1048576.
 - enlarge_chunks_in_place: 1.
 - new_chunks_are_fully_committed: 0.
 - uncommit_free_chunks: 1.
 - use_allocation_guard: 0.
 - handle_deallocations: 1.


Internal statistics:

num_allocs_failed_limit: 0.
num_arena_births: 194.
num_arena_deaths: 0.
num_vsnodes_births: 3.
num_vsnodes_deaths: 0.
num_space_committed: 166.
num_space_uncommitted: 0.
num_chunks_returned_to_freelist: 0.
num_chunks_taken_from_freelist: 385.
num_chunk_merges: 0.
num_chunk_splits: 238.
num_chunks_enlarged: 153.
num_purges: 0.
num_inconsistent_stats: 0.

CodeHeap 'non-profiled nmethods': size=120000Kb used=1060Kb max_used=1060Kb free=118939Kb
 bounds [0x0000023259f50000, 0x000002325a1c0000, 0x0000023261480000]
CodeHeap 'profiled nmethods': size=120000Kb used=3242Kb max_used=3242Kb free=116758Kb
 bounds [0x0000023252a20000, 0x0000023252d50000, 0x0000023259f50000]
CodeHeap 'non-nmethods': size=5760Kb used=1392Kb max_used=1507Kb free=4367Kb
 bounds [0x0000023252480000, 0x00000232526f0000, 0x0000023252a20000]
 total_blobs=2304 nmethods=1642 adapters=575
 compilation: enabled
              stopped_count=0, restarted_count=0
 full_count=0

Compilation events (20 events):
Event: 26.446 Thread 0x00000232690840b0 1633       3       java.util.concurrent.ArrayBlockingQueue::dequeue (75 bytes)
Event: 26.447 Thread 0x00000232690840b0 nmethod 1633 0x0000023252d44f90 code [0x0000023252d451a0, 0x0000023252d45858]
Event: 26.447 Thread 0x00000232690840b0 1634       3       greenfoot.ImageVisitor::drawImage (12 bytes)
Event: 26.448 Thread 0x00000232690840b0 nmethod 1634 0x0000023252d45b10 code [0x0000023252d45ca0, 0x0000023252d45e08]
Event: 26.448 Thread 0x00000232690840b0 1635       3       greenfoot.GreenfootImage::drawImage (77 bytes)
Event: 26.449 Thread 0x00000232690840b0 nmethod 1635 0x0000023252d45f10 code [0x0000023252d46140, 0x0000023252d46708]
Event: 26.585 Thread 0x000002326907a4c0 1636       4       java.nio.channels.spi.AbstractInterruptibleChannel::isOpen (13 bytes)
Event: 26.585 Thread 0x000002326907a4c0 nmethod 1636 0x000002325a058f10 code [0x000002325a059080, 0x000002325a059118]
Event: 26.597 Thread 0x00000232690840b0 1637   !   3       greenfoot.core.Simulation::runOneLoop (158 bytes)
Event: 26.599 Thread 0x00000232690840b0 nmethod 1637 0x0000023252d46990 code [0x0000023252d46ce0, 0x0000023252d48328]
Event: 26.599 Thread 0x00000232690840b0 1642  s    3       greenfoot.gui.input.KeyboardManager::clearLatchedKeys (52 bytes)
Event: 26.599 Thread 0x00000232690840b0 nmethod 1642 0x0000023252d48c90 code [0x0000023252d48ea0, 0x0000023252d49628]
Event: 26.599 Thread 0x00000232690840b0 1638       3       greenfoot.collision.ColManager::startSequence (10 bytes)
Event: 26.599 Thread 0x00000232690840b0 nmethod 1638 0x0000023252d49810 code [0x0000023252d499c0, 0x0000023252d49ba8]
Event: 26.599 Thread 0x00000232690840b0 1639       3       greenfoot.collision.ibsp.IBSPColChecker::startSequence (1 bytes)
Event: 26.599 Thread 0x00000232690840b0 nmethod 1639 0x0000023252d49c90 code [0x0000023252d49e20, 0x0000023252d49f38]
Event: 26.599 Thread 0x00000232690840b0 1640       3       greenfoot.core.Simulation::actWorld (5 bytes)
Event: 26.599 Thread 0x00000232690840b0 nmethod 1640 0x0000023252d4a010 code [0x0000023252d4a1a0, 0x0000023252d4a378]
Event: 26.599 Thread 0x00000232690840b0 1641       3       greenfoot.World::act (1 bytes)
Event: 26.600 Thread 0x00000232690840b0 nmethod 1641 0x0000023252d4a490 code [0x0000023252d4a620, 0x0000023252d4a738]

GC Heap History (20 events):
Event: 24.279 GC heap before
{Heap before GC invocations=30 (full 5):
 garbage-first heap   total 109568K, used 48744K [0x0000000082c00000, 0x0000000100000000)
  region size 1024K, 2 young (2048K), 1 survivors (1024K)
 Metaspace       used 10334K, committed 10560K, reserved 1064960K
  class space    used 1042K, committed 1152K, reserved 1048576K
}
Event: 24.282 GC heap after
{Heap after GC invocations=31 (full 5):
 garbage-first heap   total 109568K, used 18027K [0x0000000082c00000, 0x0000000100000000)
  region size 1024K, 1 young (1024K), 1 survivors (1024K)
 Metaspace       used 10334K, committed 10560K, reserved 1064960K
  class space    used 1042K, committed 1152K, reserved 1048576K
}
Event: 24.454 GC heap before
{Heap before GC invocations=31 (full 5):
 garbage-first heap   total 109568K, used 48747K [0x0000000082c00000, 0x0000000100000000)
  region size 1024K, 2 young (2048K), 1 survivors (1024K)
 Metaspace       used 10335K, committed 10560K, reserved 1064960K
  class space    used 1042K, committed 1152K, reserved 1048576K
}
Event: 24.455 GC heap after
{Heap after GC invocations=32 (full 5):
 garbage-first heap   total 109568K, used 18025K [0x0000000082c00000, 0x0000000100000000)
  region size 1024K, 1 young (1024K), 1 survivors (1024K)
 Metaspace       used 10335K, committed 10560K, reserved 1064960K
  class space    used 1042K, committed 1152K, reserved 1048576K
}
Event: 24.617 GC heap before
{Heap before GC invocations=32 (full 5):
 garbage-first heap   total 109568K, used 48745K [0x0000000082c00000, 0x0000000100000000)
  region size 1024K, 2 young (2048K), 1 survivors (1024K)
 Metaspace       used 10344K, committed 10560K, reserved 1064960K
  class space    used 1042K, committed 1152K, reserved 1048576K
}
Event: 24.618 GC heap after
{Heap after GC invocations=33 (full 5):
 garbage-first heap   total 109568K, used 18034K [0x0000000082c00000, 0x0000000100000000)
  region size 1024K, 1 young (1024K), 1 survivors (1024K)
 Metaspace       used 10344K, committed 10560K, reserved 1064960K
  class space    used 1042K, committed 1152K, reserved 1048576K
}
Event: 24.791 GC heap before
{Heap before GC invocations=33 (full 5):
 garbage-first heap   total 109568K, used 48754K [0x0000000082c00000, 0x0000000100000000)
  region size 1024K, 2 young (2048K), 1 survivors (1024K)
 Metaspace       used 10356K, committed 10624K, reserved 1064960K
  class space    used 1042K, committed 1152K, reserved 1048576K
}
Event: 24.792 GC heap after
{Heap after GC invocations=34 (full 5):
 garbage-first heap   total 109568K, used 18044K [0x0000000082c00000, 0x0000000100000000)
  region size 1024K, 1 young (1024K), 1 survivors (1024K)
 Metaspace       used 10356K, committed 10624K, reserved 1064960K
  class space    used 1042K, committed 1152K, reserved 1048576K
}
Event: 25.079 GC heap before
{Heap before GC invocations=35 (full 5):
 garbage-first heap   total 78848K, used 73340K [0x0000000082c00000, 0x0000000100000000)
  region size 1024K, 2 young (2048K), 1 survivors (1024K)
 Metaspace       used 10381K, committed 10624K, reserved 1064960K
  class space    used 1042K, committed 1152K, reserved 1048576K
}
Event: 25.081 GC heap after
{Heap after GC invocations=36 (full 5):
 garbage-first heap   total 78848K, used 18044K [0x0000000082c00000, 0x0000000100000000)
  region size 1024K, 1 young (1024K), 1 survivors (1024K)
 Metaspace       used 10381K, committed 10624K, reserved 1064960K
  class space    used 1042K, committed 1152K, reserved 1048576K
}
Event: 25.384 GC heap before
{Heap before GC invocations=36 (full 5):
 garbage-first heap   total 78848K, used 73340K [0x0000000082c00000, 0x0000000100000000)
  region size 1024K, 2 young (2048K), 1 survivors (1024K)
 Metaspace       used 10381K, committed 10624K, reserved 1064960K
  class space    used 1042K, committed 1152K, reserved 1048576K
}
Event: 25.385 GC heap after
{Heap after GC invocations=37 (full 5):
 garbage-first heap   total 78848K, used 18022K [0x0000000082c00000, 0x0000000100000000)
  region size 1024K, 1 young (1024K), 1 survivors (1024K)
 Metaspace       used 10381K, committed 10624K, reserved 1064960K
  class space    used 1042K, committed 1152K, reserved 1048576K
}
Event: 25.467 GC heap before
{Heap before GC invocations=37 (full 5):
 garbage-first heap   total 78848K, used 33382K [0x0000000082c00000, 0x0000000100000000)
  region size 1024K, 2 young (2048K), 1 survivors (1024K)
 Metaspace       used 10381K, committed 10624K, reserved 1064960K
  class space    used 1042K, committed 1152K, reserved 1048576K
}
Event: 25.468 GC heap after
{Heap after GC invocations=38 (full 5):
 garbage-first heap   total 78848K, used 18037K [0x0000000082c00000, 0x0000000100000000)
  region size 1024K, 1 young (1024K), 1 survivors (1024K)
 Metaspace       used 10381K, committed 10624K, reserved 1064960K
  class space    used 1042K, committed 1152K, reserved 1048576K
}
Event: 25.558 GC heap before
{Heap before GC invocations=38 (full 5):
 garbage-first heap   total 78848K, used 33397K [0x0000000082c00000, 0x0000000100000000)
  region size 1024K, 2 young (2048K), 1 survivors (1024K)
 Metaspace       used 10381K, committed 10624K, reserved 1064960K
  class space    used 1042K, committed 1152K, reserved 1048576K
}
Event: 25.560 GC heap after
{Heap after GC invocations=39 (full 5):
 garbage-first heap   total 78848K, used 18036K [0x0000000082c00000, 0x0000000100000000)
  region size 1024K, 1 young (1024K), 1 survivors (1024K)
 Metaspace       used 10381K, committed 10624K, reserved 1064960K
  class space    used 1042K, committed 1152K, reserved 1048576K
}
Event: 25.639 GC heap before
{Heap before GC invocations=39 (full 5):
 garbage-first heap   total 78848K, used 33396K [0x0000000082c00000, 0x0000000100000000)
  region size 1024K, 2 young (2048K), 1 survivors (1024K)
 Metaspace       used 10381K, committed 10624K, reserved 1064960K
  class space    used 1042K, committed 1152K, reserved 1048576K
}
Event: 25.640 GC heap after
{Heap after GC invocations=40 (full 5):
 garbage-first heap   total 98304K, used 18052K [0x0000000082c00000, 0x0000000100000000)
  region size 1024K, 1 young (1024K), 1 survivors (1024K)
 Metaspace       used 10381K, committed 10624K, reserved 1064960K
  class space    used 1042K, committed 1152K, reserved 1048576K
}
Event: 25.949 GC heap before
{Heap before GC invocations=41 (full 5):
 garbage-first heap   total 78848K, used 73348K [0x0000000082c00000, 0x0000000100000000)
  region size 1024K, 2 young (2048K), 1 survivors (1024K)
 Metaspace       used 10385K, committed 10624K, reserved 1064960K
  class space    used 1042K, committed 1152K, reserved 1048576K
}
Event: 25.951 GC heap after
{Heap after GC invocations=42 (full 5):
 garbage-first heap   total 78848K, used 18055K [0x0000000082c00000, 0x0000000100000000)
  region size 1024K, 1 young (1024K), 1 survivors (1024K)
 Metaspace       used 10385K, committed 10624K, reserved 1064960K
  class space    used 1042K, committed 1152K, reserved 1048576K
}

Deoptimization events (20 events):
Event: 22.363 Thread 0x000002326a12a120 Uncommon trap: trap_request=0xffffff45 fr.pc=0x000002325a016134 relative=0x0000000000009314
Event: 22.363 Thread 0x000002326a12a120 Uncommon trap: reason=unstable_if action=reinterpret pc=0x000002325a016134 method=greenfoot.vmcomm.VMCommsSimulation.doInterVMComms()V @ 613 c2
Event: 22.364 Thread 0x000002326a12a120 DEOPT PACKING pc=0x000002325a016134 sp=0x000000fc8c5fee90
Event: 22.364 Thread 0x000002326a12a120 DEOPT UNPACKING pc=0x00000232524d23a3 sp=0x000000fc8c5feec8 mode 2
Event: 23.697 Thread 0x000002326a12be00 Uncommon trap: trap_request=0xffffff45 fr.pc=0x000002325a00b5ec relative=0x00000000000002ac
Event: 23.697 Thread 0x000002326a12be00 Uncommon trap: reason=unstable_if action=reinterpret pc=0x000002325a00b5ec method=greenfoot.util.HDTimer.sleepFromTime(JJ)V @ 117 c2
Event: 23.697 Thread 0x000002326a12be00 DEOPT PACKING pc=0x000002325a00b5ec sp=0x000000fc8c8ff080
Event: 23.698 Thread 0x000002326a12be00 DEOPT UNPACKING pc=0x00000232524d23a3 sp=0x000000fc8c8ff030 mode 2
Event: 23.710 Thread 0x000002326a12be00 DEOPT PACKING pc=0x0000023252d18410 sp=0x000000fc8c8ff020
Event: 23.710 Thread 0x000002326a12be00 DEOPT UNPACKING pc=0x00000232524d2b43 sp=0x000000fc8c8fe520 mode 0
Event: 23.749 Thread 0x000002326a12be00 DEOPT PACKING pc=0x0000023252d18410 sp=0x000000fc8c8ff020
Event: 23.749 Thread 0x000002326a12be00 DEOPT UNPACKING pc=0x00000232524d2b43 sp=0x000000fc8c8fe520 mode 0
Event: 23.761 Thread 0x000002326a12be00 DEOPT PACKING pc=0x0000023252d18410 sp=0x000000fc8c8ff020
Event: 23.761 Thread 0x000002326a12be00 DEOPT UNPACKING pc=0x00000232524d2b43 sp=0x000000fc8c8fe520 mode 0
Event: 23.774 Thread 0x000002326a12be00 DEOPT PACKING pc=0x0000023252d18410 sp=0x000000fc8c8ff020
Event: 23.774 Thread 0x000002326a12be00 DEOPT UNPACKING pc=0x00000232524d2b43 sp=0x000000fc8c8fe520 mode 0
Event: 23.787 Thread 0x000002326a12be00 DEOPT PACKING pc=0x0000023252d18410 sp=0x000000fc8c8ff020
Event: 23.787 Thread 0x000002326a12be00 DEOPT UNPACKING pc=0x00000232524d2b43 sp=0x000000fc8c8fe520 mode 0
Event: 23.799 Thread 0x000002326a12be00 DEOPT PACKING pc=0x0000023252d183c9 sp=0x000000fc8c8ff020
Event: 23.799 Thread 0x000002326a12be00 DEOPT UNPACKING pc=0x00000232524d2b43 sp=0x000000fc8c8fe528 mode 0

Classes unloaded (0 events):
No events

Classes redefined (0 events):
No events

Internal exceptions (20 events):
Event: 0.440 Thread 0x000002324a9a0ed0 Exception <a 'java/io/FileNotFoundException'{0x000000008a7c90d8}> (0x000000008a7c90d8) 
thrown [s\src\hotspot\share\prims\jni.cpp, line 516]
Event: 0.445 Thread 0x000002324a9a0ed0 Exception <a 'java/io/FileNotFoundException'{0x000000008a7f62d0}> (0x000000008a7f62d0) 
thrown [s\src\hotspot\share\prims\jni.cpp, line 516]
Event: 0.473 Thread 0x000002324a9a0ed0 Exception <a 'java/lang/NoSuchMethodError'{0x000000008a6a6420}: 'java.lang.Object java.lang.invoke.DirectMethodHandle$Holder.invokeStaticInit(java.lang.Object)'> (0x000000008a6a6420) 
thrown [s\src\hotspot\share\interpreter\linkResolver.cpp, line 759]
Event: 0.594 Thread 0x000002326a12c7a0 Exception <a 'java/lang/NoSuchMethodError'{0x000000008a5be250}: 'void java.lang.invoke.DirectMethodHandle$Holder.invokeStatic(java.lang.Object, java.lang.Object)'> (0x000000008a5be250) 
thrown [s\src\hotspot\share\interpreter\linkResolver.cpp, line 759]
Event: 0.645 Thread 0x000002326a12a5f0 Exception <a 'java/lang/ClassNotFoundException'{0x000000008a9875a8}: sun/net/www/protocol/d/Handler> (0x000000008a9875a8) 
thrown [s\src\hotspot\share\classfile\systemDictionary.cpp, line 256]
Event: 0.673 Thread 0x000002326a12a5f0 Exception <a 'java/lang/NoSuchMethodError'{0x000000008a9e8e78}: 'java.lang.Object java.lang.invoke.DirectMethodHandle$Holder.invokeStaticInit(java.lang.Object, int, int, int, int)'> (0x000000008a9e8e78) 
thrown [s\src\hotspot\share\interpreter\linkResolver.cpp, line 759]
Event: 0.714 Thread 0x000002326a12a5f0 Exception <a 'java/lang/NoSuchMethodError'{0x000000008a81e470}: 'java.lang.Object java.lang.invoke.DirectMethodHandle$Holder.invokeStaticInit(java.lang.Object, java.lang.Object, int, int, int, int)'> (0x000000008a81e470) 
thrown [s\src\hotspot\share\interpreter\linkResolver.cpp, line 759]
Event: 0.773 Thread 0x000002326a129780 Exception <a 'java/lang/NoSuchMethodError'{0x000000008a8e32c0}: 'void java.lang.invoke.DirectMethodHandle$Holder.invokeSpecial(java.lang.Object, java.lang.Object, java.lang.Object)'> (0x000000008a8e32c0) 
thrown [s\src\hotspot\share\interpreter\linkResolver.cpp, line 759]
Event: 0.774 Thread 0x000002326a129780 Exception <a 'java/lang/NoSuchMethodError'{0x000000008a8eebb8}: 'void java.lang.invoke.DirectMethodHandle$Holder.invokeStatic(java.lang.Object, java.lang.Object, java.lang.Object)'> (0x000000008a8eebb8) 
thrown [s\src\hotspot\share\interpreter\linkResolver.cpp, line 759]
Event: 0.794 Thread 0x000002326a12a120 Exception <a 'java/lang/ClassNotFoundException'{0x000000008a7cee60}: sun/util/logging/resources/spi/loggingProvider> (0x000000008a7cee60) 
thrown [s\src\hotspot\share\classfile\systemDictionary.cpp, line 256]
Event: 0.985 Thread 0x000002326a12a120 Exception <a 'java/lang/NoSuchMethodError'{0x000000008a6478f0}: 'int java.lang.invoke.DirectMethodHandle$Holder.invokeStaticInit(java.lang.Object, java.lang.Object, java.lang.Object)'> (0x000000008a6478f0) 
thrown [s\src\hotspot\share\interpreter\linkResolver.cpp, line 759]
Event: 0.999 Thread 0x000002326a12a120 Exception <a 'java/lang/NoSuchMethodError'{0x000000008a6ef2e8}: 'java.lang.Object java.lang.invoke.DirectMethodHandle$Holder.newInvokeSpecial(java.lang.Object, java.lang.Object, int, java.lang.Object)'> (0x000000008a6ef2e8) 
thrown [s\src\hotspot\share\interpreter\linkResolver.cpp, line 759]
Event: 0.999 Thread 0x000002326a12a120 Exception <a 'java/lang/NoSuchMethodError'{0x000000008a6f3420}: 'java.lang.Object java.lang.invoke.DirectMethodHandle$Holder.invokeSpecial(java.lang.Object, java.lang.Object, java.lang.Object, int, java.lang.Object)'> (0x000000008a6f3420) 
thrown [s\src\hotspot\share\interpreter\linkResolver.cpp, line 759]
Event: 1.036 Thread 0x000002326a12a5f0 Exception <a 'java/lang/NoSuchMethodError'{0x000000008a3c5bf0}: 'void java.lang.invoke.DirectMethodHandle$Holder.invokeStaticInit(java.lang.Object)'> (0x000000008a3c5bf0) 
thrown [s\src\hotspot\share\interpreter\linkResolver.cpp, line 759]
Event: 1.041 Thread 0x000002326a129780 Exception <a 'java/lang/NoSuchMethodError'{0x000000008a900cd8}: 'java.lang.Object java.lang.invoke.Invokers$Holder.invoke_MT(java.lang.Object, java.lang.Object, java.lang.Object)'> (0x000000008a900cd8) 
thrown [s\src\hotspot\share\interpreter\linkResolver.cpp, line 759]
Event: 1.093 Thread 0x000002326a129780 Implicit null exception at 0x0000023259f8d877 to 0x0000023259f8ded8
Event: 1.093 Thread 0x000002326a129780 Implicit null exception at 0x0000023259f8caf7 to 0x0000023259f8d148
Event: 19.464 Thread 0x000002326a129c50 Exception <a 'java/lang/NoSuchMethodError'{0x00000000848d1dd8}: 'void java.lang.invoke.DirectMethodHandle$Holder.invokeInterface(java.lang.Object, java.lang.Object)'> (0x00000000848d1dd8) 
thrown [s\src\hotspot\share\interpreter\linkResolver.cpp, line 759]
Event: 20.462 Thread 0x000002326a12b930 Exception <a 'java/lang/NoSuchMethodError'{0x000000008974ad08}: 'java.lang.Object java.lang.invoke.DirectMethodHandle$Holder.invokeSpecial(java.lang.Object, java.lang.Object, int, int, int, int)'> (0x000000008974ad08) 
thrown [s\src\hotspot\share\interpreter\linkResolver.cpp, line 759]
Event: 20.462 Thread 0x000002326a12b930 Exception <a 'java/lang/NoSuchMethodError'{0x000000008974e0a0}: 'java.lang.Object java.lang.invoke.Invokers$Holder.linkToTargetMethod(int, int, int, int, java.lang.Object)'> (0x000000008974e0a0) 
thrown [s\src\hotspot\share\interpreter\linkResolver.cpp, line 759]

VM Operations (20 events):
Event: 25.079 Executing VM operation: G1CollectForAllocation
Event: 25.081 Executing VM operation: G1CollectForAllocation done
Event: 25.383 Executing VM operation: G1CollectForAllocation
Event: 25.385 Executing VM operation: G1CollectForAllocation done
Event: 25.466 Executing VM operation: G1TryInitiateConcMark
Event: 25.468 Executing VM operation: G1TryInitiateConcMark done
Event: 25.558 Executing VM operation: G1TryInitiateConcMark
Event: 25.560 Executing VM operation: G1TryInitiateConcMark done
Event: 25.638 Executing VM operation: G1TryInitiateConcMark
Event: 25.638 Executing VM operation: G1TryInitiateConcMark done
Event: 25.639 Executing VM operation: G1CollectForAllocation
Event: 25.640 Executing VM operation: G1CollectForAllocation done
Event: 25.646 Executing VM operation: G1Concurrent
Event: 25.649 Executing VM operation: G1Concurrent done
Event: 25.651 Executing VM operation: G1Concurrent
Event: 25.651 Executing VM operation: G1Concurrent done
Event: 25.949 Executing VM operation: G1CollectForAllocation
Event: 25.951 Executing VM operation: G1CollectForAllocation done
Event: 26.952 Executing VM operation: Cleanup
Event: 26.952 Executing VM operation: Cleanup done

Events (20 events):
Event: 20.322 loading class java/lang/reflect/Proxy$1 done
Event: 20.322 loading class java/io/ObjectStreamClass$2
Event: 20.322 loading class java/io/ObjectStreamClass$2 done
Event: 20.322 loading class java/io/ClassCache$CacheRef
Event: 20.322 loading class java/io/ClassCache$CacheRef done
Event: 20.322 loading class java/io/ObjectStreamClass$FieldReflectorKey
Event: 20.322 loading class java/io/ObjectStreamClass$FieldReflectorKey done
Event: 20.322 loading class java/io/ObjectStreamClass$FieldReflector
Event: 20.322 loading class java/io/ObjectStreamClass$FieldReflector done
Event: 20.322 loading class java/io/ObjectStreamClass$ExceptionInfo
Event: 20.322 loading class java/io/ObjectStreamClass$ExceptionInfo done
Event: 20.336 Thread 0x000002326b427b40 Thread added: 0x000002326b427b40
Event: 20.379 Thread 0x000002326a12c2d0 Thread added: 0x000002326a12c2d0
Event: 20.379 Thread 0x000002326a129780 Thread exited: 0x000002326a129780
Event: 20.459 Thread 0x000002326b427b40 Thread exited: 0x000002326b427b40
Event: 20.470 Thread 0x000002326b2e6590 Thread added: 0x000002326b2e6590
Event: 20.977 Thread 0x000002326b2e6590 Thread exited: 0x000002326b2e6590
Event: 22.040 Thread 0x0000023269d443b0 Thread added: 0x0000023269d443b0
Event: 22.196 Thread 0x0000023269d443b0 Thread exited: 0x0000023269d443b0
Event: 22.834 Thread 0x000002326a12b930 Thread exited: 0x000002326a12b930


Dynamic libraries:
0x00007ff6ef150000 - 0x00007ff6ef15e000 	D:\CODE\Greenfoot\jdk\bin\java.exe
0x00007ff841310000 - 0x00007ff841527000 	C:\WINDOWS\SYSTEM32\ntdll.dll
0x00007ff83f850000 - 0x00007ff83f914000 	C:\WINDOWS\System32\KERNEL32.DLL
0x00007ff83e730000 - 0x00007ff83ead5000 	C:\WINDOWS\System32\KERNELBASE.dll
0x00007ff83ef40000 - 0x00007ff83f051000 	C:\WINDOWS\System32\ucrtbase.dll
0x00007ff80baf0000 - 0x00007ff80bb08000 	D:\CODE\Greenfoot\jdk\bin\jli.dll
0x00007ff80b130000 - 0x00007ff80b149000 	D:\CODE\Greenfoot\jdk\bin\VCRUNTIME140.dll
0x00007ff83fae0000 - 0x00007ff83fc8e000 	C:\WINDOWS\System32\USER32.dll
0x00007ff83e680000 - 0x00007ff83e6a6000 	C:\WINDOWS\System32\win32u.dll
0x00007ff821b50000 - 0x00007ff821de3000 	C:\WINDOWS\WinSxS\amd64_microsoft.windows.common-controls_6595b64144ccf1df_6.0.22621.2506_none_270c5ae97388e100\COMCTL32.dll
0x00007ff840110000 - 0x00007ff840139000 	C:\WINDOWS\System32\GDI32.dll
0x00007ff83f730000 - 0x00007ff83f7d7000 	C:\WINDOWS\System32\msvcrt.dll
0x00007ff83eba0000 - 0x00007ff83ecb9000 	C:\WINDOWS\System32\gdi32full.dll
0x00007ff83ecc0000 - 0x00007ff83ed5a000 	C:\WINDOWS\System32\msvcp_win.dll
0x00007ff83fed0000 - 0x00007ff83ff01000 	C:\WINDOWS\System32\IMM32.DLL
0x00007ff812290000 - 0x00007ff81229c000 	D:\CODE\Greenfoot\jdk\bin\vcruntime140_1.dll
0x00007ffffc8f0000 - 0x00007ffffc981000 	D:\CODE\Greenfoot\jdk\bin\msvcp140.dll
0x00007fffb96c0000 - 0x00007fffba306000 	D:\CODE\Greenfoot\jdk\bin\server\jvm.dll
0x00007ff840870000 - 0x00007ff840921000 	C:\WINDOWS\System32\ADVAPI32.dll
0x00007ff840140000 - 0x00007ff8401e6000 	C:\WINDOWS\System32\sechost.dll
0x00007ff83f060000 - 0x00007ff83f177000 	C:\WINDOWS\System32\RPCRT4.dll
0x00007ff8402e0000 - 0x00007ff8402e8000 	C:\WINDOWS\System32\PSAPI.DLL
0x00007ff82cb20000 - 0x00007ff82cb54000 	C:\WINDOWS\SYSTEM32\WINMM.dll
0x00007ff811720000 - 0x00007ff811729000 	C:\WINDOWS\SYSTEM32\WSOCK32.dll
0x00007ff837c00000 - 0x00007ff837c0a000 	C:\WINDOWS\SYSTEM32\VERSION.dll
0x00007ff83f180000 - 0x00007ff83f1f1000 	C:\WINDOWS\System32\WS2_32.dll
0x00007ff83d710000 - 0x00007ff83d728000 	C:\WINDOWS\SYSTEM32\kernel.appcore.dll
0x00007ff80b120000 - 0x00007ff80b12a000 	D:\CODE\Greenfoot\jdk\bin\jimage.dll
0x00007ff8299d0000 - 0x00007ff829c03000 	C:\WINDOWS\SYSTEM32\DBGHELP.DLL
0x00007ff83f3a0000 - 0x00007ff83f729000 	C:\WINDOWS\System32\combase.dll
0x00007ff840030000 - 0x00007ff840107000 	C:\WINDOWS\System32\OLEAUT32.dll
0x00007ff81f6a0000 - 0x00007ff81f6d2000 	C:\WINDOWS\SYSTEM32\dbgcore.DLL
0x00007ff83e6b0000 - 0x00007ff83e72a000 	C:\WINDOWS\System32\bcryptPrimitives.dll
0x00007ff83b6a0000 - 0x00007ff83b6db000 	D:\CODE\Greenfoot\jdk\bin\jdwp.dll
0x00007ff80ab50000 - 0x00007ff80ab75000 	D:\CODE\Greenfoot\jdk\bin\java.dll
0x00007ffffa680000 - 0x00007ffffa756000 	D:\CODE\Greenfoot\jdk\bin\jsvml.dll
0x00007ff8409e0000 - 0x00007ff841239000 	C:\WINDOWS\System32\SHELL32.dll
0x00007ff83c5b0000 - 0x00007ff83cea4000 	C:\WINDOWS\SYSTEM32\windows.storage.dll
0x00007ff83c470000 - 0x00007ff83c5ae000 	C:\WINDOWS\SYSTEM32\wintypes.dll
0x00007ff83ff30000 - 0x00007ff840023000 	C:\WINDOWS\System32\SHCORE.dll
0x00007ff83fe00000 - 0x00007ff83fe5e000 	C:\WINDOWS\System32\shlwapi.dll
0x00007ff83e5b0000 - 0x00007ff83e5d6000 	C:\WINDOWS\SYSTEM32\profapi.dll
0x00007ff809b40000 - 0x00007ff809b4b000 	D:\CODE\Greenfoot\jdk\bin\dt_shmem.dll
0x00007ff809b70000 - 0x00007ff809b89000 	D:\CODE\Greenfoot\jdk\bin\net.dll
0x00007ff838d40000 - 0x00007ff838e77000 	C:\WINDOWS\SYSTEM32\WINHTTP.dll
0x00007ff83dbf0000 - 0x00007ff83dc59000 	C:\WINDOWS\system32\mswsock.dll
0x00007ff809b50000 - 0x00007ff809b65000 	D:\CODE\Greenfoot\jdk\bin\nio.dll
0x00007ff807c00000 - 0x00007ff807c18000 	D:\CODE\Greenfoot\jdk\bin\zip.dll
0x00007ffffca30000 - 0x00007ffffcbbe000 	D:\CODE\Greenfoot\jdk\bin\awt.dll
0x00007ff83b9f0000 - 0x00007ff83ba87000 	C:\WINDOWS\SYSTEM32\apphelp.dll
0x00007ff83baf0000 - 0x00007ff83bb9b000 	C:\WINDOWS\system32\uxtheme.dll
0x00007ff824fc0000 - 0x00007ff8250f9000 	C:\ProgramData\A-Volute\A-Volute.Nahimic\Modules\Scheduled\x64\AudioDevProps2.dll
0x00007ff83f200000 - 0x00007ff83f3a0000 	C:\WINDOWS\System32\ole32.dll
0x00007ff83fc90000 - 0x00007ff83fddf000 	C:\WINDOWS\System32\MSCTF.dll
0x00007ff83de40000 - 0x00007ff83de5b000 	C:\WINDOWS\SYSTEM32\CRYPTSP.dll
0x00007ff83d6d0000 - 0x00007ff83d705000 	C:\WINDOWS\system32\rsaenh.dll
0x00007ff83dce0000 - 0x00007ff83dd0c000 	C:\WINDOWS\SYSTEM32\USERENV.dll
0x00007ff83e010000 - 0x00007ff83e038000 	C:\WINDOWS\SYSTEM32\bcrypt.dll
0x00007ff83de60000 - 0x00007ff83de6c000 	C:\WINDOWS\SYSTEM32\CRYPTBASE.dll
0x00007ff83d180000 - 0x00007ff83d1ad000 	C:\WINDOWS\SYSTEM32\IPHLPAPI.DLL
0x00007ff83f840000 - 0x00007ff83f849000 	C:\WINDOWS\System32\NSI.dll
0x00007ff838c70000 - 0x00007ff838c89000 	C:\WINDOWS\SYSTEM32\dhcpcsvc6.DLL
0x00007ff838c40000 - 0x00007ff838c5f000 	C:\WINDOWS\SYSTEM32\dhcpcsvc.DLL
0x00007ff83d1f0000 - 0x00007ff83d2e9000 	C:\WINDOWS\SYSTEM32\DNSAPI.dll
0x00007ff83bd70000 - 0x00007ff83bd9b000 	C:\WINDOWS\system32\DWMAPI.DLL
0x00007ff80f130000 - 0x00007ff80f230000 	C:\WINDOWS\system32\opengl32.dll
0x00007ff80f790000 - 0x00007ff80f7bd000 	C:\WINDOWS\SYSTEM32\GLU32.dll
0x00007ff83bde0000 - 0x00007ff83be16000 	C:\WINDOWS\SYSTEM32\dxcore.dll
0x000002324a900000 - 0x000002324a903000 	C:\Users\Abraham Willem H\.openjfx\cache\20.0.1+2\amd64\api-ms-win-core-console-l1-1-0.dll
0x000002324a910000 - 0x000002324a913000 	C:\Users\Abraham Willem H\.openjfx\cache\20.0.1+2\amd64\api-ms-win-core-console-l1-2-0.dll
0x000002324a920000 - 0x000002324a923000 	C:\Users\Abraham Willem H\.openjfx\cache\20.0.1+2\amd64\api-ms-win-core-datetime-l1-1-0.dll
0x000002324a930000 - 0x000002324a933000 	C:\Users\Abraham Willem H\.openjfx\cache\20.0.1+2\amd64\api-ms-win-core-debug-l1-1-0.dll
0x000002324a940000 - 0x000002324a943000 	C:\Users\Abraham Willem H\.openjfx\cache\20.0.1+2\amd64\api-ms-win-core-errorhandling-l1-1-0.dll
0x000002324a950000 - 0x000002324a954000 	C:\Users\Abraham Willem H\.openjfx\cache\20.0.1+2\amd64\api-ms-win-core-file-l1-1-0.dll
0x000002324a960000 - 0x000002324a963000 	C:\Users\Abraham Willem H\.openjfx\cache\20.0.1+2\amd64\api-ms-win-core-file-l1-2-0.dll
0x0000023269330000 - 0x0000023269333000 	C:\Users\Abraham Willem H\.openjfx\cache\20.0.1+2\amd64\api-ms-win-core-file-l2-1-0.dll
0x0000023269340000 - 0x0000023269343000 	C:\Users\Abraham Willem H\.openjfx\cache\20.0.1+2\amd64\api-ms-win-core-handle-l1-1-0.dll
0x0000023269350000 - 0x0000023269353000 	C:\Users\Abraham Willem H\.openjfx\cache\20.0.1+2\amd64\api-ms-win-core-heap-l1-1-0.dll
0x0000023269360000 - 0x0000023269363000 	C:\Users\Abraham Willem H\.openjfx\cache\20.0.1+2\amd64\api-ms-win-core-interlocked-l1-1-0.dll
0x0000023269370000 - 0x0000023269373000 	C:\Users\Abraham Willem H\.openjfx\cache\20.0.1+2\amd64\api-ms-win-core-libraryloader-l1-1-0.dll
0x0000023269380000 - 0x0000023269383000 	C:\Users\Abraham Willem H\.openjfx\cache\20.0.1+2\amd64\api-ms-win-core-localization-l1-2-0.dll
0x0000023269390000 - 0x0000023269393000 	C:\Users\Abraham Willem H\.openjfx\cache\20.0.1+2\amd64\api-ms-win-core-memory-l1-1-0.dll
0x00000232693a0000 - 0x00000232693a3000 	C:\Users\Abraham Willem H\.openjfx\cache\20.0.1+2\amd64\api-ms-win-core-namedpipe-l1-1-0.dll
0x00000232693b0000 - 0x00000232693b3000 	C:\Users\Abraham Willem H\.openjfx\cache\20.0.1+2\amd64\api-ms-win-core-processenvironment-l1-1-0.dll
0x00000232693c0000 - 0x00000232693c3000 	C:\Users\Abraham Willem H\.openjfx\cache\20.0.1+2\amd64\api-ms-win-core-processthreads-l1-1-0.dll
0x00000232693d0000 - 0x00000232693d3000 	C:\Users\Abraham Willem H\.openjfx\cache\20.0.1+2\amd64\api-ms-win-core-processthreads-l1-1-1.dll
0x00000232693e0000 - 0x00000232693e3000 	C:\Users\Abraham Willem H\.openjfx\cache\20.0.1+2\amd64\api-ms-win-core-profile-l1-1-0.dll
0x00000232693f0000 - 0x00000232693f3000 	C:\Users\Abraham Willem H\.openjfx\cache\20.0.1+2\amd64\api-ms-win-core-rtlsupport-l1-1-0.dll
0x000002326a910000 - 0x000002326a913000 	C:\Users\Abraham Willem H\.openjfx\cache\20.0.1+2\amd64\api-ms-win-core-string-l1-1-0.dll
0x000002326a920000 - 0x000002326a923000 	C:\Users\Abraham Willem H\.openjfx\cache\20.0.1+2\amd64\api-ms-win-core-synch-l1-1-0.dll
0x000002326a930000 - 0x000002326a933000 	C:\Users\Abraham Willem H\.openjfx\cache\20.0.1+2\amd64\api-ms-win-core-synch-l1-2-0.dll
0x000002326a940000 - 0x000002326a943000 	C:\Users\Abraham Willem H\.openjfx\cache\20.0.1+2\amd64\api-ms-win-core-sysinfo-l1-1-0.dll
0x000002326a960000 - 0x000002326a963000 	C:\Users\Abraham Willem H\.openjfx\cache\20.0.1+2\amd64\api-ms-win-core-timezone-l1-1-0.dll
0x000002326bd90000 - 0x000002326bd93000 	C:\Users\Abraham Willem H\.openjfx\cache\20.0.1+2\amd64\api-ms-win-core-util-l1-1-0.dll
0x000002326bda0000 - 0x000002326bda3000 	C:\Users\Abraham Willem H\.openjfx\cache\20.0.1+2\amd64\api-ms-win-crt-conio-l1-1-0.dll
0x000002326bdb0000 - 0x000002326bdb4000 	C:\Users\Abraham Willem H\.openjfx\cache\20.0.1+2\amd64\api-ms-win-crt-convert-l1-1-0.dll
0x000002326bdc0000 - 0x000002326bdc3000 	C:\Users\Abraham Willem H\.openjfx\cache\20.0.1+2\amd64\api-ms-win-crt-environment-l1-1-0.dll
0x000002326bdd0000 - 0x000002326bdd3000 	C:\Users\Abraham Willem H\.openjfx\cache\20.0.1+2\amd64\api-ms-win-crt-filesystem-l1-1-0.dll
0x000002326bde0000 - 0x000002326bde3000 	C:\Users\Abraham Willem H\.openjfx\cache\20.0.1+2\amd64\api-ms-win-crt-heap-l1-1-0.dll
0x000002326bdf0000 - 0x000002326bdf3000 	C:\Users\Abraham Willem H\.openjfx\cache\20.0.1+2\amd64\api-ms-win-crt-locale-l1-1-0.dll
0x000002326be00000 - 0x000002326be05000 	C:\Users\Abraham Willem H\.openjfx\cache\20.0.1+2\amd64\api-ms-win-crt-math-l1-1-0.dll
0x000002326be10000 - 0x000002326be15000 	C:\Users\Abraham Willem H\.openjfx\cache\20.0.1+2\amd64\api-ms-win-crt-multibyte-l1-1-0.dll
0x000002326be20000 - 0x000002326be30000 	C:\Users\Abraham Willem H\.openjfx\cache\20.0.1+2\amd64\api-ms-win-crt-private-l1-1-0.dll
0x000002326be30000 - 0x000002326be33000 	C:\Users\Abraham Willem H\.openjfx\cache\20.0.1+2\amd64\api-ms-win-crt-process-l1-1-0.dll
0x000002326be40000 - 0x000002326be44000 	C:\Users\Abraham Willem H\.openjfx\cache\20.0.1+2\amd64\api-ms-win-crt-runtime-l1-1-0.dll
0x000002326be50000 - 0x000002326be54000 	C:\Users\Abraham Willem H\.openjfx\cache\20.0.1+2\amd64\api-ms-win-crt-stdio-l1-1-0.dll
0x000002326be60000 - 0x000002326be64000 	C:\Users\Abraham Willem H\.openjfx\cache\20.0.1+2\amd64\api-ms-win-crt-string-l1-1-0.dll
0x000002326be70000 - 0x000002326be73000 	C:\Users\Abraham Willem H\.openjfx\cache\20.0.1+2\amd64\api-ms-win-crt-time-l1-1-0.dll
0x000002326be80000 - 0x000002326be83000 	C:\Users\Abraham Willem H\.openjfx\cache\20.0.1+2\amd64\api-ms-win-crt-utility-l1-1-0.dll
0x00007fffcb260000 - 0x00007fffcb35c000 	C:\Users\Abraham Willem H\.openjfx\cache\20.0.1+2\amd64\ucrtbase.dll
0x00007ff807be0000 - 0x00007ff807bfb000 	C:\Users\Abraham Willem H\.openjfx\cache\20.0.1+2\amd64\vcruntime140.dll
0x00007ff80b110000 - 0x00007ff80b11c000 	C:\Users\Abraham Willem H\.openjfx\cache\20.0.1+2\amd64\vcruntime140_1.dll
0x00007ffffd120000 - 0x00007ffffd1ae000 	C:\Users\Abraham Willem H\.openjfx\cache\20.0.1+2\amd64\msvcp140.dll
0x00007ff80ae40000 - 0x00007ff80ae49000 	C:\Users\Abraham Willem H\.openjfx\cache\20.0.1+2\amd64\msvcp140_1.dll
0x00007ff8073e0000 - 0x00007ff807410000 	C:\Users\Abraham Willem H\.openjfx\cache\20.0.1+2\amd64\msvcp140_2.dll
0x00007ff8071c0000 - 0x00007ff8071ef000 	C:\Users\Abraham Willem H\.openjfx\cache\20.0.1+2\amd64\prism_d3d.dll
0x00007ff800130000 - 0x00007ff8002d9000 	C:\WINDOWS\system32\d3d9.dll
0x00007fffd78b0000 - 0x00007fffd7a5f000 	C:\WINDOWS\System32\DriverStore\FileRepository\iigd_dch.inf_amd64_51f685305808e3a5\igdumdim64.dll
0x00007fffd1770000 - 0x00007fffd4813000 	C:\WINDOWS\System32\DriverStore\FileRepository\iigd_dch.inf_amd64_51f685305808e3a5\igd9dxva64.dll
0x00007ff8402f0000 - 0x00007ff840764000 	C:\WINDOWS\System32\SETUPAPI.dll
0x00007ff83e370000 - 0x00007ff83e3be000 	C:\WINDOWS\SYSTEM32\cfgmgr32.dll
0x00007ff834460000 - 0x00007ff834869000 	C:\WINDOWS\System32\DriverStore\FileRepository\iigd_dch.inf_amd64_51f685305808e3a5\igdgmm64.dll
0x00007ff838600000 - 0x00007ff83864a000 	C:\WINDOWS\SYSTEM32\directxdatabasehelper.dll
0x00007ff807030000 - 0x00007ff807072000 	C:\Users\Abraham Willem H\.openjfx\cache\20.0.1+2\amd64\glass.dll
0x00007ff840770000 - 0x00007ff840869000 	C:\WINDOWS\System32\COMDLG32.dll
0x00007ffff1b50000 - 0x00007ffff1b77000 	C:\WINDOWS\System32\DriverStore\FileRepository\iigd_dch.inf_amd64_51f685305808e3a5\igdinfo64.dll
0x00007ff830210000 - 0x00007ff8339a4000 	C:\WINDOWS\System32\DriverStore\FileRepository\iigd_dch.inf_amd64_51f685305808e3a5\igc64.dll
0x00007ff83b9a0000 - 0x00007ff83b9b0000 	D:\CODE\Greenfoot\jdk\bin\verify.dll

dbghelp: loaded successfully - version: 4.0.5 - missing functions: none
symbol engine: initialized successfully - sym options: 0x614 - pdb path: .;D:\CODE\Greenfoot\jdk\bin;C:\WINDOWS\SYSTEM32;C:\WINDOWS\WinSxS\amd64_microsoft.windows.common-controls_6595b64144ccf1df_6.0.22621.2506_none_270c5ae97388e100;D:\CODE\Greenfoot\jdk\bin\server;C:\ProgramData\A-Volute\A-Volute.Nahimic\Modules\Scheduled\x64;C:\Users\Abraham Willem H\.openjfx\cache\20.0.1+2\amd64;C:\WINDOWS\System32\DriverStore\FileRepository\iigd_dch.inf_amd64_51f685305808e3a5

VM Arguments:
jvm_args: -XX:MaxGCPauseMillis=50 -agentlib:jdwp=transport=dt_shmem,address=javadebug -Dfile.encoding=UTF-8 
java_command: bluej.runtime.ExecServer UTF-8
java_class_path (initial): D:\CODE\Greenfoot\lib\greenfoot.jar;D:\CODE\Greenfoot\lib\javafx-base-20.0.1-win.jar;D:\CODE\Greenfoot\lib\javafx-base-20.0.1.jar;D:\CODE\Greenfoot\lib\javafx-controls-20.0.1-win.jar;D:\CODE\Greenfoot\lib\javafx-controls-20.0.1.jar;D:\CODE\Greenfoot\lib\javafx-fxml-20.0.1-win.jar;D:\CODE\Greenfoot\lib\javafx-graphics-20.0.1-win.jar;D:\CODE\Greenfoot\lib\javafx-graphics-20.0.1.jar;D:\CODE\Greenfoot\lib\javafx-media-20.0.1-win.jar;D:\CODE\Greenfoot\lib\javafx-media-20.0.1.jar;D:\CODE\Greenfoot\lib\javafx-swing-20.0.1-win.jar;D:\CODE\Greenfoot\lib\javafx-web-20.0.1-win.jar;D:\CODE\Greenfoot\lib\junit-4.12.jar;D:\CODE\Greenfoot\lib\junit-jupiter-5.5.2.jar;D:\CODE\Greenfoot\lib\junit-jupiter-api-5.5.2.jar;D:\CODE\Greenfoot\lib\junit-jupiter-engine-5.5.2.jar;D:\CODE\Greenfoot\lib\junit-jupiter-params-5.5.2.jar;D:\CODE\Greenfoot\lib\junit-platform-commons-1.5.2.jar;D:\CODE\Greenfoot\lib\junit-platform-engine-1.5.2.jar;D:\CODE\Greenfoot\lib\junit-platform-launcher-1.5.2.jar;D:\CODE\Greenfoot\lib\junit-platform-suite-api-1.5.2.jar;D:\CODE\Greenfoot\lib\junit-vintage-engine-5.5.2.jar;D:\CODE\Greenfoot\lib\hamcrest-core-1.3.jar;D:\CODE\Greenfoot\lib\opentest4j-1.2.0.jar;D:\CODE\Greenfoot\lib\bluej.jar;D:\CODE\Greenfoot\lib\classgraph-4.8.90.jar;D:\CODE\Greenfoot\lib\diffutils-1.2.1.jar;D:\CODE\Greenfoot\lib\commons-logging-1.2.jar;D:\CODE\Greenfoot\lib\jl1.0.1.jar;D:\CODE\Greenfoot\lib\opencsv-2.3.jar;D:\CODE\Greenfoot\lib\opencsv-2.4.jar;D:\CODE\Greenfoot\lib\xom-1.3.7.jar;D:\CODE\Greenfoot\lib\lang-stride.jar;D:\CODE\Greenfoot\lib\nsmenufx-2.1.8.jar;D:\CODE\Greenfoot\lib\wellbehavedfx-0.3.3.jar;D:\CODE\Greenfoot\lib\guava-17.0.jar;D:\CODE\Greenfoot\lib\httpclient-4.3.6.jar;D:\CODE\Greenfoot\lib\httpcore-4.3.3.jar;D:\CODE\Greenfoot\lib\httpmime-4.1.1.jar
Launcher Type: SUN_STANDARD

[Global flags]
     intx CICompilerCount                          = 4                                         {product} {ergonomic}
     uint ConcGCThreads                            = 3                                         {product} {ergonomic}
     uint G1ConcRefinementThreads                  = 10                                        {product} {ergonomic}
   size_t G1HeapRegionSize                         = 1048576                                   {product} {ergonomic}
    uintx GCDrainStackTargetSize                   = 64                                        {product} {ergonomic}
   size_t InitialHeapSize                          = 132120576                                 {product} {ergonomic}
   size_t MarkStackSize                            = 4194304                                   {product} {ergonomic}
    uintx MaxGCPauseMillis                         = 50                                        {product} {command line}
   size_t MaxHeapSize                              = 2101346304                                {product} {ergonomic}
   size_t MaxNewSize                               = 1260388352                                {product} {ergonomic}
   size_t MinHeapDeltaBytes                        = 1048576                                   {product} {ergonomic}
   size_t MinHeapSize                              = 8388608                                   {product} {ergonomic}
    uintx NonNMethodCodeHeapSize                   = 5839372                                {pd product} {ergonomic}
    uintx NonProfiledCodeHeapSize                  = 122909434                              {pd product} {ergonomic}
    uintx ProfiledCodeHeapSize                     = 122909434                              {pd product} {ergonomic}
    uintx ReservedCodeCacheSize                    = 251658240                              {pd product} {ergonomic}
     bool SegmentedCodeCache                       = true                                      {product} {ergonomic}
   size_t SoftMaxHeapSize                          = 2101346304                             {manageable} {ergonomic}
     bool UseCompressedClassPointers               = true                           {product lp64_product} {ergonomic}
     bool UseCompressedOops                        = true                           {product lp64_product} {ergonomic}
     bool UseG1GC                                  = true                                      {product} {ergonomic}
     bool UseLargePagesIndividualAllocation        = false                                  {pd product} {ergonomic}

Logging:
Log output configuration:
 #0: stdout all=warning uptime,level,tags
 #1: stderr all=off uptime,level,tags

Environment Variables:
JAVA_HOME=C:\Users\Abraham Willem H\AppData\Local\Programs\Eclipse Adoptium\jdk-17.0.8.101-hotspot\
PATH=C:\Program Files\Common Files\Oracle\Java\javapath;C:\Program Files (x86)\Common Files\Oracle\Java\javapath;C:\Windows\system32;C:\Windows;C:\Windows\System32\Wbem;C:\Windows\System32\WindowsPowerShell\v1.0\;C:\Windows\System32\OpenSSH\;C:\Program Files (x86)\NVIDIA Corporation\PhysX\Common;C:\Program Files\NVIDIA Corporation\NVIDIA NvDLISR;C:\WINDOWS\system32;C:\WINDOWS;C:\WINDOWS\System32\Wbem;C:\WINDOWS\System32\WindowsPowerShell\v1.0\;C:\WINDOWS\System32\OpenSSH\;C:\MinGW\bin;C:\Program Files\dotnet\;C:\Users\Abraham Willem H\AppData\Local\Programs\Python\Python310;C:\Users\Abraham Willem H\AppData\Local\Programs\Python\Python310\Scripts;C:\WINDOWS\system32;C:\WINDOWS;C:\WINDOWS\System32\Wbem;C:\WINDOWS\System32\WindowsPowerShell\v1.0\;C:\WINDOWS\System32\OpenSSH\;C:\FPC\3.2.2\bin\i386-Win32;C:\Program Files (x86)\Microsoft SQL Server\160\Tools\Binn\;C:\Program Files\Microsoft SQL Server\160\Tools\Binn\;C:\Program Files\Microsoft SQL Server\Client SDK\ODBC\170\Tools\Binn\;C:\Program Files\Microsoft SQL Server\160\DTS\Binn\;C:\Program Files (x86)\Microsoft SQL Server\160\DTS\Binn\;C:\Program Files\Azure Data Studio\bin;C:\Program Files\PowerShell\7\;C:\Users\Abraham Willem H\.cargo\bin;C:\Users\Abraham Willem H\AppData\Local\Programs\Eclipse Adoptium\jdk-17.0.8.101-hotspot\bin;C:\Users\Abraham Willem H\AppData\Local\Programs\Python\Python311\Scripts\;C:\Users\Abraham Willem H\AppData\Local\Programs\Python\Python311\;C:\Users\Abraham Willem H\AppData\Local\Microsoft\WindowsApps;C:\Users\Abraham Willem H\AppData\Local\Programs\Microsoft VS Code\bin;C:\MinGW\bin;C:\Users\Abraham Willem H\.dotnet\tools;C:\Program Files\JetBrains\IntelliJ IDEA Community Edition 2022.2.2\bin;;C:\Users\Abraham Willem H\AppData\Local\GitHubDesktop\bin;;C:\Program Files\Azure Data Studio\bin
USERNAME=Abraham Willem H
OS=Windows_NT
PROCESSOR_IDENTIFIER=Intel64 Family 6 Model 165 Stepping 2, GenuineIntel
TMP=C:\Users\ABRAHA~1\AppData\Local\Temp
TEMP=C:\Users\ABRAHA~1\AppData\Local\Temp



---------------  S Y S T E M  ---------------

OS:
 Windows 11 , 64 bit Build 22621 (10.0.22621.2506)
OS uptime: 0 days 0:15 hours

CPU: total 12 (initial active 12) (6 cores per cpu, 2 threads per core) family 6 model 165 stepping 2 microcode 0xe2, cx8, cmov, fxsr, ht, mmx, 3dnowpref, sse, sse2, sse3, ssse3, sse4.1, sse4.2, popcnt, lzcnt, tsc, tscinvbit, avx, avx2, aes, erms, clmul, bmi1, bmi2, adx, fma, vzeroupper, clflush, clflushopt

Memory: 4k page, system-wide physical 8013M (1403M free)
TotalPageFile size 8754M (AvailPageFile size 5M)
current process WorkingSet (physical memory assigned to process): 402M, peak: 402M
current process commit charge ("private bytes"): 458M, peak: 459M

vm_info: OpenJDK 64-Bit Server VM (17.0.4.1+1) for windows-amd64 JRE (17.0.4.1+1), built on Aug 17 2022 07:42:43 by "temurin" with MS VC++ 16.7 (VS2019)

END.
