#
# There is insufficient memory for the Java Runtime Environment to continue.
# Native memory allocation (mmap) failed to map 230686720 bytes for G1 virtual space
# Possible reasons:
#   The system is out of physical RAM or swap space
#   The process is running with CompressedOops enabled, and the Java Heap may be blocking the growth of the native heap
# Possible solutions:
#   Reduce memory load on the system
#   Increase physical memory or swap space
#   Check if swap backing store is full
#   Decrease Java heap size (-Xmx/-Xms)
#   Decrease number of Java threads
#   Decrease Java thread stack sizes (-Xss)
#   Set larger code cache with -XX:ReservedCodeCacheSize=
#   JVM is running with Unscaled Compressed Oops mode in which the Java heap is
#     placed in the first 4GB address space. The Java Heap base address is the
#     maximum limit for the native heap growth. Please use -XX:HeapBaseMinAddress
#     to set the Java Heap base and to place the Java Heap above 4GB virtual address.
# This output file may be truncated or incomplete.
#
#  Out of Memory Error (os_windows.cpp:3541), pid=13184, tid=8096
#
# JRE version: OpenJDK Runtime Environment Temurin-17.0.4.1+1 (17.0.4.1+1) (build 17.0.4.1+1)
# Java VM: OpenJDK 64-Bit Server VM Temurin-17.0.4.1+1 (17.0.4.1+1, mixed mode, sharing, tiered, compressed oops, compressed class ptrs, g1 gc, windows-amd64)
# No core dump will be written. Minidumps are not enabled by default on client versions of Windows
#

---------------  S U M M A R Y ------------

Command Line: -XX:MaxGCPauseMillis=50 -agentlib:jdwp=transport=dt_shmem,address=javadebug -Dfile.encoding=UTF-8 bluej.runtime.ExecServer UTF-8

Host: Intel(R) Core(TM) i5-10500H CPU @ 2.50GHz, 12 cores, 7G,  Windows 11 , 64 bit Build 22621 (10.0.22621.2506)
Time: Mon Dec 11 10:40:17 2023 SE Asia Standard Time elapsed time: 21.832050 seconds (0d 0h 0m 21s)

---------------  T H R E A D  ---------------

Current thread (0x0000021c4a62c940):  VMThread "VM Thread" [stack: 0x000000eff2e00000,0x000000eff2f00000] [id=8096]

Stack: [0x000000eff2e00000,0x000000eff2f00000]
Native frames: (J=compiled Java code, j=interpreted, Vv=VM code, C=native code)
V  [jvm.dll+0x67731a]
V  [jvm.dll+0x832284]
V  [jvm.dll+0x833a2e]
V  [jvm.dll+0x834093]
V  [jvm.dll+0x245775]
V  [jvm.dll+0x674209]
V  [jvm.dll+0x668a92]
V  [jvm.dll+0x30471b]
V  [jvm.dll+0x30bc66]
V  [jvm.dll+0x35ba9e]
V  [jvm.dll+0x35bccf]
V  [jvm.dll+0x2db5b8]
V  [jvm.dll+0x2d986c]
V  [jvm.dll+0x2d8e3c]
V  [jvm.dll+0x31d0c1]
V  [jvm.dll+0x83853b]
V  [jvm.dll+0x839274]
V  [jvm.dll+0x83978c]
V  [jvm.dll+0x839b64]
V  [jvm.dll+0x839c30]
V  [jvm.dll+0x7e240a]
V  [jvm.dll+0x6761a5]
C  [ucrtbase.dll+0x29363]
C  [KERNEL32.DLL+0x1257d]
C  [ntdll.dll+0x5aa58]

VM_Operation (0x000000eff58fe380): G1TryInitiateConcMark, mode: safepoint, requested by thread 0x0000021c4ba75530


---------------  P R O C E S S  ---------------

Threads class SMR info:
_java_thread_list=0x0000021c4baa6710, length=32, elements={
0x0000021c4a637470, 0x0000021c4a6381f0, 0x0000021c4a647570, 0x0000021c4a649e40,
0x0000021c4a64a700, 0x0000021c4a64afc0, 0x0000021c4a64bc60, 0x0000021c4a64e620,
0x0000021c4a651330, 0x0000021c4b0ed180, 0x0000021c4b104360, 0x0000021c4b104e70,
0x0000021c4b10a580, 0x0000021c4b113ff0, 0x0000021c4b5f4100, 0x0000021c4b64eae0,
0x0000021c4b6581c0, 0x0000021c2bf621f0, 0x0000021c4ba73d20, 0x0000021c4ba746c0,
0x0000021c4ba71b70, 0x0000021c4ba74b90, 0x0000021c4ba75060, 0x0000021c4ba75530,
0x0000021c4bc88270, 0x0000021c4bc860c0, 0x0000021c4bc85720, 0x0000021c4bc86590,
0x0000021c4bc8b290, 0x0000021c4bc86a60, 0x0000021c4b1f3ea0, 0x0000021c4cb1c830
}

Java Threads: ( => current thread )
  0x0000021c4a637470 JavaThread "Reference Handler" daemon [_thread_blocked, id=5216, stack(0x000000eff2f00000,0x000000eff3000000)]
  0x0000021c4a6381f0 JavaThread "Finalizer" daemon [_thread_blocked, id=12660, stack(0x000000eff3000000,0x000000eff3100000)]
  0x0000021c4a647570 JavaThread "Signal Dispatcher" daemon [_thread_blocked, id=10488, stack(0x000000eff3100000,0x000000eff3200000)]
  0x0000021c4a649e40 JavaThread "Attach Listener" daemon [_thread_blocked, id=3088, stack(0x000000eff3200000,0x000000eff3300000)]
  0x0000021c4a64a700 JavaThread "Service Thread" daemon [_thread_blocked, id=13624, stack(0x000000eff3300000,0x000000eff3400000)]
  0x0000021c4a64afc0 JavaThread "Monitor Deflation Thread" daemon [_thread_blocked, id=15428, stack(0x000000eff3400000,0x000000eff3500000)]
  0x0000021c4a64bc60 JavaThread "C2 CompilerThread0" daemon [_thread_blocked, id=12512, stack(0x000000eff3500000,0x000000eff3600000)]
  0x0000021c4a64e620 JavaThread "C1 CompilerThread0" daemon [_thread_blocked, id=10248, stack(0x000000eff3600000,0x000000eff3700000)]
  0x0000021c4a651330 JavaThread "Sweeper thread" daemon [_thread_blocked, id=8976, stack(0x000000eff3700000,0x000000eff3800000)]
  0x0000021c4b0ed180 JavaThread "JDWP Transport Listener: dt_shmem" daemon [_thread_blocked, id=4048, stack(0x000000eff3800000,0x000000eff3900000)]
  0x0000021c4b104360 JavaThread "JDWP Event Helper Thread" daemon [_thread_blocked, id=6964, stack(0x000000eff3900000,0x000000eff3a00000)]
  0x0000021c4b104e70 JavaThread "JDWP Command Reader" daemon [_thread_in_native, id=10872, stack(0x000000eff3a00000,0x000000eff3b00000)]
  0x0000021c4b10a580 JavaThread "Notification Thread" daemon [_thread_blocked, id=12204, stack(0x000000eff3b00000,0x000000eff3c00000)]
  0x0000021c4b113ff0 JavaThread "Common-Cleaner" daemon [_thread_blocked, id=11092, stack(0x000000eff3d00000,0x000000eff3e00000)]
  0x0000021c4b5f4100 JavaThread "Java2D Disposer" daemon [_thread_blocked, id=6296, stack(0x000000eff3f00000,0x000000eff4000000)]
  0x0000021c4b64eae0 JavaThread "AWT-Windows" daemon [_thread_in_native, id=4308, stack(0x000000eff4100000,0x000000eff4200000)]
  0x0000021c4b6581c0 JavaThread "BlueJ worker thread" [_thread_blocked, id=2416, stack(0x000000eff4300000,0x000000eff4400000)]
  0x0000021c2bf621f0 JavaThread "DestroyJavaVM" [_thread_blocked, id=10116, stack(0x000000eff2800000,0x000000eff2900000)]
  0x0000021c4ba73d20 JavaThread "QuantumRenderer-0" daemon [_thread_blocked, id=11528, stack(0x000000eff4f00000,0x000000eff5000000)]
  0x0000021c4ba746c0 JavaThread "InvokeLaterDispatcher" daemon [_thread_blocked, id=11500, stack(0x000000eff5000000,0x000000eff5100000)]
  0x0000021c4ba71b70 JavaThread "JavaFX Application Thread" [_thread_in_native, id=9396, stack(0x000000eff5100000,0x000000eff5200000)]
  0x0000021c4ba74b90 JavaThread "VMCommsSimulation" [_thread_in_native, id=1308, stack(0x000000eff5500000,0x000000eff5600000)]
  0x0000021c4ba75060 JavaThread "Thread-2" daemon [_thread_blocked, id=12716, stack(0x000000eff4200000,0x000000eff4300000)]
  0x0000021c4ba75530 JavaThread "SimulationThread" [_thread_blocked, id=10352, stack(0x000000eff5800000,0x000000eff5900000)]
  0x0000021c4bc88270 JavaThread "main" [_thread_blocked, id=10720, stack(0x000000eff4000000,0x000000eff4100000)]
  0x0000021c4bc860c0 JavaThread "SoundStream:file:/D:/CODE/Greenfoot/CODES/The%20Whiskers'%20Redemption/sounds/play.mp3" [_thread_blocked, id=1340, stack(0x000000eff4e00000,0x000000eff4f00000)]
  0x0000021c4bc85720 JavaThread "Java Sound Event Dispatcher" daemon [_thread_blocked, id=4032, stack(0x000000eff5900000,0x000000eff5a00000)]
  0x0000021c4bc86590 JavaThread "SoundStream:file:/D:/CODE/Greenfoot/CODES/The%20Whiskers'%20Redemption/sounds/play.mp3" [_thread_blocked, id=7028, stack(0x000000eff5b00000,0x000000eff5c00000)]
  0x0000021c4bc8b290 JavaThread "SoundStream:file:/D:/CODE/Greenfoot/CODES/The%20Whiskers'%20Redemption/sounds/play.mp3" [_thread_blocked, id=5596, stack(0x000000eff5c00000,0x000000eff5d00000)]
  0x0000021c4bc86a60 JavaThread "SoundStream:file:/D:/CODE/Greenfoot/CODES/The%20Whiskers'%20Redemption/sounds/mainMusic.mp3" [_thread_blocked, id=15520, stack(0x000000eff5d00000,0x000000eff5e00000)]
  0x0000021c4b1f3ea0 JavaThread "C2 CompilerThread1" daemon [_thread_in_native, id=10784, stack(0x000000eff5f00000,0x000000eff6000000)]
  0x0000021c4cb1c830 JavaThread "C2 CompilerThread2" daemon [_thread_blocked, id=15476, stack(0x000000eff6100000,0x000000eff6200000)]

Other Threads:
=>0x0000021c4a62c940 VMThread "VM Thread" [stack: 0x000000eff2e00000,0x000000eff2f00000] [id=8096]
  0x0000021c2bfe2fb0 WatcherThread [stack: 0x000000eff3c00000,0x000000eff3d00000] [id=6904]
  0x0000021c2bfbe3f0 GCTaskThread "GC Thread#0" [stack: 0x000000eff2900000,0x000000eff2a00000] [id=8972]
  0x0000021c4b83b640 GCTaskThread "GC Thread#1" [stack: 0x000000eff4400000,0x000000eff4500000] [id=7460]
  0x0000021c4b7e2ab0 GCTaskThread "GC Thread#2" [stack: 0x000000eff4600000,0x000000eff4700000] [id=5444]
  0x0000021c4b7e6f50 GCTaskThread "GC Thread#3" [stack: 0x000000eff4700000,0x000000eff4800000] [id=13764]
  0x0000021c4b7e7200 GCTaskThread "GC Thread#4" [stack: 0x000000eff4800000,0x000000eff4900000] [id=12596]
  0x0000021c4b7e74b0 GCTaskThread "GC Thread#5" [stack: 0x000000eff4900000,0x000000eff4a00000] [id=13768]
  0x0000021c4b7e7760 GCTaskThread "GC Thread#6" [stack: 0x000000eff4a00000,0x000000eff4b00000] [id=7592]
  0x0000021c4b7e7a10 GCTaskThread "GC Thread#7" [stack: 0x000000eff4b00000,0x000000eff4c00000] [id=14092]
  0x0000021c4b855160 GCTaskThread "GC Thread#8" [stack: 0x000000eff4c00000,0x000000eff4d00000] [id=5260]
  0x0000021c4b855410 GCTaskThread "GC Thread#9" [stack: 0x000000eff4d00000,0x000000eff4e00000] [id=12576]
  0x0000021c2bfcecc0 ConcurrentGCThread "G1 Main Marker" [stack: 0x000000eff2a00000,0x000000eff2b00000] [id=15492]
  0x0000021c2bfcfd80 ConcurrentGCThread "G1 Conc#0" [stack: 0x000000eff2b00000,0x000000eff2c00000] [id=8132]
  0x0000021c4c7eb8a0 ConcurrentGCThread "G1 Conc#1" [stack: 0x000000eff3e00000,0x000000eff3f00000] [id=1360]
  0x0000021c4c7ec0b0 ConcurrentGCThread "G1 Conc#2" [stack: 0x000000eff4500000,0x000000eff4600000] [id=1692]
  0x0000021c4a4e7100 ConcurrentGCThread "G1 Refine#0" [stack: 0x000000eff2c00000,0x000000eff2d00000] [id=11192]
  0x0000021c4a4e7a30 ConcurrentGCThread "G1 Service" [stack: 0x000000eff2d00000,0x000000eff2e00000] [id=7896]

Threads with active compile tasks:
C2 CompilerThread0    21848 1849       4       javazoom.jl.decoder.LayerIIIDecoder::hybrid (904 bytes)
C1 CompilerThread0    21848 1862       3       javazoom.jl.decoder.LayerIIIDecoder::get_scale_factors (1674 bytes)
C2 CompilerThread1    21848 1735 %     4       javazoom.jl.decoder.LayerIIIDecoder::decode @ 478 (583 bytes)
C2 CompilerThread2    21848 1847 %     4       javazoom.jl.decoder.LayerIIIDecoder::dequantize_sample @ 373 (1019 bytes)

VM state: at safepoint (normal execution)

VM Mutex/Monitor currently owned by a thread:  ([mutex/lock_event])
[0x0000021c2bf5e780] Threads_lock - owner thread: 0x0000021c4a62c940
[0x0000021c2bf5e540] Heap_lock - owner thread: 0x0000021c4ba75530

Heap address: 0x0000000082c00000, size: 2004 MB, Compressed Oops mode: 32-bit

CDS archive(s) mapped at: [0x0000000800000000-0x0000000800bc0000-0x0000000800bc0000), size 12320768, SharedBaseAddress: 0x0000000800000000, ArchiveRelocationMode: 0.
Compressed class space mapped at: 0x0000000800c00000-0x0000000840c00000, reserved size: 1073741824
Narrow klass base: 0x0000000800000000, Narrow klass shift: 0, Narrow klass range: 0x100000000

GC Precious Log:
 CPUs: 12 total, 12 available
 Memory: 8013M
 Large Page Support: Disabled
 NUMA Support: Disabled
 Compressed Oops: Enabled (32-bit)
 Heap Region Size: 1M
 Heap Min Capacity: 8M
 Heap Initial Capacity: 126M
 Heap Max Capacity: 2004M
 Pre-touch: Disabled
 Parallel Workers: 10
 Concurrent Workers: 3
 Concurrent Refinement Workers: 10
 Periodic GC: Disabled

Heap:
 garbage-first heap   total 225280K, used 82745K [0x0000000082c00000, 0x0000000100000000)
  region size 1024K, 2 young (2048K), 2 survivors (2048K)
 Metaspace       used 11910K, committed 12160K, reserved 1064960K
  class space    used 1183K, committed 1280K, reserved 1048576K

Heap Regions: E=young(eden), S=young(survivor), O=old, HS=humongous(starts), HC=humongous(continues), CS=collection set, F=free, OA=open archive, CA=closed archive, TAMS=top-at-mark-start (previous, next)
|   0|0x0000000082c00000, 0x0000000082d00000, 0x0000000082d00000|100%| O|  |TAMS 0x0000000082d00000, 0x0000000082d00000| Untracked 
|   1|0x0000000082d00000, 0x0000000082dffe68, 0x0000000082e00000| 99%| O|  |TAMS 0x0000000082dffe68, 0x0000000082dffe68| Untracked 
|   2|0x0000000082e00000, 0x0000000082f00000, 0x0000000082f00000|100%| O|  |TAMS 0x0000000082f00000, 0x0000000082f00000| Untracked 
|   3|0x0000000082f00000, 0x0000000082fffff0, 0x0000000083000000| 99%| O|  |TAMS 0x0000000082fffff0, 0x0000000082fffff0| Untracked 
|   4|0x0000000083000000, 0x00000000830bb080, 0x0000000083100000| 73%| O|  |TAMS 0x00000000830bb080, 0x00000000830bb080| Untracked 
|   5|0x0000000083100000, 0x00000000831f7338, 0x0000000083200000| 96%| O|  |TAMS 0x00000000831f7338, 0x00000000831f7338| Untracked 
|   6|0x0000000083200000, 0x0000000083300000, 0x0000000083300000|100%|HS|  |TAMS 0x0000000083300000, 0x0000000083300000| Complete 
|   7|0x0000000083300000, 0x0000000083400000, 0x0000000083400000|100%|HC|  |TAMS 0x0000000083400000, 0x0000000083400000| Complete 
|   8|0x0000000083400000, 0x0000000083500000, 0x0000000083500000|100%|HC|  |TAMS 0x0000000083500000, 0x0000000083500000| Complete 
|   9|0x0000000083500000, 0x0000000083600000, 0x0000000083600000|100%|HS|  |TAMS 0x0000000083600000, 0x0000000083600000| Complete 
|  10|0x0000000083600000, 0x0000000083700000, 0x0000000083700000|100%|HC|  |TAMS 0x0000000083700000, 0x0000000083700000| Complete 
|  11|0x0000000083700000, 0x0000000083800000, 0x0000000083800000|100%|HC|  |TAMS 0x0000000083800000, 0x0000000083800000| Complete 
|  12|0x0000000083800000, 0x000000008383f408, 0x0000000083900000| 24%| O|  |TAMS 0x000000008383f408, 0x000000008383f408| Untracked 
|  13|0x0000000083900000, 0x0000000083a00000, 0x0000000083a00000|100%|HS|  |TAMS 0x0000000083a00000, 0x0000000083a00000| Complete 
|  14|0x0000000083a00000, 0x0000000083b00000, 0x0000000083b00000|100%|HC|  |TAMS 0x0000000083b00000, 0x0000000083b00000| Complete 
|  15|0x0000000083b00000, 0x0000000083c00000, 0x0000000083c00000|100%|HC|  |TAMS 0x0000000083c00000, 0x0000000083c00000| Complete 
|  16|0x0000000083c00000, 0x0000000083d00000, 0x0000000083d00000|100%|HS|  |TAMS 0x0000000083d00000, 0x0000000083d00000| Complete 
|  17|0x0000000083d00000, 0x0000000083e00000, 0x0000000083e00000|100%|HC|  |TAMS 0x0000000083e00000, 0x0000000083e00000| Complete 
|  18|0x0000000083e00000, 0x0000000083f00000, 0x0000000083f00000|100%|HC|  |TAMS 0x0000000083f00000, 0x0000000083f00000| Complete 
|  19|0x0000000083f00000, 0x0000000083f00000, 0x0000000084000000|  0%| F|  |TAMS 0x0000000083f00000, 0x0000000083f00000| Untracked 
|  20|0x0000000084000000, 0x0000000084007600, 0x0000000084100000|  2%| O|  |TAMS 0x0000000084002a00, 0x0000000084005400| Untracked 
|  21|0x0000000084100000, 0x0000000084100000, 0x0000000084200000|  0%| F|  |TAMS 0x0000000084100000, 0x0000000084100000| Untracked 
|  22|0x0000000084200000, 0x0000000084200000, 0x0000000084300000|  0%| F|  |TAMS 0x0000000084200000, 0x0000000084200000| Untracked 
|  23|0x0000000084300000, 0x0000000084300000, 0x0000000084400000|  0%| F|  |TAMS 0x0000000084300000, 0x0000000084300000| Untracked 
|  24|0x0000000084400000, 0x0000000084400000, 0x0000000084500000|  0%| F|  |TAMS 0x0000000084400000, 0x0000000084400000| Untracked 
|  25|0x0000000084500000, 0x0000000084600000, 0x0000000084600000|100%|HS|  |TAMS 0x0000000084600000, 0x0000000084600000| Complete 
|  26|0x0000000084600000, 0x0000000084700000, 0x0000000084700000|100%|HC|  |TAMS 0x0000000084700000, 0x0000000084700000| Complete 
|  27|0x0000000084700000, 0x0000000084800000, 0x0000000084800000|100%|HC|  |TAMS 0x0000000084800000, 0x0000000084800000| Complete 
|  28|0x0000000084800000, 0x0000000084800000, 0x0000000084900000|  0%| F|  |TAMS 0x0000000084800000, 0x0000000084800000| Untracked 
|  29|0x0000000084900000, 0x0000000084900000, 0x0000000084a00000|  0%| F|  |TAMS 0x0000000084900000, 0x0000000084900000| Untracked 
|  30|0x0000000084a00000, 0x0000000084a00000, 0x0000000084b00000|  0%| F|  |TAMS 0x0000000084a00000, 0x0000000084a00000| Untracked 
|  31|0x0000000084b00000, 0x0000000084b00000, 0x0000000084c00000|  0%| F|  |TAMS 0x0000000084b00000, 0x0000000084b00000| Untracked 
|  32|0x0000000084c00000, 0x0000000084c00000, 0x0000000084d00000|  0%| F|  |TAMS 0x0000000084c00000, 0x0000000084c00000| Untracked 
|  33|0x0000000084d00000, 0x0000000084d00000, 0x0000000084e00000|  0%| F|  |TAMS 0x0000000084d00000, 0x0000000084d00000| Untracked 
|  34|0x0000000084e00000, 0x0000000084e00608, 0x0000000084f00000|  0%| O|  |TAMS 0x0000000084e00608, 0x0000000084e00608| Untracked 
|  35|0x0000000084f00000, 0x0000000084f00000, 0x0000000085000000|  0%| F|  |TAMS 0x0000000084f00000, 0x0000000084f00000| Untracked 
|  36|0x0000000085000000, 0x0000000085000000, 0x0000000085100000|  0%| F|  |TAMS 0x0000000085000000, 0x0000000085000000| Untracked 
|  37|0x0000000085100000, 0x0000000085100000, 0x0000000085200000|  0%| F|  |TAMS 0x0000000085100000, 0x0000000085100000| Untracked 
|  38|0x0000000085200000, 0x0000000085200000, 0x0000000085300000|  0%| F|  |TAMS 0x0000000085200000, 0x0000000085200000| Untracked 
|  39|0x0000000085300000, 0x0000000085300000, 0x0000000085400000|  0%| F|  |TAMS 0x0000000085300000, 0x0000000085300000| Untracked 
|  40|0x0000000085400000, 0x0000000085400000, 0x0000000085500000|  0%| F|  |TAMS 0x0000000085400000, 0x0000000085400000| Untracked 
|  41|0x0000000085500000, 0x0000000085600000, 0x0000000085600000|100%|HS|  |TAMS 0x0000000085600000, 0x0000000085600000| Complete 
|  42|0x0000000085600000, 0x0000000085700000, 0x0000000085700000|100%|HC|  |TAMS 0x0000000085700000, 0x0000000085700000| Complete 
|  43|0x0000000085700000, 0x0000000085800000, 0x0000000085800000|100%|HC|  |TAMS 0x0000000085800000, 0x0000000085800000| Complete 
|  44|0x0000000085800000, 0x0000000085900000, 0x0000000085900000|100%|HS|  |TAMS 0x0000000085900000, 0x0000000085900000| Complete 
|  45|0x0000000085900000, 0x0000000085a00000, 0x0000000085a00000|100%|HC|  |TAMS 0x0000000085a00000, 0x0000000085a00000| Complete 
|  46|0x0000000085a00000, 0x0000000085b00000, 0x0000000085b00000|100%|HC|  |TAMS 0x0000000085b00000, 0x0000000085b00000| Complete 
|  47|0x0000000085b00000, 0x0000000085c00000, 0x0000000085c00000|100%|HS|  |TAMS 0x0000000085c00000, 0x0000000085c00000| Complete 
|  48|0x0000000085c00000, 0x0000000085d00000, 0x0000000085d00000|100%|HC|  |TAMS 0x0000000085d00000, 0x0000000085d00000| Complete 
|  49|0x0000000085d00000, 0x0000000085e00000, 0x0000000085e00000|100%|HC|  |TAMS 0x0000000085e00000, 0x0000000085e00000| Complete 
|  50|0x0000000085e00000, 0x0000000085e00000, 0x0000000085f00000|  0%| F|  |TAMS 0x0000000085e00000, 0x0000000085e00000| Untracked 
|  51|0x0000000085f00000, 0x0000000085f00000, 0x0000000086000000|  0%| F|  |TAMS 0x0000000085f00000, 0x0000000085f00000| Untracked 
|  52|0x0000000086000000, 0x0000000086000000, 0x0000000086100000|  0%| F|  |TAMS 0x0000000086000000, 0x0000000086000000| Untracked 
|  53|0x0000000086100000, 0x0000000086100000, 0x0000000086200000|  0%| F|  |TAMS 0x0000000086100000, 0x0000000086100000| Untracked 
|  54|0x0000000086200000, 0x0000000086300000, 0x0000000086300000|100%|HS|  |TAMS 0x0000000086300000, 0x0000000086300000| Complete 
|  55|0x0000000086300000, 0x0000000086400000, 0x0000000086400000|100%|HS|  |TAMS 0x0000000086400000, 0x0000000086400000| Complete 
|  56|0x0000000086400000, 0x0000000086500000, 0x0000000086500000|100%|HC|  |TAMS 0x0000000086500000, 0x0000000086500000| Complete 
|  57|0x0000000086500000, 0x0000000086600000, 0x0000000086600000|100%|HC|  |TAMS 0x0000000086600000, 0x0000000086600000| Complete 
|  58|0x0000000086600000, 0x0000000086700000, 0x0000000086700000|100%|HS|  |TAMS 0x0000000086600000, 0x0000000086700000| Complete 
|  59|0x0000000086700000, 0x0000000086800000, 0x0000000086800000|100%|HC|  |TAMS 0x0000000086700000, 0x0000000086800000| Complete 
|  60|0x0000000086800000, 0x0000000086900000, 0x0000000086900000|100%|HC|  |TAMS 0x0000000086800000, 0x0000000086900000| Complete 
|  61|0x0000000086900000, 0x0000000086a00000, 0x0000000086a00000|100%|HC|  |TAMS 0x0000000086900000, 0x0000000086a00000| Complete 
|  62|0x0000000086a00000, 0x0000000086b00000, 0x0000000086b00000|100%|HC|  |TAMS 0x0000000086a00000, 0x0000000086b00000| Complete 
|  63|0x0000000086b00000, 0x0000000086c00000, 0x0000000086c00000|100%|HC|  |TAMS 0x0000000086b00000, 0x0000000086c00000| Complete 
|  64|0x0000000086c00000, 0x0000000086d00000, 0x0000000086d00000|100%|HC|  |TAMS 0x0000000086c00000, 0x0000000086d00000| Complete 
|  65|0x0000000086d00000, 0x0000000086e00000, 0x0000000086e00000|100%|HC|  |TAMS 0x0000000086d00000, 0x0000000086e00000| Complete 
|  66|0x0000000086e00000, 0x0000000086f00000, 0x0000000086f00000|100%|HC|  |TAMS 0x0000000086e00000, 0x0000000086f00000| Complete 
|  67|0x0000000086f00000, 0x0000000087000000, 0x0000000087000000|100%|HC|  |TAMS 0x0000000086f00000, 0x0000000087000000| Complete 
|  68|0x0000000087000000, 0x0000000087100000, 0x0000000087100000|100%|HC|  |TAMS 0x0000000087000000, 0x0000000087100000| Complete 
|  69|0x0000000087100000, 0x0000000087200000, 0x0000000087200000|100%|HC|  |TAMS 0x0000000087100000, 0x0000000087200000| Complete 
|  70|0x0000000087200000, 0x0000000087300000, 0x0000000087300000|100%|HC|  |TAMS 0x0000000087200000, 0x0000000087300000| Complete 
|  71|0x0000000087300000, 0x0000000087400000, 0x0000000087400000|100%|HC|  |TAMS 0x0000000087300000, 0x0000000087400000| Complete 
|  72|0x0000000087400000, 0x0000000087500000, 0x0000000087500000|100%|HC|  |TAMS 0x0000000087400000, 0x0000000087500000| Complete 
|  73|0x0000000087500000, 0x0000000087500000, 0x0000000087600000|  0%| F|  |TAMS 0x0000000087500000, 0x0000000087500000| Untracked 
|  74|0x0000000087600000, 0x0000000087600000, 0x0000000087700000|  0%| F|  |TAMS 0x0000000087600000, 0x0000000087600000| Untracked 
|  75|0x0000000087700000, 0x0000000087700000, 0x0000000087800000|  0%| F|  |TAMS 0x0000000087700000, 0x0000000087700000| Untracked 
|  76|0x0000000087800000, 0x0000000087800000, 0x0000000087900000|  0%| F|  |TAMS 0x0000000087800000, 0x0000000087800000| Untracked 
|  77|0x0000000087900000, 0x0000000087900000, 0x0000000087a00000|  0%| F|  |TAMS 0x0000000087900000, 0x0000000087900000| Untracked 
|  78|0x0000000087a00000, 0x0000000087a00000, 0x0000000087b00000|  0%| F|  |TAMS 0x0000000087a00000, 0x0000000087a00000| Untracked 
|  79|0x0000000087b00000, 0x0000000087b00000, 0x0000000087c00000|  0%| F|  |TAMS 0x0000000087b00000, 0x0000000087b00000| Untracked 
|  80|0x0000000087c00000, 0x0000000087c00000, 0x0000000087d00000|  0%| F|  |TAMS 0x0000000087c00000, 0x0000000087c00000| Untracked 
|  81|0x0000000087d00000, 0x0000000087d00000, 0x0000000087e00000|  0%| F|  |TAMS 0x0000000087d00000, 0x0000000087d00000| Untracked 
|  82|0x0000000087e00000, 0x0000000087e00000, 0x0000000087f00000|  0%| F|  |TAMS 0x0000000087e00000, 0x0000000087e00000| Untracked 
|  83|0x0000000087f00000, 0x0000000087f00000, 0x0000000088000000|  0%| F|  |TAMS 0x0000000087f00000, 0x0000000087f00000| Untracked 
|  84|0x0000000088000000, 0x0000000088000000, 0x0000000088100000|  0%| F|  |TAMS 0x0000000088000000, 0x0000000088000000| Untracked 
|  85|0x0000000088100000, 0x0000000088100000, 0x0000000088200000|  0%| F|  |TAMS 0x0000000088100000, 0x0000000088100000| Untracked 
|  86|0x0000000088200000, 0x0000000088200000, 0x0000000088300000|  0%| F|  |TAMS 0x0000000088200000, 0x0000000088200000| Untracked 
|  87|0x0000000088300000, 0x0000000088300000, 0x0000000088400000|  0%| F|  |TAMS 0x0000000088300000, 0x0000000088300000| Untracked 
|  88|0x0000000088400000, 0x0000000088400000, 0x0000000088500000|  0%| F|  |TAMS 0x0000000088400000, 0x0000000088400000| Untracked 
|  89|0x0000000088500000, 0x0000000088500000, 0x0000000088600000|  0%| F|  |TAMS 0x0000000088500000, 0x0000000088500000| Untracked 
|  90|0x0000000088600000, 0x0000000088600000, 0x0000000088700000|  0%| F|  |TAMS 0x0000000088600000, 0x0000000088600000| Untracked 
|  91|0x0000000088700000, 0x0000000088700000, 0x0000000088800000|  0%| F|  |TAMS 0x0000000088700000, 0x0000000088700000| Untracked 
|  92|0x0000000088800000, 0x0000000088800000, 0x0000000088900000|  0%| F|  |TAMS 0x0000000088800000, 0x0000000088800000| Untracked 
|  93|0x0000000088900000, 0x0000000088900000, 0x0000000088a00000|  0%| F|  |TAMS 0x0000000088900000, 0x0000000088900000| Untracked 
|  94|0x0000000088a00000, 0x0000000088a00000, 0x0000000088b00000|  0%| F|  |TAMS 0x0000000088a00000, 0x0000000088a00000| Untracked 
|  95|0x0000000088b00000, 0x0000000088b00000, 0x0000000088c00000|  0%| F|  |TAMS 0x0000000088b00000, 0x0000000088b00000| Untracked 
|  96|0x0000000088c00000, 0x0000000088c00000, 0x0000000088d00000|  0%| F|  |TAMS 0x0000000088c00000, 0x0000000088c00000| Untracked 
|  97|0x0000000088d00000, 0x0000000088d00000, 0x0000000088e00000|  0%| F|  |TAMS 0x0000000088d00000, 0x0000000088d00000| Untracked 
|  98|0x0000000088e00000, 0x0000000088e00000, 0x0000000088f00000|  0%| F|  |TAMS 0x0000000088e00000, 0x0000000088e00000| Untracked 
|  99|0x0000000088f00000, 0x0000000088f00000, 0x0000000089000000|  0%| F|  |TAMS 0x0000000088f00000, 0x0000000088f00000| Untracked 
| 100|0x0000000089000000, 0x0000000089000000, 0x0000000089100000|  0%| F|  |TAMS 0x0000000089000000, 0x0000000089000000| Untracked 
| 101|0x0000000089100000, 0x0000000089100000, 0x0000000089200000|  0%| F|  |TAMS 0x0000000089100000, 0x0000000089100000| Untracked 
| 102|0x0000000089200000, 0x0000000089200000, 0x0000000089300000|  0%| F|  |TAMS 0x0000000089200000, 0x0000000089200000| Untracked 
| 103|0x0000000089300000, 0x0000000089400000, 0x0000000089400000|100%|HS|  |TAMS 0x0000000089300000, 0x0000000089400000| Complete 
| 104|0x0000000089400000, 0x0000000089500000, 0x0000000089500000|100%|HC|  |TAMS 0x0000000089400000, 0x0000000089500000| Complete 
| 105|0x0000000089500000, 0x0000000089600000, 0x0000000089600000|100%|HC|  |TAMS 0x0000000089500000, 0x0000000089600000| Complete 
| 106|0x0000000089600000, 0x0000000089700000, 0x0000000089700000|100%|HC|  |TAMS 0x0000000089600000, 0x0000000089700000| Complete 
| 107|0x0000000089700000, 0x0000000089800000, 0x0000000089800000|100%|HC|  |TAMS 0x0000000089700000, 0x0000000089800000| Complete 
| 108|0x0000000089800000, 0x0000000089900000, 0x0000000089900000|100%|HC|  |TAMS 0x0000000089800000, 0x0000000089900000| Complete 
| 109|0x0000000089900000, 0x0000000089a00000, 0x0000000089a00000|100%|HC|  |TAMS 0x0000000089900000, 0x0000000089a00000| Complete 
| 110|0x0000000089a00000, 0x0000000089b00000, 0x0000000089b00000|100%|HC|  |TAMS 0x0000000089a00000, 0x0000000089b00000| Complete 
| 111|0x0000000089b00000, 0x0000000089c00000, 0x0000000089c00000|100%|HC|  |TAMS 0x0000000089b00000, 0x0000000089c00000| Complete 
| 112|0x0000000089c00000, 0x0000000089d00000, 0x0000000089d00000|100%|HC|  |TAMS 0x0000000089c00000, 0x0000000089d00000| Complete 
| 113|0x0000000089d00000, 0x0000000089e00000, 0x0000000089e00000|100%|HC|  |TAMS 0x0000000089d00000, 0x0000000089e00000| Complete 
| 114|0x0000000089e00000, 0x0000000089f00000, 0x0000000089f00000|100%|HC|  |TAMS 0x0000000089e00000, 0x0000000089f00000| Complete 
| 115|0x0000000089f00000, 0x000000008a000000, 0x000000008a000000|100%|HC|  |TAMS 0x0000000089f00000, 0x000000008a000000| Complete 
| 116|0x000000008a000000, 0x000000008a100000, 0x000000008a100000|100%|HC|  |TAMS 0x000000008a000000, 0x000000008a100000| Complete 
| 117|0x000000008a100000, 0x000000008a200000, 0x000000008a200000|100%|HC|  |TAMS 0x000000008a100000, 0x000000008a200000| Complete 
| 118|0x000000008a200000, 0x000000008a300000, 0x000000008a300000|100%|HS|  |TAMS 0x000000008a200000, 0x000000008a300000| Complete 
| 119|0x000000008a300000, 0x000000008a400000, 0x000000008a400000|100%|HC|  |TAMS 0x000000008a300000, 0x000000008a400000| Complete 
| 120|0x000000008a400000, 0x000000008a500000, 0x000000008a500000|100%|HC|  |TAMS 0x000000008a400000, 0x000000008a500000| Complete 
| 121|0x000000008a500000, 0x000000008a600000, 0x000000008a600000|100%|HC|  |TAMS 0x000000008a500000, 0x000000008a600000| Complete 
| 122|0x000000008a600000, 0x000000008a700000, 0x000000008a700000|100%|HC|  |TAMS 0x000000008a600000, 0x000000008a700000| Complete 
| 123|0x000000008a700000, 0x000000008a800000, 0x000000008a800000|100%|HC|  |TAMS 0x000000008a700000, 0x000000008a800000| Complete 
| 124|0x000000008a800000, 0x000000008a900000, 0x000000008a900000|100%|HC|  |TAMS 0x000000008a800000, 0x000000008a900000| Complete 
| 125|0x000000008a900000, 0x000000008aa00000, 0x000000008aa00000|100%|HC|  |TAMS 0x000000008a900000, 0x000000008aa00000| Complete 
| 126|0x000000008aa00000, 0x000000008ab00000, 0x000000008ab00000|100%|HC|  |TAMS 0x000000008aa00000, 0x000000008ab00000| Complete 
| 127|0x000000008ab00000, 0x000000008ac00000, 0x000000008ac00000|100%|HC|  |TAMS 0x000000008ab00000, 0x000000008ac00000| Complete 
| 128|0x000000008ac00000, 0x000000008ad00000, 0x000000008ad00000|100%|HC|  |TAMS 0x000000008ac00000, 0x000000008ad00000| Complete 
| 129|0x000000008ad00000, 0x000000008ae00000, 0x000000008ae00000|100%|HC|  |TAMS 0x000000008ad00000, 0x000000008ae00000| Complete 
| 130|0x000000008ae00000, 0x000000008af00000, 0x000000008af00000|100%|HC|  |TAMS 0x000000008ae00000, 0x000000008af00000| Complete 
| 131|0x000000008af00000, 0x000000008b000000, 0x000000008b000000|100%|HC|  |TAMS 0x000000008af00000, 0x000000008b000000| Complete 
| 132|0x000000008b000000, 0x000000008b100000, 0x000000008b100000|100%|HC|  |TAMS 0x000000008b000000, 0x000000008b100000| Complete 
| 133|0x000000008b100000, 0x000000008b100000, 0x000000008b200000|  0%| F|  |TAMS 0x000000008b100000, 0x000000008b100000| Untracked 
| 134|0x000000008b200000, 0x000000008b200000, 0x000000008b300000|  0%| F|  |TAMS 0x000000008b200000, 0x000000008b200000| Untracked 
| 135|0x000000008b300000, 0x000000008b300000, 0x000000008b400000|  0%| F|  |TAMS 0x000000008b300000, 0x000000008b300000| Untracked 
| 136|0x000000008b400000, 0x000000008b400000, 0x000000008b500000|  0%| F|  |TAMS 0x000000008b400000, 0x000000008b400000| Untracked 
| 137|0x000000008b500000, 0x000000008b500000, 0x000000008b600000|  0%| F|  |TAMS 0x000000008b500000, 0x000000008b500000| Untracked 
| 138|0x000000008b600000, 0x000000008b600000, 0x000000008b700000|  0%| F|  |TAMS 0x000000008b600000, 0x000000008b600000| Untracked 
| 139|0x000000008b700000, 0x000000008b700000, 0x000000008b800000|  0%| F|  |TAMS 0x000000008b700000, 0x000000008b700000| Untracked 
| 140|0x000000008b800000, 0x000000008b800000, 0x000000008b900000|  0%| F|  |TAMS 0x000000008b800000, 0x000000008b800000| Untracked 
| 141|0x000000008b900000, 0x000000008b900000, 0x000000008ba00000|  0%| F|  |TAMS 0x000000008b900000, 0x000000008b900000| Untracked 
| 142|0x000000008ba00000, 0x000000008ba00000, 0x000000008bb00000|  0%| F|  |TAMS 0x000000008ba00000, 0x000000008ba00000| Untracked 
| 143|0x000000008bb00000, 0x000000008bb00000, 0x000000008bc00000|  0%| F|  |TAMS 0x000000008bb00000, 0x000000008bb00000| Untracked 
| 144|0x000000008bc00000, 0x000000008bc00000, 0x000000008bd00000|  0%| F|  |TAMS 0x000000008bc00000, 0x000000008bc00000| Untracked 
| 145|0x000000008bd00000, 0x000000008bd00000, 0x000000008be00000|  0%| F|  |TAMS 0x000000008bd00000, 0x000000008bd00000| Untracked 
| 146|0x000000008be00000, 0x000000008be00000, 0x000000008bf00000|  0%| F|  |TAMS 0x000000008be00000, 0x000000008be00000| Untracked 
| 147|0x000000008bf00000, 0x000000008bf00000, 0x000000008c000000|  0%| F|  |TAMS 0x000000008bf00000, 0x000000008bf00000| Untracked 
| 148|0x000000008c000000, 0x000000008c000000, 0x000000008c100000|  0%| F|  |TAMS 0x000000008c000000, 0x000000008c000000| Untracked 
| 149|0x000000008c100000, 0x000000008c100000, 0x000000008c200000|  0%| F|  |TAMS 0x000000008c100000, 0x000000008c100000| Untracked 
| 150|0x000000008c200000, 0x000000008c200000, 0x000000008c300000|  0%| F|  |TAMS 0x000000008c200000, 0x000000008c200000| Untracked 
| 151|0x000000008c300000, 0x000000008c300000, 0x000000008c400000|  0%| F|  |TAMS 0x000000008c300000, 0x000000008c300000| Untracked 
| 152|0x000000008c400000, 0x000000008c400000, 0x000000008c500000|  0%| F|  |TAMS 0x000000008c400000, 0x000000008c400000| Untracked 
| 153|0x000000008c500000, 0x000000008c500000, 0x000000008c600000|  0%| F|  |TAMS 0x000000008c500000, 0x000000008c500000| Untracked 
| 154|0x000000008c600000, 0x000000008c600000, 0x000000008c700000|  0%| F|  |TAMS 0x000000008c600000, 0x000000008c600000| Untracked 
| 155|0x000000008c700000, 0x000000008c700000, 0x000000008c800000|  0%| F|  |TAMS 0x000000008c700000, 0x000000008c700000| Untracked 
| 156|0x000000008c800000, 0x000000008c800000, 0x000000008c900000|  0%| F|  |TAMS 0x000000008c800000, 0x000000008c800000| Untracked 
| 157|0x000000008c900000, 0x000000008c900000, 0x000000008ca00000|  0%| F|  |TAMS 0x000000008c900000, 0x000000008c900000| Untracked 
| 158|0x000000008ca00000, 0x000000008ca00000, 0x000000008cb00000|  0%| F|  |TAMS 0x000000008ca00000, 0x000000008ca00000| Untracked 
| 159|0x000000008cb00000, 0x000000008cb00000, 0x000000008cc00000|  0%| F|  |TAMS 0x000000008cb00000, 0x000000008cb00000| Untracked 
| 160|0x000000008cc00000, 0x000000008cc00000, 0x000000008cd00000|  0%| F|  |TAMS 0x000000008cc00000, 0x000000008cc00000| Untracked 
| 161|0x000000008cd00000, 0x000000008cd00000, 0x000000008ce00000|  0%| F|  |TAMS 0x000000008cd00000, 0x000000008cd00000| Untracked 
| 162|0x000000008ce00000, 0x000000008ce00000, 0x000000008cf00000|  0%| F|  |TAMS 0x000000008ce00000, 0x000000008ce00000| Untracked 
| 163|0x000000008cf00000, 0x000000008cf00000, 0x000000008d000000|  0%| F|  |TAMS 0x000000008cf00000, 0x000000008cf00000| Untracked 
| 164|0x000000008d000000, 0x000000008d000000, 0x000000008d100000|  0%| F|  |TAMS 0x000000008d000000, 0x000000008d000000| Untracked 
| 165|0x000000008d100000, 0x000000008d100000, 0x000000008d200000|  0%| F|  |TAMS 0x000000008d100000, 0x000000008d100000| Untracked 
| 166|0x000000008d200000, 0x000000008d200000, 0x000000008d300000|  0%| F|  |TAMS 0x000000008d200000, 0x000000008d200000| Untracked 
| 167|0x000000008d300000, 0x000000008d300000, 0x000000008d400000|  0%| F|  |TAMS 0x000000008d300000, 0x000000008d300000| Untracked 
| 168|0x000000008d400000, 0x000000008d400000, 0x000000008d500000|  0%| F|  |TAMS 0x000000008d400000, 0x000000008d400000| Untracked 
| 169|0x000000008d500000, 0x000000008d500000, 0x000000008d600000|  0%| F|  |TAMS 0x000000008d500000, 0x000000008d500000| Untracked 
| 170|0x000000008d600000, 0x000000008d600000, 0x000000008d700000|  0%| F|  |TAMS 0x000000008d600000, 0x000000008d600000| Untracked 
| 171|0x000000008d700000, 0x000000008d700000, 0x000000008d800000|  0%| F|  |TAMS 0x000000008d700000, 0x000000008d700000| Untracked 
| 172|0x000000008d800000, 0x000000008d800000, 0x000000008d900000|  0%| F|  |TAMS 0x000000008d800000, 0x000000008d800000| Untracked 
| 173|0x000000008d900000, 0x000000008d900000, 0x000000008da00000|  0%| F|  |TAMS 0x000000008d900000, 0x000000008d900000| Untracked 
| 174|0x000000008da00000, 0x000000008da00000, 0x000000008db00000|  0%| F|  |TAMS 0x000000008da00000, 0x000000008da00000| Untracked 
| 175|0x000000008db00000, 0x000000008db00000, 0x000000008dc00000|  0%| F|  |TAMS 0x000000008db00000, 0x000000008db00000| Untracked 
| 176|0x000000008dc00000, 0x000000008dc00000, 0x000000008dd00000|  0%| F|  |TAMS 0x000000008dc00000, 0x000000008dc00000| Untracked 
| 177|0x000000008dd00000, 0x000000008dd00000, 0x000000008de00000|  0%| F|  |TAMS 0x000000008dd00000, 0x000000008dd00000| Untracked 
| 178|0x000000008de00000, 0x000000008de00000, 0x000000008df00000|  0%| F|  |TAMS 0x000000008de00000, 0x000000008de00000| Untracked 
| 179|0x000000008df00000, 0x000000008df00000, 0x000000008e000000|  0%| F|  |TAMS 0x000000008df00000, 0x000000008df00000| Untracked 
| 180|0x000000008e000000, 0x000000008e000000, 0x000000008e100000|  0%| F|  |TAMS 0x000000008e000000, 0x000000008e000000| Untracked 
| 181|0x000000008e100000, 0x000000008e100000, 0x000000008e200000|  0%| F|  |TAMS 0x000000008e100000, 0x000000008e100000| Untracked 
| 182|0x000000008e200000, 0x000000008e200000, 0x000000008e300000|  0%| F|  |TAMS 0x000000008e200000, 0x000000008e200000| Untracked 
| 183|0x000000008e300000, 0x000000008e300000, 0x000000008e400000|  0%| F|  |TAMS 0x000000008e300000, 0x000000008e300000| Untracked 
| 184|0x000000008e400000, 0x000000008e400000, 0x000000008e500000|  0%| F|  |TAMS 0x000000008e400000, 0x000000008e400000| Untracked 
| 185|0x000000008e500000, 0x000000008e500000, 0x000000008e600000|  0%| F|  |TAMS 0x000000008e500000, 0x000000008e500000| Untracked 
| 186|0x000000008e600000, 0x000000008e600000, 0x000000008e700000|  0%| F|  |TAMS 0x000000008e600000, 0x000000008e600000| Untracked 
| 187|0x000000008e700000, 0x000000008e700000, 0x000000008e800000|  0%| F|  |TAMS 0x000000008e700000, 0x000000008e700000| Untracked 
| 188|0x000000008e800000, 0x000000008e800000, 0x000000008e900000|  0%| F|  |TAMS 0x000000008e800000, 0x000000008e800000| Untracked 
| 189|0x000000008e900000, 0x000000008e900000, 0x000000008ea00000|  0%| F|  |TAMS 0x000000008e900000, 0x000000008e900000| Untracked 
| 190|0x000000008ea00000, 0x000000008ea00000, 0x000000008eb00000|  0%| F|  |TAMS 0x000000008ea00000, 0x000000008ea00000| Untracked 
| 191|0x000000008eb00000, 0x000000008eb00000, 0x000000008ec00000|  0%| F|  |TAMS 0x000000008eb00000, 0x000000008eb00000| Untracked 
| 192|0x000000008ec00000, 0x000000008ec00000, 0x000000008ed00000|  0%| F|  |TAMS 0x000000008ec00000, 0x000000008ec00000| Untracked 
| 193|0x000000008ed00000, 0x000000008ed00000, 0x000000008ee00000|  0%| F|  |TAMS 0x000000008ed00000, 0x000000008ed00000| Untracked 
| 194|0x000000008ee00000, 0x000000008ee00000, 0x000000008ef00000|  0%| F|  |TAMS 0x000000008ee00000, 0x000000008ee00000| Untracked 
| 195|0x000000008ef00000, 0x000000008ef00000, 0x000000008f000000|  0%| F|  |TAMS 0x000000008ef00000, 0x000000008ef00000| Untracked 
| 196|0x000000008f000000, 0x000000008f000000, 0x000000008f100000|  0%| F|  |TAMS 0x000000008f000000, 0x000000008f000000| Untracked 
| 197|0x000000008f100000, 0x000000008f100000, 0x000000008f200000|  0%| F|  |TAMS 0x000000008f100000, 0x000000008f100000| Untracked 
| 198|0x000000008f200000, 0x000000008f200000, 0x000000008f300000|  0%| F|  |TAMS 0x000000008f200000, 0x000000008f200000| Untracked 
| 199|0x000000008f300000, 0x000000008f3d5570, 0x000000008f400000| 83%| S|CS|TAMS 0x000000008f300000, 0x000000008f300000| Complete 
| 200|0x000000008f400000, 0x000000008f500000, 0x000000008f500000|100%| S|CS|TAMS 0x000000008f400000, 0x000000008f400000| Complete 
| 201|0x000000008f500000, 0x000000008f500000, 0x000000008f600000|  0%| F|  |TAMS 0x000000008f500000, 0x000000008f500000| Untracked 
| 202|0x000000008f600000, 0x000000008f600000, 0x000000008f700000|  0%| F|  |TAMS 0x000000008f600000, 0x000000008f600000| Untracked 
| 203|0x000000008f700000, 0x000000008f700000, 0x000000008f800000|  0%| F|  |TAMS 0x000000008f700000, 0x000000008f700000| Untracked 
| 204|0x000000008f800000, 0x000000008f800000, 0x000000008f900000|  0%| F|  |TAMS 0x000000008f800000, 0x000000008f800000| Untracked 
| 205|0x000000008f900000, 0x000000008f900000, 0x000000008fa00000|  0%| F|  |TAMS 0x000000008f900000, 0x000000008f900000| Untracked 
| 206|0x000000008fa00000, 0x000000008fa00000, 0x000000008fb00000|  0%| F|  |TAMS 0x000000008fa00000, 0x000000008fa00000| Untracked 
| 207|0x000000008fb00000, 0x000000008fb00000, 0x000000008fc00000|  0%| F|  |TAMS 0x000000008fb00000, 0x000000008fb00000| Untracked 
| 208|0x000000008fc00000, 0x000000008fc00000, 0x000000008fd00000|  0%| F|  |TAMS 0x000000008fc00000, 0x000000008fc00000| Untracked 
| 209|0x000000008fd00000, 0x000000008fd00000, 0x000000008fe00000|  0%| F|  |TAMS 0x000000008fd00000, 0x000000008fd00000| Untracked 
| 210|0x000000008fe00000, 0x000000008fe00000, 0x000000008ff00000|  0%| F|  |TAMS 0x000000008fe00000, 0x000000008fe00000| Untracked 
| 211|0x000000008ff00000, 0x000000008ff00000, 0x0000000090000000|  0%| F|  |TAMS 0x000000008ff00000, 0x000000008ff00000| Untracked 
| 212|0x0000000090000000, 0x0000000090000000, 0x0000000090100000|  0%| F|  |TAMS 0x0000000090000000, 0x0000000090000000| Untracked 
| 213|0x0000000090100000, 0x0000000090100000, 0x0000000090200000|  0%| F|  |TAMS 0x0000000090100000, 0x0000000090100000| Untracked 
| 214|0x0000000090200000, 0x0000000090200000, 0x0000000090300000|  0%| F|  |TAMS 0x0000000090200000, 0x0000000090200000| Untracked 
| 215|0x0000000090300000, 0x0000000090300000, 0x0000000090400000|  0%| F|  |TAMS 0x0000000090300000, 0x0000000090300000| Untracked 
| 216|0x0000000090400000, 0x0000000090400000, 0x0000000090500000|  0%| F|  |TAMS 0x0000000090400000, 0x0000000090400000| Untracked 
| 217|0x0000000090500000, 0x0000000090500000, 0x0000000090600000|  0%| F|  |TAMS 0x0000000090500000, 0x0000000090500000| Untracked 
| 218|0x0000000090600000, 0x0000000090600000, 0x0000000090700000|  0%| F|  |TAMS 0x0000000090600000, 0x0000000090600000| Untracked 
| 219|0x0000000090700000, 0x0000000090700000, 0x0000000090800000|  0%| F|  |TAMS 0x0000000090700000, 0x0000000090700000| Untracked 

Card table byte_map: [0x0000021c43390000,0x0000021c43780000] _byte_map_base: 0x0000021c42f7a000

Marking Bits (Prev, Next): (CMBitMap*) 0x0000021c2bfbe950, (CMBitMap*) 0x0000021c2bfbe910
 Prev Bits: [0x0000021c45ac0000, 0x0000021c47a10000)
 Next Bits: [0x0000021c43b70000, 0x0000021c45ac0000)

Polling page: 0x0000021c29ec0000

Metaspace:

Usage:
  Non-class:     10.48 MB used.
      Class:      1.16 MB used.
       Both:     11.63 MB used.

Virtual space:
  Non-class space:       16.00 MB reserved,      10.62 MB ( 66%) committed,  2 nodes.
      Class space:        1.00 GB reserved,       1.25 MB ( <1%) committed,  1 nodes.
             Both:        1.02 GB reserved,      11.88 MB (  1%) committed. 

Chunk freelists:
   Non-Class:  747.00 KB
       Class:  2.64 MB
        Both:  3.37 MB

MaxMetaspaceSize: unlimited
CompressedClassSpaceSize: 1.00 GB
Initial GC threshold: 21.00 MB
Current GC threshold: 21.00 MB
CDS: on
MetaspaceReclaimPolicy: balanced
 - commit_granule_bytes: 65536.
 - commit_granule_words: 8192.
 - virtual_space_node_default_size: 1048576.
 - enlarge_chunks_in_place: 1.
 - new_chunks_are_fully_committed: 0.
 - uncommit_free_chunks: 1.
 - use_allocation_guard: 0.
 - handle_deallocations: 1.


Internal statistics:

num_allocs_failed_limit: 0.
num_arena_births: 246.
num_arena_deaths: 0.
num_vsnodes_births: 3.
num_vsnodes_deaths: 0.
num_space_committed: 190.
num_space_uncommitted: 0.
num_chunks_returned_to_freelist: 0.
num_chunks_taken_from_freelist: 459.
num_chunk_merges: 0.
num_chunk_splits: 286.
num_chunks_enlarged: 166.
num_purges: 0.
num_inconsistent_stats: 0.

CodeHeap 'non-profiled nmethods': size=120000Kb used=1092Kb max_used=1092Kb free=118907Kb
 bounds [0x0000021c3b510000, 0x0000021c3b780000, 0x0000021c42a40000]
CodeHeap 'profiled nmethods': size=120000Kb used=3843Kb max_used=3843Kb free=116156Kb
 bounds [0x0000021c33fe0000, 0x0000021c343b0000, 0x0000021c3b510000]
CodeHeap 'non-nmethods': size=5760Kb used=1426Kb max_used=1540Kb free=4333Kb
 bounds [0x0000021c33a40000, 0x0000021c33cb0000, 0x0000021c33fe0000]
 total_blobs=2556 nmethods=1850 adapters=619
 compilation: enabled
              stopped_count=0, restarted_count=0
 full_count=0

Compilation events (20 events):
Event: 21.826 Thread 0x0000021c4a64e620 nmethod 1833 0x0000021c3439bb90 code [0x0000021c3439bd20, 0x0000021c3439be78]
Event: 21.826 Thread 0x0000021c4a64e620 1844       3       java.lang.invoke.MemberName::<init> (50 bytes)
Event: 21.826 Thread 0x0000021c4a64e620 nmethod 1844 0x0000021c3439bf10 code [0x0000021c3439c0e0, 0x0000021c3439c3f8]
Event: 21.826 Thread 0x0000021c4a64e620 1854       3       java.lang.invoke.LambdaForm$MH/0x0000000800c07400::invoke (32 bytes)
Event: 21.826 Thread 0x0000021c4a64e620 nmethod 1854 0x0000021c3439c590 code [0x0000021c3439c760, 0x0000021c3439cc78]
Event: 21.826 Thread 0x0000021c4a64e620 1855       3       java.lang.invoke.DirectMethodHandle$Holder::invokeStatic (21 bytes)
Event: 21.826 Thread 0x0000021c4a64e620 nmethod 1855 0x0000021c3439ce10 code [0x0000021c3439cfe0, 0x0000021c3439d518]
Event: 21.826 Thread 0x0000021c4a64e620 1856       3       java.lang.StringConcatHelper::prepend (22 bytes)
Event: 21.826 Thread 0x0000021c4a64e620 nmethod 1856 0x0000021c3439d610 code [0x0000021c3439d7e0, 0x0000021c3439da88]
Event: 21.826 Thread 0x0000021c4a64e620 1857       3       java.lang.invoke.LambdaForm$MH/0x0000000800c08000::invoke (27 bytes)
Event: 21.826 Thread 0x0000021c4a64e620 nmethod 1857 0x0000021c3439db90 code [0x0000021c3439dd40, 0x0000021c3439e0f8]
Event: 21.827 Thread 0x0000021c4a64e620 1858       3       javazoom.jl.decoder.Bitstream::parse_frame (149 bytes)
Event: 21.827 Thread 0x0000021c4a64e620 nmethod 1858 0x0000021c3439e290 code [0x0000021c3439e440, 0x0000021c3439e818]
Event: 21.827 Thread 0x0000021c4a64e620 1860       3       java.io.PushbackInputStream::read (145 bytes)
Event: 21.827 Thread 0x0000021c4a64e620 nmethod 1860 0x0000021c3439ea90 code [0x0000021c3439ece0, 0x0000021c3439f668]
Event: 21.827 Thread 0x0000021c4a64e620 1859       3       java.lang.invoke.Invokers$Holder::linkToTargetMethod (9 bytes)
Event: 21.828 Thread 0x0000021c4a64e620 nmethod 1859 0x0000021c3439f990 code [0x0000021c3439fb40, 0x0000021c3439fe58]
Event: 21.828 Thread 0x0000021c4a64e620 1861       3       java.lang.invoke.LambdaForm$MH/0x0000000800c08400::invoke (75 bytes)
Event: 21.828 Thread 0x0000021c4a64e620 nmethod 1861 0x0000021c3439ff10 code [0x0000021c343a0120, 0x0000021c343a0a88]
Event: 21.828 Thread 0x0000021c4a64e620 1862       3       javazoom.jl.decoder.LayerIIIDecoder::get_scale_factors (1674 bytes)

GC Heap History (20 events):
Event: 21.439 GC heap after
{Heap after GC invocations=24 (full 5):
 garbage-first heap   total 135168K, used 25818K [0x0000000082c00000, 0x0000000100000000)
  region size 1024K, 1 young (1024K), 1 survivors (1024K)
 Metaspace       used 11271K, committed 11456K, reserved 1064960K
  class space    used 1115K, committed 1216K, reserved 1048576K
}
Event: 21.577 GC heap before
{Heap before GC invocations=24 (full 5):
 garbage-first heap   total 135168K, used 57562K [0x0000000082c00000, 0x0000000100000000)
  region size 1024K, 3 young (3072K), 1 survivors (1024K)
 Metaspace       used 11339K, committed 11584K, reserved 1064960K
  class space    used 1122K, committed 1216K, reserved 1048576K
}
Event: 21.577 GC heap after
{Heap after GC invocations=25 (full 5):
 garbage-first heap   total 135168K, used 38308K [0x0000000082c00000, 0x0000000100000000)
  region size 1024K, 1 young (1024K), 1 survivors (1024K)
 Metaspace       used 11339K, committed 11584K, reserved 1064960K
  class space    used 1122K, committed 1216K, reserved 1048576K
}
Event: 21.604 GC heap before
{Heap before GC invocations=25 (full 5):
 garbage-first heap   total 135168K, used 56740K [0x0000000082c00000, 0x0000000100000000)
  region size 1024K, 5 young (5120K), 1 survivors (1024K)
 Metaspace       used 11351K, committed 11584K, reserved 1064960K
  class space    used 1122K, committed 1216K, reserved 1048576K
}
Event: 21.605 GC heap after
{Heap after GC invocations=26 (full 5):
 garbage-first heap   total 135168K, used 47547K [0x0000000082c00000, 0x0000000100000000)
  region size 1024K, 1 young (1024K), 1 survivors (1024K)
 Metaspace       used 11351K, committed 11584K, reserved 1064960K
  class space    used 1122K, committed 1216K, reserved 1048576K
}
Event: 21.672 GC heap before
{Heap before GC invocations=26 (full 5):
 garbage-first heap   total 135168K, used 79291K [0x0000000082c00000, 0x0000000100000000)
  region size 1024K, 18 young (18432K), 1 survivors (1024K)
 Metaspace       used 11755K, committed 11904K, reserved 1064960K
  class space    used 1159K, committed 1216K, reserved 1048576K
}
Event: 21.673 GC heap after
{Heap after GC invocations=27 (full 5):
 garbage-first heap   total 135168K, used 54624K [0x0000000082c00000, 0x0000000100000000)
  region size 1024K, 2 young (2048K), 2 survivors (2048K)
 Metaspace       used 11755K, committed 11904K, reserved 1064960K
  class space    used 1159K, committed 1216K, reserved 1048576K
}
Event: 21.675 GC heap before
{Heap before GC invocations=27 (full 5):
 garbage-first heap   total 135168K, used 69984K [0x0000000082c00000, 0x0000000100000000)
  region size 1024K, 3 young (3072K), 2 survivors (2048K)
 Metaspace       used 11755K, committed 11904K, reserved 1064960K
  class space    used 1159K, committed 1216K, reserved 1048576K
}
Event: 21.677 GC heap after
{Heap after GC invocations=28 (full 5):
 garbage-first heap   total 135168K, used 69984K [0x0000000082c00000, 0x0000000100000000)
  region size 1024K, 2 young (2048K), 2 survivors (2048K)
 Metaspace       used 11755K, committed 11904K, reserved 1064960K
  class space    used 1159K, committed 1216K, reserved 1048576K
}
Event: 21.693 GC heap before
{Heap before GC invocations=29 (full 5):
 garbage-first heap   total 147456K, used 83296K [0x0000000082c00000, 0x0000000100000000)
  region size 1024K, 4 young (4096K), 2 survivors (2048K)
 Metaspace       used 11760K, committed 11904K, reserved 1064960K
  class space    used 1159K, committed 1216K, reserved 1048576K
}
Event: 21.694 GC heap after
{Heap after GC invocations=30 (full 5):
 garbage-first heap   total 147456K, used 82537K [0x0000000082c00000, 0x0000000100000000)
  region size 1024K, 2 young (2048K), 2 survivors (2048K)
 Metaspace       used 11760K, committed 11904K, reserved 1064960K
  class space    used 1159K, committed 1216K, reserved 1048576K
}
Event: 21.705 GC heap before
{Heap before GC invocations=31 (full 5):
 garbage-first heap   total 171008K, used 98921K [0x0000000082c00000, 0x0000000100000000)
  region size 1024K, 4 young (4096K), 2 survivors (2048K)
 Metaspace       used 11762K, committed 11904K, reserved 1064960K
  class space    used 1159K, committed 1216K, reserved 1048576K
}
Event: 21.707 GC heap after
{Heap after GC invocations=32 (full 5):
 garbage-first heap   total 225280K, used 67236K [0x0000000082c00000, 0x0000000100000000)
  region size 1024K, 2 young (2048K), 2 survivors (2048K)
 Metaspace       used 11762K, committed 11904K, reserved 1064960K
  class space    used 1159K, committed 1216K, reserved 1048576K
}
Event: 21.757 GC heap before
{Heap before GC invocations=32 (full 5):
 garbage-first heap   total 225280K, used 112292K [0x0000000082c00000, 0x0000000100000000)
  region size 1024K, 17 young (17408K), 2 survivors (2048K)
 Metaspace       used 11762K, committed 11904K, reserved 1064960K
  class space    used 1159K, committed 1216K, reserved 1048576K
}
Event: 21.759 GC heap after
{Heap after GC invocations=33 (full 5):
 garbage-first heap   total 225280K, used 82641K [0x0000000082c00000, 0x0000000100000000)
  region size 1024K, 2 young (2048K), 2 survivors (2048K)
 Metaspace       used 11762K, committed 11904K, reserved 1064960K
  class space    used 1159K, committed 1216K, reserved 1048576K
}
Event: 21.771 GC heap before
{Heap before GC invocations=33 (full 5):
 garbage-first heap   total 225280K, used 98001K [0x0000000082c00000, 0x0000000100000000)
  region size 1024K, 3 young (3072K), 2 survivors (2048K)
 Metaspace       used 11762K, committed 11904K, reserved 1064960K
  class space    used 1159K, committed 1216K, reserved 1048576K
}
Event: 21.772 GC heap after
{Heap after GC invocations=34 (full 5):
 garbage-first heap   total 225280K, used 97913K [0x0000000082c00000, 0x0000000100000000)
  region size 1024K, 2 young (2048K), 2 survivors (2048K)
 Metaspace       used 11762K, committed 11904K, reserved 1064960K
  class space    used 1159K, committed 1216K, reserved 1048576K
}
Event: 21.792 GC heap before
{Heap before GC invocations=34 (full 5):
 garbage-first heap   total 225280K, used 114297K [0x0000000082c00000, 0x0000000100000000)
  region size 1024K, 4 young (4096K), 2 survivors (2048K)
 Metaspace       used 11781K, committed 11968K, reserved 1064960K
  class space    used 1159K, committed 1216K, reserved 1048576K
}
Event: 21.793 GC heap after
{Heap after GC invocations=35 (full 5):
 garbage-first heap   total 225280K, used 82809K [0x0000000082c00000, 0x0000000100000000)
  region size 1024K, 2 young (2048K), 2 survivors (2048K)
 Metaspace       used 11781K, committed 11968K, reserved 1064960K
  class space    used 1159K, committed 1216K, reserved 1048576K
}
Event: 21.830 GC heap before
{Heap before GC invocations=35 (full 5):
 garbage-first heap   total 225280K, used 114553K [0x0000000082c00000, 0x0000000100000000)
  region size 1024K, 19 young (19456K), 2 survivors (2048K)
 Metaspace       used 11910K, committed 12160K, reserved 1064960K
  class space    used 1183K, committed 1280K, reserved 1048576K
}

Deoptimization events (20 events):
Event: 21.828 Thread 0x0000021c4bc86590 DEOPT PACKING pc=0x0000021c3434f31b sp=0x000000eff5bfef80
Event: 21.828 Thread 0x0000021c4bc86590 DEOPT UNPACKING pc=0x0000021c33a92b43 sp=0x000000eff5bfe3c0 mode 0
Event: 21.828 Thread 0x0000021c4bc8b290 DEOPT PACKING pc=0x0000021c3432ec7f sp=0x000000eff5cff020
Event: 21.828 Thread 0x0000021c4bc8b290 DEOPT UNPACKING pc=0x0000021c33a92b43 sp=0x000000eff5cfe4b0 mode 0
Event: 21.828 Thread 0x0000021c4bc860c0 DEOPT PACKING pc=0x0000021c3435e00a sp=0x000000eff4eff560
Event: 21.828 Thread 0x0000021c4bc860c0 DEOPT UNPACKING pc=0x0000021c33a92b43 sp=0x000000eff4efe9f8 mode 0
Event: 21.829 Thread 0x0000021c4bc86a60 DEOPT PACKING pc=0x0000021c3434f31b sp=0x000000eff5dfec60
Event: 21.829 Thread 0x0000021c4bc86a60 DEOPT UNPACKING pc=0x0000021c33a92b43 sp=0x000000eff5dfe0a0 mode 0
Event: 21.829 Thread 0x0000021c4bc860c0 DEOPT PACKING pc=0x0000021c3435e00a sp=0x000000eff4eff560
Event: 21.829 Thread 0x0000021c4bc860c0 DEOPT UNPACKING pc=0x0000021c33a92b43 sp=0x000000eff4efe9f8 mode 0
Event: 21.829 Thread 0x0000021c4bc86590 DEOPT PACKING pc=0x0000021c3433c676 sp=0x000000eff5bfef00
Event: 21.829 Thread 0x0000021c4bc86590 DEOPT UNPACKING pc=0x0000021c33a92b43 sp=0x000000eff5bfe3c0 mode 0
Event: 21.829 Thread 0x0000021c4bc860c0 DEOPT PACKING pc=0x0000021c343549cd sp=0x000000eff4eff330
Event: 21.829 Thread 0x0000021c4bc860c0 DEOPT UNPACKING pc=0x0000021c33a92b43 sp=0x000000eff4efe7f8 mode 0
Event: 21.829 Thread 0x0000021c4bc860c0 DEOPT PACKING pc=0x0000021c3434f31b sp=0x000000eff4eff3c0
Event: 21.829 Thread 0x0000021c4bc860c0 DEOPT UNPACKING pc=0x0000021c33a92b43 sp=0x000000eff4efe800 mode 0
Event: 21.830 Thread 0x0000021c4bc86590 DEOPT PACKING pc=0x0000021c3433c676 sp=0x000000eff5bfef00
Event: 21.830 Thread 0x0000021c4bc8b290 DEOPT PACKING pc=0x0000021c3433c676 sp=0x000000eff5cfefb0
Event: 21.830 Thread 0x0000021c4bc86590 DEOPT UNPACKING pc=0x0000021c33a92b43 sp=0x000000eff5bfe3c0 mode 0
Event: 21.830 Thread 0x0000021c4bc8b290 DEOPT UNPACKING pc=0x0000021c33a92b43 sp=0x000000eff5cfe470 mode 0

Classes unloaded (0 events):
No events

Classes redefined (0 events):
No events

Internal exceptions (20 events):
Event: 0.645 Thread 0x0000021c4b7d7fe0 Exception <a 'java/lang/NoSuchMethodError'{0x000000008a81dde0}: 'java.lang.Object java.lang.invoke.DirectMethodHandle$Holder.invokeStaticInit(java.lang.Object, java.lang.Object, int, int, int, int)'> (0x000000008a81dde0) 
thrown [s\src\hotspot\share\interpreter\linkResolver.cpp, line 759]
Event: 0.683 Thread 0x0000021c4b8fceb0 Exception <a 'java/lang/NoSuchMethodError'{0x000000008a8e4ea0}: 'void java.lang.invoke.DirectMethodHandle$Holder.invokeSpecial(java.lang.Object, java.lang.Object, java.lang.Object)'> (0x000000008a8e4ea0) 
thrown [s\src\hotspot\share\interpreter\linkResolver.cpp, line 759]
Event: 0.685 Thread 0x0000021c4b8fceb0 Exception <a 'java/lang/NoSuchMethodError'{0x000000008a8f07b0}: 'void java.lang.invoke.DirectMethodHandle$Holder.invokeStatic(java.lang.Object, java.lang.Object, java.lang.Object)'> (0x000000008a8f07b0) 
thrown [s\src\hotspot\share\interpreter\linkResolver.cpp, line 759]
Event: 0.701 Thread 0x0000021c4b8fd790 Exception <a 'java/lang/ClassNotFoundException'{0x000000008a7cf210}: sun/util/logging/resources/spi/loggingProvider> (0x000000008a7cf210) 
thrown [s\src\hotspot\share\classfile\systemDictionary.cpp, line 256]
Event: 0.873 Thread 0x0000021c4b8fd790 Exception <a 'java/lang/NoSuchMethodError'{0x000000008a648210}: 'int java.lang.invoke.DirectMethodHandle$Holder.invokeStaticInit(java.lang.Object, java.lang.Object, java.lang.Object)'> (0x000000008a648210) 
thrown [s\src\hotspot\share\interpreter\linkResolver.cpp, line 759]
Event: 0.897 Thread 0x0000021c4b8fd790 Exception <a 'java/lang/NoSuchMethodError'{0x000000008a6eff88}: 'java.lang.Object java.lang.invoke.DirectMethodHandle$Holder.newInvokeSpecial(java.lang.Object, java.lang.Object, int, java.lang.Object)'> (0x000000008a6eff88) 
thrown [s\src\hotspot\share\interpreter\linkResolver.cpp, line 759]
Event: 0.898 Thread 0x0000021c4b8fd790 Exception <a 'java/lang/NoSuchMethodError'{0x000000008a6f40c0}: 'java.lang.Object java.lang.invoke.DirectMethodHandle$Holder.invokeSpecial(java.lang.Object, java.lang.Object, java.lang.Object, int, java.lang.Object)'> (0x000000008a6f40c0) 
thrown [s\src\hotspot\share\interpreter\linkResolver.cpp, line 759]
Event: 0.932 Thread 0x0000021c4ba71b70 Exception <a 'java/lang/NoSuchMethodError'{0x000000008a3c53b0}: 'void java.lang.invoke.DirectMethodHandle$Holder.invokeStaticInit(java.lang.Object)'> (0x000000008a3c53b0) 
thrown [s\src\hotspot\share\interpreter\linkResolver.cpp, line 759]
Event: 0.939 Thread 0x0000021c4b8fceb0 Exception <a 'java/lang/NoSuchMethodError'{0x000000008a9029a8}: 'java.lang.Object java.lang.invoke.Invokers$Holder.invoke_MT(java.lang.Object, java.lang.Object, java.lang.Object)'> (0x000000008a9029a8) 
thrown [s\src\hotspot\share\interpreter\linkResolver.cpp, line 759]
Event: 0.993 Thread 0x0000021c4b8fceb0 Implicit null exception at 0x0000021c3b54f7f7 to 0x0000021c3b54fe58
Event: 0.993 Thread 0x0000021c4b8fceb0 Implicit null exception at 0x0000021c3b54ea77 to 0x0000021c3b54f0c8
Event: 6.125 Thread 0x0000021c4b7dbd60 Exception <a 'java/lang/NoSuchMethodError'{0x0000000084676728}: 'void java.lang.invoke.DirectMethodHandle$Holder.invokeInterface(java.lang.Object, java.lang.Object)'> (0x0000000084676728) 
thrown [s\src\hotspot\share\interpreter\linkResolver.cpp, line 759]
Event: 21.822 Thread 0x0000021c4bc860c0 Exception <a 'java/lang/NoSuchMethodError'{0x000000008f92c150}: 'java.lang.Object java.lang.invoke.DirectMethodHandle$Holder.invokeSpecial(java.lang.Object, java.lang.Object, int, int, int, int)'> (0x000000008f92c150) 
thrown [s\src\hotspot\share\interpreter\linkResolver.cpp, line 759]
Event: 21.822 Thread 0x0000021c4bc86a60 Exception <a 'java/lang/NoSuchMethodError'{0x000000008fbab220}: 'java.lang.Object java.lang.invoke.DirectMethodHandle$Holder.invokeSpecial(java.lang.Object, java.lang.Object, int, int, int, int)'> (0x000000008fbab220) 
thrown [s\src\hotspot\share\interpreter\linkResolver.cpp, line 759]
Event: 21.822 Thread 0x0000021c4bc8b290 Exception <a 'java/lang/NoSuchMethodError'{0x000000008fb29a80}: 'java.lang.Object java.lang.invoke.DirectMethodHandle$Holder.invokeSpecial(java.lang.Object, java.lang.Object, int, int, int, int)'> (0x000000008fb29a80) 
thrown [s\src\hotspot\share\interpreter\linkResolver.cpp, line 759]
Event: 21.822 Thread 0x0000021c4bc86590 Exception <a 'java/lang/NoSuchMethodError'{0x000000008fa29488}: 'java.lang.Object java.lang.invoke.DirectMethodHandle$Holder.invokeSpecial(java.lang.Object, java.lang.Object, int, int, int, int)'> (0x000000008fa29488) 
thrown [s\src\hotspot\share\interpreter\linkResolver.cpp, line 759]
Event: 21.822 Thread 0x0000021c4bc860c0 Exception <a 'java/lang/NoSuchMethodError'{0x000000008f92f4e8}: 'java.lang.Object java.lang.invoke.Invokers$Holder.linkToTargetMethod(int, int, int, int, java.lang.Object)'> (0x000000008f92f4e8) 
thrown [s\src\hotspot\share\interpreter\linkResolver.cpp, line 759]
Event: 21.822 Thread 0x0000021c4bc86a60 Exception <a 'java/lang/NoSuchMethodError'{0x000000008fbae568}: 'java.lang.Object java.lang.invoke.Invokers$Holder.linkToTargetMethod(int, int, int, int, java.lang.Object)'> (0x000000008fbae568) 
thrown [s\src\hotspot\share\interpreter\linkResolver.cpp, line 759]
Event: 21.822 Thread 0x0000021c4bc86590 Exception <a 'java/lang/NoSuchMethodError'{0x000000008fa2c7d0}: 'java.lang.Object java.lang.invoke.Invokers$Holder.linkToTargetMethod(int, int, int, int, java.lang.Object)'> (0x000000008fa2c7d0) 
thrown [s\src\hotspot\share\interpreter\linkResolver.cpp, line 759]
Event: 21.822 Thread 0x0000021c4bc8b290 Exception <a 'java/lang/NoSuchMethodError'{0x000000008fb2cdc8}: 'java.lang.Object java.lang.invoke.Invokers$Holder.linkToTargetMethod(int, int, int, int, java.lang.Object)'> (0x000000008fb2cdc8) 
thrown [s\src\hotspot\share\interpreter\linkResolver.cpp, line 759]

VM Operations (20 events):
Event: 21.677 Executing VM operation: G1TryInitiateConcMark done
Event: 21.681 Executing VM operation: G1Concurrent
Event: 21.682 Executing VM operation: G1Concurrent done
Event: 21.684 Executing VM operation: G1Concurrent
Event: 21.684 Executing VM operation: G1Concurrent done
Event: 21.693 Executing VM operation: G1TryInitiateConcMark
Event: 21.694 Executing VM operation: G1TryInitiateConcMark done
Event: 21.699 Executing VM operation: G1Concurrent
Event: 21.700 Executing VM operation: G1Concurrent done
Event: 21.702 Executing VM operation: G1Concurrent
Event: 21.702 Executing VM operation: G1Concurrent done
Event: 21.705 Executing VM operation: G1TryInitiateConcMark
Event: 21.707 Executing VM operation: G1TryInitiateConcMark done
Event: 21.757 Executing VM operation: G1TryInitiateConcMark
Event: 21.759 Executing VM operation: G1TryInitiateConcMark done
Event: 21.771 Executing VM operation: G1TryInitiateConcMark
Event: 21.772 Executing VM operation: G1TryInitiateConcMark done
Event: 21.792 Executing VM operation: G1TryInitiateConcMark
Event: 21.793 Executing VM operation: G1TryInitiateConcMark done
Event: 21.830 Executing VM operation: G1TryInitiateConcMark

Events (20 events):
Event: 21.630 loading class java/io/ClassCache$1 done
Event: 21.630 loading class java/io/ObjectStreamClass$Caches$2
Event: 21.631 loading class java/io/ObjectStreamClass$Caches$2 done
Event: 21.631 loading class java/lang/reflect/Proxy
Event: 21.631 loading class java/lang/reflect/Proxy done
Event: 21.631 loading class java/lang/reflect/InvocationHandler
Event: 21.631 loading class java/lang/reflect/InvocationHandler done
Event: 21.631 loading class java/lang/reflect/Proxy$1
Event: 21.631 loading class java/lang/reflect/Proxy$1 done
Event: 21.631 loading class java/io/ObjectStreamClass$2
Event: 21.631 loading class java/io/ObjectStreamClass$2 done
Event: 21.631 loading class java/io/ClassCache$CacheRef
Event: 21.631 loading class java/io/ClassCache$CacheRef done
Event: 21.631 loading class java/io/ObjectStreamClass$FieldReflectorKey
Event: 21.631 loading class java/io/ObjectStreamClass$FieldReflectorKey done
Event: 21.631 loading class java/io/ObjectStreamClass$FieldReflector
Event: 21.631 loading class java/io/ObjectStreamClass$FieldReflector done
Event: 21.631 loading class java/io/ObjectStreamClass$ExceptionInfo
Event: 21.631 loading class java/io/ObjectStreamClass$ExceptionInfo done
Event: 21.650 Thread 0x0000021c4cb1c830 Thread added: 0x0000021c4cb1c830


Dynamic libraries:
0x00007ff6ef150000 - 0x00007ff6ef15e000 	D:\CODE\Greenfoot\jdk\bin\java.exe
0x00007ff841310000 - 0x00007ff841527000 	C:\WINDOWS\SYSTEM32\ntdll.dll
0x00007ff83f850000 - 0x00007ff83f914000 	C:\WINDOWS\System32\KERNEL32.DLL
0x00007ff83e730000 - 0x00007ff83ead5000 	C:\WINDOWS\System32\KERNELBASE.dll
0x00007ff83ef40000 - 0x00007ff83f051000 	C:\WINDOWS\System32\ucrtbase.dll
0x00007ff80b130000 - 0x00007ff80b149000 	D:\CODE\Greenfoot\jdk\bin\VCRUNTIME140.dll
0x00007ff80baf0000 - 0x00007ff80bb08000 	D:\CODE\Greenfoot\jdk\bin\jli.dll
0x00007ff83fae0000 - 0x00007ff83fc8e000 	C:\WINDOWS\System32\USER32.dll
0x00007ff83e680000 - 0x00007ff83e6a6000 	C:\WINDOWS\System32\win32u.dll
0x00007ff821b50000 - 0x00007ff821de3000 	C:\WINDOWS\WinSxS\amd64_microsoft.windows.common-controls_6595b64144ccf1df_6.0.22621.2506_none_270c5ae97388e100\COMCTL32.dll
0x00007ff83f730000 - 0x00007ff83f7d7000 	C:\WINDOWS\System32\msvcrt.dll
0x00007ff840110000 - 0x00007ff840139000 	C:\WINDOWS\System32\GDI32.dll
0x00007ff83eba0000 - 0x00007ff83ecb9000 	C:\WINDOWS\System32\gdi32full.dll
0x00007ff83ecc0000 - 0x00007ff83ed5a000 	C:\WINDOWS\System32\msvcp_win.dll
0x00007ff83fed0000 - 0x00007ff83ff01000 	C:\WINDOWS\System32\IMM32.DLL
0x00007ff812290000 - 0x00007ff81229c000 	D:\CODE\Greenfoot\jdk\bin\vcruntime140_1.dll
0x00007ffffc8f0000 - 0x00007ffffc981000 	D:\CODE\Greenfoot\jdk\bin\msvcp140.dll
0x00007fffb96c0000 - 0x00007fffba306000 	D:\CODE\Greenfoot\jdk\bin\server\jvm.dll
0x00007ff840870000 - 0x00007ff840921000 	C:\WINDOWS\System32\ADVAPI32.dll
0x00007ff840140000 - 0x00007ff8401e6000 	C:\WINDOWS\System32\sechost.dll
0x00007ff83f060000 - 0x00007ff83f177000 	C:\WINDOWS\System32\RPCRT4.dll
0x00007ff8402e0000 - 0x00007ff8402e8000 	C:\WINDOWS\System32\PSAPI.DLL
0x00007ff811720000 - 0x00007ff811729000 	C:\WINDOWS\SYSTEM32\WSOCK32.dll
0x00007ff83f180000 - 0x00007ff83f1f1000 	C:\WINDOWS\System32\WS2_32.dll
0x00007ff837c00000 - 0x00007ff837c0a000 	C:\WINDOWS\SYSTEM32\VERSION.dll
0x00007ff82cb20000 - 0x00007ff82cb54000 	C:\WINDOWS\SYSTEM32\WINMM.dll
0x00007ff83d710000 - 0x00007ff83d728000 	C:\WINDOWS\SYSTEM32\kernel.appcore.dll
0x00007ff80b120000 - 0x00007ff80b12a000 	D:\CODE\Greenfoot\jdk\bin\jimage.dll
0x00007ff8299d0000 - 0x00007ff829c03000 	C:\WINDOWS\SYSTEM32\DBGHELP.DLL
0x00007ff83f3a0000 - 0x00007ff83f729000 	C:\WINDOWS\System32\combase.dll
0x00007ff840030000 - 0x00007ff840107000 	C:\WINDOWS\System32\OLEAUT32.dll
0x00007ff81f6a0000 - 0x00007ff81f6d2000 	C:\WINDOWS\SYSTEM32\dbgcore.DLL
0x00007ff83e6b0000 - 0x00007ff83e72a000 	C:\WINDOWS\System32\bcryptPrimitives.dll
0x00007ff83b6a0000 - 0x00007ff83b6db000 	D:\CODE\Greenfoot\jdk\bin\jdwp.dll
0x00007ff80ab50000 - 0x00007ff80ab75000 	D:\CODE\Greenfoot\jdk\bin\java.dll
0x00007ffffa680000 - 0x00007ffffa756000 	D:\CODE\Greenfoot\jdk\bin\jsvml.dll
0x00007ff8409e0000 - 0x00007ff841239000 	C:\WINDOWS\System32\SHELL32.dll
0x00007ff83c5b0000 - 0x00007ff83cea4000 	C:\WINDOWS\SYSTEM32\windows.storage.dll
0x00007ff83c470000 - 0x00007ff83c5ae000 	C:\WINDOWS\SYSTEM32\wintypes.dll
0x00007ff83ff30000 - 0x00007ff840023000 	C:\WINDOWS\System32\SHCORE.dll
0x00007ff83fe00000 - 0x00007ff83fe5e000 	C:\WINDOWS\System32\shlwapi.dll
0x00007ff83e5b0000 - 0x00007ff83e5d6000 	C:\WINDOWS\SYSTEM32\profapi.dll
0x00007ff809b40000 - 0x00007ff809b4b000 	D:\CODE\Greenfoot\jdk\bin\dt_shmem.dll
0x00007ff809b70000 - 0x00007ff809b89000 	D:\CODE\Greenfoot\jdk\bin\net.dll
0x00007ff838d40000 - 0x00007ff838e77000 	C:\WINDOWS\SYSTEM32\WINHTTP.dll
0x00007ff83dbf0000 - 0x00007ff83dc59000 	C:\WINDOWS\system32\mswsock.dll
0x00007ff809b50000 - 0x00007ff809b65000 	D:\CODE\Greenfoot\jdk\bin\nio.dll
0x00007ff807c00000 - 0x00007ff807c18000 	D:\CODE\Greenfoot\jdk\bin\zip.dll
0x00007ffffca30000 - 0x00007ffffcbbe000 	D:\CODE\Greenfoot\jdk\bin\awt.dll
0x00007ff83b9f0000 - 0x00007ff83ba87000 	C:\WINDOWS\SYSTEM32\apphelp.dll
0x00007ff83baf0000 - 0x00007ff83bb9b000 	C:\WINDOWS\system32\uxtheme.dll
0x00007ff824fc0000 - 0x00007ff8250f9000 	C:\ProgramData\A-Volute\A-Volute.Nahimic\Modules\Scheduled\x64\AudioDevProps2.dll
0x00007ff83f200000 - 0x00007ff83f3a0000 	C:\WINDOWS\System32\ole32.dll
0x00007ff83fc90000 - 0x00007ff83fddf000 	C:\WINDOWS\System32\MSCTF.dll
0x00007ff83de40000 - 0x00007ff83de5b000 	C:\WINDOWS\SYSTEM32\CRYPTSP.dll
0x00007ff83d6d0000 - 0x00007ff83d705000 	C:\WINDOWS\system32\rsaenh.dll
0x00007ff83dce0000 - 0x00007ff83dd0c000 	C:\WINDOWS\SYSTEM32\USERENV.dll
0x00007ff83e010000 - 0x00007ff83e038000 	C:\WINDOWS\SYSTEM32\bcrypt.dll
0x00007ff83de60000 - 0x00007ff83de6c000 	C:\WINDOWS\SYSTEM32\CRYPTBASE.dll
0x00007ff83d180000 - 0x00007ff83d1ad000 	C:\WINDOWS\SYSTEM32\IPHLPAPI.DLL
0x00007ff83f840000 - 0x00007ff83f849000 	C:\WINDOWS\System32\NSI.dll
0x00007ff838c70000 - 0x00007ff838c89000 	C:\WINDOWS\SYSTEM32\dhcpcsvc6.DLL
0x00007ff838c40000 - 0x00007ff838c5f000 	C:\WINDOWS\SYSTEM32\dhcpcsvc.DLL
0x00007ff83d1f0000 - 0x00007ff83d2e9000 	C:\WINDOWS\SYSTEM32\DNSAPI.dll
0x00007ff83bd70000 - 0x00007ff83bd9b000 	C:\WINDOWS\system32\DWMAPI.DLL
0x00007ff80f130000 - 0x00007ff80f230000 	C:\WINDOWS\system32\opengl32.dll
0x00007ff80f790000 - 0x00007ff80f7bd000 	C:\WINDOWS\SYSTEM32\GLU32.dll
0x00007ff83bde0000 - 0x00007ff83be16000 	C:\WINDOWS\SYSTEM32\dxcore.dll
0x0000021c2bee0000 - 0x0000021c2bee3000 	C:\Users\Abraham Willem H\.openjfx\cache\20.0.1+2\amd64\api-ms-win-core-console-l1-1-0.dll
0x0000021c2bef0000 - 0x0000021c2bef3000 	C:\Users\Abraham Willem H\.openjfx\cache\20.0.1+2\amd64\api-ms-win-core-console-l1-2-0.dll
0x0000021c2bf00000 - 0x0000021c2bf03000 	C:\Users\Abraham Willem H\.openjfx\cache\20.0.1+2\amd64\api-ms-win-core-datetime-l1-1-0.dll
0x0000021c2bf10000 - 0x0000021c2bf13000 	C:\Users\Abraham Willem H\.openjfx\cache\20.0.1+2\amd64\api-ms-win-core-debug-l1-1-0.dll
0x0000021c2bf20000 - 0x0000021c2bf23000 	C:\Users\Abraham Willem H\.openjfx\cache\20.0.1+2\amd64\api-ms-win-core-errorhandling-l1-1-0.dll
0x0000021c4a7b0000 - 0x0000021c4a7b4000 	C:\Users\Abraham Willem H\.openjfx\cache\20.0.1+2\amd64\api-ms-win-core-file-l1-1-0.dll
0x0000021c4a7c0000 - 0x0000021c4a7c3000 	C:\Users\Abraham Willem H\.openjfx\cache\20.0.1+2\amd64\api-ms-win-core-file-l1-2-0.dll
0x0000021c4a7d0000 - 0x0000021c4a7d3000 	C:\Users\Abraham Willem H\.openjfx\cache\20.0.1+2\amd64\api-ms-win-core-file-l2-1-0.dll
0x0000021c4a7e0000 - 0x0000021c4a7e3000 	C:\Users\Abraham Willem H\.openjfx\cache\20.0.1+2\amd64\api-ms-win-core-handle-l1-1-0.dll
0x0000021c4a7f0000 - 0x0000021c4a7f3000 	C:\Users\Abraham Willem H\.openjfx\cache\20.0.1+2\amd64\api-ms-win-core-heap-l1-1-0.dll
0x0000021c4c1a0000 - 0x0000021c4c1a3000 	C:\Users\Abraham Willem H\.openjfx\cache\20.0.1+2\amd64\api-ms-win-core-interlocked-l1-1-0.dll
0x0000021c4c1b0000 - 0x0000021c4c1b3000 	C:\Users\Abraham Willem H\.openjfx\cache\20.0.1+2\amd64\api-ms-win-core-libraryloader-l1-1-0.dll
0x0000021c4d2a0000 - 0x0000021c4d2a3000 	C:\Users\Abraham Willem H\.openjfx\cache\20.0.1+2\amd64\api-ms-win-core-localization-l1-2-0.dll
0x0000021c4d2b0000 - 0x0000021c4d2b3000 	C:\Users\Abraham Willem H\.openjfx\cache\20.0.1+2\amd64\api-ms-win-core-memory-l1-1-0.dll
0x0000021c4d2c0000 - 0x0000021c4d2c3000 	C:\Users\Abraham Willem H\.openjfx\cache\20.0.1+2\amd64\api-ms-win-core-namedpipe-l1-1-0.dll
0x0000021c4d2d0000 - 0x0000021c4d2d3000 	C:\Users\Abraham Willem H\.openjfx\cache\20.0.1+2\amd64\api-ms-win-core-processenvironment-l1-1-0.dll
0x0000021c4d2e0000 - 0x0000021c4d2e3000 	C:\Users\Abraham Willem H\.openjfx\cache\20.0.1+2\amd64\api-ms-win-core-processthreads-l1-1-0.dll
0x0000021c4d2f0000 - 0x0000021c4d2f3000 	C:\Users\Abraham Willem H\.openjfx\cache\20.0.1+2\amd64\api-ms-win-core-processthreads-l1-1-1.dll
0x0000021c4d300000 - 0x0000021c4d303000 	C:\Users\Abraham Willem H\.openjfx\cache\20.0.1+2\amd64\api-ms-win-core-profile-l1-1-0.dll
0x0000021c4d310000 - 0x0000021c4d313000 	C:\Users\Abraham Willem H\.openjfx\cache\20.0.1+2\amd64\api-ms-win-core-rtlsupport-l1-1-0.dll
0x0000021c4d320000 - 0x0000021c4d323000 	C:\Users\Abraham Willem H\.openjfx\cache\20.0.1+2\amd64\api-ms-win-core-string-l1-1-0.dll
0x0000021c4d330000 - 0x0000021c4d333000 	C:\Users\Abraham Willem H\.openjfx\cache\20.0.1+2\amd64\api-ms-win-core-synch-l1-1-0.dll
0x0000021c4d340000 - 0x0000021c4d343000 	C:\Users\Abraham Willem H\.openjfx\cache\20.0.1+2\amd64\api-ms-win-core-synch-l1-2-0.dll
0x0000021c4d350000 - 0x0000021c4d353000 	C:\Users\Abraham Willem H\.openjfx\cache\20.0.1+2\amd64\api-ms-win-core-sysinfo-l1-1-0.dll
0x0000021c4d360000 - 0x0000021c4d363000 	C:\Users\Abraham Willem H\.openjfx\cache\20.0.1+2\amd64\api-ms-win-core-timezone-l1-1-0.dll
0x0000021c4d370000 - 0x0000021c4d373000 	C:\Users\Abraham Willem H\.openjfx\cache\20.0.1+2\amd64\api-ms-win-core-util-l1-1-0.dll
0x0000021c4d380000 - 0x0000021c4d383000 	C:\Users\Abraham Willem H\.openjfx\cache\20.0.1+2\amd64\api-ms-win-crt-conio-l1-1-0.dll
0x0000021c4d390000 - 0x0000021c4d394000 	C:\Users\Abraham Willem H\.openjfx\cache\20.0.1+2\amd64\api-ms-win-crt-convert-l1-1-0.dll
0x0000021c4d3a0000 - 0x0000021c4d3a3000 	C:\Users\Abraham Willem H\.openjfx\cache\20.0.1+2\amd64\api-ms-win-crt-environment-l1-1-0.dll
0x0000021c4d3b0000 - 0x0000021c4d3b3000 	C:\Users\Abraham Willem H\.openjfx\cache\20.0.1+2\amd64\api-ms-win-crt-filesystem-l1-1-0.dll
0x0000021c4d3c0000 - 0x0000021c4d3c3000 	C:\Users\Abraham Willem H\.openjfx\cache\20.0.1+2\amd64\api-ms-win-crt-heap-l1-1-0.dll
0x0000021c4d3d0000 - 0x0000021c4d3d3000 	C:\Users\Abraham Willem H\.openjfx\cache\20.0.1+2\amd64\api-ms-win-crt-locale-l1-1-0.dll
0x0000021c4d3e0000 - 0x0000021c4d3e5000 	C:\Users\Abraham Willem H\.openjfx\cache\20.0.1+2\amd64\api-ms-win-crt-math-l1-1-0.dll
0x0000021c4d3f0000 - 0x0000021c4d3f5000 	C:\Users\Abraham Willem H\.openjfx\cache\20.0.1+2\amd64\api-ms-win-crt-multibyte-l1-1-0.dll
0x0000021c4d400000 - 0x0000021c4d410000 	C:\Users\Abraham Willem H\.openjfx\cache\20.0.1+2\amd64\api-ms-win-crt-private-l1-1-0.dll
0x0000021c4d410000 - 0x0000021c4d413000 	C:\Users\Abraham Willem H\.openjfx\cache\20.0.1+2\amd64\api-ms-win-crt-process-l1-1-0.dll
0x0000021c4d420000 - 0x0000021c4d424000 	C:\Users\Abraham Willem H\.openjfx\cache\20.0.1+2\amd64\api-ms-win-crt-runtime-l1-1-0.dll
0x0000021c4d430000 - 0x0000021c4d434000 	C:\Users\Abraham Willem H\.openjfx\cache\20.0.1+2\amd64\api-ms-win-crt-stdio-l1-1-0.dll
0x0000021c4d440000 - 0x0000021c4d444000 	C:\Users\Abraham Willem H\.openjfx\cache\20.0.1+2\amd64\api-ms-win-crt-string-l1-1-0.dll
0x0000021c4d450000 - 0x0000021c4d453000 	C:\Users\Abraham Willem H\.openjfx\cache\20.0.1+2\amd64\api-ms-win-crt-time-l1-1-0.dll
0x0000021c4d460000 - 0x0000021c4d463000 	C:\Users\Abraham Willem H\.openjfx\cache\20.0.1+2\amd64\api-ms-win-crt-utility-l1-1-0.dll
0x00007fffcb260000 - 0x00007fffcb35c000 	C:\Users\Abraham Willem H\.openjfx\cache\20.0.1+2\amd64\ucrtbase.dll
0x00007ff807be0000 - 0x00007ff807bfb000 	C:\Users\Abraham Willem H\.openjfx\cache\20.0.1+2\amd64\vcruntime140.dll
0x00007ff80b110000 - 0x00007ff80b11c000 	C:\Users\Abraham Willem H\.openjfx\cache\20.0.1+2\amd64\vcruntime140_1.dll
0x00007ffffd120000 - 0x00007ffffd1ae000 	C:\Users\Abraham Willem H\.openjfx\cache\20.0.1+2\amd64\msvcp140.dll
0x00007ff80ae40000 - 0x00007ff80ae49000 	C:\Users\Abraham Willem H\.openjfx\cache\20.0.1+2\amd64\msvcp140_1.dll
0x00007ff8073e0000 - 0x00007ff807410000 	C:\Users\Abraham Willem H\.openjfx\cache\20.0.1+2\amd64\msvcp140_2.dll
0x00007ff8071c0000 - 0x00007ff8071ef000 	C:\Users\Abraham Willem H\.openjfx\cache\20.0.1+2\amd64\prism_d3d.dll
0x00007ff800130000 - 0x00007ff8002d9000 	C:\WINDOWS\system32\d3d9.dll
0x00007fffd78b0000 - 0x00007fffd7a5f000 	C:\WINDOWS\System32\DriverStore\FileRepository\iigd_dch.inf_amd64_51f685305808e3a5\igdumdim64.dll
0x00007fffd1770000 - 0x00007fffd4813000 	C:\WINDOWS\System32\DriverStore\FileRepository\iigd_dch.inf_amd64_51f685305808e3a5\igd9dxva64.dll
0x00007ff8402f0000 - 0x00007ff840764000 	C:\WINDOWS\System32\SETUPAPI.dll
0x00007ff83e370000 - 0x00007ff83e3be000 	C:\WINDOWS\SYSTEM32\cfgmgr32.dll
0x00007ff834460000 - 0x00007ff834869000 	C:\WINDOWS\System32\DriverStore\FileRepository\iigd_dch.inf_amd64_51f685305808e3a5\igdgmm64.dll
0x00007ff838600000 - 0x00007ff83864a000 	C:\WINDOWS\SYSTEM32\directxdatabasehelper.dll
0x00007ff807030000 - 0x00007ff807072000 	C:\Users\Abraham Willem H\.openjfx\cache\20.0.1+2\amd64\glass.dll
0x00007ff840770000 - 0x00007ff840869000 	C:\WINDOWS\System32\COMDLG32.dll
0x00007ffff1b50000 - 0x00007ffff1b77000 	C:\WINDOWS\System32\DriverStore\FileRepository\iigd_dch.inf_amd64_51f685305808e3a5\igdinfo64.dll
0x00007ff830210000 - 0x00007ff8339a4000 	C:\WINDOWS\System32\DriverStore\FileRepository\iigd_dch.inf_amd64_51f685305808e3a5\igc64.dll
0x00007ff83b9a0000 - 0x00007ff83b9b0000 	D:\CODE\Greenfoot\jdk\bin\verify.dll

dbghelp: loaded successfully - version: 4.0.5 - missing functions: none
symbol engine: initialized successfully - sym options: 0x614 - pdb path: .;D:\CODE\Greenfoot\jdk\bin;C:\WINDOWS\SYSTEM32;C:\WINDOWS\WinSxS\amd64_microsoft.windows.common-controls_6595b64144ccf1df_6.0.22621.2506_none_270c5ae97388e100;D:\CODE\Greenfoot\jdk\bin\server;C:\ProgramData\A-Volute\A-Volute.Nahimic\Modules\Scheduled\x64;C:\Users\Abraham Willem H\.openjfx\cache\20.0.1+2\amd64;C:\WINDOWS\System32\DriverStore\FileRepository\iigd_dch.inf_amd64_51f685305808e3a5

VM Arguments:
jvm_args: -XX:MaxGCPauseMillis=50 -agentlib:jdwp=transport=dt_shmem,address=javadebug -Dfile.encoding=UTF-8 
java_command: bluej.runtime.ExecServer UTF-8
java_class_path (initial): D:\CODE\Greenfoot\lib\greenfoot.jar;D:\CODE\Greenfoot\lib\javafx-base-20.0.1-win.jar;D:\CODE\Greenfoot\lib\javafx-base-20.0.1.jar;D:\CODE\Greenfoot\lib\javafx-controls-20.0.1-win.jar;D:\CODE\Greenfoot\lib\javafx-controls-20.0.1.jar;D:\CODE\Greenfoot\lib\javafx-fxml-20.0.1-win.jar;D:\CODE\Greenfoot\lib\javafx-graphics-20.0.1-win.jar;D:\CODE\Greenfoot\lib\javafx-graphics-20.0.1.jar;D:\CODE\Greenfoot\lib\javafx-media-20.0.1-win.jar;D:\CODE\Greenfoot\lib\javafx-media-20.0.1.jar;D:\CODE\Greenfoot\lib\javafx-swing-20.0.1-win.jar;D:\CODE\Greenfoot\lib\javafx-web-20.0.1-win.jar;D:\CODE\Greenfoot\lib\junit-4.12.jar;D:\CODE\Greenfoot\lib\junit-jupiter-5.5.2.jar;D:\CODE\Greenfoot\lib\junit-jupiter-api-5.5.2.jar;D:\CODE\Greenfoot\lib\junit-jupiter-engine-5.5.2.jar;D:\CODE\Greenfoot\lib\junit-jupiter-params-5.5.2.jar;D:\CODE\Greenfoot\lib\junit-platform-commons-1.5.2.jar;D:\CODE\Greenfoot\lib\junit-platform-engine-1.5.2.jar;D:\CODE\Greenfoot\lib\junit-platform-launcher-1.5.2.jar;D:\CODE\Greenfoot\lib\junit-platform-suite-api-1.5.2.jar;D:\CODE\Greenfoot\lib\junit-vintage-engine-5.5.2.jar;D:\CODE\Greenfoot\lib\hamcrest-core-1.3.jar;D:\CODE\Greenfoot\lib\opentest4j-1.2.0.jar;D:\CODE\Greenfoot\lib\bluej.jar;D:\CODE\Greenfoot\lib\classgraph-4.8.90.jar;D:\CODE\Greenfoot\lib\diffutils-1.2.1.jar;D:\CODE\Greenfoot\lib\commons-logging-1.2.jar;D:\CODE\Greenfoot\lib\jl1.0.1.jar;D:\CODE\Greenfoot\lib\opencsv-2.3.jar;D:\CODE\Greenfoot\lib\opencsv-2.4.jar;D:\CODE\Greenfoot\lib\xom-1.3.7.jar;D:\CODE\Greenfoot\lib\lang-stride.jar;D:\CODE\Greenfoot\lib\nsmenufx-2.1.8.jar;D:\CODE\Greenfoot\lib\wellbehavedfx-0.3.3.jar;D:\CODE\Greenfoot\lib\guava-17.0.jar;D:\CODE\Greenfoot\lib\httpclient-4.3.6.jar;D:\CODE\Greenfoot\lib\httpcore-4.3.3.jar;D:\CODE\Greenfoot\lib\httpmime-4.1.1.jar
Launcher Type: SUN_STANDARD

[Global flags]
     intx CICompilerCount                          = 4                                         {product} {ergonomic}
     uint ConcGCThreads                            = 3                                         {product} {ergonomic}
     uint G1ConcRefinementThreads                  = 10                                        {product} {ergonomic}
   size_t G1HeapRegionSize                         = 1048576                                   {product} {ergonomic}
    uintx GCDrainStackTargetSize                   = 64                                        {product} {ergonomic}
   size_t InitialHeapSize                          = 132120576                                 {product} {ergonomic}
   size_t MarkStackSize                            = 4194304                                   {product} {ergonomic}
    uintx MaxGCPauseMillis                         = 50                                        {product} {command line}
   size_t MaxHeapSize                              = 2101346304                                {product} {ergonomic}
   size_t MaxNewSize                               = 1260388352                                {product} {ergonomic}
   size_t MinHeapDeltaBytes                        = 1048576                                   {product} {ergonomic}
   size_t MinHeapSize                              = 8388608                                   {product} {ergonomic}
    uintx NonNMethodCodeHeapSize                   = 5839372                                {pd product} {ergonomic}
    uintx NonProfiledCodeHeapSize                  = 122909434                              {pd product} {ergonomic}
    uintx ProfiledCodeHeapSize                     = 122909434                              {pd product} {ergonomic}
    uintx ReservedCodeCacheSize                    = 251658240                              {pd product} {ergonomic}
     bool SegmentedCodeCache                       = true                                      {product} {ergonomic}
   size_t SoftMaxHeapSize                          = 2101346304                             {manageable} {ergonomic}
     bool UseCompressedClassPointers               = true                           {product lp64_product} {ergonomic}
     bool UseCompressedOops                        = true                           {product lp64_product} {ergonomic}
     bool UseG1GC                                  = true                                      {product} {ergonomic}
     bool UseLargePagesIndividualAllocation        = false                                  {pd product} {ergonomic}

Logging:
Log output configuration:
 #0: stdout all=warning uptime,level,tags
 #1: stderr all=off uptime,level,tags

Environment Variables:
JAVA_HOME=C:\Users\Abraham Willem H\AppData\Local\Programs\Eclipse Adoptium\jdk-17.0.8.101-hotspot\
PATH=C:\Program Files\Common Files\Oracle\Java\javapath;C:\Program Files (x86)\Common Files\Oracle\Java\javapath;C:\Windows\system32;C:\Windows;C:\Windows\System32\Wbem;C:\Windows\System32\WindowsPowerShell\v1.0\;C:\Windows\System32\OpenSSH\;C:\Program Files (x86)\NVIDIA Corporation\PhysX\Common;C:\Program Files\NVIDIA Corporation\NVIDIA NvDLISR;C:\WINDOWS\system32;C:\WINDOWS;C:\WINDOWS\System32\Wbem;C:\WINDOWS\System32\WindowsPowerShell\v1.0\;C:\WINDOWS\System32\OpenSSH\;C:\MinGW\bin;C:\Program Files\dotnet\;C:\Users\Abraham Willem H\AppData\Local\Programs\Python\Python310;C:\Users\Abraham Willem H\AppData\Local\Programs\Python\Python310\Scripts;C:\WINDOWS\system32;C:\WINDOWS;C:\WINDOWS\System32\Wbem;C:\WINDOWS\System32\WindowsPowerShell\v1.0\;C:\WINDOWS\System32\OpenSSH\;C:\FPC\3.2.2\bin\i386-Win32;C:\Program Files (x86)\Microsoft SQL Server\160\Tools\Binn\;C:\Program Files\Microsoft SQL Server\160\Tools\Binn\;C:\Program Files\Microsoft SQL Server\Client SDK\ODBC\170\Tools\Binn\;C:\Program Files\Microsoft SQL Server\160\DTS\Binn\;C:\Program Files (x86)\Microsoft SQL Server\160\DTS\Binn\;C:\Program Files\Azure Data Studio\bin;C:\Program Files\PowerShell\7\;C:\Users\Abraham Willem H\.cargo\bin;C:\Users\Abraham Willem H\AppData\Local\Programs\Eclipse Adoptium\jdk-17.0.8.101-hotspot\bin;C:\Users\Abraham Willem H\AppData\Local\Programs\Python\Python311\Scripts\;C:\Users\Abraham Willem H\AppData\Local\Programs\Python\Python311\;C:\Users\Abraham Willem H\AppData\Local\Microsoft\WindowsApps;C:\Users\Abraham Willem H\AppData\Local\Programs\Microsoft VS Code\bin;C:\MinGW\bin;C:\Users\Abraham Willem H\.dotnet\tools;C:\Program Files\JetBrains\IntelliJ IDEA Community Edition 2022.2.2\bin;;C:\Users\Abraham Willem H\AppData\Local\GitHubDesktop\bin;;C:\Program Files\Azure Data Studio\bin
USERNAME=Abraham Willem H
OS=Windows_NT
PROCESSOR_IDENTIFIER=Intel64 Family 6 Model 165 Stepping 2, GenuineIntel
TMP=C:\Users\ABRAHA~1\AppData\Local\Temp
TEMP=C:\Users\ABRAHA~1\AppData\Local\Temp



---------------  S Y S T E M  ---------------

OS:
 Windows 11 , 64 bit Build 22621 (10.0.22621.2506)
OS uptime: 0 days 0:16 hours

CPU: total 12 (initial active 12) (6 cores per cpu, 2 threads per core) family 6 model 165 stepping 2 microcode 0xe2, cx8, cmov, fxsr, ht, mmx, 3dnowpref, sse, sse2, sse3, ssse3, sse4.1, sse4.2, popcnt, lzcnt, tsc, tscinvbit, avx, avx2, aes, erms, clmul, bmi1, bmi2, adx, fma, vzeroupper, clflush, clflushopt

Memory: 4k page, system-wide physical 8013M (1488M free)
TotalPageFile size 8754M (AvailPageFile size 102M)
current process WorkingSet (physical memory assigned to process): 300M, peak: 300M
current process commit charge ("private bytes"): 403M, peak: 621M

vm_info: OpenJDK 64-Bit Server VM (17.0.4.1+1) for windows-amd64 JRE (17.0.4.1+1), built on Aug 17 2022 07:42:43 by "temurin" with MS VC++ 16.7 (VS2019)

END.
